2023-04-06 07:58:38 error: uncaughtException: тип Unable to compile TypeScript:
[96msrc/services/categories.service.ts[0m:[93m104[0m:[93m35[0m - [91merror[0m[90m TS2304: [0mCannot find name 'Helper'.

[7m104[0m                             slug: Helper.renderSlug(body.slug ? body.slug : body.name),
[7m   [0m [91m                                  ~~~~~~[0m
[96msrc/services/categories.service.ts[0m:[93m105[0m:[93m42[0m - [91merror[0m[90m TS2304: [0mCannot find name 'Helper'.

[7m105[0m                             custom_slug: Helper.renderSlug(body.custom_slug ? body.custom_slug : body.name),
[7m   [0m [91m                                         ~~~~~~[0m
[96msrc/services/categories.service.ts[0m:[93m115[0m:[93m35[0m - [91merror[0m[90m TS2304: [0mCannot find name 'Helper'.

[7m115[0m                             slug: Helper.renderSlug(body.slug ? `en-${body.slug}` : `en-${body.name}`),
[7m   [0m [91m                                  ~~~~~~[0m
[96msrc/services/categories.service.ts[0m:[93m116[0m:[93m42[0m - [91merror[0m[90m TS2304: [0mCannot find name 'Helper'.

[7m116[0m                             custom_slug: Helper.renderSlug(body.custom_slug ? `en-${body.custom_slug}` : `en-${body.name}`),
[7m   [0m [91m                                         ~~~~~~[0m
[96msrc/services/categories.service.ts[0m:[93m122[0m:[93m25[0m - [91merror[0m[90m TS2304: [0mCannot find name 'logger'.

[7m122[0m                         logger.error(JSON.stringify(error));
[7m   [0m [91m                        ~~~~~~[0m

TSError: тип Unable to compile TypeScript:
[96msrc/services/categories.service.ts[0m:[93m104[0m:[93m35[0m - [91merror[0m[90m TS2304: [0mCannot find name 'Helper'.

[7m104[0m                             slug: Helper.renderSlug(body.slug ? body.slug : body.name),
[7m   [0m [91m                                  ~~~~~~[0m
[96msrc/services/categories.service.ts[0m:[93m105[0m:[93m42[0m - [91merror[0m[90m TS2304: [0mCannot find name 'Helper'.

[7m105[0m                             custom_slug: Helper.renderSlug(body.custom_slug ? body.custom_slug : body.name),
[7m   [0m [91m                                         ~~~~~~[0m
[96msrc/services/categories.service.ts[0m:[93m115[0m:[93m35[0m - [91merror[0m[90m TS2304: [0mCannot find name 'Helper'.

[7m115[0m                             slug: Helper.renderSlug(body.slug ? `en-${body.slug}` : `en-${body.name}`),
[7m   [0m [91m                                  ~~~~~~[0m
[96msrc/services/categories.service.ts[0m:[93m116[0m:[93m42[0m - [91merror[0m[90m TS2304: [0mCannot find name 'Helper'.

[7m116[0m                             custom_slug: Helper.renderSlug(body.custom_slug ? `en-${body.custom_slug}` : `en-${body.name}`),
[7m   [0m [91m                                         ~~~~~~[0m
[96msrc/services/categories.service.ts[0m:[93m122[0m:[93m25[0m - [91merror[0m[90m TS2304: [0mCannot find name 'logger'.

[7m122[0m                         logger.error(JSON.stringify(error));
[7m   [0m [91m                        ~~~~~~[0m

    at createTSError (/Users/toannguyen/Documents/Source/tn-uptech-backend/node_modules/ts-node/src/index.ts:859:12)
    at reportTSError (/Users/toannguyen/Documents/Source/tn-uptech-backend/node_modules/ts-node/src/index.ts:863:19)
    at getOutput (/Users/toannguyen/Documents/Source/tn-uptech-backend/node_modules/ts-node/src/index.ts:1077:36)
    at Object.compile (/Users/toannguyen/Documents/Source/tn-uptech-backend/node_modules/ts-node/src/index.ts:1433:41)
    at Module.m._compile (/Users/toannguyen/Documents/Source/tn-uptech-backend/node_modules/ts-node/src/index.ts:1617:30)
    at Module._extensions..js (node:internal/modules/cjs/loader:1245:10)
    at Object.require.extensions.<computed> [as .ts] (/Users/toannguyen/Documents/Source/tn-uptech-backend/node_modules/ts-node/src/index.ts:1621:12)
    at Module.load (node:internal/modules/cjs/loader:1069:32)
    at Function.Module._load (node:internal/modules/cjs/loader:904:12)
    at Module.require (node:internal/modules/cjs/loader:1093:19)
2023-04-06 08:03:00 error: {"name":"SequelizeEagerLoadingError"}
2023-04-06 08:03:02 error: {"name":"SequelizeEagerLoadingError"}
2023-04-06 08:03:03 error: {"name":"SequelizeEagerLoadingError"}
2023-04-06 08:03:04 error: {"name":"SequelizeEagerLoadingError"}
2023-04-06 08:03:05 error: {"name":"SequelizeEagerLoadingError"}
2023-04-06 08:03:06 error: {"name":"SequelizeEagerLoadingError"}
2023-04-06 08:03:10 error: {"name":"SequelizeEagerLoadingError"}
2023-04-06 08:04:17 error: {"name":"SequelizeEagerLoadingError"}
2023-04-06 08:04:20 error: {"name":"SequelizeEagerLoadingError"}
2023-04-06 08:04:22 error: {"name":"SequelizeEagerLoadingError"}
2023-04-06 08:04:24 error: {"name":"SequelizeEagerLoadingError"}
2023-04-06 08:06:58 error: uncaughtException: тип Unable to compile TypeScript:
[96msrc/services/categories.service.ts[0m:[93m151[0m:[93m28[0m - [91merror[0m[90m TS2339: [0mProperty 'handleUpdate' does not exist on type 'CategoryService'.

[7m151[0m                 await this.handleUpdate({ post_id: id, lang: global.lang, body });
[7m   [0m [91m                           ~~~~~~~~~~~~[0m

TSError: тип Unable to compile TypeScript:
[96msrc/services/categories.service.ts[0m:[93m151[0m:[93m28[0m - [91merror[0m[90m TS2339: [0mProperty 'handleUpdate' does not exist on type 'CategoryService'.

[7m151[0m                 await this.handleUpdate({ post_id: id, lang: global.lang, body });
[7m   [0m [91m                           ~~~~~~~~~~~~[0m

    at createTSError (/Users/toannguyen/Documents/Source/tn-uptech-backend/node_modules/ts-node/src/index.ts:859:12)
    at reportTSError (/Users/toannguyen/Documents/Source/tn-uptech-backend/node_modules/ts-node/src/index.ts:863:19)
    at getOutput (/Users/toannguyen/Documents/Source/tn-uptech-backend/node_modules/ts-node/src/index.ts:1077:36)
    at Object.compile (/Users/toannguyen/Documents/Source/tn-uptech-backend/node_modules/ts-node/src/index.ts:1433:41)
    at Module.m._compile (/Users/toannguyen/Documents/Source/tn-uptech-backend/node_modules/ts-node/src/index.ts:1617:30)
    at Module._extensions..js (node:internal/modules/cjs/loader:1245:10)
    at Object.require.extensions.<computed> [as .ts] (/Users/toannguyen/Documents/Source/tn-uptech-backend/node_modules/ts-node/src/index.ts:1621:12)
    at Module.load (node:internal/modules/cjs/loader:1069:32)
    at Function.Module._load (node:internal/modules/cjs/loader:904:12)
    at Module.require (node:internal/modules/cjs/loader:1093:19)
2023-04-06 08:07:16 error: uncaughtException: тип Unable to compile TypeScript:
[96msrc/services/categories.service.ts[0m:[93m146[0m:[93m28[0m - [91merror[0m[90m TS2339: [0mProperty 'handleUpdate' does not exist on type 'CategoryService'.

[7m146[0m                 await this.handleUpdate({ post_id: id, lang: global.lang, body });
[7m   [0m [91m                           ~~~~~~~~~~~~[0m

TSError: тип Unable to compile TypeScript:
[96msrc/services/categories.service.ts[0m:[93m146[0m:[93m28[0m - [91merror[0m[90m TS2339: [0mProperty 'handleUpdate' does not exist on type 'CategoryService'.

[7m146[0m                 await this.handleUpdate({ post_id: id, lang: global.lang, body });
[7m   [0m [91m                           ~~~~~~~~~~~~[0m

    at createTSError (/Users/toannguyen/Documents/Source/tn-uptech-backend/node_modules/ts-node/src/index.ts:859:12)
    at reportTSError (/Users/toannguyen/Documents/Source/tn-uptech-backend/node_modules/ts-node/src/index.ts:863:19)
    at getOutput (/Users/toannguyen/Documents/Source/tn-uptech-backend/node_modules/ts-node/src/index.ts:1077:36)
    at Object.compile (/Users/toannguyen/Documents/Source/tn-uptech-backend/node_modules/ts-node/src/index.ts:1433:41)
    at Module.m._compile (/Users/toannguyen/Documents/Source/tn-uptech-backend/node_modules/ts-node/src/index.ts:1617:30)
    at Module._extensions..js (node:internal/modules/cjs/loader:1245:10)
    at Object.require.extensions.<computed> [as .ts] (/Users/toannguyen/Documents/Source/tn-uptech-backend/node_modules/ts-node/src/index.ts:1621:12)
    at Module.load (node:internal/modules/cjs/loader:1069:32)
    at Function.Module._load (node:internal/modules/cjs/loader:904:12)
    at Module.require (node:internal/modules/cjs/loader:1093:19)
2023-04-06 08:07:24 error: uncaughtException: тип Unable to compile TypeScript:
[96msrc/services/categories.service.ts[0m:[93m146[0m:[93m28[0m - [91merror[0m[90m TS2339: [0mProperty 'handleUpdate' does not exist on type 'CategoryService'.

[7m146[0m                 await this.handleUpdate({ post_id: id, lang: global.lang, body });
[7m   [0m [91m                           ~~~~~~~~~~~~[0m

TSError: тип Unable to compile TypeScript:
[96msrc/services/categories.service.ts[0m:[93m146[0m:[93m28[0m - [91merror[0m[90m TS2339: [0mProperty 'handleUpdate' does not exist on type 'CategoryService'.

[7m146[0m                 await this.handleUpdate({ post_id: id, lang: global.lang, body });
[7m   [0m [91m                           ~~~~~~~~~~~~[0m

    at createTSError (/Users/toannguyen/Documents/Source/tn-uptech-backend/node_modules/ts-node/src/index.ts:859:12)
    at reportTSError (/Users/toannguyen/Documents/Source/tn-uptech-backend/node_modules/ts-node/src/index.ts:863:19)
    at getOutput (/Users/toannguyen/Documents/Source/tn-uptech-backend/node_modules/ts-node/src/index.ts:1077:36)
    at Object.compile (/Users/toannguyen/Documents/Source/tn-uptech-backend/node_modules/ts-node/src/index.ts:1433:41)
    at Module.m._compile (/Users/toannguyen/Documents/Source/tn-uptech-backend/node_modules/ts-node/src/index.ts:1617:30)
    at Module._extensions..js (node:internal/modules/cjs/loader:1245:10)
    at Object.require.extensions.<computed> [as .ts] (/Users/toannguyen/Documents/Source/tn-uptech-backend/node_modules/ts-node/src/index.ts:1621:12)
    at Module.load (node:internal/modules/cjs/loader:1069:32)
    at Function.Module._load (node:internal/modules/cjs/loader:904:12)
    at Module.require (node:internal/modules/cjs/loader:1093:19)
2023-04-06 08:07:42 error: uncaughtException: тип Unable to compile TypeScript:
[96msrc/services/categories.service.ts[0m:[93m146[0m:[93m28[0m - [91merror[0m[90m TS2339: [0mProperty 'handleUpdate' does not exist on type 'CategoryService'.

[7m146[0m                 await this.handleUpdate({ post_id: id, lang: global.lang, body });
[7m   [0m [91m                           ~~~~~~~~~~~~[0m

TSError: тип Unable to compile TypeScript:
[96msrc/services/categories.service.ts[0m:[93m146[0m:[93m28[0m - [91merror[0m[90m TS2339: [0mProperty 'handleUpdate' does not exist on type 'CategoryService'.

[7m146[0m                 await this.handleUpdate({ post_id: id, lang: global.lang, body });
[7m   [0m [91m                           ~~~~~~~~~~~~[0m

    at createTSError (/Users/toannguyen/Documents/Source/tn-uptech-backend/node_modules/ts-node/src/index.ts:859:12)
    at reportTSError (/Users/toannguyen/Documents/Source/tn-uptech-backend/node_modules/ts-node/src/index.ts:863:19)
    at getOutput (/Users/toannguyen/Documents/Source/tn-uptech-backend/node_modules/ts-node/src/index.ts:1077:36)
    at Object.compile (/Users/toannguyen/Documents/Source/tn-uptech-backend/node_modules/ts-node/src/index.ts:1433:41)
    at Module.m._compile (/Users/toannguyen/Documents/Source/tn-uptech-backend/node_modules/ts-node/src/index.ts:1617:30)
    at Module._extensions..js (node:internal/modules/cjs/loader:1245:10)
    at Object.require.extensions.<computed> [as .ts] (/Users/toannguyen/Documents/Source/tn-uptech-backend/node_modules/ts-node/src/index.ts:1621:12)
    at Module.load (node:internal/modules/cjs/loader:1069:32)
    at Function.Module._load (node:internal/modules/cjs/loader:904:12)
    at Module.require (node:internal/modules/cjs/loader:1093:19)
2023-04-06 08:08:00 error: uncaughtException: тип Unable to compile TypeScript:
[96msrc/services/categories.service.ts[0m:[93m155[0m:[93m36[0m - [91merror[0m[90m TS18004: [0mNo value exists in scope for the shorthand property 'post_id'. Either declare one or provide an initializer.

[7m155[0m                         { where: { post_id, locale: lang } });
[7m   [0m [91m                                   ~~~~~~~[0m
[96msrc/services/categories.service.ts[0m:[93m155[0m:[93m53[0m - [91merror[0m[90m TS2304: [0mCannot find name 'lang'.

[7m155[0m                         { where: { post_id, locale: lang } });
[7m   [0m [91m                                                    ~~~~[0m

TSError: тип Unable to compile TypeScript:
[96msrc/services/categories.service.ts[0m:[93m155[0m:[93m36[0m - [91merror[0m[90m TS18004: [0mNo value exists in scope for the shorthand property 'post_id'. Either declare one or provide an initializer.

[7m155[0m                         { where: { post_id, locale: lang } });
[7m   [0m [91m                                   ~~~~~~~[0m
[96msrc/services/categories.service.ts[0m:[93m155[0m:[93m53[0m - [91merror[0m[90m TS2304: [0mCannot find name 'lang'.

[7m155[0m                         { where: { post_id, locale: lang } });
[7m   [0m [91m                                                    ~~~~[0m

    at createTSError (/Users/toannguyen/Documents/Source/tn-uptech-backend/node_modules/ts-node/src/index.ts:859:12)
    at reportTSError (/Users/toannguyen/Documents/Source/tn-uptech-backend/node_modules/ts-node/src/index.ts:863:19)
    at getOutput (/Users/toannguyen/Documents/Source/tn-uptech-backend/node_modules/ts-node/src/index.ts:1077:36)
    at Object.compile (/Users/toannguyen/Documents/Source/tn-uptech-backend/node_modules/ts-node/src/index.ts:1433:41)
    at Module.m._compile (/Users/toannguyen/Documents/Source/tn-uptech-backend/node_modules/ts-node/src/index.ts:1617:30)
    at Module._extensions..js (node:internal/modules/cjs/loader:1245:10)
    at Object.require.extensions.<computed> [as .ts] (/Users/toannguyen/Documents/Source/tn-uptech-backend/node_modules/ts-node/src/index.ts:1621:12)
    at Module.load (node:internal/modules/cjs/loader:1069:32)
    at Function.Module._load (node:internal/modules/cjs/loader:904:12)
    at Module.require (node:internal/modules/cjs/loader:1093:19)
2023-04-06 08:08:09 error: uncaughtException: тип Unable to compile TypeScript:
[96msrc/services/categories.service.ts[0m:[93m155[0m:[93m57[0m - [91merror[0m[90m TS2304: [0mCannot find name 'lang'.

[7m155[0m                         { where: { post_id: id, locale: lang } });
[7m   [0m [91m                                                        ~~~~[0m

TSError: тип Unable to compile TypeScript:
[96msrc/services/categories.service.ts[0m:[93m155[0m:[93m57[0m - [91merror[0m[90m TS2304: [0mCannot find name 'lang'.

[7m155[0m                         { where: { post_id: id, locale: lang } });
[7m   [0m [91m                                                        ~~~~[0m

    at createTSError (/Users/toannguyen/Documents/Source/tn-uptech-backend/node_modules/ts-node/src/index.ts:859:12)
    at reportTSError (/Users/toannguyen/Documents/Source/tn-uptech-backend/node_modules/ts-node/src/index.ts:863:19)
    at getOutput (/Users/toannguyen/Documents/Source/tn-uptech-backend/node_modules/ts-node/src/index.ts:1077:36)
    at Object.compile (/Users/toannguyen/Documents/Source/tn-uptech-backend/node_modules/ts-node/src/index.ts:1433:41)
    at Module.m._compile (/Users/toannguyen/Documents/Source/tn-uptech-backend/node_modules/ts-node/src/index.ts:1617:30)
    at Module._extensions..js (node:internal/modules/cjs/loader:1245:10)
    at Object.require.extensions.<computed> [as .ts] (/Users/toannguyen/Documents/Source/tn-uptech-backend/node_modules/ts-node/src/index.ts:1621:12)
    at Module.load (node:internal/modules/cjs/loader:1069:32)
    at Function.Module._load (node:internal/modules/cjs/loader:904:12)
    at Module.require (node:internal/modules/cjs/loader:1093:19)
2023-04-06 08:12:58 error: uncaughtException: тип Unable to compile TypeScript:
[96msrc/route/categories.route.ts[0m:[93m16[0m:[93m55[0m - [91merror[0m[90m TS2339: [0mProperty 'getCategoryTypeProejct' does not exist on type 'CategoryController'.

[7m16[0m         this.router.get(`${this.path}`, this.category.getCategoryTypeProejct);
[7m  [0m [91m                                                      ~~~~~~~~~~~~~~~~~~~~~~[0m

TSError: тип Unable to compile TypeScript:
[96msrc/route/categories.route.ts[0m:[93m16[0m:[93m55[0m - [91merror[0m[90m TS2339: [0mProperty 'getCategoryTypeProejct' does not exist on type 'CategoryController'.

[7m16[0m         this.router.get(`${this.path}`, this.category.getCategoryTypeProejct);
[7m  [0m [91m                                                      ~~~~~~~~~~~~~~~~~~~~~~[0m

    at createTSError (/Users/toannguyen/Documents/Source/tn-uptech-backend/node_modules/ts-node/src/index.ts:859:12)
    at reportTSError (/Users/toannguyen/Documents/Source/tn-uptech-backend/node_modules/ts-node/src/index.ts:863:19)
    at getOutput (/Users/toannguyen/Documents/Source/tn-uptech-backend/node_modules/ts-node/src/index.ts:1077:36)
    at Object.compile (/Users/toannguyen/Documents/Source/tn-uptech-backend/node_modules/ts-node/src/index.ts:1433:41)
    at Module.m._compile (/Users/toannguyen/Documents/Source/tn-uptech-backend/node_modules/ts-node/src/index.ts:1617:30)
    at Module._extensions..js (node:internal/modules/cjs/loader:1245:10)
    at Object.require.extensions.<computed> [as .ts] (/Users/toannguyen/Documents/Source/tn-uptech-backend/node_modules/ts-node/src/index.ts:1621:12)
    at Module.load (node:internal/modules/cjs/loader:1069:32)
    at Function.Module._load (node:internal/modules/cjs/loader:904:12)
    at Module.require (node:internal/modules/cjs/loader:1093:19)
2023-04-06 08:13:04 error: uncaughtException: тип Unable to compile TypeScript:
[96msrc/route/categories.route.ts[0m:[93m16[0m:[93m55[0m - [91merror[0m[90m TS2339: [0mProperty 'getCategoryTypeProject' does not exist on type 'CategoryController'.

[7m16[0m         this.router.get(`${this.path}`, this.category.getCategoryTypeProject);
[7m  [0m [91m                                                      ~~~~~~~~~~~~~~~~~~~~~~[0m

TSError: тип Unable to compile TypeScript:
[96msrc/route/categories.route.ts[0m:[93m16[0m:[93m55[0m - [91merror[0m[90m TS2339: [0mProperty 'getCategoryTypeProject' does not exist on type 'CategoryController'.

[7m16[0m         this.router.get(`${this.path}`, this.category.getCategoryTypeProject);
[7m  [0m [91m                                                      ~~~~~~~~~~~~~~~~~~~~~~[0m

    at createTSError (/Users/toannguyen/Documents/Source/tn-uptech-backend/node_modules/ts-node/src/index.ts:859:12)
    at reportTSError (/Users/toannguyen/Documents/Source/tn-uptech-backend/node_modules/ts-node/src/index.ts:863:19)
    at getOutput (/Users/toannguyen/Documents/Source/tn-uptech-backend/node_modules/ts-node/src/index.ts:1077:36)
    at Object.compile (/Users/toannguyen/Documents/Source/tn-uptech-backend/node_modules/ts-node/src/index.ts:1433:41)
    at Module.m._compile (/Users/toannguyen/Documents/Source/tn-uptech-backend/node_modules/ts-node/src/index.ts:1617:30)
    at Module._extensions..js (node:internal/modules/cjs/loader:1245:10)
    at Object.require.extensions.<computed> [as .ts] (/Users/toannguyen/Documents/Source/tn-uptech-backend/node_modules/ts-node/src/index.ts:1621:12)
    at Module.load (node:internal/modules/cjs/loader:1069:32)
    at Function.Module._load (node:internal/modules/cjs/loader:904:12)
    at Module.require (node:internal/modules/cjs/loader:1093:19)
2023-04-06 08:13:21 error: uncaughtException: тип Unable to compile TypeScript:
[96msrc/route/categories.route.ts[0m:[93m16[0m:[93m61[0m - [91merror[0m[90m TS2339: [0mProperty 'getCategoryType' does not exist on type 'CategoryController'.

[7m16[0m         this.router.get(`${this.path}/:type`, this.category.getCategoryType);
[7m  [0m [91m                                                            ~~~~~~~~~~~~~~~[0m

TSError: тип Unable to compile TypeScript:
[96msrc/route/categories.route.ts[0m:[93m16[0m:[93m61[0m - [91merror[0m[90m TS2339: [0mProperty 'getCategoryType' does not exist on type 'CategoryController'.

[7m16[0m         this.router.get(`${this.path}/:type`, this.category.getCategoryType);
[7m  [0m [91m                                                            ~~~~~~~~~~~~~~~[0m

    at createTSError (/Users/toannguyen/Documents/Source/tn-uptech-backend/node_modules/ts-node/src/index.ts:859:12)
    at reportTSError (/Users/toannguyen/Documents/Source/tn-uptech-backend/node_modules/ts-node/src/index.ts:863:19)
    at getOutput (/Users/toannguyen/Documents/Source/tn-uptech-backend/node_modules/ts-node/src/index.ts:1077:36)
    at Object.compile (/Users/toannguyen/Documents/Source/tn-uptech-backend/node_modules/ts-node/src/index.ts:1433:41)
    at Module.m._compile (/Users/toannguyen/Documents/Source/tn-uptech-backend/node_modules/ts-node/src/index.ts:1617:30)
    at Module._extensions..js (node:internal/modules/cjs/loader:1245:10)
    at Object.require.extensions.<computed> [as .ts] (/Users/toannguyen/Documents/Source/tn-uptech-backend/node_modules/ts-node/src/index.ts:1621:12)
    at Module.load (node:internal/modules/cjs/loader:1069:32)
    at Function.Module._load (node:internal/modules/cjs/loader:904:12)
    at Module.require (node:internal/modules/cjs/loader:1093:19)
2023-04-06 08:14:01 error: uncaughtException: тип Unable to compile TypeScript:
[96msrc/modules/controllers/categories.controller.ts[0m:[93m23[0m:[93m41[0m - [91merror[0m[90m TS2339: [0mProperty 'getType' does not exist on type 'CategoryService'.

[7m23[0m             const data = await category.getType(req.query);
[7m  [0m [91m                                        ~~~~~~~[0m

TSError: тип Unable to compile TypeScript:
[96msrc/modules/controllers/categories.controller.ts[0m:[93m23[0m:[93m41[0m - [91merror[0m[90m TS2339: [0mProperty 'getType' does not exist on type 'CategoryService'.

[7m23[0m             const data = await category.getType(req.query);
[7m  [0m [91m                                        ~~~~~~~[0m

    at createTSError (/Users/toannguyen/Documents/Source/tn-uptech-backend/node_modules/ts-node/src/index.ts:859:12)
    at reportTSError (/Users/toannguyen/Documents/Source/tn-uptech-backend/node_modules/ts-node/src/index.ts:863:19)
    at getOutput (/Users/toannguyen/Documents/Source/tn-uptech-backend/node_modules/ts-node/src/index.ts:1077:36)
    at Object.compile (/Users/toannguyen/Documents/Source/tn-uptech-backend/node_modules/ts-node/src/index.ts:1433:41)
    at Module.m._compile (/Users/toannguyen/Documents/Source/tn-uptech-backend/node_modules/ts-node/src/index.ts:1617:30)
    at Module._extensions..js (node:internal/modules/cjs/loader:1245:10)
    at Object.require.extensions.<computed> [as .ts] (/Users/toannguyen/Documents/Source/tn-uptech-backend/node_modules/ts-node/src/index.ts:1621:12)
    at Module.load (node:internal/modules/cjs/loader:1069:32)
    at Function.Module._load (node:internal/modules/cjs/loader:904:12)
    at Module.require (node:internal/modules/cjs/loader:1093:19)
2023-04-06 08:14:12 error: uncaughtException: тип Unable to compile TypeScript:
[96msrc/modules/controllers/categories.controller.ts[0m:[93m23[0m:[93m41[0m - [91merror[0m[90m TS2339: [0mProperty 'getListType' does not exist on type 'CategoryService'.

[7m23[0m             const data = await category.getListType(req.query);
[7m  [0m [91m                                        ~~~~~~~~~~~[0m

TSError: тип Unable to compile TypeScript:
[96msrc/modules/controllers/categories.controller.ts[0m:[93m23[0m:[93m41[0m - [91merror[0m[90m TS2339: [0mProperty 'getListType' does not exist on type 'CategoryService'.

[7m23[0m             const data = await category.getListType(req.query);
[7m  [0m [91m                                        ~~~~~~~~~~~[0m

    at createTSError (/Users/toannguyen/Documents/Source/tn-uptech-backend/node_modules/ts-node/src/index.ts:859:12)
    at reportTSError (/Users/toannguyen/Documents/Source/tn-uptech-backend/node_modules/ts-node/src/index.ts:863:19)
    at getOutput (/Users/toannguyen/Documents/Source/tn-uptech-backend/node_modules/ts-node/src/index.ts:1077:36)
    at Object.compile (/Users/toannguyen/Documents/Source/tn-uptech-backend/node_modules/ts-node/src/index.ts:1433:41)
    at Module.m._compile (/Users/toannguyen/Documents/Source/tn-uptech-backend/node_modules/ts-node/src/index.ts:1617:30)
    at Module._extensions..js (node:internal/modules/cjs/loader:1245:10)
    at Object.require.extensions.<computed> [as .ts] (/Users/toannguyen/Documents/Source/tn-uptech-backend/node_modules/ts-node/src/index.ts:1621:12)
    at Module.load (node:internal/modules/cjs/loader:1069:32)
    at Function.Module._load (node:internal/modules/cjs/loader:904:12)
    at Module.require (node:internal/modules/cjs/loader:1093:19)
2023-04-06 08:14:47 error: uncaughtException: тип Unable to compile TypeScript:
[96msrc/modules/controllers/categories.controller.ts[0m:[93m23[0m:[93m53[0m - [91merror[0m[90m TS2345: [0mArgument of type 'ParsedQs' is not assignable to parameter of type 'string'.

[7m23[0m             const data = await category.getListType(req.query);
[7m  [0m [91m                                                    ~~~~~~~~~[0m

TSError: тип Unable to compile TypeScript:
[96msrc/modules/controllers/categories.controller.ts[0m:[93m23[0m:[93m53[0m - [91merror[0m[90m TS2345: [0mArgument of type 'ParsedQs' is not assignable to parameter of type 'string'.

[7m23[0m             const data = await category.getListType(req.query);
[7m  [0m [91m                                                    ~~~~~~~~~[0m

    at createTSError (/Users/toannguyen/Documents/Source/tn-uptech-backend/node_modules/ts-node/src/index.ts:859:12)
    at reportTSError (/Users/toannguyen/Documents/Source/tn-uptech-backend/node_modules/ts-node/src/index.ts:863:19)
    at getOutput (/Users/toannguyen/Documents/Source/tn-uptech-backend/node_modules/ts-node/src/index.ts:1077:36)
    at Object.compile (/Users/toannguyen/Documents/Source/tn-uptech-backend/node_modules/ts-node/src/index.ts:1433:41)
    at Module.m._compile (/Users/toannguyen/Documents/Source/tn-uptech-backend/node_modules/ts-node/src/index.ts:1617:30)
    at Module._extensions..js (node:internal/modules/cjs/loader:1245:10)
    at Object.require.extensions.<computed> [as .ts] (/Users/toannguyen/Documents/Source/tn-uptech-backend/node_modules/ts-node/src/index.ts:1621:12)
    at Module.load (node:internal/modules/cjs/loader:1069:32)
    at Function.Module._load (node:internal/modules/cjs/loader:904:12)
    at Module.require (node:internal/modules/cjs/loader:1093:19)
2023-04-06 08:15:01 error: uncaughtException: тип Unable to compile TypeScript:
[96msrc/modules/controllers/categories.controller.ts[0m:[93m23[0m:[93m53[0m - [91merror[0m[90m TS2345: [0mArgument of type 'ParsedQs' is not assignable to parameter of type 'string'.

[7m23[0m             const data = await category.getListType(req.query);
[7m  [0m [91m                                                    ~~~~~~~~~[0m

TSError: тип Unable to compile TypeScript:
[96msrc/modules/controllers/categories.controller.ts[0m:[93m23[0m:[93m53[0m - [91merror[0m[90m TS2345: [0mArgument of type 'ParsedQs' is not assignable to parameter of type 'string'.

[7m23[0m             const data = await category.getListType(req.query);
[7m  [0m [91m                                                    ~~~~~~~~~[0m

    at createTSError (/Users/toannguyen/Documents/Source/tn-uptech-backend/node_modules/ts-node/src/index.ts:859:12)
    at reportTSError (/Users/toannguyen/Documents/Source/tn-uptech-backend/node_modules/ts-node/src/index.ts:863:19)
    at getOutput (/Users/toannguyen/Documents/Source/tn-uptech-backend/node_modules/ts-node/src/index.ts:1077:36)
    at Object.compile (/Users/toannguyen/Documents/Source/tn-uptech-backend/node_modules/ts-node/src/index.ts:1433:41)
    at Module.m._compile (/Users/toannguyen/Documents/Source/tn-uptech-backend/node_modules/ts-node/src/index.ts:1617:30)
    at Module._extensions..js (node:internal/modules/cjs/loader:1245:10)
    at Object.require.extensions.<computed> [as .ts] (/Users/toannguyen/Documents/Source/tn-uptech-backend/node_modules/ts-node/src/index.ts:1621:12)
    at Module.load (node:internal/modules/cjs/loader:1069:32)
    at Function.Module._load (node:internal/modules/cjs/loader:904:12)
    at Module.require (node:internal/modules/cjs/loader:1093:19)
2023-04-06 08:15:41 error: uncaughtException: тип Unable to compile TypeScript:
[96msrc/services/categories.service.ts[0m:[93m92[0m:[93m54[0m - [91merror[0m[90m TS2304: [0mCannot find name 'objQuery'.

[7m92[0m         return await models.Category.findAndCountAll(objQuery);
[7m  [0m [91m                                                     ~~~~~~~~[0m

TSError: тип Unable to compile TypeScript:
[96msrc/services/categories.service.ts[0m:[93m92[0m:[93m54[0m - [91merror[0m[90m TS2304: [0mCannot find name 'objQuery'.

[7m92[0m         return await models.Category.findAndCountAll(objQuery);
[7m  [0m [91m                                                     ~~~~~~~~[0m

    at createTSError (/Users/toannguyen/Documents/Source/tn-uptech-backend/node_modules/ts-node/src/index.ts:859:12)
    at reportTSError (/Users/toannguyen/Documents/Source/tn-uptech-backend/node_modules/ts-node/src/index.ts:863:19)
    at getOutput (/Users/toannguyen/Documents/Source/tn-uptech-backend/node_modules/ts-node/src/index.ts:1077:36)
    at Object.compile (/Users/toannguyen/Documents/Source/tn-uptech-backend/node_modules/ts-node/src/index.ts:1433:41)
    at Module.m._compile (/Users/toannguyen/Documents/Source/tn-uptech-backend/node_modules/ts-node/src/index.ts:1617:30)
    at Module._extensions..js (node:internal/modules/cjs/loader:1245:10)
    at Object.require.extensions.<computed> [as .ts] (/Users/toannguyen/Documents/Source/tn-uptech-backend/node_modules/ts-node/src/index.ts:1621:12)
    at Module.load (node:internal/modules/cjs/loader:1069:32)
    at Function.Module._load (node:internal/modules/cjs/loader:904:12)
    at Module.require (node:internal/modules/cjs/loader:1093:19)
2023-04-06 08:56:52 error: uncaughtException: тип Unable to compile TypeScript:
[96msrc/modules/controllers/media.controller.ts[0m:[93m6[0m:[93m19[0m - [91merror[0m[90m TS2304: [0mCannot find name 'PostService'.

[7m6[0m const media = new PostService();
[7m [0m [91m                  ~~~~~~~~~~~[0m

TSError: тип Unable to compile TypeScript:
[96msrc/modules/controllers/media.controller.ts[0m:[93m6[0m:[93m19[0m - [91merror[0m[90m TS2304: [0mCannot find name 'PostService'.

[7m6[0m const media = new PostService();
[7m [0m [91m                  ~~~~~~~~~~~[0m

    at createTSError (/Users/toannguyen/Documents/Source/tn-uptech-backend/node_modules/ts-node/src/index.ts:859:12)
    at reportTSError (/Users/toannguyen/Documents/Source/tn-uptech-backend/node_modules/ts-node/src/index.ts:863:19)
    at getOutput (/Users/toannguyen/Documents/Source/tn-uptech-backend/node_modules/ts-node/src/index.ts:1077:36)
    at Object.compile (/Users/toannguyen/Documents/Source/tn-uptech-backend/node_modules/ts-node/src/index.ts:1433:41)
    at Module.m._compile (/Users/toannguyen/Documents/Source/tn-uptech-backend/node_modules/ts-node/src/index.ts:1617:30)
    at Module._extensions..js (node:internal/modules/cjs/loader:1245:10)
    at Object.require.extensions.<computed> [as .ts] (/Users/toannguyen/Documents/Source/tn-uptech-backend/node_modules/ts-node/src/index.ts:1621:12)
    at Module.load (node:internal/modules/cjs/loader:1069:32)
    at Function.Module._load (node:internal/modules/cjs/loader:904:12)
    at Module.require (node:internal/modules/cjs/loader:1093:19)
2023-04-06 08:57:05 error: uncaughtException: тип Unable to compile TypeScript:
[96msrc/modules/controllers/media.controller.ts[0m:[93m12[0m:[93m31[0m - [91merror[0m[90m TS2339: [0mProperty 'media' does not exist on type 'MediaController'.

[7m12[0m       const data = await this.media.getList();
[7m  [0m [91m                              ~~~~~[0m
[96msrc/modules/controllers/media.controller.ts[0m:[93m24[0m:[93m20[0m - [91merror[0m[90m TS2339: [0mProperty 'media' does not exist on type 'MediaController'.

[7m24[0m         await this.media.storeImage(image, req.body.folderId)
[7m  [0m [91m                   ~~~~~[0m
[96msrc/modules/controllers/media.controller.ts[0m:[93m34[0m:[93m31[0m - [91merror[0m[90m TS2339: [0mProperty 'media' does not exist on type 'MediaController'.

[7m34[0m       const data = await this.media.delete(req.params.id);
[7m  [0m [91m                              ~~~~~[0m

TSError: тип Unable to compile TypeScript:
[96msrc/modules/controllers/media.controller.ts[0m:[93m12[0m:[93m31[0m - [91merror[0m[90m TS2339: [0mProperty 'media' does not exist on type 'MediaController'.

[7m12[0m       const data = await this.media.getList();
[7m  [0m [91m                              ~~~~~[0m
[96msrc/modules/controllers/media.controller.ts[0m:[93m24[0m:[93m20[0m - [91merror[0m[90m TS2339: [0mProperty 'media' does not exist on type 'MediaController'.

[7m24[0m         await this.media.storeImage(image, req.body.folderId)
[7m  [0m [91m                   ~~~~~[0m
[96msrc/modules/controllers/media.controller.ts[0m:[93m34[0m:[93m31[0m - [91merror[0m[90m TS2339: [0mProperty 'media' does not exist on type 'MediaController'.

[7m34[0m       const data = await this.media.delete(req.params.id);
[7m  [0m [91m                              ~~~~~[0m

    at createTSError (/Users/toannguyen/Documents/Source/tn-uptech-backend/node_modules/ts-node/src/index.ts:859:12)
    at reportTSError (/Users/toannguyen/Documents/Source/tn-uptech-backend/node_modules/ts-node/src/index.ts:863:19)
    at getOutput (/Users/toannguyen/Documents/Source/tn-uptech-backend/node_modules/ts-node/src/index.ts:1077:36)
    at Object.compile (/Users/toannguyen/Documents/Source/tn-uptech-backend/node_modules/ts-node/src/index.ts:1433:41)
    at Module.m._compile (/Users/toannguyen/Documents/Source/tn-uptech-backend/node_modules/ts-node/src/index.ts:1617:30)
    at Module._extensions..js (node:internal/modules/cjs/loader:1245:10)
    at Object.require.extensions.<computed> [as .ts] (/Users/toannguyen/Documents/Source/tn-uptech-backend/node_modules/ts-node/src/index.ts:1621:12)
    at Module.load (node:internal/modules/cjs/loader:1069:32)
    at Function.Module._load (node:internal/modules/cjs/loader:904:12)
    at Module.require (node:internal/modules/cjs/loader:1093:19)
2023-04-06 09:07:15 error: uncaughtException: тип Unable to compile TypeScript:
[96msrc/modules/controllers/post.controller.ts[0m:[93m55[0m:[93m37[0m - [91merror[0m[90m TS2339: [0mProperty 'delete' does not exist on type 'PostService'.

[7m55[0m             const data = await post.delete(req.params.id);
[7m  [0m [91m                                    ~~~~~~[0m

TSError: тип Unable to compile TypeScript:
[96msrc/modules/controllers/post.controller.ts[0m:[93m55[0m:[93m37[0m - [91merror[0m[90m TS2339: [0mProperty 'delete' does not exist on type 'PostService'.

[7m55[0m             const data = await post.delete(req.params.id);
[7m  [0m [91m                                    ~~~~~~[0m

    at createTSError (/Users/toannguyen/Documents/Source/tn-uptech-backend/node_modules/ts-node/src/index.ts:859:12)
    at reportTSError (/Users/toannguyen/Documents/Source/tn-uptech-backend/node_modules/ts-node/src/index.ts:863:19)
    at getOutput (/Users/toannguyen/Documents/Source/tn-uptech-backend/node_modules/ts-node/src/index.ts:1077:36)
    at Object.compile (/Users/toannguyen/Documents/Source/tn-uptech-backend/node_modules/ts-node/src/index.ts:1433:41)
    at Module.m._compile (/Users/toannguyen/Documents/Source/tn-uptech-backend/node_modules/ts-node/src/index.ts:1617:30)
    at Module._extensions..js (node:internal/modules/cjs/loader:1245:10)
    at Object.require.extensions.<computed> [as .ts] (/Users/toannguyen/Documents/Source/tn-uptech-backend/node_modules/ts-node/src/index.ts:1621:12)
    at Module.load (node:internal/modules/cjs/loader:1069:32)
    at Function.Module._load (node:internal/modules/cjs/loader:904:12)
    at Module.require (node:internal/modules/cjs/loader:1093:19)
2023-04-06 09:08:10 error: uncaughtException: тип Unable to compile TypeScript:
[96msrc/modules/controllers/post.controller.ts[0m:[93m55[0m:[93m37[0m - [91merror[0m[90m TS2339: [0mProperty 'delete' does not exist on type 'PostService'.

[7m55[0m             const data = await post.delete(req.params.id);
[7m  [0m [91m                                    ~~~~~~[0m

TSError: тип Unable to compile TypeScript:
[96msrc/modules/controllers/post.controller.ts[0m:[93m55[0m:[93m37[0m - [91merror[0m[90m TS2339: [0mProperty 'delete' does not exist on type 'PostService'.

[7m55[0m             const data = await post.delete(req.params.id);
[7m  [0m [91m                                    ~~~~~~[0m

    at createTSError (/Users/toannguyen/Documents/Source/tn-uptech-backend/node_modules/ts-node/src/index.ts:859:12)
    at reportTSError (/Users/toannguyen/Documents/Source/tn-uptech-backend/node_modules/ts-node/src/index.ts:863:19)
    at getOutput (/Users/toannguyen/Documents/Source/tn-uptech-backend/node_modules/ts-node/src/index.ts:1077:36)
    at Object.compile (/Users/toannguyen/Documents/Source/tn-uptech-backend/node_modules/ts-node/src/index.ts:1433:41)
    at Module.m._compile (/Users/toannguyen/Documents/Source/tn-uptech-backend/node_modules/ts-node/src/index.ts:1617:30)
    at Module._extensions..js (node:internal/modules/cjs/loader:1245:10)
    at Object.require.extensions.<computed> [as .ts] (/Users/toannguyen/Documents/Source/tn-uptech-backend/node_modules/ts-node/src/index.ts:1621:12)
    at Module.load (node:internal/modules/cjs/loader:1069:32)
    at Function.Module._load (node:internal/modules/cjs/loader:904:12)
    at Module.require (node:internal/modules/cjs/loader:1093:19)
2023-04-06 09:08:25 error: uncaughtException: тип Unable to compile TypeScript:
[96msrc/modules/controllers/post.controller.ts[0m:[93m55[0m:[93m37[0m - [91merror[0m[90m TS2339: [0mProperty 'delete' does not exist on type 'PostService'.

[7m55[0m             const data = await post.delete(req.params.id);
[7m  [0m [91m                                    ~~~~~~[0m

TSError: тип Unable to compile TypeScript:
[96msrc/modules/controllers/post.controller.ts[0m:[93m55[0m:[93m37[0m - [91merror[0m[90m TS2339: [0mProperty 'delete' does not exist on type 'PostService'.

[7m55[0m             const data = await post.delete(req.params.id);
[7m  [0m [91m                                    ~~~~~~[0m

    at createTSError (/Users/toannguyen/Documents/Source/tn-uptech-backend/node_modules/ts-node/src/index.ts:859:12)
    at reportTSError (/Users/toannguyen/Documents/Source/tn-uptech-backend/node_modules/ts-node/src/index.ts:863:19)
    at getOutput (/Users/toannguyen/Documents/Source/tn-uptech-backend/node_modules/ts-node/src/index.ts:1077:36)
    at Object.compile (/Users/toannguyen/Documents/Source/tn-uptech-backend/node_modules/ts-node/src/index.ts:1433:41)
    at Module.m._compile (/Users/toannguyen/Documents/Source/tn-uptech-backend/node_modules/ts-node/src/index.ts:1617:30)
    at Module._extensions..js (node:internal/modules/cjs/loader:1245:10)
    at Object.require.extensions.<computed> [as .ts] (/Users/toannguyen/Documents/Source/tn-uptech-backend/node_modules/ts-node/src/index.ts:1621:12)
    at Module.load (node:internal/modules/cjs/loader:1069:32)
    at Function.Module._load (node:internal/modules/cjs/loader:904:12)
    at Module.require (node:internal/modules/cjs/loader:1093:19)
2023-04-06 09:11:01 error: uncaughtException: тип Unable to compile TypeScript:
[96msrc/modules/controllers/post.controller.ts[0m:[93m55[0m:[93m37[0m - [91merror[0m[90m TS2339: [0mProperty 'delete' does not exist on type 'PostService'.

[7m55[0m             const data = await post.delete(req.params.id);
[7m  [0m [91m                                    ~~~~~~[0m

TSError: тип Unable to compile TypeScript:
[96msrc/modules/controllers/post.controller.ts[0m:[93m55[0m:[93m37[0m - [91merror[0m[90m TS2339: [0mProperty 'delete' does not exist on type 'PostService'.

[7m55[0m             const data = await post.delete(req.params.id);
[7m  [0m [91m                                    ~~~~~~[0m

    at createTSError (/Users/toannguyen/Documents/Source/tn-uptech-backend/node_modules/ts-node/src/index.ts:859:12)
    at reportTSError (/Users/toannguyen/Documents/Source/tn-uptech-backend/node_modules/ts-node/src/index.ts:863:19)
    at getOutput (/Users/toannguyen/Documents/Source/tn-uptech-backend/node_modules/ts-node/src/index.ts:1077:36)
    at Object.compile (/Users/toannguyen/Documents/Source/tn-uptech-backend/node_modules/ts-node/src/index.ts:1433:41)
    at Module.m._compile (/Users/toannguyen/Documents/Source/tn-uptech-backend/node_modules/ts-node/src/index.ts:1617:30)
    at Module._extensions..js (node:internal/modules/cjs/loader:1245:10)
    at Object.require.extensions.<computed> [as .ts] (/Users/toannguyen/Documents/Source/tn-uptech-backend/node_modules/ts-node/src/index.ts:1621:12)
    at Module.load (node:internal/modules/cjs/loader:1069:32)
    at Function.Module._load (node:internal/modules/cjs/loader:904:12)
    at Module.require (node:internal/modules/cjs/loader:1093:19)
2023-04-06 09:11:45 error: uncaughtException: тип Unable to compile TypeScript:
[96msrc/modules/controllers/post.controller.ts[0m:[93m55[0m:[93m37[0m - [91merror[0m[90m TS2339: [0mProperty 'delete' does not exist on type 'PostService'.

[7m55[0m             const data = await post.delete(req.params.id);
[7m  [0m [91m                                    ~~~~~~[0m

TSError: тип Unable to compile TypeScript:
[96msrc/modules/controllers/post.controller.ts[0m:[93m55[0m:[93m37[0m - [91merror[0m[90m TS2339: [0mProperty 'delete' does not exist on type 'PostService'.

[7m55[0m             const data = await post.delete(req.params.id);
[7m  [0m [91m                                    ~~~~~~[0m

    at createTSError (/Users/toannguyen/Documents/Source/tn-uptech-backend/node_modules/ts-node/src/index.ts:859:12)
    at reportTSError (/Users/toannguyen/Documents/Source/tn-uptech-backend/node_modules/ts-node/src/index.ts:863:19)
    at getOutput (/Users/toannguyen/Documents/Source/tn-uptech-backend/node_modules/ts-node/src/index.ts:1077:36)
    at Object.compile (/Users/toannguyen/Documents/Source/tn-uptech-backend/node_modules/ts-node/src/index.ts:1433:41)
    at Module.m._compile (/Users/toannguyen/Documents/Source/tn-uptech-backend/node_modules/ts-node/src/index.ts:1617:30)
    at Module._extensions..js (node:internal/modules/cjs/loader:1245:10)
    at Object.require.extensions.<computed> [as .ts] (/Users/toannguyen/Documents/Source/tn-uptech-backend/node_modules/ts-node/src/index.ts:1621:12)
    at Module.load (node:internal/modules/cjs/loader:1069:32)
    at Function.Module._load (node:internal/modules/cjs/loader:904:12)
    at Module.require (node:internal/modules/cjs/loader:1093:19)
2023-04-06 09:12:35 error: uncaughtException: тип Unable to compile TypeScript:
[96msrc/modules/controllers/post.controller.ts[0m:[93m55[0m:[93m37[0m - [91merror[0m[90m TS2339: [0mProperty 'delete' does not exist on type 'PostService'.

[7m55[0m             const data = await post.delete(req.params.id);
[7m  [0m [91m                                    ~~~~~~[0m

TSError: тип Unable to compile TypeScript:
[96msrc/modules/controllers/post.controller.ts[0m:[93m55[0m:[93m37[0m - [91merror[0m[90m TS2339: [0mProperty 'delete' does not exist on type 'PostService'.

[7m55[0m             const data = await post.delete(req.params.id);
[7m  [0m [91m                                    ~~~~~~[0m

    at createTSError (/Users/toannguyen/Documents/Source/tn-uptech-backend/node_modules/ts-node/src/index.ts:859:12)
    at reportTSError (/Users/toannguyen/Documents/Source/tn-uptech-backend/node_modules/ts-node/src/index.ts:863:19)
    at getOutput (/Users/toannguyen/Documents/Source/tn-uptech-backend/node_modules/ts-node/src/index.ts:1077:36)
    at Object.compile (/Users/toannguyen/Documents/Source/tn-uptech-backend/node_modules/ts-node/src/index.ts:1433:41)
    at Module.m._compile (/Users/toannguyen/Documents/Source/tn-uptech-backend/node_modules/ts-node/src/index.ts:1617:30)
    at Module._extensions..js (node:internal/modules/cjs/loader:1245:10)
    at Object.require.extensions.<computed> [as .ts] (/Users/toannguyen/Documents/Source/tn-uptech-backend/node_modules/ts-node/src/index.ts:1621:12)
    at Module.load (node:internal/modules/cjs/loader:1069:32)
    at Function.Module._load (node:internal/modules/cjs/loader:904:12)
    at Module.require (node:internal/modules/cjs/loader:1093:19)
2023-04-06 09:12:46 error: uncaughtException: тип Unable to compile TypeScript:
[96msrc/modules/controllers/post.controller.ts[0m:[93m55[0m:[93m37[0m - [91merror[0m[90m TS2339: [0mProperty 'delete' does not exist on type 'PostService'.

[7m55[0m             const data = await post.delete(req.params.id);
[7m  [0m [91m                                    ~~~~~~[0m

TSError: тип Unable to compile TypeScript:
[96msrc/modules/controllers/post.controller.ts[0m:[93m55[0m:[93m37[0m - [91merror[0m[90m TS2339: [0mProperty 'delete' does not exist on type 'PostService'.

[7m55[0m             const data = await post.delete(req.params.id);
[7m  [0m [91m                                    ~~~~~~[0m

    at createTSError (/Users/toannguyen/Documents/Source/tn-uptech-backend/node_modules/ts-node/src/index.ts:859:12)
    at reportTSError (/Users/toannguyen/Documents/Source/tn-uptech-backend/node_modules/ts-node/src/index.ts:863:19)
    at getOutput (/Users/toannguyen/Documents/Source/tn-uptech-backend/node_modules/ts-node/src/index.ts:1077:36)
    at Object.compile (/Users/toannguyen/Documents/Source/tn-uptech-backend/node_modules/ts-node/src/index.ts:1433:41)
    at Module.m._compile (/Users/toannguyen/Documents/Source/tn-uptech-backend/node_modules/ts-node/src/index.ts:1617:30)
    at Module._extensions..js (node:internal/modules/cjs/loader:1245:10)
    at Object.require.extensions.<computed> [as .ts] (/Users/toannguyen/Documents/Source/tn-uptech-backend/node_modules/ts-node/src/index.ts:1621:12)
    at Module.load (node:internal/modules/cjs/loader:1069:32)
    at Function.Module._load (node:internal/modules/cjs/loader:904:12)
    at Module.require (node:internal/modules/cjs/loader:1093:19)
2023-04-06 09:12:54 error: uncaughtException: тип Unable to compile TypeScript:
[96msrc/modules/controllers/post.controller.ts[0m:[93m55[0m:[93m37[0m - [91merror[0m[90m TS2339: [0mProperty 'delete' does not exist on type 'PostService'.

[7m55[0m             const data = await post.delete(req.params.id);
[7m  [0m [91m                                    ~~~~~~[0m

TSError: тип Unable to compile TypeScript:
[96msrc/modules/controllers/post.controller.ts[0m:[93m55[0m:[93m37[0m - [91merror[0m[90m TS2339: [0mProperty 'delete' does not exist on type 'PostService'.

[7m55[0m             const data = await post.delete(req.params.id);
[7m  [0m [91m                                    ~~~~~~[0m

    at createTSError (/Users/toannguyen/Documents/Source/tn-uptech-backend/node_modules/ts-node/src/index.ts:859:12)
    at reportTSError (/Users/toannguyen/Documents/Source/tn-uptech-backend/node_modules/ts-node/src/index.ts:863:19)
    at getOutput (/Users/toannguyen/Documents/Source/tn-uptech-backend/node_modules/ts-node/src/index.ts:1077:36)
    at Object.compile (/Users/toannguyen/Documents/Source/tn-uptech-backend/node_modules/ts-node/src/index.ts:1433:41)
    at Module.m._compile (/Users/toannguyen/Documents/Source/tn-uptech-backend/node_modules/ts-node/src/index.ts:1617:30)
    at Module._extensions..js (node:internal/modules/cjs/loader:1245:10)
    at Object.require.extensions.<computed> [as .ts] (/Users/toannguyen/Documents/Source/tn-uptech-backend/node_modules/ts-node/src/index.ts:1621:12)
    at Module.load (node:internal/modules/cjs/loader:1069:32)
    at Function.Module._load (node:internal/modules/cjs/loader:904:12)
    at Module.require (node:internal/modules/cjs/loader:1093:19)
2023-04-06 09:13:04 error: uncaughtException: тип Unable to compile TypeScript:
[96msrc/modules/controllers/post.controller.ts[0m:[93m55[0m:[93m37[0m - [91merror[0m[90m TS2339: [0mProperty 'delete' does not exist on type 'PostService'.

[7m55[0m             const data = await post.delete(req.params.id);
[7m  [0m [91m                                    ~~~~~~[0m

TSError: тип Unable to compile TypeScript:
[96msrc/modules/controllers/post.controller.ts[0m:[93m55[0m:[93m37[0m - [91merror[0m[90m TS2339: [0mProperty 'delete' does not exist on type 'PostService'.

[7m55[0m             const data = await post.delete(req.params.id);
[7m  [0m [91m                                    ~~~~~~[0m

    at createTSError (/Users/toannguyen/Documents/Source/tn-uptech-backend/node_modules/ts-node/src/index.ts:859:12)
    at reportTSError (/Users/toannguyen/Documents/Source/tn-uptech-backend/node_modules/ts-node/src/index.ts:863:19)
    at getOutput (/Users/toannguyen/Documents/Source/tn-uptech-backend/node_modules/ts-node/src/index.ts:1077:36)
    at Object.compile (/Users/toannguyen/Documents/Source/tn-uptech-backend/node_modules/ts-node/src/index.ts:1433:41)
    at Module.m._compile (/Users/toannguyen/Documents/Source/tn-uptech-backend/node_modules/ts-node/src/index.ts:1617:30)
    at Module._extensions..js (node:internal/modules/cjs/loader:1245:10)
    at Object.require.extensions.<computed> [as .ts] (/Users/toannguyen/Documents/Source/tn-uptech-backend/node_modules/ts-node/src/index.ts:1621:12)
    at Module.load (node:internal/modules/cjs/loader:1069:32)
    at Function.Module._load (node:internal/modules/cjs/loader:904:12)
    at Module.require (node:internal/modules/cjs/loader:1093:19)
2023-04-06 09:13:31 error: uncaughtException: тип Unable to compile TypeScript:
[96msrc/modules/controllers/post.controller.ts[0m:[93m55[0m:[93m37[0m - [91merror[0m[90m TS2339: [0mProperty 'delete' does not exist on type 'PostService'.

[7m55[0m             const data = await post.delete(req.params.id);
[7m  [0m [91m                                    ~~~~~~[0m

TSError: тип Unable to compile TypeScript:
[96msrc/modules/controllers/post.controller.ts[0m:[93m55[0m:[93m37[0m - [91merror[0m[90m TS2339: [0mProperty 'delete' does not exist on type 'PostService'.

[7m55[0m             const data = await post.delete(req.params.id);
[7m  [0m [91m                                    ~~~~~~[0m

    at createTSError (/Users/toannguyen/Documents/Source/tn-uptech-backend/node_modules/ts-node/src/index.ts:859:12)
    at reportTSError (/Users/toannguyen/Documents/Source/tn-uptech-backend/node_modules/ts-node/src/index.ts:863:19)
    at getOutput (/Users/toannguyen/Documents/Source/tn-uptech-backend/node_modules/ts-node/src/index.ts:1077:36)
    at Object.compile (/Users/toannguyen/Documents/Source/tn-uptech-backend/node_modules/ts-node/src/index.ts:1433:41)
    at Module.m._compile (/Users/toannguyen/Documents/Source/tn-uptech-backend/node_modules/ts-node/src/index.ts:1617:30)
    at Module._extensions..js (node:internal/modules/cjs/loader:1245:10)
    at Object.require.extensions.<computed> [as .ts] (/Users/toannguyen/Documents/Source/tn-uptech-backend/node_modules/ts-node/src/index.ts:1621:12)
    at Module.load (node:internal/modules/cjs/loader:1069:32)
    at Function.Module._load (node:internal/modules/cjs/loader:904:12)
    at Module.require (node:internal/modules/cjs/loader:1093:19)
2023-04-06 09:13:40 error: uncaughtException: тип Unable to compile TypeScript:
[96msrc/modules/controllers/post.controller.ts[0m:[93m55[0m:[93m37[0m - [91merror[0m[90m TS2339: [0mProperty 'delete' does not exist on type 'PostService'.

[7m55[0m             const data = await post.delete(req.params.id);
[7m  [0m [91m                                    ~~~~~~[0m

TSError: тип Unable to compile TypeScript:
[96msrc/modules/controllers/post.controller.ts[0m:[93m55[0m:[93m37[0m - [91merror[0m[90m TS2339: [0mProperty 'delete' does not exist on type 'PostService'.

[7m55[0m             const data = await post.delete(req.params.id);
[7m  [0m [91m                                    ~~~~~~[0m

    at createTSError (/Users/toannguyen/Documents/Source/tn-uptech-backend/node_modules/ts-node/src/index.ts:859:12)
    at reportTSError (/Users/toannguyen/Documents/Source/tn-uptech-backend/node_modules/ts-node/src/index.ts:863:19)
    at getOutput (/Users/toannguyen/Documents/Source/tn-uptech-backend/node_modules/ts-node/src/index.ts:1077:36)
    at Object.compile (/Users/toannguyen/Documents/Source/tn-uptech-backend/node_modules/ts-node/src/index.ts:1433:41)
    at Module.m._compile (/Users/toannguyen/Documents/Source/tn-uptech-backend/node_modules/ts-node/src/index.ts:1617:30)
    at Module._extensions..js (node:internal/modules/cjs/loader:1245:10)
    at Object.require.extensions.<computed> [as .ts] (/Users/toannguyen/Documents/Source/tn-uptech-backend/node_modules/ts-node/src/index.ts:1621:12)
    at Module.load (node:internal/modules/cjs/loader:1069:32)
    at Function.Module._load (node:internal/modules/cjs/loader:904:12)
    at Module.require (node:internal/modules/cjs/loader:1093:19)
2023-04-06 09:14:03 error: uncaughtException: тип Unable to compile TypeScript:
[96msrc/modules/controllers/post.controller.ts[0m:[93m55[0m:[93m37[0m - [91merror[0m[90m TS2339: [0mProperty 'delete' does not exist on type 'PostService'.

[7m55[0m             const data = await post.delete(req.params.id);
[7m  [0m [91m                                    ~~~~~~[0m

TSError: тип Unable to compile TypeScript:
[96msrc/modules/controllers/post.controller.ts[0m:[93m55[0m:[93m37[0m - [91merror[0m[90m TS2339: [0mProperty 'delete' does not exist on type 'PostService'.

[7m55[0m             const data = await post.delete(req.params.id);
[7m  [0m [91m                                    ~~~~~~[0m

    at createTSError (/Users/toannguyen/Documents/Source/tn-uptech-backend/node_modules/ts-node/src/index.ts:859:12)
    at reportTSError (/Users/toannguyen/Documents/Source/tn-uptech-backend/node_modules/ts-node/src/index.ts:863:19)
    at getOutput (/Users/toannguyen/Documents/Source/tn-uptech-backend/node_modules/ts-node/src/index.ts:1077:36)
    at Object.compile (/Users/toannguyen/Documents/Source/tn-uptech-backend/node_modules/ts-node/src/index.ts:1433:41)
    at Module.m._compile (/Users/toannguyen/Documents/Source/tn-uptech-backend/node_modules/ts-node/src/index.ts:1617:30)
    at Module._extensions..js (node:internal/modules/cjs/loader:1245:10)
    at Object.require.extensions.<computed> [as .ts] (/Users/toannguyen/Documents/Source/tn-uptech-backend/node_modules/ts-node/src/index.ts:1621:12)
    at Module.load (node:internal/modules/cjs/loader:1069:32)
    at Function.Module._load (node:internal/modules/cjs/loader:904:12)
    at Module.require (node:internal/modules/cjs/loader:1093:19)
2023-04-06 09:14:27 error: uncaughtException: тип Unable to compile TypeScript:
[96msrc/modules/controllers/post.controller.ts[0m:[93m55[0m:[93m37[0m - [91merror[0m[90m TS2339: [0mProperty 'delete' does not exist on type 'PostService'.

[7m55[0m             const data = await post.delete(req.params.id);
[7m  [0m [91m                                    ~~~~~~[0m

TSError: тип Unable to compile TypeScript:
[96msrc/modules/controllers/post.controller.ts[0m:[93m55[0m:[93m37[0m - [91merror[0m[90m TS2339: [0mProperty 'delete' does not exist on type 'PostService'.

[7m55[0m             const data = await post.delete(req.params.id);
[7m  [0m [91m                                    ~~~~~~[0m

    at createTSError (/Users/toannguyen/Documents/Source/tn-uptech-backend/node_modules/ts-node/src/index.ts:859:12)
    at reportTSError (/Users/toannguyen/Documents/Source/tn-uptech-backend/node_modules/ts-node/src/index.ts:863:19)
    at getOutput (/Users/toannguyen/Documents/Source/tn-uptech-backend/node_modules/ts-node/src/index.ts:1077:36)
    at Object.compile (/Users/toannguyen/Documents/Source/tn-uptech-backend/node_modules/ts-node/src/index.ts:1433:41)
    at Module.m._compile (/Users/toannguyen/Documents/Source/tn-uptech-backend/node_modules/ts-node/src/index.ts:1617:30)
    at Module._extensions..js (node:internal/modules/cjs/loader:1245:10)
    at Object.require.extensions.<computed> [as .ts] (/Users/toannguyen/Documents/Source/tn-uptech-backend/node_modules/ts-node/src/index.ts:1621:12)
    at Module.load (node:internal/modules/cjs/loader:1069:32)
    at Function.Module._load (node:internal/modules/cjs/loader:904:12)
    at Module.require (node:internal/modules/cjs/loader:1093:19)
2023-04-06 09:15:48 error: uncaughtException: тип Unable to compile TypeScript:
[96msrc/modules/controllers/post.controller.ts[0m:[93m55[0m:[93m37[0m - [91merror[0m[90m TS2339: [0mProperty 'delete' does not exist on type 'PostService'.

[7m55[0m             const data = await post.delete(req.params.id);
[7m  [0m [91m                                    ~~~~~~[0m

TSError: тип Unable to compile TypeScript:
[96msrc/modules/controllers/post.controller.ts[0m:[93m55[0m:[93m37[0m - [91merror[0m[90m TS2339: [0mProperty 'delete' does not exist on type 'PostService'.

[7m55[0m             const data = await post.delete(req.params.id);
[7m  [0m [91m                                    ~~~~~~[0m

    at createTSError (/Users/toannguyen/Documents/Source/tn-uptech-backend/node_modules/ts-node/src/index.ts:859:12)
    at reportTSError (/Users/toannguyen/Documents/Source/tn-uptech-backend/node_modules/ts-node/src/index.ts:863:19)
    at getOutput (/Users/toannguyen/Documents/Source/tn-uptech-backend/node_modules/ts-node/src/index.ts:1077:36)
    at Object.compile (/Users/toannguyen/Documents/Source/tn-uptech-backend/node_modules/ts-node/src/index.ts:1433:41)
    at Module.m._compile (/Users/toannguyen/Documents/Source/tn-uptech-backend/node_modules/ts-node/src/index.ts:1617:30)
    at Module._extensions..js (node:internal/modules/cjs/loader:1245:10)
    at Object.require.extensions.<computed> [as .ts] (/Users/toannguyen/Documents/Source/tn-uptech-backend/node_modules/ts-node/src/index.ts:1621:12)
    at Module.load (node:internal/modules/cjs/loader:1069:32)
    at Function.Module._load (node:internal/modules/cjs/loader:904:12)
    at Module.require (node:internal/modules/cjs/loader:1093:19)
2023-04-06 09:17:04 error: uncaughtException: тип Unable to compile TypeScript:
[96msrc/modules/controllers/post.controller.ts[0m:[93m45[0m:[93m37[0m - [91merror[0m[90m TS2339: [0mProperty 'updateById' does not exist on type 'PostService'.

[7m45[0m             const data = await post.updateById(id, req.body);
[7m  [0m [91m                                    ~~~~~~~~~~[0m

TSError: тип Unable to compile TypeScript:
[96msrc/modules/controllers/post.controller.ts[0m:[93m45[0m:[93m37[0m - [91merror[0m[90m TS2339: [0mProperty 'updateById' does not exist on type 'PostService'.

[7m45[0m             const data = await post.updateById(id, req.body);
[7m  [0m [91m                                    ~~~~~~~~~~[0m

    at createTSError (/Users/toannguyen/Documents/Source/tn-uptech-backend/node_modules/ts-node/src/index.ts:859:12)
    at reportTSError (/Users/toannguyen/Documents/Source/tn-uptech-backend/node_modules/ts-node/src/index.ts:863:19)
    at getOutput (/Users/toannguyen/Documents/Source/tn-uptech-backend/node_modules/ts-node/src/index.ts:1077:36)
    at Object.compile (/Users/toannguyen/Documents/Source/tn-uptech-backend/node_modules/ts-node/src/index.ts:1433:41)
    at Module.m._compile (/Users/toannguyen/Documents/Source/tn-uptech-backend/node_modules/ts-node/src/index.ts:1617:30)
    at Module._extensions..js (node:internal/modules/cjs/loader:1245:10)
    at Object.require.extensions.<computed> [as .ts] (/Users/toannguyen/Documents/Source/tn-uptech-backend/node_modules/ts-node/src/index.ts:1621:12)
    at Module.load (node:internal/modules/cjs/loader:1069:32)
    at Function.Module._load (node:internal/modules/cjs/loader:904:12)
    at Module.require (node:internal/modules/cjs/loader:1093:19)
2023-04-06 23:19:53 error: uncaughtException: тип Unable to compile TypeScript:
[96msrc/infra/sequelize/models/post.model.ts[0m:[93m22[0m:[93m23[0m - [91merror[0m[90m TS2552: [0mCannot find name 'Sequelize'. Did you mean 'sequelize'?

[7m22[0m                 type: Sequelize.INTEGER,
[7m  [0m [91m                      ~~~~~~~~~[0m

  [96msrc/infra/sequelize/models/post.model.ts[0m:[93m3[0m:[93m28[0m
    [7m3[0m module.exports = function (sequelize, DataTypes) {
    [7m [0m [96m                           ~~~~~~~~~[0m
    'sequelize' is declared here.

TSError: тип Unable to compile TypeScript:
[96msrc/infra/sequelize/models/post.model.ts[0m:[93m22[0m:[93m23[0m - [91merror[0m[90m TS2552: [0mCannot find name 'Sequelize'. Did you mean 'sequelize'?

[7m22[0m                 type: Sequelize.INTEGER,
[7m  [0m [91m                      ~~~~~~~~~[0m

  [96msrc/infra/sequelize/models/post.model.ts[0m:[93m3[0m:[93m28[0m
    [7m3[0m module.exports = function (sequelize, DataTypes) {
    [7m [0m [96m                           ~~~~~~~~~[0m
    'sequelize' is declared here.

    at createTSError (/Users/toannguyen/Documents/Source/tn-uptech-backend/node_modules/ts-node/src/index.ts:859:12)
    at reportTSError (/Users/toannguyen/Documents/Source/tn-uptech-backend/node_modules/ts-node/src/index.ts:863:19)
    at getOutput (/Users/toannguyen/Documents/Source/tn-uptech-backend/node_modules/ts-node/src/index.ts:1077:36)
    at Object.compile (/Users/toannguyen/Documents/Source/tn-uptech-backend/node_modules/ts-node/src/index.ts:1433:41)
    at Module.m._compile (/Users/toannguyen/Documents/Source/tn-uptech-backend/node_modules/ts-node/src/index.ts:1617:30)
    at Module._extensions..js (node:internal/modules/cjs/loader:1245:10)
    at Object.require.extensions.<computed> [as .ts] (/Users/toannguyen/Documents/Source/tn-uptech-backend/node_modules/ts-node/src/index.ts:1621:12)
    at Module.load (node:internal/modules/cjs/loader:1069:32)
    at Function.Module._load (node:internal/modules/cjs/loader:904:12)
    at Module.require (node:internal/modules/cjs/loader:1093:19)
2023-04-06 23:20:24 error: uncaughtException: You have used the alias image in two separate associations. Aliased associations must have unique aliases.
SequelizeAssociationError: You have used the alias image in two separate associations. Aliased associations must have unique aliases.
    at new Association (/Users/toannguyen/Documents/Source/tn-uptech-backend/node_modules/sequelize/src/associations/base.js:107:13)
    at new BelongsTo (/Users/toannguyen/Documents/Source/tn-uptech-backend/node_modules/sequelize/src/associations/belongs-to.js:18:5)
    at Function.<anonymous> (/Users/toannguyen/Documents/Source/tn-uptech-backend/node_modules/sequelize/src/associations/mixin.js:105:25)
    at Function.Post.associate (/Users/toannguyen/Documents/Source/tn-uptech-backend/src/infra/sequelize/models/post.model.ts:87:14)
    at /Users/toannguyen/Documents/Source/tn-uptech-backend/src/infra/sequelize/models/index.ts:51:31
    at Array.forEach (<anonymous>)
    at createModels (/Users/toannguyen/Documents/Source/tn-uptech-backend/src/infra/sequelize/models/index.ts:49:25)
    at Object.<anonymous> (/Users/toannguyen/Documents/Source/tn-uptech-backend/src/infra/sequelize/models/index.ts:63:16)
    at Module._compile (node:internal/modules/cjs/loader:1191:14)
    at Module.m._compile (/Users/toannguyen/Documents/Source/tn-uptech-backend/node_modules/ts-node/src/index.ts:1618:23)
2023-04-06 23:20:36 error: uncaughtException: Naming collision between attribute 'category' and association 'category' on model posts. To remedy this, change either foreignKey or as in your association definition
Error: Naming collision between attribute 'category' and association 'category' on model posts. To remedy this, change either foreignKey or as in your association definition
    at Object.checkNamingCollision (/Users/toannguyen/Documents/Source/tn-uptech-backend/node_modules/sequelize/src/associations/helpers.js:5:11)
    at BelongsTo._injectAttributes (/Users/toannguyen/Documents/Source/tn-uptech-backend/node_modules/sequelize/src/associations/belongs-to.js:103:13)
    at Function.<anonymous> (/Users/toannguyen/Documents/Source/tn-uptech-backend/node_modules/sequelize/src/associations/mixin.js:108:17)
    at Function.Post.associate (/Users/toannguyen/Documents/Source/tn-uptech-backend/src/infra/sequelize/models/post.model.ts:87:14)
    at /Users/toannguyen/Documents/Source/tn-uptech-backend/src/infra/sequelize/models/index.ts:51:31
    at Array.forEach (<anonymous>)
    at createModels (/Users/toannguyen/Documents/Source/tn-uptech-backend/src/infra/sequelize/models/index.ts:49:25)
    at Object.<anonymous> (/Users/toannguyen/Documents/Source/tn-uptech-backend/src/infra/sequelize/models/index.ts:63:16)
    at Module._compile (node:internal/modules/cjs/loader:1191:14)
    at Module.m._compile (/Users/toannguyen/Documents/Source/tn-uptech-backend/node_modules/ts-node/src/index.ts:1618:23)
2023-04-06 23:20:43 error: uncaughtException: Naming collision between attribute 'category' and association 'category' on model posts. To remedy this, change either foreignKey or as in your association definition
Error: Naming collision between attribute 'category' and association 'category' on model posts. To remedy this, change either foreignKey or as in your association definition
    at Object.checkNamingCollision (/Users/toannguyen/Documents/Source/tn-uptech-backend/node_modules/sequelize/src/associations/helpers.js:5:11)
    at BelongsTo._injectAttributes (/Users/toannguyen/Documents/Source/tn-uptech-backend/node_modules/sequelize/src/associations/belongs-to.js:103:13)
    at Function.<anonymous> (/Users/toannguyen/Documents/Source/tn-uptech-backend/node_modules/sequelize/src/associations/mixin.js:108:17)
    at Function.Post.associate (/Users/toannguyen/Documents/Source/tn-uptech-backend/src/infra/sequelize/models/post.model.ts:87:14)
    at /Users/toannguyen/Documents/Source/tn-uptech-backend/src/infra/sequelize/models/index.ts:51:31
    at Array.forEach (<anonymous>)
    at createModels (/Users/toannguyen/Documents/Source/tn-uptech-backend/src/infra/sequelize/models/index.ts:49:25)
    at Object.<anonymous> (/Users/toannguyen/Documents/Source/tn-uptech-backend/src/infra/sequelize/models/index.ts:63:16)
    at Module._compile (node:internal/modules/cjs/loader:1191:14)
    at Module.m._compile (/Users/toannguyen/Documents/Source/tn-uptech-backend/node_modules/ts-node/src/index.ts:1618:23)
2023-04-06 23:20:52 error: uncaughtException: Naming collision between attribute 'category' and association 'category' on model posts. To remedy this, change either foreignKey or as in your association definition
Error: Naming collision between attribute 'category' and association 'category' on model posts. To remedy this, change either foreignKey or as in your association definition
    at Object.checkNamingCollision (/Users/toannguyen/Documents/Source/tn-uptech-backend/node_modules/sequelize/src/associations/helpers.js:5:11)
    at BelongsTo._injectAttributes (/Users/toannguyen/Documents/Source/tn-uptech-backend/node_modules/sequelize/src/associations/belongs-to.js:103:13)
    at Function.<anonymous> (/Users/toannguyen/Documents/Source/tn-uptech-backend/node_modules/sequelize/src/associations/mixin.js:108:17)
    at Function.Post.associate (/Users/toannguyen/Documents/Source/tn-uptech-backend/src/infra/sequelize/models/post.model.ts:102:14)
    at /Users/toannguyen/Documents/Source/tn-uptech-backend/src/infra/sequelize/models/index.ts:51:31
    at Array.forEach (<anonymous>)
    at createModels (/Users/toannguyen/Documents/Source/tn-uptech-backend/src/infra/sequelize/models/index.ts:49:25)
    at Object.<anonymous> (/Users/toannguyen/Documents/Source/tn-uptech-backend/src/infra/sequelize/models/index.ts:63:16)
    at Module._compile (node:internal/modules/cjs/loader:1191:14)
    at Module.m._compile (/Users/toannguyen/Documents/Source/tn-uptech-backend/node_modules/ts-node/src/index.ts:1618:23)
2023-04-06 23:21:45 error: uncaughtException: Naming collision between attribute 'category' and association 'category' on model posts. To remedy this, change either foreignKey or as in your association definition
Error: Naming collision between attribute 'category' and association 'category' on model posts. To remedy this, change either foreignKey or as in your association definition
    at Object.checkNamingCollision (/Users/toannguyen/Documents/Source/tn-uptech-backend/node_modules/sequelize/src/associations/helpers.js:5:11)
    at BelongsTo._injectAttributes (/Users/toannguyen/Documents/Source/tn-uptech-backend/node_modules/sequelize/src/associations/belongs-to.js:103:13)
    at Function.<anonymous> (/Users/toannguyen/Documents/Source/tn-uptech-backend/node_modules/sequelize/src/associations/mixin.js:108:17)
    at Function.Post.associate (/Users/toannguyen/Documents/Source/tn-uptech-backend/src/infra/sequelize/models/post.model.ts:102:14)
    at /Users/toannguyen/Documents/Source/tn-uptech-backend/src/infra/sequelize/models/index.ts:51:31
    at Array.forEach (<anonymous>)
    at createModels (/Users/toannguyen/Documents/Source/tn-uptech-backend/src/infra/sequelize/models/index.ts:49:25)
    at Object.<anonymous> (/Users/toannguyen/Documents/Source/tn-uptech-backend/src/infra/sequelize/models/index.ts:63:16)
    at Module._compile (node:internal/modules/cjs/loader:1191:14)
    at Module.m._compile (/Users/toannguyen/Documents/Source/tn-uptech-backend/node_modules/ts-node/src/index.ts:1618:23)
2023-04-06 23:23:20 error: {"name":"SequelizeDatabaseError","parent":{"code":"ER_NO_SUCH_TABLE","errno":1146,"sqlState":"42S02","sqlMessage":"Table 'tn-uptech-backend.categories' doesn't exist","sql":"SELECT count(`categories`.`id`) AS `count` FROM `categories` AS `categories` INNER JOIN `category_translation` AS `translations` ON `categories`.`id` = `translations`.`category_id` AND `translations`.`locale` = 'vi';"},"original":{"code":"ER_NO_SUCH_TABLE","errno":1146,"sqlState":"42S02","sqlMessage":"Table 'tn-uptech-backend.categories' doesn't exist","sql":"SELECT count(`categories`.`id`) AS `count` FROM `categories` AS `categories` INNER JOIN `category_translation` AS `translations` ON `categories`.`id` = `translations`.`category_id` AND `translations`.`locale` = 'vi';"},"sql":"SELECT count(`categories`.`id`) AS `count` FROM `categories` AS `categories` INNER JOIN `category_translation` AS `translations` ON `categories`.`id` = `translations`.`category_id` AND `translations`.`locale` = 'vi';","parameters":{}}
2023-04-06 23:23:23 error: {"name":"SequelizeDatabaseError","parent":{"code":"ER_NO_SUCH_TABLE","errno":1146,"sqlState":"42S02","sqlMessage":"Table 'tn-uptech-backend.categories' doesn't exist","sql":"SELECT count(`categories`.`id`) AS `count` FROM `categories` AS `categories` INNER JOIN `category_translation` AS `translations` ON `categories`.`id` = `translations`.`category_id` AND `translations`.`locale` = 'vi';"},"original":{"code":"ER_NO_SUCH_TABLE","errno":1146,"sqlState":"42S02","sqlMessage":"Table 'tn-uptech-backend.categories' doesn't exist","sql":"SELECT count(`categories`.`id`) AS `count` FROM `categories` AS `categories` INNER JOIN `category_translation` AS `translations` ON `categories`.`id` = `translations`.`category_id` AND `translations`.`locale` = 'vi';"},"sql":"SELECT count(`categories`.`id`) AS `count` FROM `categories` AS `categories` INNER JOIN `category_translation` AS `translations` ON `categories`.`id` = `translations`.`category_id` AND `translations`.`locale` = 'vi';","parameters":{}}
2023-04-06 23:24:11 error: {"name":"SequelizeDatabaseError","parent":{"code":"ER_NO_SUCH_TABLE","errno":1146,"sqlState":"42S02","sqlMessage":"Table 'tn-uptech-backend.categories' doesn't exist","sql":"SELECT count(`categories`.`id`) AS `count` FROM `categories` AS `categories` INNER JOIN `category_translation` AS `translations` ON `categories`.`id` = `translations`.`category_id` AND `translations`.`locale` = 'vi';"},"original":{"code":"ER_NO_SUCH_TABLE","errno":1146,"sqlState":"42S02","sqlMessage":"Table 'tn-uptech-backend.categories' doesn't exist","sql":"SELECT count(`categories`.`id`) AS `count` FROM `categories` AS `categories` INNER JOIN `category_translation` AS `translations` ON `categories`.`id` = `translations`.`category_id` AND `translations`.`locale` = 'vi';"},"sql":"SELECT count(`categories`.`id`) AS `count` FROM `categories` AS `categories` INNER JOIN `category_translation` AS `translations` ON `categories`.`id` = `translations`.`category_id` AND `translations`.`locale` = 'vi';","parameters":{}}
2023-04-06 23:25:31 error: {"name":"SequelizeDatabaseError","parent":{"code":"ER_NO_SUCH_TABLE","errno":1146,"sqlState":"42S02","sqlMessage":"Table 'tn-uptech-backend.categories' doesn't exist","sql":"SELECT count(`categories`.`id`) AS `count` FROM `categories` AS `categories` INNER JOIN `category_translation` AS `translations` ON `categories`.`id` = `translations`.`category_id` AND `translations`.`locale` = 'vi';"},"original":{"code":"ER_NO_SUCH_TABLE","errno":1146,"sqlState":"42S02","sqlMessage":"Table 'tn-uptech-backend.categories' doesn't exist","sql":"SELECT count(`categories`.`id`) AS `count` FROM `categories` AS `categories` INNER JOIN `category_translation` AS `translations` ON `categories`.`id` = `translations`.`category_id` AND `translations`.`locale` = 'vi';"},"sql":"SELECT count(`categories`.`id`) AS `count` FROM `categories` AS `categories` INNER JOIN `category_translation` AS `translations` ON `categories`.`id` = `translations`.`category_id` AND `translations`.`locale` = 'vi';","parameters":{}}
2023-04-06 23:25:40 error: {"name":"SequelizeDatabaseError","parent":{"code":"ER_NO_SUCH_TABLE","errno":1146,"sqlState":"42S02","sqlMessage":"Table 'tn-uptech-backend.categories' doesn't exist","sql":"SELECT `categories`.*, `translations`.`id` AS `translations.id`, `translations`.`slug` AS `translations.slug`, `translations`.`category_id` AS `translations.category_id`, `translations`.`locale` AS `translations.locale`, `translations`.`name` AS `translations.name`, `translations`.`description` AS `translations.description` FROM (SELECT `categories`.`id`, `categories`.`status`, `categories`.`type`, `categories`.`createdAt`, `categories`.`updatedAt` FROM `categories` AS `categories` WHERE ( SELECT `category_id` FROM `category_translation` AS `translations` WHERE (`translations`.`locale` = 'vi' AND `translations`.`category_id` = `categories`.`id`) LIMIT 1 ) IS NOT NULL LIMIT 0, 10) AS `categories` INNER JOIN `category_translation` AS `translations` ON `categories`.`id` = `translations`.`category_id` AND `translations`.`locale` = 'vi';"},"original":{"code":"ER_NO_SUCH_TABLE","errno":1146,"sqlState":"42S02","sqlMessage":"Table 'tn-uptech-backend.categories' doesn't exist","sql":"SELECT `categories`.*, `translations`.`id` AS `translations.id`, `translations`.`slug` AS `translations.slug`, `translations`.`category_id` AS `translations.category_id`, `translations`.`locale` AS `translations.locale`, `translations`.`name` AS `translations.name`, `translations`.`description` AS `translations.description` FROM (SELECT `categories`.`id`, `categories`.`status`, `categories`.`type`, `categories`.`createdAt`, `categories`.`updatedAt` FROM `categories` AS `categories` WHERE ( SELECT `category_id` FROM `category_translation` AS `translations` WHERE (`translations`.`locale` = 'vi' AND `translations`.`category_id` = `categories`.`id`) LIMIT 1 ) IS NOT NULL LIMIT 0, 10) AS `categories` INNER JOIN `category_translation` AS `translations` ON `categories`.`id` = `translations`.`category_id` AND `translations`.`locale` = 'vi';"},"sql":"SELECT `categories`.*, `translations`.`id` AS `translations.id`, `translations`.`slug` AS `translations.slug`, `translations`.`category_id` AS `translations.category_id`, `translations`.`locale` AS `translations.locale`, `translations`.`name` AS `translations.name`, `translations`.`description` AS `translations.description` FROM (SELECT `categories`.`id`, `categories`.`status`, `categories`.`type`, `categories`.`createdAt`, `categories`.`updatedAt` FROM `categories` AS `categories` WHERE ( SELECT `category_id` FROM `category_translation` AS `translations` WHERE (`translations`.`locale` = 'vi' AND `translations`.`category_id` = `categories`.`id`) LIMIT 1 ) IS NOT NULL LIMIT 0, 10) AS `categories` INNER JOIN `category_translation` AS `translations` ON `categories`.`id` = `translations`.`category_id` AND `translations`.`locale` = 'vi';","parameters":{}}
2023-04-06 23:25:57 error: {"name":"SequelizeDatabaseError","parent":{"code":"ER_NO_SUCH_TABLE","errno":1146,"sqlState":"42S02","sqlMessage":"Table 'tn-uptech-backend.categories' doesn't exist","sql":"SELECT count(`categories`.`id`) AS `count` FROM `categories` AS `categories` INNER JOIN `category_translation` AS `translations` ON `categories`.`id` = `translations`.`category_id` AND `translations`.`locale` = 'vi';"},"original":{"code":"ER_NO_SUCH_TABLE","errno":1146,"sqlState":"42S02","sqlMessage":"Table 'tn-uptech-backend.categories' doesn't exist","sql":"SELECT count(`categories`.`id`) AS `count` FROM `categories` AS `categories` INNER JOIN `category_translation` AS `translations` ON `categories`.`id` = `translations`.`category_id` AND `translations`.`locale` = 'vi';"},"sql":"SELECT count(`categories`.`id`) AS `count` FROM `categories` AS `categories` INNER JOIN `category_translation` AS `translations` ON `categories`.`id` = `translations`.`category_id` AND `translations`.`locale` = 'vi';","parameters":{}}
2023-04-06 23:27:00 error: {"name":"SequelizeDatabaseError","parent":{"code":"ER_NO_SUCH_TABLE","errno":1146,"sqlState":"42S02","sqlMessage":"Table 'tn-uptech-backend.categories' doesn't exist","sql":"SELECT `categories`.*, `translations`.`id` AS `translations.id`, `translations`.`slug` AS `translations.slug`, `translations`.`category_id` AS `translations.category_id`, `translations`.`locale` AS `translations.locale`, `translations`.`name` AS `translations.name`, `translations`.`description` AS `translations.description` FROM (SELECT `categories`.`id`, `categories`.`status`, `categories`.`type`, `categories`.`createdAt`, `categories`.`updatedAt` FROM `categories` AS `categories` WHERE ( SELECT `category_id` FROM `category_translation` AS `translations` WHERE (`translations`.`locale` = 'vi' AND `translations`.`category_id` = `categories`.`id`) LIMIT 1 ) IS NOT NULL LIMIT 0, 10) AS `categories` INNER JOIN `category_translation` AS `translations` ON `categories`.`id` = `translations`.`category_id` AND `translations`.`locale` = 'vi';"},"original":{"code":"ER_NO_SUCH_TABLE","errno":1146,"sqlState":"42S02","sqlMessage":"Table 'tn-uptech-backend.categories' doesn't exist","sql":"SELECT `categories`.*, `translations`.`id` AS `translations.id`, `translations`.`slug` AS `translations.slug`, `translations`.`category_id` AS `translations.category_id`, `translations`.`locale` AS `translations.locale`, `translations`.`name` AS `translations.name`, `translations`.`description` AS `translations.description` FROM (SELECT `categories`.`id`, `categories`.`status`, `categories`.`type`, `categories`.`createdAt`, `categories`.`updatedAt` FROM `categories` AS `categories` WHERE ( SELECT `category_id` FROM `category_translation` AS `translations` WHERE (`translations`.`locale` = 'vi' AND `translations`.`category_id` = `categories`.`id`) LIMIT 1 ) IS NOT NULL LIMIT 0, 10) AS `categories` INNER JOIN `category_translation` AS `translations` ON `categories`.`id` = `translations`.`category_id` AND `translations`.`locale` = 'vi';"},"sql":"SELECT `categories`.*, `translations`.`id` AS `translations.id`, `translations`.`slug` AS `translations.slug`, `translations`.`category_id` AS `translations.category_id`, `translations`.`locale` AS `translations.locale`, `translations`.`name` AS `translations.name`, `translations`.`description` AS `translations.description` FROM (SELECT `categories`.`id`, `categories`.`status`, `categories`.`type`, `categories`.`createdAt`, `categories`.`updatedAt` FROM `categories` AS `categories` WHERE ( SELECT `category_id` FROM `category_translation` AS `translations` WHERE (`translations`.`locale` = 'vi' AND `translations`.`category_id` = `categories`.`id`) LIMIT 1 ) IS NOT NULL LIMIT 0, 10) AS `categories` INNER JOIN `category_translation` AS `translations` ON `categories`.`id` = `translations`.`category_id` AND `translations`.`locale` = 'vi';","parameters":{}}
2023-04-06 23:27:26 error: {"name":"SequelizeDatabaseError","parent":{"code":"ER_NO_SUCH_TABLE","errno":1146,"sqlState":"42S02","sqlMessage":"Table 'tn-uptech-backend.categories' doesn't exist","sql":"SELECT count(`categories`.`id`) AS `count` FROM `categories` AS `categories` INNER JOIN `category_translation` AS `translations` ON `categories`.`id` = `translations`.`category_id` AND `translations`.`locale` = 'vi';"},"original":{"code":"ER_NO_SUCH_TABLE","errno":1146,"sqlState":"42S02","sqlMessage":"Table 'tn-uptech-backend.categories' doesn't exist","sql":"SELECT count(`categories`.`id`) AS `count` FROM `categories` AS `categories` INNER JOIN `category_translation` AS `translations` ON `categories`.`id` = `translations`.`category_id` AND `translations`.`locale` = 'vi';"},"sql":"SELECT count(`categories`.`id`) AS `count` FROM `categories` AS `categories` INNER JOIN `category_translation` AS `translations` ON `categories`.`id` = `translations`.`category_id` AND `translations`.`locale` = 'vi';","parameters":{}}
2023-04-06 23:27:31 error: {"name":"SequelizeDatabaseError","parent":{"code":"ER_NO_SUCH_TABLE","errno":1146,"sqlState":"42S02","sqlMessage":"Table 'tn-uptech-backend.categories' doesn't exist","sql":"SELECT `categories`.*, `translations`.`id` AS `translations.id`, `translations`.`slug` AS `translations.slug`, `translations`.`category_id` AS `translations.category_id`, `translations`.`locale` AS `translations.locale`, `translations`.`name` AS `translations.name`, `translations`.`description` AS `translations.description` FROM (SELECT `categories`.`id`, `categories`.`status`, `categories`.`type`, `categories`.`createdAt`, `categories`.`updatedAt` FROM `categories` AS `categories` WHERE ( SELECT `category_id` FROM `category_translation` AS `translations` WHERE (`translations`.`locale` = 'vi' AND `translations`.`category_id` = `categories`.`id`) LIMIT 1 ) IS NOT NULL LIMIT 0, 10) AS `categories` INNER JOIN `category_translation` AS `translations` ON `categories`.`id` = `translations`.`category_id` AND `translations`.`locale` = 'vi';"},"original":{"code":"ER_NO_SUCH_TABLE","errno":1146,"sqlState":"42S02","sqlMessage":"Table 'tn-uptech-backend.categories' doesn't exist","sql":"SELECT `categories`.*, `translations`.`id` AS `translations.id`, `translations`.`slug` AS `translations.slug`, `translations`.`category_id` AS `translations.category_id`, `translations`.`locale` AS `translations.locale`, `translations`.`name` AS `translations.name`, `translations`.`description` AS `translations.description` FROM (SELECT `categories`.`id`, `categories`.`status`, `categories`.`type`, `categories`.`createdAt`, `categories`.`updatedAt` FROM `categories` AS `categories` WHERE ( SELECT `category_id` FROM `category_translation` AS `translations` WHERE (`translations`.`locale` = 'vi' AND `translations`.`category_id` = `categories`.`id`) LIMIT 1 ) IS NOT NULL LIMIT 0, 10) AS `categories` INNER JOIN `category_translation` AS `translations` ON `categories`.`id` = `translations`.`category_id` AND `translations`.`locale` = 'vi';"},"sql":"SELECT `categories`.*, `translations`.`id` AS `translations.id`, `translations`.`slug` AS `translations.slug`, `translations`.`category_id` AS `translations.category_id`, `translations`.`locale` AS `translations.locale`, `translations`.`name` AS `translations.name`, `translations`.`description` AS `translations.description` FROM (SELECT `categories`.`id`, `categories`.`status`, `categories`.`type`, `categories`.`createdAt`, `categories`.`updatedAt` FROM `categories` AS `categories` WHERE ( SELECT `category_id` FROM `category_translation` AS `translations` WHERE (`translations`.`locale` = 'vi' AND `translations`.`category_id` = `categories`.`id`) LIMIT 1 ) IS NOT NULL LIMIT 0, 10) AS `categories` INNER JOIN `category_translation` AS `translations` ON `categories`.`id` = `translations`.`category_id` AND `translations`.`locale` = 'vi';","parameters":{}}
2023-04-06 23:27:55 error: {"name":"SequelizeDatabaseError","parent":{"code":"ER_NO_SUCH_TABLE","errno":1146,"sqlState":"42S02","sqlMessage":"Table 'tn-uptech-backend.categories' doesn't exist","sql":"SELECT `categories`.*, `translations`.`id` AS `translations.id`, `translations`.`slug` AS `translations.slug`, `translations`.`category_id` AS `translations.category_id`, `translations`.`locale` AS `translations.locale`, `translations`.`name` AS `translations.name`, `translations`.`description` AS `translations.description` FROM (SELECT `categories`.`id`, `categories`.`status`, `categories`.`type`, `categories`.`createdAt`, `categories`.`updatedAt` FROM `categories` AS `categories` WHERE ( SELECT `category_id` FROM `category_translation` AS `translations` WHERE (`translations`.`locale` = 'vi' AND `translations`.`category_id` = `categories`.`id`) LIMIT 1 ) IS NOT NULL LIMIT 0, 10) AS `categories` INNER JOIN `category_translation` AS `translations` ON `categories`.`id` = `translations`.`category_id` AND `translations`.`locale` = 'vi';"},"original":{"code":"ER_NO_SUCH_TABLE","errno":1146,"sqlState":"42S02","sqlMessage":"Table 'tn-uptech-backend.categories' doesn't exist","sql":"SELECT `categories`.*, `translations`.`id` AS `translations.id`, `translations`.`slug` AS `translations.slug`, `translations`.`category_id` AS `translations.category_id`, `translations`.`locale` AS `translations.locale`, `translations`.`name` AS `translations.name`, `translations`.`description` AS `translations.description` FROM (SELECT `categories`.`id`, `categories`.`status`, `categories`.`type`, `categories`.`createdAt`, `categories`.`updatedAt` FROM `categories` AS `categories` WHERE ( SELECT `category_id` FROM `category_translation` AS `translations` WHERE (`translations`.`locale` = 'vi' AND `translations`.`category_id` = `categories`.`id`) LIMIT 1 ) IS NOT NULL LIMIT 0, 10) AS `categories` INNER JOIN `category_translation` AS `translations` ON `categories`.`id` = `translations`.`category_id` AND `translations`.`locale` = 'vi';"},"sql":"SELECT `categories`.*, `translations`.`id` AS `translations.id`, `translations`.`slug` AS `translations.slug`, `translations`.`category_id` AS `translations.category_id`, `translations`.`locale` AS `translations.locale`, `translations`.`name` AS `translations.name`, `translations`.`description` AS `translations.description` FROM (SELECT `categories`.`id`, `categories`.`status`, `categories`.`type`, `categories`.`createdAt`, `categories`.`updatedAt` FROM `categories` AS `categories` WHERE ( SELECT `category_id` FROM `category_translation` AS `translations` WHERE (`translations`.`locale` = 'vi' AND `translations`.`category_id` = `categories`.`id`) LIMIT 1 ) IS NOT NULL LIMIT 0, 10) AS `categories` INNER JOIN `category_translation` AS `translations` ON `categories`.`id` = `translations`.`category_id` AND `translations`.`locale` = 'vi';","parameters":{}}
2023-04-06 23:28:05 error: {"name":"SequelizeDatabaseError","parent":{"code":"ER_NO_SUCH_TABLE","errno":1146,"sqlState":"42S02","sqlMessage":"Table 'tn-uptech-backend.categories' doesn't exist","sql":"SELECT count(`categories`.`id`) AS `count` FROM `categories` AS `categories` INNER JOIN `category_translation` AS `translations` ON `categories`.`id` = `translations`.`category_id` AND `translations`.`locale` = 'vi';"},"original":{"code":"ER_NO_SUCH_TABLE","errno":1146,"sqlState":"42S02","sqlMessage":"Table 'tn-uptech-backend.categories' doesn't exist","sql":"SELECT count(`categories`.`id`) AS `count` FROM `categories` AS `categories` INNER JOIN `category_translation` AS `translations` ON `categories`.`id` = `translations`.`category_id` AND `translations`.`locale` = 'vi';"},"sql":"SELECT count(`categories`.`id`) AS `count` FROM `categories` AS `categories` INNER JOIN `category_translation` AS `translations` ON `categories`.`id` = `translations`.`category_id` AND `translations`.`locale` = 'vi';","parameters":{}}
2023-04-06 23:28:20 error: {"name":"SequelizeDatabaseError","parent":{"code":"ER_NO_SUCH_TABLE","errno":1146,"sqlState":"42S02","sqlMessage":"Table 'tn-uptech-backend.categories' doesn't exist","sql":"SELECT count(`categories`.`id`) AS `count` FROM `categories` AS `categories` INNER JOIN `category_translation` AS `translations` ON `categories`.`id` = `translations`.`category_id` AND `translations`.`locale` = 'vi';"},"original":{"code":"ER_NO_SUCH_TABLE","errno":1146,"sqlState":"42S02","sqlMessage":"Table 'tn-uptech-backend.categories' doesn't exist","sql":"SELECT count(`categories`.`id`) AS `count` FROM `categories` AS `categories` INNER JOIN `category_translation` AS `translations` ON `categories`.`id` = `translations`.`category_id` AND `translations`.`locale` = 'vi';"},"sql":"SELECT count(`categories`.`id`) AS `count` FROM `categories` AS `categories` INNER JOIN `category_translation` AS `translations` ON `categories`.`id` = `translations`.`category_id` AND `translations`.`locale` = 'vi';","parameters":{}}
2023-04-06 23:28:22 error: {"name":"SequelizeDatabaseError","parent":{"code":"ER_NO_SUCH_TABLE","errno":1146,"sqlState":"42S02","sqlMessage":"Table 'tn-uptech-backend.categories' doesn't exist","sql":"SELECT count(`categories`.`id`) AS `count` FROM `categories` AS `categories` INNER JOIN `category_translation` AS `translations` ON `categories`.`id` = `translations`.`category_id` AND `translations`.`locale` = 'vi';"},"original":{"code":"ER_NO_SUCH_TABLE","errno":1146,"sqlState":"42S02","sqlMessage":"Table 'tn-uptech-backend.categories' doesn't exist","sql":"SELECT count(`categories`.`id`) AS `count` FROM `categories` AS `categories` INNER JOIN `category_translation` AS `translations` ON `categories`.`id` = `translations`.`category_id` AND `translations`.`locale` = 'vi';"},"sql":"SELECT count(`categories`.`id`) AS `count` FROM `categories` AS `categories` INNER JOIN `category_translation` AS `translations` ON `categories`.`id` = `translations`.`category_id` AND `translations`.`locale` = 'vi';","parameters":{}}
2023-04-06 23:28:38 error: {"name":"SequelizeDatabaseError","parent":{"code":"ER_NO_SUCH_TABLE","errno":1146,"sqlState":"42S02","sqlMessage":"Table 'tn-uptech-backend.categories' doesn't exist","sql":"SELECT count(`categories`.`id`) AS `count` FROM `categories` AS `categories` INNER JOIN `category_translation` AS `translations` ON `categories`.`id` = `translations`.`category_id` AND `translations`.`locale` = 'vi';"},"original":{"code":"ER_NO_SUCH_TABLE","errno":1146,"sqlState":"42S02","sqlMessage":"Table 'tn-uptech-backend.categories' doesn't exist","sql":"SELECT count(`categories`.`id`) AS `count` FROM `categories` AS `categories` INNER JOIN `category_translation` AS `translations` ON `categories`.`id` = `translations`.`category_id` AND `translations`.`locale` = 'vi';"},"sql":"SELECT count(`categories`.`id`) AS `count` FROM `categories` AS `categories` INNER JOIN `category_translation` AS `translations` ON `categories`.`id` = `translations`.`category_id` AND `translations`.`locale` = 'vi';","parameters":{}}
2023-04-06 23:28:42 error: {"name":"SequelizeDatabaseError","parent":{"code":"ER_NO_SUCH_TABLE","errno":1146,"sqlState":"42S02","sqlMessage":"Table 'tn-uptech-backend.categories' doesn't exist","sql":"SELECT `categories`.*, `translations`.`id` AS `translations.id`, `translations`.`slug` AS `translations.slug`, `translations`.`category_id` AS `translations.category_id`, `translations`.`locale` AS `translations.locale`, `translations`.`name` AS `translations.name`, `translations`.`description` AS `translations.description` FROM (SELECT `categories`.`id`, `categories`.`status`, `categories`.`type`, `categories`.`createdAt`, `categories`.`updatedAt` FROM `categories` AS `categories` WHERE ( SELECT `category_id` FROM `category_translation` AS `translations` WHERE (`translations`.`locale` = 'vi' AND `translations`.`category_id` = `categories`.`id`) LIMIT 1 ) IS NOT NULL LIMIT 0, 10) AS `categories` INNER JOIN `category_translation` AS `translations` ON `categories`.`id` = `translations`.`category_id` AND `translations`.`locale` = 'vi';"},"original":{"code":"ER_NO_SUCH_TABLE","errno":1146,"sqlState":"42S02","sqlMessage":"Table 'tn-uptech-backend.categories' doesn't exist","sql":"SELECT `categories`.*, `translations`.`id` AS `translations.id`, `translations`.`slug` AS `translations.slug`, `translations`.`category_id` AS `translations.category_id`, `translations`.`locale` AS `translations.locale`, `translations`.`name` AS `translations.name`, `translations`.`description` AS `translations.description` FROM (SELECT `categories`.`id`, `categories`.`status`, `categories`.`type`, `categories`.`createdAt`, `categories`.`updatedAt` FROM `categories` AS `categories` WHERE ( SELECT `category_id` FROM `category_translation` AS `translations` WHERE (`translations`.`locale` = 'vi' AND `translations`.`category_id` = `categories`.`id`) LIMIT 1 ) IS NOT NULL LIMIT 0, 10) AS `categories` INNER JOIN `category_translation` AS `translations` ON `categories`.`id` = `translations`.`category_id` AND `translations`.`locale` = 'vi';"},"sql":"SELECT `categories`.*, `translations`.`id` AS `translations.id`, `translations`.`slug` AS `translations.slug`, `translations`.`category_id` AS `translations.category_id`, `translations`.`locale` AS `translations.locale`, `translations`.`name` AS `translations.name`, `translations`.`description` AS `translations.description` FROM (SELECT `categories`.`id`, `categories`.`status`, `categories`.`type`, `categories`.`createdAt`, `categories`.`updatedAt` FROM `categories` AS `categories` WHERE ( SELECT `category_id` FROM `category_translation` AS `translations` WHERE (`translations`.`locale` = 'vi' AND `translations`.`category_id` = `categories`.`id`) LIMIT 1 ) IS NOT NULL LIMIT 0, 10) AS `categories` INNER JOIN `category_translation` AS `translations` ON `categories`.`id` = `translations`.`category_id` AND `translations`.`locale` = 'vi';","parameters":{}}
2023-04-06 23:28:55 error: {"name":"SequelizeDatabaseError","parent":{"code":"ER_NO_SUCH_TABLE","errno":1146,"sqlState":"42S02","sqlMessage":"Table 'tn-uptech-backend.categories' doesn't exist","sql":"SELECT count(`categories`.`id`) AS `count` FROM `categories` AS `categories` INNER JOIN `category_translation` AS `translations` ON `categories`.`id` = `translations`.`category_id` AND `translations`.`locale` = 'vi';"},"original":{"code":"ER_NO_SUCH_TABLE","errno":1146,"sqlState":"42S02","sqlMessage":"Table 'tn-uptech-backend.categories' doesn't exist","sql":"SELECT count(`categories`.`id`) AS `count` FROM `categories` AS `categories` INNER JOIN `category_translation` AS `translations` ON `categories`.`id` = `translations`.`category_id` AND `translations`.`locale` = 'vi';"},"sql":"SELECT count(`categories`.`id`) AS `count` FROM `categories` AS `categories` INNER JOIN `category_translation` AS `translations` ON `categories`.`id` = `translations`.`category_id` AND `translations`.`locale` = 'vi';","parameters":{}}
2023-04-06 23:54:11 error: uncaughtException: Naming collision between attribute 'ceo' and association 'ceo' on model posts. To remedy this, change either foreignKey or as in your association definition
Error: Naming collision between attribute 'ceo' and association 'ceo' on model posts. To remedy this, change either foreignKey or as in your association definition
    at Object.checkNamingCollision (/Users/toannguyen/Documents/Source/tn-uptech-backend/node_modules/sequelize/src/associations/helpers.js:5:11)
    at BelongsTo._injectAttributes (/Users/toannguyen/Documents/Source/tn-uptech-backend/node_modules/sequelize/src/associations/belongs-to.js:103:13)
    at Function.<anonymous> (/Users/toannguyen/Documents/Source/tn-uptech-backend/node_modules/sequelize/src/associations/mixin.js:108:17)
    at Function.Post.associate (/Users/toannguyen/Documents/Source/tn-uptech-backend/src/infra/sequelize/models/post.model.ts:101:14)
    at /Users/toannguyen/Documents/Source/tn-uptech-backend/src/infra/sequelize/models/index.ts:51:31
    at Array.forEach (<anonymous>)
    at createModels (/Users/toannguyen/Documents/Source/tn-uptech-backend/src/infra/sequelize/models/index.ts:49:25)
    at Object.<anonymous> (/Users/toannguyen/Documents/Source/tn-uptech-backend/src/infra/sequelize/models/index.ts:63:16)
    at Module._compile (node:internal/modules/cjs/loader:1191:14)
    at Module.m._compile (/Users/toannguyen/Documents/Source/tn-uptech-backend/node_modules/ts-node/src/index.ts:1618:23)
2023-04-06 23:56:20 error: uncaughtException: Naming collision between attribute 'ceo' and association 'ceo' on model posts. To remedy this, change either foreignKey or as in your association definition
Error: Naming collision between attribute 'ceo' and association 'ceo' on model posts. To remedy this, change either foreignKey or as in your association definition
    at Object.checkNamingCollision (/Users/toannguyen/Documents/Source/tn-uptech-backend/node_modules/sequelize/src/associations/helpers.js:5:11)
    at BelongsTo._injectAttributes (/Users/toannguyen/Documents/Source/tn-uptech-backend/node_modules/sequelize/src/associations/belongs-to.js:103:13)
    at Function.<anonymous> (/Users/toannguyen/Documents/Source/tn-uptech-backend/node_modules/sequelize/src/associations/mixin.js:108:17)
    at Function.Post.associate (/Users/toannguyen/Documents/Source/tn-uptech-backend/src/infra/sequelize/models/post.model.ts:101:14)
    at /Users/toannguyen/Documents/Source/tn-uptech-backend/src/infra/sequelize/models/index.ts:51:31
    at Array.forEach (<anonymous>)
    at createModels (/Users/toannguyen/Documents/Source/tn-uptech-backend/src/infra/sequelize/models/index.ts:49:25)
    at Object.<anonymous> (/Users/toannguyen/Documents/Source/tn-uptech-backend/src/infra/sequelize/models/index.ts:63:16)
    at Module._compile (node:internal/modules/cjs/loader:1191:14)
    at Module.m._compile (/Users/toannguyen/Documents/Source/tn-uptech-backend/node_modules/ts-node/src/index.ts:1618:23)
2023-04-06 23:56:48 error: uncaughtException: Naming collision between attribute 'ceo' and association 'ceo' on model posts. To remedy this, change either foreignKey or as in your association definition
Error: Naming collision between attribute 'ceo' and association 'ceo' on model posts. To remedy this, change either foreignKey or as in your association definition
    at Object.checkNamingCollision (/Users/toannguyen/Documents/Source/tn-uptech-backend/node_modules/sequelize/src/associations/helpers.js:5:11)
    at BelongsTo._injectAttributes (/Users/toannguyen/Documents/Source/tn-uptech-backend/node_modules/sequelize/src/associations/belongs-to.js:103:13)
    at Function.<anonymous> (/Users/toannguyen/Documents/Source/tn-uptech-backend/node_modules/sequelize/src/associations/mixin.js:108:17)
    at Function.Post.associate (/Users/toannguyen/Documents/Source/tn-uptech-backend/src/infra/sequelize/models/post.model.ts:101:14)
    at /Users/toannguyen/Documents/Source/tn-uptech-backend/src/infra/sequelize/models/index.ts:51:31
    at Array.forEach (<anonymous>)
    at createModels (/Users/toannguyen/Documents/Source/tn-uptech-backend/src/infra/sequelize/models/index.ts:49:25)
    at Object.<anonymous> (/Users/toannguyen/Documents/Source/tn-uptech-backend/src/infra/sequelize/models/index.ts:63:16)
    at Module._compile (node:internal/modules/cjs/loader:1191:14)
    at Module.m._compile (/Users/toannguyen/Documents/Source/tn-uptech-backend/node_modules/ts-node/src/index.ts:1618:23)
2023-04-06 23:57:24 error: uncaughtException: Naming collision between attribute 'ceo' and association 'ceo' on model posts. To remedy this, change either foreignKey or as in your association definition
Error: Naming collision between attribute 'ceo' and association 'ceo' on model posts. To remedy this, change either foreignKey or as in your association definition
    at Object.checkNamingCollision (/Users/toannguyen/Documents/Source/tn-uptech-backend/node_modules/sequelize/src/associations/helpers.js:5:11)
    at BelongsTo._injectAttributes (/Users/toannguyen/Documents/Source/tn-uptech-backend/node_modules/sequelize/src/associations/belongs-to.js:103:13)
    at Function.<anonymous> (/Users/toannguyen/Documents/Source/tn-uptech-backend/node_modules/sequelize/src/associations/mixin.js:108:17)
    at Function.Post.associate (/Users/toannguyen/Documents/Source/tn-uptech-backend/src/infra/sequelize/models/post.model.ts:101:14)
    at /Users/toannguyen/Documents/Source/tn-uptech-backend/src/infra/sequelize/models/index.ts:51:31
    at Array.forEach (<anonymous>)
    at createModels (/Users/toannguyen/Documents/Source/tn-uptech-backend/src/infra/sequelize/models/index.ts:49:25)
    at Object.<anonymous> (/Users/toannguyen/Documents/Source/tn-uptech-backend/src/infra/sequelize/models/index.ts:63:16)
    at Module._compile (node:internal/modules/cjs/loader:1191:14)
    at Module.m._compile (/Users/toannguyen/Documents/Source/tn-uptech-backend/node_modules/ts-node/src/index.ts:1618:23)
