2023-06-09 01:22:42 error: uncaughtException: тип Unable to compile TypeScript:
[96msrc/infra/sequelize/models/categoryTranslation.model.ts[0m:[93m59[0m:[93m5[0m - [91merror[0m[90m TS2304: [0mCannot find name 'PostTranslation'.

[7m59[0m     PostTranslation.beforeSave(async (post, options) => {
[7m  [0m [91m    ~~~~~~~~~~~~~~~[0m

TSError: тип Unable to compile TypeScript:
[96msrc/infra/sequelize/models/categoryTranslation.model.ts[0m:[93m59[0m:[93m5[0m - [91merror[0m[90m TS2304: [0mCannot find name 'PostTranslation'.

[7m59[0m     PostTranslation.beforeSave(async (post, options) => {
[7m  [0m [91m    ~~~~~~~~~~~~~~~[0m

    at createTSError (/Users/toannguyen/Documents/tn-uptech-backend/node_modules/ts-node/src/index.ts:859:12)
    at reportTSError (/Users/toannguyen/Documents/tn-uptech-backend/node_modules/ts-node/src/index.ts:863:19)
    at getOutput (/Users/toannguyen/Documents/tn-uptech-backend/node_modules/ts-node/src/index.ts:1077:36)
    at Object.compile (/Users/toannguyen/Documents/tn-uptech-backend/node_modules/ts-node/src/index.ts:1433:41)
    at Module.m._compile (/Users/toannguyen/Documents/tn-uptech-backend/node_modules/ts-node/src/index.ts:1617:30)
    at Module._extensions..js (node:internal/modules/cjs/loader:1250:10)
    at Object.require.extensions.<computed> [as .ts] (/Users/toannguyen/Documents/tn-uptech-backend/node_modules/ts-node/src/index.ts:1621:12)
    at Module.load (node:internal/modules/cjs/loader:1074:32)
    at Function.Module._load (node:internal/modules/cjs/loader:909:12)
    at Module.require (node:internal/modules/cjs/loader:1098:19)
