2023-04-19 00:18:15 error: uncaughtException: banners.hasMany called with something that's not a subclass of Sequelize.Model
Error: banners.hasMany called with something that's not a subclass of Sequelize.Model
    at Function.hasMany (/Users/toannguyen/Documents/Source/tn-uptech-backend/node_modules/sequelize/src/associations/mixin.js:18:13)
    at Function.Banner.associate (/Users/toannguyen/Documents/Source/tn-uptech-backend/src/infra/sequelize/models/banner.model.ts:61:16)
    at /Users/toannguyen/Documents/Source/tn-uptech-backend/src/infra/sequelize/models/index.ts:51:31
    at Array.forEach (<anonymous>)
    at createModels (/Users/toannguyen/Documents/Source/tn-uptech-backend/src/infra/sequelize/models/index.ts:49:25)
    at Object.<anonymous> (/Users/toannguyen/Documents/Source/tn-uptech-backend/src/infra/sequelize/models/index.ts:63:16)
    at Module._compile (node:internal/modules/cjs/loader:1191:14)
    at Module.m._compile (/Users/toannguyen/Documents/Source/tn-uptech-backend/node_modules/ts-node/src/index.ts:1618:23)
    at Module._extensions..js (node:internal/modules/cjs/loader:1245:10)
    at Object.require.extensions.<computed> [as .ts] (/Users/toannguyen/Documents/Source/tn-uptech-backend/node_modules/ts-node/src/index.ts:1621:12)
2023-04-19 00:18:28 error: uncaughtException: banners.hasMany called with something that's not a subclass of Sequelize.Model
Error: banners.hasMany called with something that's not a subclass of Sequelize.Model
    at Function.hasMany (/Users/toannguyen/Documents/Source/tn-uptech-backend/node_modules/sequelize/src/associations/mixin.js:18:13)
    at Function.Banner.associate (/Users/toannguyen/Documents/Source/tn-uptech-backend/src/infra/sequelize/models/banner.model.ts:61:16)
    at /Users/toannguyen/Documents/Source/tn-uptech-backend/src/infra/sequelize/models/index.ts:51:31
    at Array.forEach (<anonymous>)
    at createModels (/Users/toannguyen/Documents/Source/tn-uptech-backend/src/infra/sequelize/models/index.ts:49:25)
    at Object.<anonymous> (/Users/toannguyen/Documents/Source/tn-uptech-backend/src/infra/sequelize/models/index.ts:63:16)
    at Module._compile (node:internal/modules/cjs/loader:1191:14)
    at Module.m._compile (/Users/toannguyen/Documents/Source/tn-uptech-backend/node_modules/ts-node/src/index.ts:1618:23)
    at Module._extensions..js (node:internal/modules/cjs/loader:1245:10)
    at Object.require.extensions.<computed> [as .ts] (/Users/toannguyen/Documents/Source/tn-uptech-backend/node_modules/ts-node/src/index.ts:1621:12)
2023-04-19 00:18:48 error: uncaughtException: banners.hasMany called with something that's not a subclass of Sequelize.Model
Error: banners.hasMany called with something that's not a subclass of Sequelize.Model
    at Function.hasMany (/Users/toannguyen/Documents/Source/tn-uptech-backend/node_modules/sequelize/src/associations/mixin.js:18:13)
    at Function.Banner.associate (/Users/toannguyen/Documents/Source/tn-uptech-backend/src/infra/sequelize/models/banner.model.ts:61:16)
    at /Users/toannguyen/Documents/Source/tn-uptech-backend/src/infra/sequelize/models/index.ts:51:31
    at Array.forEach (<anonymous>)
    at createModels (/Users/toannguyen/Documents/Source/tn-uptech-backend/src/infra/sequelize/models/index.ts:49:25)
    at Object.<anonymous> (/Users/toannguyen/Documents/Source/tn-uptech-backend/src/infra/sequelize/models/index.ts:63:16)
    at Module._compile (node:internal/modules/cjs/loader:1191:14)
    at Module.m._compile (/Users/toannguyen/Documents/Source/tn-uptech-backend/node_modules/ts-node/src/index.ts:1618:23)
    at Module._extensions..js (node:internal/modules/cjs/loader:1245:10)
    at Object.require.extensions.<computed> [as .ts] (/Users/toannguyen/Documents/Source/tn-uptech-backend/node_modules/ts-node/src/index.ts:1621:12)
2023-04-19 00:18:59 error: uncaughtException: banners.hasMany called with something that's not a subclass of Sequelize.Model
Error: banners.hasMany called with something that's not a subclass of Sequelize.Model
    at Function.hasMany (/Users/toannguyen/Documents/Source/tn-uptech-backend/node_modules/sequelize/src/associations/mixin.js:18:13)
    at Function.Banner.associate (/Users/toannguyen/Documents/Source/tn-uptech-backend/src/infra/sequelize/models/banner.model.ts:61:16)
    at /Users/toannguyen/Documents/Source/tn-uptech-backend/src/infra/sequelize/models/index.ts:51:31
    at Array.forEach (<anonymous>)
    at createModels (/Users/toannguyen/Documents/Source/tn-uptech-backend/src/infra/sequelize/models/index.ts:49:25)
    at Object.<anonymous> (/Users/toannguyen/Documents/Source/tn-uptech-backend/src/infra/sequelize/models/index.ts:63:16)
    at Module._compile (node:internal/modules/cjs/loader:1191:14)
    at Module.m._compile (/Users/toannguyen/Documents/Source/tn-uptech-backend/node_modules/ts-node/src/index.ts:1618:23)
    at Module._extensions..js (node:internal/modules/cjs/loader:1245:10)
    at Object.require.extensions.<computed> [as .ts] (/Users/toannguyen/Documents/Source/tn-uptech-backend/node_modules/ts-node/src/index.ts:1621:12)
2023-04-19 00:19:12 error: uncaughtException: banners.hasMany called with something that's not a subclass of Sequelize.Model
Error: banners.hasMany called with something that's not a subclass of Sequelize.Model
    at Function.hasMany (/Users/toannguyen/Documents/Source/tn-uptech-backend/node_modules/sequelize/src/associations/mixin.js:18:13)
    at Function.Banner.associate (/Users/toannguyen/Documents/Source/tn-uptech-backend/src/infra/sequelize/models/banner.model.ts:61:16)
    at /Users/toannguyen/Documents/Source/tn-uptech-backend/src/infra/sequelize/models/index.ts:51:31
    at Array.forEach (<anonymous>)
    at createModels (/Users/toannguyen/Documents/Source/tn-uptech-backend/src/infra/sequelize/models/index.ts:49:25)
    at Object.<anonymous> (/Users/toannguyen/Documents/Source/tn-uptech-backend/src/infra/sequelize/models/index.ts:63:16)
    at Module._compile (node:internal/modules/cjs/loader:1191:14)
    at Module.m._compile (/Users/toannguyen/Documents/Source/tn-uptech-backend/node_modules/ts-node/src/index.ts:1618:23)
    at Module._extensions..js (node:internal/modules/cjs/loader:1245:10)
    at Object.require.extensions.<computed> [as .ts] (/Users/toannguyen/Documents/Source/tn-uptech-backend/node_modules/ts-node/src/index.ts:1621:12)
2023-04-19 00:19:26 error: uncaughtException: banners.hasMany called with something that's not a subclass of Sequelize.Model
Error: banners.hasMany called with something that's not a subclass of Sequelize.Model
    at Function.hasMany (/Users/toannguyen/Documents/Source/tn-uptech-backend/node_modules/sequelize/src/associations/mixin.js:18:13)
    at Function.Banner.associate (/Users/toannguyen/Documents/Source/tn-uptech-backend/src/infra/sequelize/models/banner.model.ts:61:16)
    at /Users/toannguyen/Documents/Source/tn-uptech-backend/src/infra/sequelize/models/index.ts:51:31
    at Array.forEach (<anonymous>)
    at createModels (/Users/toannguyen/Documents/Source/tn-uptech-backend/src/infra/sequelize/models/index.ts:49:25)
    at Object.<anonymous> (/Users/toannguyen/Documents/Source/tn-uptech-backend/src/infra/sequelize/models/index.ts:63:16)
    at Module._compile (node:internal/modules/cjs/loader:1191:14)
    at Module.m._compile (/Users/toannguyen/Documents/Source/tn-uptech-backend/node_modules/ts-node/src/index.ts:1618:23)
    at Module._extensions..js (node:internal/modules/cjs/loader:1245:10)
    at Object.require.extensions.<computed> [as .ts] (/Users/toannguyen/Documents/Source/tn-uptech-backend/node_modules/ts-node/src/index.ts:1621:12)
2023-04-19 00:19:48 error: uncaughtException: banners.hasMany called with something that's not a subclass of Sequelize.Model
Error: banners.hasMany called with something that's not a subclass of Sequelize.Model
    at Function.hasMany (/Users/toannguyen/Documents/Source/tn-uptech-backend/node_modules/sequelize/src/associations/mixin.js:18:13)
    at Function.Banner.associate (/Users/toannguyen/Documents/Source/tn-uptech-backend/src/infra/sequelize/models/banner.model.ts:61:16)
    at /Users/toannguyen/Documents/Source/tn-uptech-backend/src/infra/sequelize/models/index.ts:51:31
    at Array.forEach (<anonymous>)
    at createModels (/Users/toannguyen/Documents/Source/tn-uptech-backend/src/infra/sequelize/models/index.ts:49:25)
    at Object.<anonymous> (/Users/toannguyen/Documents/Source/tn-uptech-backend/src/infra/sequelize/models/index.ts:63:16)
    at Module._compile (node:internal/modules/cjs/loader:1191:14)
    at Module.m._compile (/Users/toannguyen/Documents/Source/tn-uptech-backend/node_modules/ts-node/src/index.ts:1618:23)
    at Module._extensions..js (node:internal/modules/cjs/loader:1245:10)
    at Object.require.extensions.<computed> [as .ts] (/Users/toannguyen/Documents/Source/tn-uptech-backend/node_modules/ts-node/src/index.ts:1621:12)
2023-04-19 00:19:56 error: uncaughtException: banners.hasMany called with something that's not a subclass of Sequelize.Model
Error: banners.hasMany called with something that's not a subclass of Sequelize.Model
    at Function.hasMany (/Users/toannguyen/Documents/Source/tn-uptech-backend/node_modules/sequelize/src/associations/mixin.js:18:13)
    at Function.Banner.associate (/Users/toannguyen/Documents/Source/tn-uptech-backend/src/infra/sequelize/models/banner.model.ts:61:16)
    at /Users/toannguyen/Documents/Source/tn-uptech-backend/src/infra/sequelize/models/index.ts:51:31
    at Array.forEach (<anonymous>)
    at createModels (/Users/toannguyen/Documents/Source/tn-uptech-backend/src/infra/sequelize/models/index.ts:49:25)
    at Object.<anonymous> (/Users/toannguyen/Documents/Source/tn-uptech-backend/src/infra/sequelize/models/index.ts:63:16)
    at Module._compile (node:internal/modules/cjs/loader:1191:14)
    at Module.m._compile (/Users/toannguyen/Documents/Source/tn-uptech-backend/node_modules/ts-node/src/index.ts:1618:23)
    at Module._extensions..js (node:internal/modules/cjs/loader:1245:10)
    at Object.require.extensions.<computed> [as .ts] (/Users/toannguyen/Documents/Source/tn-uptech-backend/node_modules/ts-node/src/index.ts:1621:12)
2023-04-19 00:20:08 error: uncaughtException: banners.hasMany called with something that's not a subclass of Sequelize.Model
Error: banners.hasMany called with something that's not a subclass of Sequelize.Model
    at Function.hasMany (/Users/toannguyen/Documents/Source/tn-uptech-backend/node_modules/sequelize/src/associations/mixin.js:18:13)
    at Function.Banner.associate (/Users/toannguyen/Documents/Source/tn-uptech-backend/src/infra/sequelize/models/banner.model.ts:61:16)
    at /Users/toannguyen/Documents/Source/tn-uptech-backend/src/infra/sequelize/models/index.ts:51:31
    at Array.forEach (<anonymous>)
    at createModels (/Users/toannguyen/Documents/Source/tn-uptech-backend/src/infra/sequelize/models/index.ts:49:25)
    at Object.<anonymous> (/Users/toannguyen/Documents/Source/tn-uptech-backend/src/infra/sequelize/models/index.ts:63:16)
    at Module._compile (node:internal/modules/cjs/loader:1191:14)
    at Module.m._compile (/Users/toannguyen/Documents/Source/tn-uptech-backend/node_modules/ts-node/src/index.ts:1618:23)
    at Module._extensions..js (node:internal/modules/cjs/loader:1245:10)
    at Object.require.extensions.<computed> [as .ts] (/Users/toannguyen/Documents/Source/tn-uptech-backend/node_modules/ts-node/src/index.ts:1621:12)
2023-04-19 00:20:27 error: uncaughtException: banners.hasMany called with something that's not a subclass of Sequelize.Model
Error: banners.hasMany called with something that's not a subclass of Sequelize.Model
    at Function.hasMany (/Users/toannguyen/Documents/Source/tn-uptech-backend/node_modules/sequelize/src/associations/mixin.js:18:13)
    at Function.Banner.associate (/Users/toannguyen/Documents/Source/tn-uptech-backend/src/infra/sequelize/models/banner.model.ts:61:16)
    at /Users/toannguyen/Documents/Source/tn-uptech-backend/src/infra/sequelize/models/index.ts:51:31
    at Array.forEach (<anonymous>)
    at createModels (/Users/toannguyen/Documents/Source/tn-uptech-backend/src/infra/sequelize/models/index.ts:49:25)
    at Object.<anonymous> (/Users/toannguyen/Documents/Source/tn-uptech-backend/src/infra/sequelize/models/index.ts:63:16)
    at Module._compile (node:internal/modules/cjs/loader:1191:14)
    at Module.m._compile (/Users/toannguyen/Documents/Source/tn-uptech-backend/node_modules/ts-node/src/index.ts:1618:23)
    at Module._extensions..js (node:internal/modules/cjs/loader:1245:10)
    at Object.require.extensions.<computed> [as .ts] (/Users/toannguyen/Documents/Source/tn-uptech-backend/node_modules/ts-node/src/index.ts:1621:12)
2023-04-19 00:20:43 error: uncaughtException: banners.hasMany called with something that's not a subclass of Sequelize.Model
Error: banners.hasMany called with something that's not a subclass of Sequelize.Model
    at Function.hasMany (/Users/toannguyen/Documents/Source/tn-uptech-backend/node_modules/sequelize/src/associations/mixin.js:18:13)
    at Function.Banner.associate (/Users/toannguyen/Documents/Source/tn-uptech-backend/src/infra/sequelize/models/banner.model.ts:61:16)
    at /Users/toannguyen/Documents/Source/tn-uptech-backend/src/infra/sequelize/models/index.ts:51:31
    at Array.forEach (<anonymous>)
    at createModels (/Users/toannguyen/Documents/Source/tn-uptech-backend/src/infra/sequelize/models/index.ts:49:25)
    at Object.<anonymous> (/Users/toannguyen/Documents/Source/tn-uptech-backend/src/infra/sequelize/models/index.ts:63:16)
    at Module._compile (node:internal/modules/cjs/loader:1191:14)
    at Module.m._compile (/Users/toannguyen/Documents/Source/tn-uptech-backend/node_modules/ts-node/src/index.ts:1618:23)
    at Module._extensions..js (node:internal/modules/cjs/loader:1245:10)
    at Object.require.extensions.<computed> [as .ts] (/Users/toannguyen/Documents/Source/tn-uptech-backend/node_modules/ts-node/src/index.ts:1621:12)
2023-04-19 00:21:03 error: uncaughtException: banners.hasMany called with something that's not a subclass of Sequelize.Model
Error: banners.hasMany called with something that's not a subclass of Sequelize.Model
    at Function.hasMany (/Users/toannguyen/Documents/Source/tn-uptech-backend/node_modules/sequelize/src/associations/mixin.js:18:13)
    at Function.Banner.associate (/Users/toannguyen/Documents/Source/tn-uptech-backend/src/infra/sequelize/models/banner.model.ts:61:16)
    at /Users/toannguyen/Documents/Source/tn-uptech-backend/src/infra/sequelize/models/index.ts:51:31
    at Array.forEach (<anonymous>)
    at createModels (/Users/toannguyen/Documents/Source/tn-uptech-backend/src/infra/sequelize/models/index.ts:49:25)
    at Object.<anonymous> (/Users/toannguyen/Documents/Source/tn-uptech-backend/src/infra/sequelize/models/index.ts:63:16)
    at Module._compile (node:internal/modules/cjs/loader:1191:14)
    at Module.m._compile (/Users/toannguyen/Documents/Source/tn-uptech-backend/node_modules/ts-node/src/index.ts:1618:23)
    at Module._extensions..js (node:internal/modules/cjs/loader:1245:10)
    at Object.require.extensions.<computed> [as .ts] (/Users/toannguyen/Documents/Source/tn-uptech-backend/node_modules/ts-node/src/index.ts:1621:12)
2023-04-19 00:21:11 error: uncaughtException: banners.hasMany called with something that's not a subclass of Sequelize.Model
Error: banners.hasMany called with something that's not a subclass of Sequelize.Model
    at Function.hasMany (/Users/toannguyen/Documents/Source/tn-uptech-backend/node_modules/sequelize/src/associations/mixin.js:18:13)
    at Function.Banner.associate (/Users/toannguyen/Documents/Source/tn-uptech-backend/src/infra/sequelize/models/banner.model.ts:61:16)
    at /Users/toannguyen/Documents/Source/tn-uptech-backend/src/infra/sequelize/models/index.ts:51:31
    at Array.forEach (<anonymous>)
    at createModels (/Users/toannguyen/Documents/Source/tn-uptech-backend/src/infra/sequelize/models/index.ts:49:25)
    at Object.<anonymous> (/Users/toannguyen/Documents/Source/tn-uptech-backend/src/infra/sequelize/models/index.ts:63:16)
    at Module._compile (node:internal/modules/cjs/loader:1191:14)
    at Module.m._compile (/Users/toannguyen/Documents/Source/tn-uptech-backend/node_modules/ts-node/src/index.ts:1618:23)
    at Module._extensions..js (node:internal/modules/cjs/loader:1245:10)
    at Object.require.extensions.<computed> [as .ts] (/Users/toannguyen/Documents/Source/tn-uptech-backend/node_modules/ts-node/src/index.ts:1621:12)
2023-04-19 00:21:19 error: uncaughtException: banners.hasMany called with something that's not a subclass of Sequelize.Model
Error: banners.hasMany called with something that's not a subclass of Sequelize.Model
    at Function.hasMany (/Users/toannguyen/Documents/Source/tn-uptech-backend/node_modules/sequelize/src/associations/mixin.js:18:13)
    at Function.Banner.associate (/Users/toannguyen/Documents/Source/tn-uptech-backend/src/infra/sequelize/models/banner.model.ts:61:16)
    at /Users/toannguyen/Documents/Source/tn-uptech-backend/src/infra/sequelize/models/index.ts:51:31
    at Array.forEach (<anonymous>)
    at createModels (/Users/toannguyen/Documents/Source/tn-uptech-backend/src/infra/sequelize/models/index.ts:49:25)
    at Object.<anonymous> (/Users/toannguyen/Documents/Source/tn-uptech-backend/src/infra/sequelize/models/index.ts:63:16)
    at Module._compile (node:internal/modules/cjs/loader:1191:14)
    at Module.m._compile (/Users/toannguyen/Documents/Source/tn-uptech-backend/node_modules/ts-node/src/index.ts:1618:23)
    at Module._extensions..js (node:internal/modules/cjs/loader:1245:10)
    at Object.require.extensions.<computed> [as .ts] (/Users/toannguyen/Documents/Source/tn-uptech-backend/node_modules/ts-node/src/index.ts:1621:12)
2023-04-19 00:21:25 error: uncaughtException: banners.hasMany called with something that's not a subclass of Sequelize.Model
Error: banners.hasMany called with something that's not a subclass of Sequelize.Model
    at Function.hasMany (/Users/toannguyen/Documents/Source/tn-uptech-backend/node_modules/sequelize/src/associations/mixin.js:18:13)
    at Function.Banner.associate (/Users/toannguyen/Documents/Source/tn-uptech-backend/src/infra/sequelize/models/banner.model.ts:61:16)
    at /Users/toannguyen/Documents/Source/tn-uptech-backend/src/infra/sequelize/models/index.ts:51:31
    at Array.forEach (<anonymous>)
    at createModels (/Users/toannguyen/Documents/Source/tn-uptech-backend/src/infra/sequelize/models/index.ts:49:25)
    at Object.<anonymous> (/Users/toannguyen/Documents/Source/tn-uptech-backend/src/infra/sequelize/models/index.ts:63:16)
    at Module._compile (node:internal/modules/cjs/loader:1191:14)
    at Module.m._compile (/Users/toannguyen/Documents/Source/tn-uptech-backend/node_modules/ts-node/src/index.ts:1618:23)
    at Module._extensions..js (node:internal/modules/cjs/loader:1245:10)
    at Object.require.extensions.<computed> [as .ts] (/Users/toannguyen/Documents/Source/tn-uptech-backend/node_modules/ts-node/src/index.ts:1621:12)
2023-04-19 00:21:32 error: uncaughtException: banners.hasMany called with something that's not a subclass of Sequelize.Model
Error: banners.hasMany called with something that's not a subclass of Sequelize.Model
    at Function.hasMany (/Users/toannguyen/Documents/Source/tn-uptech-backend/node_modules/sequelize/src/associations/mixin.js:18:13)
    at Function.Banner.associate (/Users/toannguyen/Documents/Source/tn-uptech-backend/src/infra/sequelize/models/banner.model.ts:61:16)
    at /Users/toannguyen/Documents/Source/tn-uptech-backend/src/infra/sequelize/models/index.ts:51:31
    at Array.forEach (<anonymous>)
    at createModels (/Users/toannguyen/Documents/Source/tn-uptech-backend/src/infra/sequelize/models/index.ts:49:25)
    at Object.<anonymous> (/Users/toannguyen/Documents/Source/tn-uptech-backend/src/infra/sequelize/models/index.ts:63:16)
    at Module._compile (node:internal/modules/cjs/loader:1191:14)
    at Module.m._compile (/Users/toannguyen/Documents/Source/tn-uptech-backend/node_modules/ts-node/src/index.ts:1618:23)
    at Module._extensions..js (node:internal/modules/cjs/loader:1245:10)
    at Object.require.extensions.<computed> [as .ts] (/Users/toannguyen/Documents/Source/tn-uptech-backend/node_modules/ts-node/src/index.ts:1621:12)
2023-04-19 00:21:41 error: uncaughtException: banners.hasMany called with something that's not a subclass of Sequelize.Model
Error: banners.hasMany called with something that's not a subclass of Sequelize.Model
    at Function.hasMany (/Users/toannguyen/Documents/Source/tn-uptech-backend/node_modules/sequelize/src/associations/mixin.js:18:13)
    at Function.Banner.associate (/Users/toannguyen/Documents/Source/tn-uptech-backend/src/infra/sequelize/models/banner.model.ts:61:16)
    at /Users/toannguyen/Documents/Source/tn-uptech-backend/src/infra/sequelize/models/index.ts:51:31
    at Array.forEach (<anonymous>)
    at createModels (/Users/toannguyen/Documents/Source/tn-uptech-backend/src/infra/sequelize/models/index.ts:49:25)
    at Object.<anonymous> (/Users/toannguyen/Documents/Source/tn-uptech-backend/src/infra/sequelize/models/index.ts:63:16)
    at Module._compile (node:internal/modules/cjs/loader:1191:14)
    at Module.m._compile (/Users/toannguyen/Documents/Source/tn-uptech-backend/node_modules/ts-node/src/index.ts:1618:23)
    at Module._extensions..js (node:internal/modules/cjs/loader:1245:10)
    at Object.require.extensions.<computed> [as .ts] (/Users/toannguyen/Documents/Source/tn-uptech-backend/node_modules/ts-node/src/index.ts:1621:12)
2023-04-19 00:21:57 error: uncaughtException: banners.hasMany called with something that's not a subclass of Sequelize.Model
Error: banners.hasMany called with something that's not a subclass of Sequelize.Model
    at Function.hasMany (/Users/toannguyen/Documents/Source/tn-uptech-backend/node_modules/sequelize/src/associations/mixin.js:18:13)
    at Function.Banner.associate (/Users/toannguyen/Documents/Source/tn-uptech-backend/src/infra/sequelize/models/banner.model.ts:61:16)
    at /Users/toannguyen/Documents/Source/tn-uptech-backend/src/infra/sequelize/models/index.ts:51:31
    at Array.forEach (<anonymous>)
    at createModels (/Users/toannguyen/Documents/Source/tn-uptech-backend/src/infra/sequelize/models/index.ts:49:25)
    at Object.<anonymous> (/Users/toannguyen/Documents/Source/tn-uptech-backend/src/infra/sequelize/models/index.ts:63:16)
    at Module._compile (node:internal/modules/cjs/loader:1191:14)
    at Module.m._compile (/Users/toannguyen/Documents/Source/tn-uptech-backend/node_modules/ts-node/src/index.ts:1618:23)
    at Module._extensions..js (node:internal/modules/cjs/loader:1245:10)
    at Object.require.extensions.<computed> [as .ts] (/Users/toannguyen/Documents/Source/tn-uptech-backend/node_modules/ts-node/src/index.ts:1621:12)
2023-04-19 00:22:08 error: uncaughtException: banners.hasMany called with something that's not a subclass of Sequelize.Model
Error: banners.hasMany called with something that's not a subclass of Sequelize.Model
    at Function.hasMany (/Users/toannguyen/Documents/Source/tn-uptech-backend/node_modules/sequelize/src/associations/mixin.js:18:13)
    at Function.Banner.associate (/Users/toannguyen/Documents/Source/tn-uptech-backend/src/infra/sequelize/models/banner.model.ts:61:16)
    at /Users/toannguyen/Documents/Source/tn-uptech-backend/src/infra/sequelize/models/index.ts:51:31
    at Array.forEach (<anonymous>)
    at createModels (/Users/toannguyen/Documents/Source/tn-uptech-backend/src/infra/sequelize/models/index.ts:49:25)
    at Object.<anonymous> (/Users/toannguyen/Documents/Source/tn-uptech-backend/src/infra/sequelize/models/index.ts:63:16)
    at Module._compile (node:internal/modules/cjs/loader:1191:14)
    at Module.m._compile (/Users/toannguyen/Documents/Source/tn-uptech-backend/node_modules/ts-node/src/index.ts:1618:23)
    at Module._extensions..js (node:internal/modules/cjs/loader:1245:10)
    at Object.require.extensions.<computed> [as .ts] (/Users/toannguyen/Documents/Source/tn-uptech-backend/node_modules/ts-node/src/index.ts:1621:12)
2023-04-19 00:22:16 error: uncaughtException: banners.hasMany called with something that's not a subclass of Sequelize.Model
Error: banners.hasMany called with something that's not a subclass of Sequelize.Model
    at Function.hasMany (/Users/toannguyen/Documents/Source/tn-uptech-backend/node_modules/sequelize/src/associations/mixin.js:18:13)
    at Function.Banner.associate (/Users/toannguyen/Documents/Source/tn-uptech-backend/src/infra/sequelize/models/banner.model.ts:61:16)
    at /Users/toannguyen/Documents/Source/tn-uptech-backend/src/infra/sequelize/models/index.ts:51:31
    at Array.forEach (<anonymous>)
    at createModels (/Users/toannguyen/Documents/Source/tn-uptech-backend/src/infra/sequelize/models/index.ts:49:25)
    at Object.<anonymous> (/Users/toannguyen/Documents/Source/tn-uptech-backend/src/infra/sequelize/models/index.ts:63:16)
    at Module._compile (node:internal/modules/cjs/loader:1191:14)
    at Module.m._compile (/Users/toannguyen/Documents/Source/tn-uptech-backend/node_modules/ts-node/src/index.ts:1618:23)
    at Module._extensions..js (node:internal/modules/cjs/loader:1245:10)
    at Object.require.extensions.<computed> [as .ts] (/Users/toannguyen/Documents/Source/tn-uptech-backend/node_modules/ts-node/src/index.ts:1621:12)
2023-04-19 00:22:29 error: uncaughtException: banners.hasMany called with something that's not a subclass of Sequelize.Model
Error: banners.hasMany called with something that's not a subclass of Sequelize.Model
    at Function.hasMany (/Users/toannguyen/Documents/Source/tn-uptech-backend/node_modules/sequelize/src/associations/mixin.js:18:13)
    at Function.Banner.associate (/Users/toannguyen/Documents/Source/tn-uptech-backend/src/infra/sequelize/models/banner.model.ts:61:16)
    at /Users/toannguyen/Documents/Source/tn-uptech-backend/src/infra/sequelize/models/index.ts:51:31
    at Array.forEach (<anonymous>)
    at createModels (/Users/toannguyen/Documents/Source/tn-uptech-backend/src/infra/sequelize/models/index.ts:49:25)
    at Object.<anonymous> (/Users/toannguyen/Documents/Source/tn-uptech-backend/src/infra/sequelize/models/index.ts:63:16)
    at Module._compile (node:internal/modules/cjs/loader:1191:14)
    at Module.m._compile (/Users/toannguyen/Documents/Source/tn-uptech-backend/node_modules/ts-node/src/index.ts:1618:23)
    at Module._extensions..js (node:internal/modules/cjs/loader:1245:10)
    at Object.require.extensions.<computed> [as .ts] (/Users/toannguyen/Documents/Source/tn-uptech-backend/node_modules/ts-node/src/index.ts:1621:12)
2023-04-19 00:24:13 error: uncaughtException: banners.hasMany called with something that's not a subclass of Sequelize.Model
Error: banners.hasMany called with something that's not a subclass of Sequelize.Model
    at Function.hasMany (/Users/toannguyen/Documents/Source/tn-uptech-backend/node_modules/sequelize/src/associations/mixin.js:18:13)
    at Function.Banner.associate (/Users/toannguyen/Documents/Source/tn-uptech-backend/src/infra/sequelize/models/banner.model.ts:61:16)
    at /Users/toannguyen/Documents/Source/tn-uptech-backend/src/infra/sequelize/models/index.ts:51:31
    at Array.forEach (<anonymous>)
    at createModels (/Users/toannguyen/Documents/Source/tn-uptech-backend/src/infra/sequelize/models/index.ts:49:25)
    at Object.<anonymous> (/Users/toannguyen/Documents/Source/tn-uptech-backend/src/infra/sequelize/models/index.ts:63:16)
    at Module._compile (node:internal/modules/cjs/loader:1191:14)
    at Module.m._compile (/Users/toannguyen/Documents/Source/tn-uptech-backend/node_modules/ts-node/src/index.ts:1618:23)
    at Module._extensions..js (node:internal/modules/cjs/loader:1245:10)
    at Object.require.extensions.<computed> [as .ts] (/Users/toannguyen/Documents/Source/tn-uptech-backend/node_modules/ts-node/src/index.ts:1621:12)
2023-04-19 00:25:17 error: uncaughtException: banners.hasMany called with something that's not a subclass of Sequelize.Model
Error: banners.hasMany called with something that's not a subclass of Sequelize.Model
    at Function.hasMany (/Users/toannguyen/Documents/Source/tn-uptech-backend/node_modules/sequelize/src/associations/mixin.js:18:13)
    at Function.Banner.associate (/Users/toannguyen/Documents/Source/tn-uptech-backend/src/infra/sequelize/models/banner.model.ts:61:16)
    at /Users/toannguyen/Documents/Source/tn-uptech-backend/src/infra/sequelize/models/index.ts:51:31
    at Array.forEach (<anonymous>)
    at createModels (/Users/toannguyen/Documents/Source/tn-uptech-backend/src/infra/sequelize/models/index.ts:49:25)
    at Object.<anonymous> (/Users/toannguyen/Documents/Source/tn-uptech-backend/src/infra/sequelize/models/index.ts:63:16)
    at Module._compile (node:internal/modules/cjs/loader:1191:14)
    at Module.m._compile (/Users/toannguyen/Documents/Source/tn-uptech-backend/node_modules/ts-node/src/index.ts:1618:23)
    at Module._extensions..js (node:internal/modules/cjs/loader:1245:10)
    at Object.require.extensions.<computed> [as .ts] (/Users/toannguyen/Documents/Source/tn-uptech-backend/node_modules/ts-node/src/index.ts:1621:12)
2023-04-19 00:25:33 error: uncaughtException: banners.hasMany called with something that's not a subclass of Sequelize.Model
Error: banners.hasMany called with something that's not a subclass of Sequelize.Model
    at Function.hasMany (/Users/toannguyen/Documents/Source/tn-uptech-backend/node_modules/sequelize/src/associations/mixin.js:18:13)
    at Function.Banner.associate (/Users/toannguyen/Documents/Source/tn-uptech-backend/src/infra/sequelize/models/banner.model.ts:61:16)
    at /Users/toannguyen/Documents/Source/tn-uptech-backend/src/infra/sequelize/models/index.ts:51:31
    at Array.forEach (<anonymous>)
    at createModels (/Users/toannguyen/Documents/Source/tn-uptech-backend/src/infra/sequelize/models/index.ts:49:25)
    at Object.<anonymous> (/Users/toannguyen/Documents/Source/tn-uptech-backend/src/infra/sequelize/models/index.ts:63:16)
    at Module._compile (node:internal/modules/cjs/loader:1191:14)
    at Module.m._compile (/Users/toannguyen/Documents/Source/tn-uptech-backend/node_modules/ts-node/src/index.ts:1618:23)
    at Module._extensions..js (node:internal/modules/cjs/loader:1245:10)
    at Object.require.extensions.<computed> [as .ts] (/Users/toannguyen/Documents/Source/tn-uptech-backend/node_modules/ts-node/src/index.ts:1621:12)
2023-04-19 00:25:44 error: uncaughtException: banners.hasMany called with something that's not a subclass of Sequelize.Model
Error: banners.hasMany called with something that's not a subclass of Sequelize.Model
    at Function.hasMany (/Users/toannguyen/Documents/Source/tn-uptech-backend/node_modules/sequelize/src/associations/mixin.js:18:13)
    at Function.Banner.associate (/Users/toannguyen/Documents/Source/tn-uptech-backend/src/infra/sequelize/models/banner.model.ts:61:16)
    at /Users/toannguyen/Documents/Source/tn-uptech-backend/src/infra/sequelize/models/index.ts:51:31
    at Array.forEach (<anonymous>)
    at createModels (/Users/toannguyen/Documents/Source/tn-uptech-backend/src/infra/sequelize/models/index.ts:49:25)
    at Object.<anonymous> (/Users/toannguyen/Documents/Source/tn-uptech-backend/src/infra/sequelize/models/index.ts:63:16)
    at Module._compile (node:internal/modules/cjs/loader:1191:14)
    at Module.m._compile (/Users/toannguyen/Documents/Source/tn-uptech-backend/node_modules/ts-node/src/index.ts:1618:23)
    at Module._extensions..js (node:internal/modules/cjs/loader:1245:10)
    at Object.require.extensions.<computed> [as .ts] (/Users/toannguyen/Documents/Source/tn-uptech-backend/node_modules/ts-node/src/index.ts:1621:12)
2023-04-19 00:25:54 error: uncaughtException: banners.hasMany called with something that's not a subclass of Sequelize.Model
Error: banners.hasMany called with something that's not a subclass of Sequelize.Model
    at Function.hasMany (/Users/toannguyen/Documents/Source/tn-uptech-backend/node_modules/sequelize/src/associations/mixin.js:18:13)
    at Function.Banner.associate (/Users/toannguyen/Documents/Source/tn-uptech-backend/src/infra/sequelize/models/banner.model.ts:61:16)
    at /Users/toannguyen/Documents/Source/tn-uptech-backend/src/infra/sequelize/models/index.ts:51:31
    at Array.forEach (<anonymous>)
    at createModels (/Users/toannguyen/Documents/Source/tn-uptech-backend/src/infra/sequelize/models/index.ts:49:25)
    at Object.<anonymous> (/Users/toannguyen/Documents/Source/tn-uptech-backend/src/infra/sequelize/models/index.ts:63:16)
    at Module._compile (node:internal/modules/cjs/loader:1191:14)
    at Module.m._compile (/Users/toannguyen/Documents/Source/tn-uptech-backend/node_modules/ts-node/src/index.ts:1618:23)
    at Module._extensions..js (node:internal/modules/cjs/loader:1245:10)
    at Object.require.extensions.<computed> [as .ts] (/Users/toannguyen/Documents/Source/tn-uptech-backend/node_modules/ts-node/src/index.ts:1621:12)
2023-04-19 00:26:02 error: uncaughtException: banners.hasMany called with something that's not a subclass of Sequelize.Model
Error: banners.hasMany called with something that's not a subclass of Sequelize.Model
    at Function.hasMany (/Users/toannguyen/Documents/Source/tn-uptech-backend/node_modules/sequelize/src/associations/mixin.js:18:13)
    at Function.Banner.associate (/Users/toannguyen/Documents/Source/tn-uptech-backend/src/infra/sequelize/models/banner.model.ts:61:16)
    at /Users/toannguyen/Documents/Source/tn-uptech-backend/src/infra/sequelize/models/index.ts:51:31
    at Array.forEach (<anonymous>)
    at createModels (/Users/toannguyen/Documents/Source/tn-uptech-backend/src/infra/sequelize/models/index.ts:49:25)
    at Object.<anonymous> (/Users/toannguyen/Documents/Source/tn-uptech-backend/src/infra/sequelize/models/index.ts:63:16)
    at Module._compile (node:internal/modules/cjs/loader:1191:14)
    at Module.m._compile (/Users/toannguyen/Documents/Source/tn-uptech-backend/node_modules/ts-node/src/index.ts:1618:23)
    at Module._extensions..js (node:internal/modules/cjs/loader:1245:10)
    at Object.require.extensions.<computed> [as .ts] (/Users/toannguyen/Documents/Source/tn-uptech-backend/node_modules/ts-node/src/index.ts:1621:12)
2023-04-19 00:26:10 error: uncaughtException: banners.hasMany called with something that's not a subclass of Sequelize.Model
Error: banners.hasMany called with something that's not a subclass of Sequelize.Model
    at Function.hasMany (/Users/toannguyen/Documents/Source/tn-uptech-backend/node_modules/sequelize/src/associations/mixin.js:18:13)
    at Function.Banner.associate (/Users/toannguyen/Documents/Source/tn-uptech-backend/src/infra/sequelize/models/banner.model.ts:61:16)
    at /Users/toannguyen/Documents/Source/tn-uptech-backend/src/infra/sequelize/models/index.ts:51:31
    at Array.forEach (<anonymous>)
    at createModels (/Users/toannguyen/Documents/Source/tn-uptech-backend/src/infra/sequelize/models/index.ts:49:25)
    at Object.<anonymous> (/Users/toannguyen/Documents/Source/tn-uptech-backend/src/infra/sequelize/models/index.ts:63:16)
    at Module._compile (node:internal/modules/cjs/loader:1191:14)
    at Module.m._compile (/Users/toannguyen/Documents/Source/tn-uptech-backend/node_modules/ts-node/src/index.ts:1618:23)
    at Module._extensions..js (node:internal/modules/cjs/loader:1245:10)
    at Object.require.extensions.<computed> [as .ts] (/Users/toannguyen/Documents/Source/tn-uptech-backend/node_modules/ts-node/src/index.ts:1621:12)
2023-04-19 00:26:15 error: uncaughtException: banners.hasMany called with something that's not a subclass of Sequelize.Model
Error: banners.hasMany called with something that's not a subclass of Sequelize.Model
    at Function.hasMany (/Users/toannguyen/Documents/Source/tn-uptech-backend/node_modules/sequelize/src/associations/mixin.js:18:13)
    at Function.Banner.associate (/Users/toannguyen/Documents/Source/tn-uptech-backend/src/infra/sequelize/models/banner.model.ts:61:16)
    at /Users/toannguyen/Documents/Source/tn-uptech-backend/src/infra/sequelize/models/index.ts:51:31
    at Array.forEach (<anonymous>)
    at createModels (/Users/toannguyen/Documents/Source/tn-uptech-backend/src/infra/sequelize/models/index.ts:49:25)
    at Object.<anonymous> (/Users/toannguyen/Documents/Source/tn-uptech-backend/src/infra/sequelize/models/index.ts:63:16)
    at Module._compile (node:internal/modules/cjs/loader:1191:14)
    at Module.m._compile (/Users/toannguyen/Documents/Source/tn-uptech-backend/node_modules/ts-node/src/index.ts:1618:23)
    at Module._extensions..js (node:internal/modules/cjs/loader:1245:10)
    at Object.require.extensions.<computed> [as .ts] (/Users/toannguyen/Documents/Source/tn-uptech-backend/node_modules/ts-node/src/index.ts:1621:12)
2023-04-19 00:26:29 error: uncaughtException: banners.hasMany called with something that's not a subclass of Sequelize.Model
Error: banners.hasMany called with something that's not a subclass of Sequelize.Model
    at Function.hasMany (/Users/toannguyen/Documents/Source/tn-uptech-backend/node_modules/sequelize/src/associations/mixin.js:18:13)
    at Function.Banner.associate (/Users/toannguyen/Documents/Source/tn-uptech-backend/src/infra/sequelize/models/banner.model.ts:61:16)
    at /Users/toannguyen/Documents/Source/tn-uptech-backend/src/infra/sequelize/models/index.ts:51:31
    at Array.forEach (<anonymous>)
    at createModels (/Users/toannguyen/Documents/Source/tn-uptech-backend/src/infra/sequelize/models/index.ts:49:25)
    at Object.<anonymous> (/Users/toannguyen/Documents/Source/tn-uptech-backend/src/infra/sequelize/models/index.ts:63:16)
    at Module._compile (node:internal/modules/cjs/loader:1191:14)
    at Module.m._compile (/Users/toannguyen/Documents/Source/tn-uptech-backend/node_modules/ts-node/src/index.ts:1618:23)
    at Module._extensions..js (node:internal/modules/cjs/loader:1245:10)
    at Object.require.extensions.<computed> [as .ts] (/Users/toannguyen/Documents/Source/tn-uptech-backend/node_modules/ts-node/src/index.ts:1621:12)
2023-04-19 00:28:09 error: uncaughtException: banners.hasMany called with something that's not a subclass of Sequelize.Model
Error: banners.hasMany called with something that's not a subclass of Sequelize.Model
    at Function.hasMany (/Users/toannguyen/Documents/Source/tn-uptech-backend/node_modules/sequelize/src/associations/mixin.js:18:13)
    at Function.Banner.associate (/Users/toannguyen/Documents/Source/tn-uptech-backend/src/infra/sequelize/models/banner.model.ts:61:16)
    at /Users/toannguyen/Documents/Source/tn-uptech-backend/src/infra/sequelize/models/index.ts:51:31
    at Array.forEach (<anonymous>)
    at createModels (/Users/toannguyen/Documents/Source/tn-uptech-backend/src/infra/sequelize/models/index.ts:49:25)
    at Object.<anonymous> (/Users/toannguyen/Documents/Source/tn-uptech-backend/src/infra/sequelize/models/index.ts:63:16)
    at Module._compile (node:internal/modules/cjs/loader:1191:14)
    at Module.m._compile (/Users/toannguyen/Documents/Source/tn-uptech-backend/node_modules/ts-node/src/index.ts:1618:23)
    at Module._extensions..js (node:internal/modules/cjs/loader:1245:10)
    at Object.require.extensions.<computed> [as .ts] (/Users/toannguyen/Documents/Source/tn-uptech-backend/node_modules/ts-node/src/index.ts:1621:12)
2023-04-19 00:29:02 error: uncaughtException: banners.hasMany called with something that's not a subclass of Sequelize.Model
Error: banners.hasMany called with something that's not a subclass of Sequelize.Model
    at Function.hasMany (/Users/toannguyen/Documents/Source/tn-uptech-backend/node_modules/sequelize/src/associations/mixin.js:18:13)
    at Function.Banner.associate (/Users/toannguyen/Documents/Source/tn-uptech-backend/src/infra/sequelize/models/banner.model.ts:61:16)
    at /Users/toannguyen/Documents/Source/tn-uptech-backend/src/infra/sequelize/models/index.ts:51:31
    at Array.forEach (<anonymous>)
    at createModels (/Users/toannguyen/Documents/Source/tn-uptech-backend/src/infra/sequelize/models/index.ts:49:25)
    at Object.<anonymous> (/Users/toannguyen/Documents/Source/tn-uptech-backend/src/infra/sequelize/models/index.ts:63:16)
    at Module._compile (node:internal/modules/cjs/loader:1191:14)
    at Module.m._compile (/Users/toannguyen/Documents/Source/tn-uptech-backend/node_modules/ts-node/src/index.ts:1618:23)
    at Module._extensions..js (node:internal/modules/cjs/loader:1245:10)
    at Object.require.extensions.<computed> [as .ts] (/Users/toannguyen/Documents/Source/tn-uptech-backend/node_modules/ts-node/src/index.ts:1621:12)
2023-04-19 00:29:11 error: uncaughtException: banners.hasMany called with something that's not a subclass of Sequelize.Model
Error: banners.hasMany called with something that's not a subclass of Sequelize.Model
    at Function.hasMany (/Users/toannguyen/Documents/Source/tn-uptech-backend/node_modules/sequelize/src/associations/mixin.js:18:13)
    at Function.Banner.associate (/Users/toannguyen/Documents/Source/tn-uptech-backend/src/infra/sequelize/models/banner.model.ts:61:16)
    at /Users/toannguyen/Documents/Source/tn-uptech-backend/src/infra/sequelize/models/index.ts:51:31
    at Array.forEach (<anonymous>)
    at createModels (/Users/toannguyen/Documents/Source/tn-uptech-backend/src/infra/sequelize/models/index.ts:49:25)
    at Object.<anonymous> (/Users/toannguyen/Documents/Source/tn-uptech-backend/src/infra/sequelize/models/index.ts:63:16)
    at Module._compile (node:internal/modules/cjs/loader:1191:14)
    at Module.m._compile (/Users/toannguyen/Documents/Source/tn-uptech-backend/node_modules/ts-node/src/index.ts:1618:23)
    at Module._extensions..js (node:internal/modules/cjs/loader:1245:10)
    at Object.require.extensions.<computed> [as .ts] (/Users/toannguyen/Documents/Source/tn-uptech-backend/node_modules/ts-node/src/index.ts:1621:12)
2023-04-19 00:29:18 error: uncaughtException: banners.hasMany called with something that's not a subclass of Sequelize.Model
Error: banners.hasMany called with something that's not a subclass of Sequelize.Model
    at Function.hasMany (/Users/toannguyen/Documents/Source/tn-uptech-backend/node_modules/sequelize/src/associations/mixin.js:18:13)
    at Function.Banner.associate (/Users/toannguyen/Documents/Source/tn-uptech-backend/src/infra/sequelize/models/banner.model.ts:61:16)
    at /Users/toannguyen/Documents/Source/tn-uptech-backend/src/infra/sequelize/models/index.ts:51:31
    at Array.forEach (<anonymous>)
    at createModels (/Users/toannguyen/Documents/Source/tn-uptech-backend/src/infra/sequelize/models/index.ts:49:25)
    at Object.<anonymous> (/Users/toannguyen/Documents/Source/tn-uptech-backend/src/infra/sequelize/models/index.ts:63:16)
    at Module._compile (node:internal/modules/cjs/loader:1191:14)
    at Module.m._compile (/Users/toannguyen/Documents/Source/tn-uptech-backend/node_modules/ts-node/src/index.ts:1618:23)
    at Module._extensions..js (node:internal/modules/cjs/loader:1245:10)
    at Object.require.extensions.<computed> [as .ts] (/Users/toannguyen/Documents/Source/tn-uptech-backend/node_modules/ts-node/src/index.ts:1621:12)
2023-04-19 00:29:28 error: uncaughtException: banners.hasMany called with something that's not a subclass of Sequelize.Model
Error: banners.hasMany called with something that's not a subclass of Sequelize.Model
    at Function.hasMany (/Users/toannguyen/Documents/Source/tn-uptech-backend/node_modules/sequelize/src/associations/mixin.js:18:13)
    at Function.Banner.associate (/Users/toannguyen/Documents/Source/tn-uptech-backend/src/infra/sequelize/models/banner.model.ts:61:16)
    at /Users/toannguyen/Documents/Source/tn-uptech-backend/src/infra/sequelize/models/index.ts:51:31
    at Array.forEach (<anonymous>)
    at createModels (/Users/toannguyen/Documents/Source/tn-uptech-backend/src/infra/sequelize/models/index.ts:49:25)
    at Object.<anonymous> (/Users/toannguyen/Documents/Source/tn-uptech-backend/src/infra/sequelize/models/index.ts:63:16)
    at Module._compile (node:internal/modules/cjs/loader:1191:14)
    at Module.m._compile (/Users/toannguyen/Documents/Source/tn-uptech-backend/node_modules/ts-node/src/index.ts:1618:23)
    at Module._extensions..js (node:internal/modules/cjs/loader:1245:10)
    at Object.require.extensions.<computed> [as .ts] (/Users/toannguyen/Documents/Source/tn-uptech-backend/node_modules/ts-node/src/index.ts:1621:12)
2023-04-19 00:29:44 error: uncaughtException: banners.hasMany called with something that's not a subclass of Sequelize.Model
Error: banners.hasMany called with something that's not a subclass of Sequelize.Model
    at Function.hasMany (/Users/toannguyen/Documents/Source/tn-uptech-backend/node_modules/sequelize/src/associations/mixin.js:18:13)
    at Function.Banner.associate (/Users/toannguyen/Documents/Source/tn-uptech-backend/src/infra/sequelize/models/banner.model.ts:61:16)
    at /Users/toannguyen/Documents/Source/tn-uptech-backend/src/infra/sequelize/models/index.ts:51:31
    at Array.forEach (<anonymous>)
    at createModels (/Users/toannguyen/Documents/Source/tn-uptech-backend/src/infra/sequelize/models/index.ts:49:25)
    at Object.<anonymous> (/Users/toannguyen/Documents/Source/tn-uptech-backend/src/infra/sequelize/models/index.ts:63:16)
    at Module._compile (node:internal/modules/cjs/loader:1191:14)
    at Module.m._compile (/Users/toannguyen/Documents/Source/tn-uptech-backend/node_modules/ts-node/src/index.ts:1618:23)
    at Module._extensions..js (node:internal/modules/cjs/loader:1245:10)
    at Object.require.extensions.<computed> [as .ts] (/Users/toannguyen/Documents/Source/tn-uptech-backend/node_modules/ts-node/src/index.ts:1621:12)
2023-04-19 00:29:58 error: uncaughtException: banners.hasMany called with something that's not a subclass of Sequelize.Model
Error: banners.hasMany called with something that's not a subclass of Sequelize.Model
    at Function.hasMany (/Users/toannguyen/Documents/Source/tn-uptech-backend/node_modules/sequelize/src/associations/mixin.js:18:13)
    at Function.Banner.associate (/Users/toannguyen/Documents/Source/tn-uptech-backend/src/infra/sequelize/models/banner.model.ts:61:16)
    at /Users/toannguyen/Documents/Source/tn-uptech-backend/src/infra/sequelize/models/index.ts:51:31
    at Array.forEach (<anonymous>)
    at createModels (/Users/toannguyen/Documents/Source/tn-uptech-backend/src/infra/sequelize/models/index.ts:49:25)
    at Object.<anonymous> (/Users/toannguyen/Documents/Source/tn-uptech-backend/src/infra/sequelize/models/index.ts:63:16)
    at Module._compile (node:internal/modules/cjs/loader:1191:14)
    at Module.m._compile (/Users/toannguyen/Documents/Source/tn-uptech-backend/node_modules/ts-node/src/index.ts:1618:23)
    at Module._extensions..js (node:internal/modules/cjs/loader:1245:10)
    at Object.require.extensions.<computed> [as .ts] (/Users/toannguyen/Documents/Source/tn-uptech-backend/node_modules/ts-node/src/index.ts:1621:12)
2023-04-19 00:31:12 error: uncaughtException: banners.hasMany called with something that's not a subclass of Sequelize.Model
Error: banners.hasMany called with something that's not a subclass of Sequelize.Model
    at Function.hasMany (/Users/toannguyen/Documents/Source/tn-uptech-backend/node_modules/sequelize/src/associations/mixin.js:18:13)
    at Function.Banner.associate (/Users/toannguyen/Documents/Source/tn-uptech-backend/src/infra/sequelize/models/banner.model.ts:61:16)
    at /Users/toannguyen/Documents/Source/tn-uptech-backend/src/infra/sequelize/models/index.ts:51:31
    at Array.forEach (<anonymous>)
    at createModels (/Users/toannguyen/Documents/Source/tn-uptech-backend/src/infra/sequelize/models/index.ts:49:25)
    at Object.<anonymous> (/Users/toannguyen/Documents/Source/tn-uptech-backend/src/infra/sequelize/models/index.ts:63:16)
    at Module._compile (node:internal/modules/cjs/loader:1191:14)
    at Module.m._compile (/Users/toannguyen/Documents/Source/tn-uptech-backend/node_modules/ts-node/src/index.ts:1618:23)
    at Module._extensions..js (node:internal/modules/cjs/loader:1245:10)
    at Object.require.extensions.<computed> [as .ts] (/Users/toannguyen/Documents/Source/tn-uptech-backend/node_modules/ts-node/src/index.ts:1621:12)
2023-04-19 00:31:32 error: uncaughtException: banners.hasMany called with something that's not a subclass of Sequelize.Model
Error: banners.hasMany called with something that's not a subclass of Sequelize.Model
    at Function.hasMany (/Users/toannguyen/Documents/Source/tn-uptech-backend/node_modules/sequelize/src/associations/mixin.js:18:13)
    at Function.Banner.associate (/Users/toannguyen/Documents/Source/tn-uptech-backend/src/infra/sequelize/models/banner.model.ts:61:16)
    at /Users/toannguyen/Documents/Source/tn-uptech-backend/src/infra/sequelize/models/index.ts:51:31
    at Array.forEach (<anonymous>)
    at createModels (/Users/toannguyen/Documents/Source/tn-uptech-backend/src/infra/sequelize/models/index.ts:49:25)
    at Object.<anonymous> (/Users/toannguyen/Documents/Source/tn-uptech-backend/src/infra/sequelize/models/index.ts:63:16)
    at Module._compile (node:internal/modules/cjs/loader:1191:14)
    at Module.m._compile (/Users/toannguyen/Documents/Source/tn-uptech-backend/node_modules/ts-node/src/index.ts:1618:23)
    at Module._extensions..js (node:internal/modules/cjs/loader:1245:10)
    at Object.require.extensions.<computed> [as .ts] (/Users/toannguyen/Documents/Source/tn-uptech-backend/node_modules/ts-node/src/index.ts:1621:12)
2023-04-19 00:33:54 error: uncaughtException: branchs.hasMany called with something that's not a subclass of Sequelize.Model
Error: branchs.hasMany called with something that's not a subclass of Sequelize.Model
    at Function.hasMany (/Users/toannguyen/Documents/Source/tn-uptech-backend/node_modules/sequelize/src/associations/mixin.js:18:13)
    at Function.Branch.associate (/Users/toannguyen/Documents/Source/tn-uptech-backend/src/infra/sequelize/models/branchTranslation.model.ts:37:16)
    at /Users/toannguyen/Documents/Source/tn-uptech-backend/src/infra/sequelize/models/index.ts:51:31
    at Array.forEach (<anonymous>)
    at createModels (/Users/toannguyen/Documents/Source/tn-uptech-backend/src/infra/sequelize/models/index.ts:49:25)
    at Object.<anonymous> (/Users/toannguyen/Documents/Source/tn-uptech-backend/src/infra/sequelize/models/index.ts:63:16)
    at Module._compile (node:internal/modules/cjs/loader:1191:14)
    at Module.m._compile (/Users/toannguyen/Documents/Source/tn-uptech-backend/node_modules/ts-node/src/index.ts:1618:23)
    at Module._extensions..js (node:internal/modules/cjs/loader:1245:10)
    at Object.require.extensions.<computed> [as .ts] (/Users/toannguyen/Documents/Source/tn-uptech-backend/node_modules/ts-node/src/index.ts:1621:12)
2023-04-19 00:34:05 error: uncaughtException: branchs.hasMany called with something that's not a subclass of Sequelize.Model
Error: branchs.hasMany called with something that's not a subclass of Sequelize.Model
    at Function.hasMany (/Users/toannguyen/Documents/Source/tn-uptech-backend/node_modules/sequelize/src/associations/mixin.js:18:13)
    at Function.Branch.associate (/Users/toannguyen/Documents/Source/tn-uptech-backend/src/infra/sequelize/models/branchTranslation.model.ts:37:16)
    at /Users/toannguyen/Documents/Source/tn-uptech-backend/src/infra/sequelize/models/index.ts:51:31
    at Array.forEach (<anonymous>)
    at createModels (/Users/toannguyen/Documents/Source/tn-uptech-backend/src/infra/sequelize/models/index.ts:49:25)
    at Object.<anonymous> (/Users/toannguyen/Documents/Source/tn-uptech-backend/src/infra/sequelize/models/index.ts:63:16)
    at Module._compile (node:internal/modules/cjs/loader:1191:14)
    at Module.m._compile (/Users/toannguyen/Documents/Source/tn-uptech-backend/node_modules/ts-node/src/index.ts:1618:23)
    at Module._extensions..js (node:internal/modules/cjs/loader:1245:10)
    at Object.require.extensions.<computed> [as .ts] (/Users/toannguyen/Documents/Source/tn-uptech-backend/node_modules/ts-node/src/index.ts:1621:12)
2023-04-19 00:34:15 error: uncaughtException: branchs.hasMany called with something that's not a subclass of Sequelize.Model
Error: branchs.hasMany called with something that's not a subclass of Sequelize.Model
    at Function.hasMany (/Users/toannguyen/Documents/Source/tn-uptech-backend/node_modules/sequelize/src/associations/mixin.js:18:13)
    at Function.Branch.associate (/Users/toannguyen/Documents/Source/tn-uptech-backend/src/infra/sequelize/models/branchTranslation.model.ts:41:16)
    at /Users/toannguyen/Documents/Source/tn-uptech-backend/src/infra/sequelize/models/index.ts:51:31
    at Array.forEach (<anonymous>)
    at createModels (/Users/toannguyen/Documents/Source/tn-uptech-backend/src/infra/sequelize/models/index.ts:49:25)
    at Object.<anonymous> (/Users/toannguyen/Documents/Source/tn-uptech-backend/src/infra/sequelize/models/index.ts:63:16)
    at Module._compile (node:internal/modules/cjs/loader:1191:14)
    at Module.m._compile (/Users/toannguyen/Documents/Source/tn-uptech-backend/node_modules/ts-node/src/index.ts:1618:23)
    at Module._extensions..js (node:internal/modules/cjs/loader:1245:10)
    at Object.require.extensions.<computed> [as .ts] (/Users/toannguyen/Documents/Source/tn-uptech-backend/node_modules/ts-node/src/index.ts:1621:12)
2023-04-19 00:34:56 error: uncaughtException: branchs.hasMany called with something that's not a subclass of Sequelize.Model
Error: branchs.hasMany called with something that's not a subclass of Sequelize.Model
    at Function.hasMany (/Users/toannguyen/Documents/Source/tn-uptech-backend/node_modules/sequelize/src/associations/mixin.js:18:13)
    at Function.Branch.associate (/Users/toannguyen/Documents/Source/tn-uptech-backend/src/infra/sequelize/models/branchTranslation.model.ts:49:16)
    at /Users/toannguyen/Documents/Source/tn-uptech-backend/src/infra/sequelize/models/index.ts:51:31
    at Array.forEach (<anonymous>)
    at createModels (/Users/toannguyen/Documents/Source/tn-uptech-backend/src/infra/sequelize/models/index.ts:49:25)
    at Object.<anonymous> (/Users/toannguyen/Documents/Source/tn-uptech-backend/src/infra/sequelize/models/index.ts:63:16)
    at Module._compile (node:internal/modules/cjs/loader:1191:14)
    at Module.m._compile (/Users/toannguyen/Documents/Source/tn-uptech-backend/node_modules/ts-node/src/index.ts:1618:23)
    at Module._extensions..js (node:internal/modules/cjs/loader:1245:10)
    at Object.require.extensions.<computed> [as .ts] (/Users/toannguyen/Documents/Source/tn-uptech-backend/node_modules/ts-node/src/index.ts:1621:12)
2023-04-19 00:35:20 error: uncaughtException: branchs.hasMany called with something that's not a subclass of Sequelize.Model
Error: branchs.hasMany called with something that's not a subclass of Sequelize.Model
    at Function.hasMany (/Users/toannguyen/Documents/Source/tn-uptech-backend/node_modules/sequelize/src/associations/mixin.js:18:13)
    at Function.Branch.associate (/Users/toannguyen/Documents/Source/tn-uptech-backend/src/infra/sequelize/models/branchTranslation.model.ts:49:16)
    at /Users/toannguyen/Documents/Source/tn-uptech-backend/src/infra/sequelize/models/index.ts:51:31
    at Array.forEach (<anonymous>)
    at createModels (/Users/toannguyen/Documents/Source/tn-uptech-backend/src/infra/sequelize/models/index.ts:49:25)
    at Object.<anonymous> (/Users/toannguyen/Documents/Source/tn-uptech-backend/src/infra/sequelize/models/index.ts:63:16)
    at Module._compile (node:internal/modules/cjs/loader:1191:14)
    at Module.m._compile (/Users/toannguyen/Documents/Source/tn-uptech-backend/node_modules/ts-node/src/index.ts:1618:23)
    at Module._extensions..js (node:internal/modules/cjs/loader:1245:10)
    at Object.require.extensions.<computed> [as .ts] (/Users/toannguyen/Documents/Source/tn-uptech-backend/node_modules/ts-node/src/index.ts:1621:12)
2023-04-19 00:35:34 error: uncaughtException: branchs.hasMany called with something that's not a subclass of Sequelize.Model
Error: branchs.hasMany called with something that's not a subclass of Sequelize.Model
    at Function.hasMany (/Users/toannguyen/Documents/Source/tn-uptech-backend/node_modules/sequelize/src/associations/mixin.js:18:13)
    at Function.BranchTranslation.associate (/Users/toannguyen/Documents/Source/tn-uptech-backend/src/infra/sequelize/models/branchTranslation.model.ts:49:27)
    at /Users/toannguyen/Documents/Source/tn-uptech-backend/src/infra/sequelize/models/index.ts:51:31
    at Array.forEach (<anonymous>)
    at createModels (/Users/toannguyen/Documents/Source/tn-uptech-backend/src/infra/sequelize/models/index.ts:49:25)
    at Object.<anonymous> (/Users/toannguyen/Documents/Source/tn-uptech-backend/src/infra/sequelize/models/index.ts:63:16)
    at Module._compile (node:internal/modules/cjs/loader:1191:14)
    at Module.m._compile (/Users/toannguyen/Documents/Source/tn-uptech-backend/node_modules/ts-node/src/index.ts:1618:23)
    at Module._extensions..js (node:internal/modules/cjs/loader:1245:10)
    at Object.require.extensions.<computed> [as .ts] (/Users/toannguyen/Documents/Source/tn-uptech-backend/node_modules/ts-node/src/index.ts:1621:12)
2023-04-19 12:11:31 error: uncaughtException:  Unable to compile TypeScript:
[96msrc/route/ceo.route.ts[0m:[93m17[0m:[93m66[0m - [91merror[0m[90m TS2339: [0mProperty 'getListFeatured' does not exist on type 'CeoController'.

[7m17[0m         this.router.get(`${this.path}/getListFeatured`, this.ceo.getListFeatured);
[7m  [0m [91m                                                                 ~~~~~~~~~~~~~~~[0m

TSError:  Unable to compile TypeScript:
[96msrc/route/ceo.route.ts[0m:[93m17[0m:[93m66[0m - [91merror[0m[90m TS2339: [0mProperty 'getListFeatured' does not exist on type 'CeoController'.

[7m17[0m         this.router.get(`${this.path}/getListFeatured`, this.ceo.getListFeatured);
[7m  [0m [91m                                                                 ~~~~~~~~~~~~~~~[0m

    at createTSError (/Users/toannguyen/Documents/Source/tn-uptech-backend/node_modules/ts-node/src/index.ts:859:12)
    at reportTSError (/Users/toannguyen/Documents/Source/tn-uptech-backend/node_modules/ts-node/src/index.ts:863:19)
    at getOutput (/Users/toannguyen/Documents/Source/tn-uptech-backend/node_modules/ts-node/src/index.ts:1077:36)
    at Object.compile (/Users/toannguyen/Documents/Source/tn-uptech-backend/node_modules/ts-node/src/index.ts:1433:41)
    at Module.m._compile (/Users/toannguyen/Documents/Source/tn-uptech-backend/node_modules/ts-node/src/index.ts:1617:30)
    at Module._extensions..js (node:internal/modules/cjs/loader:1245:10)
    at Object.require.extensions.<computed> [as .ts] (/Users/toannguyen/Documents/Source/tn-uptech-backend/node_modules/ts-node/src/index.ts:1621:12)
    at Module.load (node:internal/modules/cjs/loader:1069:32)
    at Function.Module._load (node:internal/modules/cjs/loader:904:12)
    at Module.require (node:internal/modules/cjs/loader:1093:19)
2023-04-19 12:11:59 error: uncaughtException:  Unable to compile TypeScript:
[96msrc/route/ceo.route.ts[0m:[93m17[0m:[93m66[0m - [91merror[0m[90m TS2339: [0mProperty 'getListFeatured' does not exist on type 'CeoController'.

[7m17[0m         this.router.get(`${this.path}/getListFeatured`, this.ceo.getListFeatured);
[7m  [0m [91m                                                                 ~~~~~~~~~~~~~~~[0m

TSError:  Unable to compile TypeScript:
[96msrc/route/ceo.route.ts[0m:[93m17[0m:[93m66[0m - [91merror[0m[90m TS2339: [0mProperty 'getListFeatured' does not exist on type 'CeoController'.

[7m17[0m         this.router.get(`${this.path}/getListFeatured`, this.ceo.getListFeatured);
[7m  [0m [91m                                                                 ~~~~~~~~~~~~~~~[0m

    at createTSError (/Users/toannguyen/Documents/Source/tn-uptech-backend/node_modules/ts-node/src/index.ts:859:12)
    at reportTSError (/Users/toannguyen/Documents/Source/tn-uptech-backend/node_modules/ts-node/src/index.ts:863:19)
    at getOutput (/Users/toannguyen/Documents/Source/tn-uptech-backend/node_modules/ts-node/src/index.ts:1077:36)
    at Object.compile (/Users/toannguyen/Documents/Source/tn-uptech-backend/node_modules/ts-node/src/index.ts:1433:41)
    at Module.m._compile (/Users/toannguyen/Documents/Source/tn-uptech-backend/node_modules/ts-node/src/index.ts:1617:30)
    at Module._extensions..js (node:internal/modules/cjs/loader:1245:10)
    at Object.require.extensions.<computed> [as .ts] (/Users/toannguyen/Documents/Source/tn-uptech-backend/node_modules/ts-node/src/index.ts:1621:12)
    at Module.load (node:internal/modules/cjs/loader:1069:32)
    at Function.Module._load (node:internal/modules/cjs/loader:904:12)
    at Module.require (node:internal/modules/cjs/loader:1093:19)
2023-04-19 12:12:04 error: uncaughtException:  Unable to compile TypeScript:
[96msrc/route/ceo.route.ts[0m:[93m17[0m:[93m66[0m - [91merror[0m[90m TS2339: [0mProperty 'getListFeatured' does not exist on type 'CeoController'.

[7m17[0m         this.router.get(`${this.path}/getListFeatured`, this.ceo.getListFeatured);
[7m  [0m [91m                                                                 ~~~~~~~~~~~~~~~[0m

TSError:  Unable to compile TypeScript:
[96msrc/route/ceo.route.ts[0m:[93m17[0m:[93m66[0m - [91merror[0m[90m TS2339: [0mProperty 'getListFeatured' does not exist on type 'CeoController'.

[7m17[0m         this.router.get(`${this.path}/getListFeatured`, this.ceo.getListFeatured);
[7m  [0m [91m                                                                 ~~~~~~~~~~~~~~~[0m

    at createTSError (/Users/toannguyen/Documents/Source/tn-uptech-backend/node_modules/ts-node/src/index.ts:859:12)
    at reportTSError (/Users/toannguyen/Documents/Source/tn-uptech-backend/node_modules/ts-node/src/index.ts:863:19)
    at getOutput (/Users/toannguyen/Documents/Source/tn-uptech-backend/node_modules/ts-node/src/index.ts:1077:36)
    at Object.compile (/Users/toannguyen/Documents/Source/tn-uptech-backend/node_modules/ts-node/src/index.ts:1433:41)
    at Module.m._compile (/Users/toannguyen/Documents/Source/tn-uptech-backend/node_modules/ts-node/src/index.ts:1617:30)
    at Module._extensions..js (node:internal/modules/cjs/loader:1245:10)
    at Object.require.extensions.<computed> [as .ts] (/Users/toannguyen/Documents/Source/tn-uptech-backend/node_modules/ts-node/src/index.ts:1621:12)
    at Module.load (node:internal/modules/cjs/loader:1069:32)
    at Function.Module._load (node:internal/modules/cjs/loader:904:12)
    at Module.require (node:internal/modules/cjs/loader:1093:19)
2023-04-19 12:12:14 error: uncaughtException:  Unable to compile TypeScript:
[96msrc/route/ceo.route.ts[0m:[93m17[0m:[93m66[0m - [91merror[0m[90m TS2339: [0mProperty 'getListFeatured' does not exist on type 'CeoController'.

[7m17[0m         this.router.get(`${this.path}/getListFeatured`, this.ceo.getListFeatured);
[7m  [0m [91m                                                                 ~~~~~~~~~~~~~~~[0m

TSError:  Unable to compile TypeScript:
[96msrc/route/ceo.route.ts[0m:[93m17[0m:[93m66[0m - [91merror[0m[90m TS2339: [0mProperty 'getListFeatured' does not exist on type 'CeoController'.

[7m17[0m         this.router.get(`${this.path}/getListFeatured`, this.ceo.getListFeatured);
[7m  [0m [91m                                                                 ~~~~~~~~~~~~~~~[0m

    at createTSError (/Users/toannguyen/Documents/Source/tn-uptech-backend/node_modules/ts-node/src/index.ts:859:12)
    at reportTSError (/Users/toannguyen/Documents/Source/tn-uptech-backend/node_modules/ts-node/src/index.ts:863:19)
    at getOutput (/Users/toannguyen/Documents/Source/tn-uptech-backend/node_modules/ts-node/src/index.ts:1077:36)
    at Object.compile (/Users/toannguyen/Documents/Source/tn-uptech-backend/node_modules/ts-node/src/index.ts:1433:41)
    at Module.m._compile (/Users/toannguyen/Documents/Source/tn-uptech-backend/node_modules/ts-node/src/index.ts:1617:30)
    at Module._extensions..js (node:internal/modules/cjs/loader:1245:10)
    at Object.require.extensions.<computed> [as .ts] (/Users/toannguyen/Documents/Source/tn-uptech-backend/node_modules/ts-node/src/index.ts:1621:12)
    at Module.load (node:internal/modules/cjs/loader:1069:32)
    at Function.Module._load (node:internal/modules/cjs/loader:904:12)
    at Module.require (node:internal/modules/cjs/loader:1093:19)
2023-04-19 12:12:20 error: uncaughtException:  Unable to compile TypeScript:
[96msrc/route/ceo.route.ts[0m:[93m17[0m:[93m66[0m - [91merror[0m[90m TS2339: [0mProperty 'getListFeatured' does not exist on type 'CeoController'.

[7m17[0m         this.router.get(`${this.path}/getListFeatured`, this.ceo.getListFeatured);
[7m  [0m [91m                                                                 ~~~~~~~~~~~~~~~[0m

TSError:  Unable to compile TypeScript:
[96msrc/route/ceo.route.ts[0m:[93m17[0m:[93m66[0m - [91merror[0m[90m TS2339: [0mProperty 'getListFeatured' does not exist on type 'CeoController'.

[7m17[0m         this.router.get(`${this.path}/getListFeatured`, this.ceo.getListFeatured);
[7m  [0m [91m                                                                 ~~~~~~~~~~~~~~~[0m

    at createTSError (/Users/toannguyen/Documents/Source/tn-uptech-backend/node_modules/ts-node/src/index.ts:859:12)
    at reportTSError (/Users/toannguyen/Documents/Source/tn-uptech-backend/node_modules/ts-node/src/index.ts:863:19)
    at getOutput (/Users/toannguyen/Documents/Source/tn-uptech-backend/node_modules/ts-node/src/index.ts:1077:36)
    at Object.compile (/Users/toannguyen/Documents/Source/tn-uptech-backend/node_modules/ts-node/src/index.ts:1433:41)
    at Module.m._compile (/Users/toannguyen/Documents/Source/tn-uptech-backend/node_modules/ts-node/src/index.ts:1617:30)
    at Module._extensions..js (node:internal/modules/cjs/loader:1245:10)
    at Object.require.extensions.<computed> [as .ts] (/Users/toannguyen/Documents/Source/tn-uptech-backend/node_modules/ts-node/src/index.ts:1621:12)
    at Module.load (node:internal/modules/cjs/loader:1069:32)
    at Function.Module._load (node:internal/modules/cjs/loader:904:12)
    at Module.require (node:internal/modules/cjs/loader:1093:19)
2023-04-19 12:12:42 error: uncaughtException:  Unable to compile TypeScript:
[96msrc/route/ceo.route.ts[0m:[93m17[0m:[93m66[0m - [91merror[0m[90m TS2339: [0mProperty 'getListFeatured' does not exist on type 'CeoController'.

[7m17[0m         this.router.get(`${this.path}/getListFeatured`, this.ceo.getListFeatured);
[7m  [0m [91m                                                                 ~~~~~~~~~~~~~~~[0m

TSError:  Unable to compile TypeScript:
[96msrc/route/ceo.route.ts[0m:[93m17[0m:[93m66[0m - [91merror[0m[90m TS2339: [0mProperty 'getListFeatured' does not exist on type 'CeoController'.

[7m17[0m         this.router.get(`${this.path}/getListFeatured`, this.ceo.getListFeatured);
[7m  [0m [91m                                                                 ~~~~~~~~~~~~~~~[0m

    at createTSError (/Users/toannguyen/Documents/Source/tn-uptech-backend/node_modules/ts-node/src/index.ts:859:12)
    at reportTSError (/Users/toannguyen/Documents/Source/tn-uptech-backend/node_modules/ts-node/src/index.ts:863:19)
    at getOutput (/Users/toannguyen/Documents/Source/tn-uptech-backend/node_modules/ts-node/src/index.ts:1077:36)
    at Object.compile (/Users/toannguyen/Documents/Source/tn-uptech-backend/node_modules/ts-node/src/index.ts:1433:41)
    at Module.m._compile (/Users/toannguyen/Documents/Source/tn-uptech-backend/node_modules/ts-node/src/index.ts:1617:30)
    at Module._extensions..js (node:internal/modules/cjs/loader:1245:10)
    at Object.require.extensions.<computed> [as .ts] (/Users/toannguyen/Documents/Source/tn-uptech-backend/node_modules/ts-node/src/index.ts:1621:12)
    at Module.load (node:internal/modules/cjs/loader:1069:32)
    at Function.Module._load (node:internal/modules/cjs/loader:904:12)
    at Module.require (node:internal/modules/cjs/loader:1093:19)
2023-04-19 12:12:48 error: uncaughtException:  Unable to compile TypeScript:
[96msrc/route/ceo.route.ts[0m:[93m17[0m:[93m66[0m - [91merror[0m[90m TS2339: [0mProperty 'getListFeatured' does not exist on type 'CeoController'.

[7m17[0m         this.router.get(`${this.path}/getListFeatured`, this.ceo.getListFeatured);
[7m  [0m [91m                                                                 ~~~~~~~~~~~~~~~[0m

TSError:  Unable to compile TypeScript:
[96msrc/route/ceo.route.ts[0m:[93m17[0m:[93m66[0m - [91merror[0m[90m TS2339: [0mProperty 'getListFeatured' does not exist on type 'CeoController'.

[7m17[0m         this.router.get(`${this.path}/getListFeatured`, this.ceo.getListFeatured);
[7m  [0m [91m                                                                 ~~~~~~~~~~~~~~~[0m

    at createTSError (/Users/toannguyen/Documents/Source/tn-uptech-backend/node_modules/ts-node/src/index.ts:859:12)
    at reportTSError (/Users/toannguyen/Documents/Source/tn-uptech-backend/node_modules/ts-node/src/index.ts:863:19)
    at getOutput (/Users/toannguyen/Documents/Source/tn-uptech-backend/node_modules/ts-node/src/index.ts:1077:36)
    at Object.compile (/Users/toannguyen/Documents/Source/tn-uptech-backend/node_modules/ts-node/src/index.ts:1433:41)
    at Module.m._compile (/Users/toannguyen/Documents/Source/tn-uptech-backend/node_modules/ts-node/src/index.ts:1617:30)
    at Module._extensions..js (node:internal/modules/cjs/loader:1245:10)
    at Object.require.extensions.<computed> [as .ts] (/Users/toannguyen/Documents/Source/tn-uptech-backend/node_modules/ts-node/src/index.ts:1621:12)
    at Module.load (node:internal/modules/cjs/loader:1069:32)
    at Function.Module._load (node:internal/modules/cjs/loader:904:12)
    at Module.require (node:internal/modules/cjs/loader:1093:19)
2023-04-19 12:13:08 error: uncaughtException:  Unable to compile TypeScript:
[96msrc/route/ceo.route.ts[0m:[93m17[0m:[93m66[0m - [91merror[0m[90m TS2339: [0mProperty 'getListFeatured' does not exist on type 'CeoController'.

[7m17[0m         this.router.get(`${this.path}/getListFeatured`, this.ceo.getListFeatured);
[7m  [0m [91m                                                                 ~~~~~~~~~~~~~~~[0m

TSError:  Unable to compile TypeScript:
[96msrc/route/ceo.route.ts[0m:[93m17[0m:[93m66[0m - [91merror[0m[90m TS2339: [0mProperty 'getListFeatured' does not exist on type 'CeoController'.

[7m17[0m         this.router.get(`${this.path}/getListFeatured`, this.ceo.getListFeatured);
[7m  [0m [91m                                                                 ~~~~~~~~~~~~~~~[0m

    at createTSError (/Users/toannguyen/Documents/Source/tn-uptech-backend/node_modules/ts-node/src/index.ts:859:12)
    at reportTSError (/Users/toannguyen/Documents/Source/tn-uptech-backend/node_modules/ts-node/src/index.ts:863:19)
    at getOutput (/Users/toannguyen/Documents/Source/tn-uptech-backend/node_modules/ts-node/src/index.ts:1077:36)
    at Object.compile (/Users/toannguyen/Documents/Source/tn-uptech-backend/node_modules/ts-node/src/index.ts:1433:41)
    at Module.m._compile (/Users/toannguyen/Documents/Source/tn-uptech-backend/node_modules/ts-node/src/index.ts:1617:30)
    at Module._extensions..js (node:internal/modules/cjs/loader:1245:10)
    at Object.require.extensions.<computed> [as .ts] (/Users/toannguyen/Documents/Source/tn-uptech-backend/node_modules/ts-node/src/index.ts:1621:12)
    at Module.load (node:internal/modules/cjs/loader:1069:32)
    at Function.Module._load (node:internal/modules/cjs/loader:904:12)
    at Module.require (node:internal/modules/cjs/loader:1093:19)
2023-04-19 12:13:23 error: uncaughtException:  Unable to compile TypeScript:
[96msrc/route/ceo.route.ts[0m:[93m17[0m:[93m66[0m - [91merror[0m[90m TS2339: [0mProperty 'getListFeatured' does not exist on type 'CeoController'.

[7m17[0m         this.router.get(`${this.path}/getListFeatured`, this.ceo.getListFeatured);
[7m  [0m [91m                                                                 ~~~~~~~~~~~~~~~[0m

TSError:  Unable to compile TypeScript:
[96msrc/route/ceo.route.ts[0m:[93m17[0m:[93m66[0m - [91merror[0m[90m TS2339: [0mProperty 'getListFeatured' does not exist on type 'CeoController'.

[7m17[0m         this.router.get(`${this.path}/getListFeatured`, this.ceo.getListFeatured);
[7m  [0m [91m                                                                 ~~~~~~~~~~~~~~~[0m

    at createTSError (/Users/toannguyen/Documents/Source/tn-uptech-backend/node_modules/ts-node/src/index.ts:859:12)
    at reportTSError (/Users/toannguyen/Documents/Source/tn-uptech-backend/node_modules/ts-node/src/index.ts:863:19)
    at getOutput (/Users/toannguyen/Documents/Source/tn-uptech-backend/node_modules/ts-node/src/index.ts:1077:36)
    at Object.compile (/Users/toannguyen/Documents/Source/tn-uptech-backend/node_modules/ts-node/src/index.ts:1433:41)
    at Module.m._compile (/Users/toannguyen/Documents/Source/tn-uptech-backend/node_modules/ts-node/src/index.ts:1617:30)
    at Module._extensions..js (node:internal/modules/cjs/loader:1245:10)
    at Object.require.extensions.<computed> [as .ts] (/Users/toannguyen/Documents/Source/tn-uptech-backend/node_modules/ts-node/src/index.ts:1621:12)
    at Module.load (node:internal/modules/cjs/loader:1069:32)
    at Function.Module._load (node:internal/modules/cjs/loader:904:12)
    at Module.require (node:internal/modules/cjs/loader:1093:19)
2023-04-19 12:13:35 error: uncaughtException:  Unable to compile TypeScript:
[96msrc/route/ceo.route.ts[0m:[93m17[0m:[93m66[0m - [91merror[0m[90m TS2339: [0mProperty 'getListFeatured' does not exist on type 'CeoController'.

[7m17[0m         this.router.get(`${this.path}/getListFeatured`, this.ceo.getListFeatured);
[7m  [0m [91m                                                                 ~~~~~~~~~~~~~~~[0m

TSError:  Unable to compile TypeScript:
[96msrc/route/ceo.route.ts[0m:[93m17[0m:[93m66[0m - [91merror[0m[90m TS2339: [0mProperty 'getListFeatured' does not exist on type 'CeoController'.

[7m17[0m         this.router.get(`${this.path}/getListFeatured`, this.ceo.getListFeatured);
[7m  [0m [91m                                                                 ~~~~~~~~~~~~~~~[0m

    at createTSError (/Users/toannguyen/Documents/Source/tn-uptech-backend/node_modules/ts-node/src/index.ts:859:12)
    at reportTSError (/Users/toannguyen/Documents/Source/tn-uptech-backend/node_modules/ts-node/src/index.ts:863:19)
    at getOutput (/Users/toannguyen/Documents/Source/tn-uptech-backend/node_modules/ts-node/src/index.ts:1077:36)
    at Object.compile (/Users/toannguyen/Documents/Source/tn-uptech-backend/node_modules/ts-node/src/index.ts:1433:41)
    at Module.m._compile (/Users/toannguyen/Documents/Source/tn-uptech-backend/node_modules/ts-node/src/index.ts:1617:30)
    at Module._extensions..js (node:internal/modules/cjs/loader:1245:10)
    at Object.require.extensions.<computed> [as .ts] (/Users/toannguyen/Documents/Source/tn-uptech-backend/node_modules/ts-node/src/index.ts:1621:12)
    at Module.load (node:internal/modules/cjs/loader:1069:32)
    at Function.Module._load (node:internal/modules/cjs/loader:904:12)
    at Module.require (node:internal/modules/cjs/loader:1093:19)
2023-04-19 12:13:47 error: uncaughtException:  Unable to compile TypeScript:
[96msrc/route/ceo.route.ts[0m:[93m17[0m:[93m66[0m - [91merror[0m[90m TS2339: [0mProperty 'getListFeatured' does not exist on type 'CeoController'.

[7m17[0m         this.router.get(`${this.path}/getListFeatured`, this.ceo.getListFeatured);
[7m  [0m [91m                                                                 ~~~~~~~~~~~~~~~[0m

TSError:  Unable to compile TypeScript:
[96msrc/route/ceo.route.ts[0m:[93m17[0m:[93m66[0m - [91merror[0m[90m TS2339: [0mProperty 'getListFeatured' does not exist on type 'CeoController'.

[7m17[0m         this.router.get(`${this.path}/getListFeatured`, this.ceo.getListFeatured);
[7m  [0m [91m                                                                 ~~~~~~~~~~~~~~~[0m

    at createTSError (/Users/toannguyen/Documents/Source/tn-uptech-backend/node_modules/ts-node/src/index.ts:859:12)
    at reportTSError (/Users/toannguyen/Documents/Source/tn-uptech-backend/node_modules/ts-node/src/index.ts:863:19)
    at getOutput (/Users/toannguyen/Documents/Source/tn-uptech-backend/node_modules/ts-node/src/index.ts:1077:36)
    at Object.compile (/Users/toannguyen/Documents/Source/tn-uptech-backend/node_modules/ts-node/src/index.ts:1433:41)
    at Module.m._compile (/Users/toannguyen/Documents/Source/tn-uptech-backend/node_modules/ts-node/src/index.ts:1617:30)
    at Module._extensions..js (node:internal/modules/cjs/loader:1245:10)
    at Object.require.extensions.<computed> [as .ts] (/Users/toannguyen/Documents/Source/tn-uptech-backend/node_modules/ts-node/src/index.ts:1621:12)
    at Module.load (node:internal/modules/cjs/loader:1069:32)
    at Function.Module._load (node:internal/modules/cjs/loader:904:12)
    at Module.require (node:internal/modules/cjs/loader:1093:19)
2023-04-19 12:15:40 error: {"name":"SequelizeDatabaseError","parent":{"code":"ER_BAD_FIELD_ERROR","errno":1054,"sqlState":"42S22","sqlMessage":"Unknown column 'ceos.isFeatured' in 'where clause'","sql":"SELECT `ceos`.`id`, `ceos`.`status`, `ceos`.`thumbnail`, `ceos`.`createdAt`, `ceos`.`updatedAt`, `image`.`id` AS `image.id`, `image`.`filename` AS `image.filename`, `image`.`disk` AS `image.disk`, `image`.`folder_id` AS `image.folder_id`, `image`.`path` AS `image.path`, `image`.`extension` AS `image.extension`, `image`.`mime` AS `image.mime`, `image`.`size` AS `image.size`, `image`.`width` AS `image.width`, `image`.`height` AS `image.height`, `image`.`alt` AS `image.alt`, `image`.`creator` AS `image.creator`, `image`.`editor` AS `image.editor`, `image`.`createdAt` AS `image.createdAt`, `image`.`updatedAt` AS `image.updatedAt` FROM `ceos` AS `ceos` LEFT OUTER JOIN `medias` AS `image` ON `ceos`.`thumbnail` = `image`.`id` WHERE `ceos`.`isFeatured` = true AND `ceos`.`status` = true;"},"original":{"code":"ER_BAD_FIELD_ERROR","errno":1054,"sqlState":"42S22","sqlMessage":"Unknown column 'ceos.isFeatured' in 'where clause'","sql":"SELECT `ceos`.`id`, `ceos`.`status`, `ceos`.`thumbnail`, `ceos`.`createdAt`, `ceos`.`updatedAt`, `image`.`id` AS `image.id`, `image`.`filename` AS `image.filename`, `image`.`disk` AS `image.disk`, `image`.`folder_id` AS `image.folder_id`, `image`.`path` AS `image.path`, `image`.`extension` AS `image.extension`, `image`.`mime` AS `image.mime`, `image`.`size` AS `image.size`, `image`.`width` AS `image.width`, `image`.`height` AS `image.height`, `image`.`alt` AS `image.alt`, `image`.`creator` AS `image.creator`, `image`.`editor` AS `image.editor`, `image`.`createdAt` AS `image.createdAt`, `image`.`updatedAt` AS `image.updatedAt` FROM `ceos` AS `ceos` LEFT OUTER JOIN `medias` AS `image` ON `ceos`.`thumbnail` = `image`.`id` WHERE `ceos`.`isFeatured` = true AND `ceos`.`status` = true;"},"sql":"SELECT `ceos`.`id`, `ceos`.`status`, `ceos`.`thumbnail`, `ceos`.`createdAt`, `ceos`.`updatedAt`, `image`.`id` AS `image.id`, `image`.`filename` AS `image.filename`, `image`.`disk` AS `image.disk`, `image`.`folder_id` AS `image.folder_id`, `image`.`path` AS `image.path`, `image`.`extension` AS `image.extension`, `image`.`mime` AS `image.mime`, `image`.`size` AS `image.size`, `image`.`width` AS `image.width`, `image`.`height` AS `image.height`, `image`.`alt` AS `image.alt`, `image`.`creator` AS `image.creator`, `image`.`editor` AS `image.editor`, `image`.`createdAt` AS `image.createdAt`, `image`.`updatedAt` AS `image.updatedAt` FROM `ceos` AS `ceos` LEFT OUTER JOIN `medias` AS `image` ON `ceos`.`thumbnail` = `image`.`id` WHERE `ceos`.`isFeatured` = true AND `ceos`.`status` = true;","parameters":{}}
2023-04-19 12:17:01 error: {"name":"SequelizeDatabaseError","parent":{"code":"ER_BAD_FIELD_ERROR","errno":1054,"sqlState":"42S22","sqlMessage":"Unknown column 'ceos.isFeatured' in 'where clause'","sql":"SELECT `ceos`.`id`, `ceos`.`status`, `ceos`.`thumbnail`, `ceos`.`createdAt`, `ceos`.`updatedAt`, `image`.`id` AS `image.id`, `image`.`filename` AS `image.filename`, `image`.`disk` AS `image.disk`, `image`.`folder_id` AS `image.folder_id`, `image`.`path` AS `image.path`, `image`.`extension` AS `image.extension`, `image`.`mime` AS `image.mime`, `image`.`size` AS `image.size`, `image`.`width` AS `image.width`, `image`.`height` AS `image.height`, `image`.`alt` AS `image.alt`, `image`.`creator` AS `image.creator`, `image`.`editor` AS `image.editor`, `image`.`createdAt` AS `image.createdAt`, `image`.`updatedAt` AS `image.updatedAt` FROM `ceos` AS `ceos` LEFT OUTER JOIN `medias` AS `image` ON `ceos`.`thumbnail` = `image`.`id` WHERE `ceos`.`isFeatured` = true AND `ceos`.`status` = true;"},"original":{"code":"ER_BAD_FIELD_ERROR","errno":1054,"sqlState":"42S22","sqlMessage":"Unknown column 'ceos.isFeatured' in 'where clause'","sql":"SELECT `ceos`.`id`, `ceos`.`status`, `ceos`.`thumbnail`, `ceos`.`createdAt`, `ceos`.`updatedAt`, `image`.`id` AS `image.id`, `image`.`filename` AS `image.filename`, `image`.`disk` AS `image.disk`, `image`.`folder_id` AS `image.folder_id`, `image`.`path` AS `image.path`, `image`.`extension` AS `image.extension`, `image`.`mime` AS `image.mime`, `image`.`size` AS `image.size`, `image`.`width` AS `image.width`, `image`.`height` AS `image.height`, `image`.`alt` AS `image.alt`, `image`.`creator` AS `image.creator`, `image`.`editor` AS `image.editor`, `image`.`createdAt` AS `image.createdAt`, `image`.`updatedAt` AS `image.updatedAt` FROM `ceos` AS `ceos` LEFT OUTER JOIN `medias` AS `image` ON `ceos`.`thumbnail` = `image`.`id` WHERE `ceos`.`isFeatured` = true AND `ceos`.`status` = true;"},"sql":"SELECT `ceos`.`id`, `ceos`.`status`, `ceos`.`thumbnail`, `ceos`.`createdAt`, `ceos`.`updatedAt`, `image`.`id` AS `image.id`, `image`.`filename` AS `image.filename`, `image`.`disk` AS `image.disk`, `image`.`folder_id` AS `image.folder_id`, `image`.`path` AS `image.path`, `image`.`extension` AS `image.extension`, `image`.`mime` AS `image.mime`, `image`.`size` AS `image.size`, `image`.`width` AS `image.width`, `image`.`height` AS `image.height`, `image`.`alt` AS `image.alt`, `image`.`creator` AS `image.creator`, `image`.`editor` AS `image.editor`, `image`.`createdAt` AS `image.createdAt`, `image`.`updatedAt` AS `image.updatedAt` FROM `ceos` AS `ceos` LEFT OUTER JOIN `medias` AS `image` ON `ceos`.`thumbnail` = `image`.`id` WHERE `ceos`.`isFeatured` = true AND `ceos`.`status` = true;","parameters":{}}
2023-04-19 12:46:24 error: uncaughtException:  Unable to compile TypeScript:
[96msrc/route/ceo.route.ts[0m:[93m17[0m:[93m61[0m - [91merror[0m[90m TS2339: [0mProperty 'getListCeo' does not exist on type 'CeoController'.

[7m17[0m         this.router.get(`${this.path}/getListCeo`, this.ceo.getListCeo);
[7m  [0m [91m                                                            ~~~~~~~~~~[0m

TSError:  Unable to compile TypeScript:
[96msrc/route/ceo.route.ts[0m:[93m17[0m:[93m61[0m - [91merror[0m[90m TS2339: [0mProperty 'getListCeo' does not exist on type 'CeoController'.

[7m17[0m         this.router.get(`${this.path}/getListCeo`, this.ceo.getListCeo);
[7m  [0m [91m                                                            ~~~~~~~~~~[0m

    at createTSError (/Users/toannguyen/Documents/Source/tn-uptech-backend/node_modules/ts-node/src/index.ts:859:12)
    at reportTSError (/Users/toannguyen/Documents/Source/tn-uptech-backend/node_modules/ts-node/src/index.ts:863:19)
    at getOutput (/Users/toannguyen/Documents/Source/tn-uptech-backend/node_modules/ts-node/src/index.ts:1077:36)
    at Object.compile (/Users/toannguyen/Documents/Source/tn-uptech-backend/node_modules/ts-node/src/index.ts:1433:41)
    at Module.m._compile (/Users/toannguyen/Documents/Source/tn-uptech-backend/node_modules/ts-node/src/index.ts:1617:30)
    at Module._extensions..js (node:internal/modules/cjs/loader:1245:10)
    at Object.require.extensions.<computed> [as .ts] (/Users/toannguyen/Documents/Source/tn-uptech-backend/node_modules/ts-node/src/index.ts:1621:12)
    at Module.load (node:internal/modules/cjs/loader:1069:32)
    at Function.Module._load (node:internal/modules/cjs/loader:904:12)
    at Module.require (node:internal/modules/cjs/loader:1093:19)
2023-04-19 12:46:34 error: uncaughtException:  Unable to compile TypeScript:
[96msrc/modules/controllers/ceo.controller.ts[0m:[93m40[0m:[93m36[0m - [91merror[0m[90m TS2339: [0mProperty 'getListCeo' does not exist on type 'CeoService'.

[7m40[0m             const data = await ceo.getListCeo();
[7m  [0m [91m                                   ~~~~~~~~~~[0m

TSError:  Unable to compile TypeScript:
[96msrc/modules/controllers/ceo.controller.ts[0m:[93m40[0m:[93m36[0m - [91merror[0m[90m TS2339: [0mProperty 'getListCeo' does not exist on type 'CeoService'.

[7m40[0m             const data = await ceo.getListCeo();
[7m  [0m [91m                                   ~~~~~~~~~~[0m

    at createTSError (/Users/toannguyen/Documents/Source/tn-uptech-backend/node_modules/ts-node/src/index.ts:859:12)
    at reportTSError (/Users/toannguyen/Documents/Source/tn-uptech-backend/node_modules/ts-node/src/index.ts:863:19)
    at getOutput (/Users/toannguyen/Documents/Source/tn-uptech-backend/node_modules/ts-node/src/index.ts:1077:36)
    at Object.compile (/Users/toannguyen/Documents/Source/tn-uptech-backend/node_modules/ts-node/src/index.ts:1433:41)
    at Module.m._compile (/Users/toannguyen/Documents/Source/tn-uptech-backend/node_modules/ts-node/src/index.ts:1617:30)
    at Module._extensions..js (node:internal/modules/cjs/loader:1245:10)
    at Object.require.extensions.<computed> [as .ts] (/Users/toannguyen/Documents/Source/tn-uptech-backend/node_modules/ts-node/src/index.ts:1621:12)
    at Module.load (node:internal/modules/cjs/loader:1069:32)
    at Function.Module._load (node:internal/modules/cjs/loader:904:12)
    at Module.require (node:internal/modules/cjs/loader:1093:19)
2023-04-19 12:47:19 error: uncaughtException:  Unable to compile TypeScript:
[96msrc/services/ceo.service.ts[0m:[93m114[0m:[93m32[0m - [91merror[0m[90m TS2304: [0mCannot find name 'queryTranslation'.

[7m114[0m                         where: queryTranslation
[7m   [0m [91m                               ~~~~~~~~~~~~~~~~[0m

TSError:  Unable to compile TypeScript:
[96msrc/services/ceo.service.ts[0m:[93m114[0m:[93m32[0m - [91merror[0m[90m TS2304: [0mCannot find name 'queryTranslation'.

[7m114[0m                         where: queryTranslation
[7m   [0m [91m                               ~~~~~~~~~~~~~~~~[0m

    at createTSError (/Users/toannguyen/Documents/Source/tn-uptech-backend/node_modules/ts-node/src/index.ts:859:12)
    at reportTSError (/Users/toannguyen/Documents/Source/tn-uptech-backend/node_modules/ts-node/src/index.ts:863:19)
    at getOutput (/Users/toannguyen/Documents/Source/tn-uptech-backend/node_modules/ts-node/src/index.ts:1077:36)
    at Object.compile (/Users/toannguyen/Documents/Source/tn-uptech-backend/node_modules/ts-node/src/index.ts:1433:41)
    at Module.m._compile (/Users/toannguyen/Documents/Source/tn-uptech-backend/node_modules/ts-node/src/index.ts:1617:30)
    at Module._extensions..js (node:internal/modules/cjs/loader:1245:10)
    at Object.require.extensions.<computed> [as .ts] (/Users/toannguyen/Documents/Source/tn-uptech-backend/node_modules/ts-node/src/index.ts:1621:12)
    at Module.load (node:internal/modules/cjs/loader:1069:32)
    at Function.Module._load (node:internal/modules/cjs/loader:904:12)
    at Module.require (node:internal/modules/cjs/loader:1093:19)
2023-04-19 12:47:34 error: uncaughtException:  Unable to compile TypeScript:
[96msrc/services/ceo.service.ts[0m:[93m114[0m:[93m32[0m - [91merror[0m[90m TS2304: [0mCannot find name 'queryTranslation'.

[7m114[0m                         where: queryTranslation
[7m   [0m [91m                               ~~~~~~~~~~~~~~~~[0m

TSError:  Unable to compile TypeScript:
[96msrc/services/ceo.service.ts[0m:[93m114[0m:[93m32[0m - [91merror[0m[90m TS2304: [0mCannot find name 'queryTranslation'.

[7m114[0m                         where: queryTranslation
[7m   [0m [91m                               ~~~~~~~~~~~~~~~~[0m

    at createTSError (/Users/toannguyen/Documents/Source/tn-uptech-backend/node_modules/ts-node/src/index.ts:859:12)
    at reportTSError (/Users/toannguyen/Documents/Source/tn-uptech-backend/node_modules/ts-node/src/index.ts:863:19)
    at getOutput (/Users/toannguyen/Documents/Source/tn-uptech-backend/node_modules/ts-node/src/index.ts:1077:36)
    at Object.compile (/Users/toannguyen/Documents/Source/tn-uptech-backend/node_modules/ts-node/src/index.ts:1433:41)
    at Module.m._compile (/Users/toannguyen/Documents/Source/tn-uptech-backend/node_modules/ts-node/src/index.ts:1617:30)
    at Module._extensions..js (node:internal/modules/cjs/loader:1245:10)
    at Object.require.extensions.<computed> [as .ts] (/Users/toannguyen/Documents/Source/tn-uptech-backend/node_modules/ts-node/src/index.ts:1621:12)
    at Module.load (node:internal/modules/cjs/loader:1069:32)
    at Function.Module._load (node:internal/modules/cjs/loader:904:12)
    at Module.require (node:internal/modules/cjs/loader:1093:19)
2023-04-19 12:48:09 error: uncaughtException:  Unable to compile TypeScript:
[96msrc/services/ceo.service.ts[0m:[93m116[0m:[93m33[0m - [91merror[0m[90m TS2304: [0mCannot find name 'id'.

[7m116[0m                         ceo_id: id,
[7m   [0m [91m                                ~~[0m

TSError:  Unable to compile TypeScript:
[96msrc/services/ceo.service.ts[0m:[93m116[0m:[93m33[0m - [91merror[0m[90m TS2304: [0mCannot find name 'id'.

[7m116[0m                         ceo_id: id,
[7m   [0m [91m                                ~~[0m

    at createTSError (/Users/toannguyen/Documents/Source/tn-uptech-backend/node_modules/ts-node/src/index.ts:859:12)
    at reportTSError (/Users/toannguyen/Documents/Source/tn-uptech-backend/node_modules/ts-node/src/index.ts:863:19)
    at getOutput (/Users/toannguyen/Documents/Source/tn-uptech-backend/node_modules/ts-node/src/index.ts:1077:36)
    at Object.compile (/Users/toannguyen/Documents/Source/tn-uptech-backend/node_modules/ts-node/src/index.ts:1433:41)
    at Module.m._compile (/Users/toannguyen/Documents/Source/tn-uptech-backend/node_modules/ts-node/src/index.ts:1617:30)
    at Module._extensions..js (node:internal/modules/cjs/loader:1245:10)
    at Object.require.extensions.<computed> [as .ts] (/Users/toannguyen/Documents/Source/tn-uptech-backend/node_modules/ts-node/src/index.ts:1621:12)
    at Module.load (node:internal/modules/cjs/loader:1069:32)
    at Function.Module._load (node:internal/modules/cjs/loader:904:12)
    at Module.require (node:internal/modules/cjs/loader:1093:19)
2023-04-19 12:48:44 error: {"name":"SequelizeDatabaseError","parent":{"code":"ER_BAD_FIELD_ERROR","errno":1054,"sqlState":"42S22","sqlMessage":"Unknown column 'ceos.isFeatured' in 'where clause'","sql":"SELECT `ceos`.`id`, `ceos`.`status`, `ceos`.`thumbnail`, `ceos`.`createdAt`, `ceos`.`updatedAt`, `image`.`id` AS `image.id`, `image`.`filename` AS `image.filename`, `image`.`disk` AS `image.disk`, `image`.`folder_id` AS `image.folder_id`, `image`.`path` AS `image.path`, `image`.`extension` AS `image.extension`, `image`.`mime` AS `image.mime`, `image`.`size` AS `image.size`, `image`.`width` AS `image.width`, `image`.`height` AS `image.height`, `image`.`alt` AS `image.alt`, `image`.`creator` AS `image.creator`, `image`.`editor` AS `image.editor`, `image`.`createdAt` AS `image.createdAt`, `image`.`updatedAt` AS `image.updatedAt`, `translations`.`id` AS `translations.id`, `translations`.`ceo_id` AS `translations.ceo_id`, `translations`.`locale` AS `translations.locale`, `translations`.`name` AS `translations.name`, `translations`.`description` AS `translations.description`, `translations`.`detail` AS `translations.detail`, `translations`.`date` AS `translations.date`, `translations`.`phone` AS `translations.phone`, `translations`.`email` AS `translations.email`, `translations`.`position` AS `translations.position`, `translations`.`work_at` AS `translations.work_at`, `translations`.`lang` AS `translations.lang`, `translations`.`address` AS `translations.address`, `translations`.`social` AS `translations.social`, `translations`.`education` AS `translations.education`, `translations`.`slug` AS `translations.slug`, `translations`.`custom_slug` AS `translations.custom_slug`, `translations`.`meta_title` AS `translations.meta_title`, `translations`.`meta_description` AS `translations.meta_description`, `translations`.`meta_keyword` AS `translations.meta_keyword`, `translations`.`meta_robots` AS `translations.meta_robots`, `translations`.`canonica_link` AS `translations.canonica_link`, `translations`.`meta_image` AS `translations.meta_image`, `translations`.`meta_viewport` AS `translations.meta_viewport` FROM `ceos` AS `ceos` LEFT OUTER JOIN `medias` AS `image` ON `ceos`.`thumbnail` = `image`.`id` INNER JOIN `ceo_translation` AS `translations` ON `ceos`.`id` = `translations`.`ceo_id` AND `translations`.`locale` = 'en' WHERE `ceos`.`isFeatured` = true AND `ceos`.`status` = true;"},"original":{"code":"ER_BAD_FIELD_ERROR","errno":1054,"sqlState":"42S22","sqlMessage":"Unknown column 'ceos.isFeatured' in 'where clause'","sql":"SELECT `ceos`.`id`, `ceos`.`status`, `ceos`.`thumbnail`, `ceos`.`createdAt`, `ceos`.`updatedAt`, `image`.`id` AS `image.id`, `image`.`filename` AS `image.filename`, `image`.`disk` AS `image.disk`, `image`.`folder_id` AS `image.folder_id`, `image`.`path` AS `image.path`, `image`.`extension` AS `image.extension`, `image`.`mime` AS `image.mime`, `image`.`size` AS `image.size`, `image`.`width` AS `image.width`, `image`.`height` AS `image.height`, `image`.`alt` AS `image.alt`, `image`.`creator` AS `image.creator`, `image`.`editor` AS `image.editor`, `image`.`createdAt` AS `image.createdAt`, `image`.`updatedAt` AS `image.updatedAt`, `translations`.`id` AS `translations.id`, `translations`.`ceo_id` AS `translations.ceo_id`, `translations`.`locale` AS `translations.locale`, `translations`.`name` AS `translations.name`, `translations`.`description` AS `translations.description`, `translations`.`detail` AS `translations.detail`, `translations`.`date` AS `translations.date`, `translations`.`phone` AS `translations.phone`, `translations`.`email` AS `translations.email`, `translations`.`position` AS `translations.position`, `translations`.`work_at` AS `translations.work_at`, `translations`.`lang` AS `translations.lang`, `translations`.`address` AS `translations.address`, `translations`.`social` AS `translations.social`, `translations`.`education` AS `translations.education`, `translations`.`slug` AS `translations.slug`, `translations`.`custom_slug` AS `translations.custom_slug`, `translations`.`meta_title` AS `translations.meta_title`, `translations`.`meta_description` AS `translations.meta_description`, `translations`.`meta_keyword` AS `translations.meta_keyword`, `translations`.`meta_robots` AS `translations.meta_robots`, `translations`.`canonica_link` AS `translations.canonica_link`, `translations`.`meta_image` AS `translations.meta_image`, `translations`.`meta_viewport` AS `translations.meta_viewport` FROM `ceos` AS `ceos` LEFT OUTER JOIN `medias` AS `image` ON `ceos`.`thumbnail` = `image`.`id` INNER JOIN `ceo_translation` AS `translations` ON `ceos`.`id` = `translations`.`ceo_id` AND `translations`.`locale` = 'en' WHERE `ceos`.`isFeatured` = true AND `ceos`.`status` = true;"},"sql":"SELECT `ceos`.`id`, `ceos`.`status`, `ceos`.`thumbnail`, `ceos`.`createdAt`, `ceos`.`updatedAt`, `image`.`id` AS `image.id`, `image`.`filename` AS `image.filename`, `image`.`disk` AS `image.disk`, `image`.`folder_id` AS `image.folder_id`, `image`.`path` AS `image.path`, `image`.`extension` AS `image.extension`, `image`.`mime` AS `image.mime`, `image`.`size` AS `image.size`, `image`.`width` AS `image.width`, `image`.`height` AS `image.height`, `image`.`alt` AS `image.alt`, `image`.`creator` AS `image.creator`, `image`.`editor` AS `image.editor`, `image`.`createdAt` AS `image.createdAt`, `image`.`updatedAt` AS `image.updatedAt`, `translations`.`id` AS `translations.id`, `translations`.`ceo_id` AS `translations.ceo_id`, `translations`.`locale` AS `translations.locale`, `translations`.`name` AS `translations.name`, `translations`.`description` AS `translations.description`, `translations`.`detail` AS `translations.detail`, `translations`.`date` AS `translations.date`, `translations`.`phone` AS `translations.phone`, `translations`.`email` AS `translations.email`, `translations`.`position` AS `translations.position`, `translations`.`work_at` AS `translations.work_at`, `translations`.`lang` AS `translations.lang`, `translations`.`address` AS `translations.address`, `translations`.`social` AS `translations.social`, `translations`.`education` AS `translations.education`, `translations`.`slug` AS `translations.slug`, `translations`.`custom_slug` AS `translations.custom_slug`, `translations`.`meta_title` AS `translations.meta_title`, `translations`.`meta_description` AS `translations.meta_description`, `translations`.`meta_keyword` AS `translations.meta_keyword`, `translations`.`meta_robots` AS `translations.meta_robots`, `translations`.`canonica_link` AS `translations.canonica_link`, `translations`.`meta_image` AS `translations.meta_image`, `translations`.`meta_viewport` AS `translations.meta_viewport` FROM `ceos` AS `ceos` LEFT OUTER JOIN `medias` AS `image` ON `ceos`.`thumbnail` = `image`.`id` INNER JOIN `ceo_translation` AS `translations` ON `ceos`.`id` = `translations`.`ceo_id` AND `translations`.`locale` = 'en' WHERE `ceos`.`isFeatured` = true AND `ceos`.`status` = true;","parameters":{}}
