2023-07-11 09:52:20 error: uncaughtException: тип Unable to compile TypeScript:
[96msrc/infra/sequelize/models/branchTranslation.model.ts[0m:[93m47[0m:[93m5[0m - [91merror[0m[90m TS2304: [0mCannot find name 'CategoryTranslation'.

[7m47[0m     CategoryTranslation.afterSave(async (category, options) => {
[7m  [0m [91m    ~~~~~~~~~~~~~~~~~~~[0m

TSError: тип Unable to compile TypeScript:
[96msrc/infra/sequelize/models/branchTranslation.model.ts[0m:[93m47[0m:[93m5[0m - [91merror[0m[90m TS2304: [0mCannot find name 'CategoryTranslation'.

[7m47[0m     CategoryTranslation.afterSave(async (category, options) => {
[7m  [0m [91m    ~~~~~~~~~~~~~~~~~~~[0m

    at createTSError (/Users/toannguyen/Desktop/tn-uptech-backend/node_modules/ts-node/src/index.ts:859:12)
    at reportTSError (/Users/toannguyen/Desktop/tn-uptech-backend/node_modules/ts-node/src/index.ts:863:19)
    at getOutput (/Users/toannguyen/Desktop/tn-uptech-backend/node_modules/ts-node/src/index.ts:1077:36)
    at Object.compile (/Users/toannguyen/Desktop/tn-uptech-backend/node_modules/ts-node/src/index.ts:1433:41)
    at Module.m._compile (/Users/toannguyen/Desktop/tn-uptech-backend/node_modules/ts-node/src/index.ts:1617:30)
    at Module._extensions..js (node:internal/modules/cjs/loader:1252:10)
    at Object.require.extensions.<computed> [as .ts] (/Users/toannguyen/Desktop/tn-uptech-backend/node_modules/ts-node/src/index.ts:1621:12)
    at Module.load (node:internal/modules/cjs/loader:1076:32)
    at Function.Module._load (node:internal/modules/cjs/loader:911:12)
    at Module.require (node:internal/modules/cjs/loader:1100:19)
