2023-03-28 00:04:20 error: uncaughtException: тип Unable to compile TypeScript:
[96msrc/modules/controllers/project.controller.ts[0m:[93m52[0m:[93m63[0m - [91merror[0m[90m TS18004: [0mNo value exists in scope for the shorthand property 'data'. Either declare one or provide an initializer.

[7m52[0m             return res.status(200).json({ message: "success", data });
[7m  [0m [91m                                                              ~~~~[0m

TSError: тип Unable to compile TypeScript:
[96msrc/modules/controllers/project.controller.ts[0m:[93m52[0m:[93m63[0m - [91merror[0m[90m TS18004: [0mNo value exists in scope for the shorthand property 'data'. Either declare one or provide an initializer.

[7m52[0m             return res.status(200).json({ message: "success", data });
[7m  [0m [91m                                                              ~~~~[0m

    at createTSError (/Users/toannguyen/Documents/Source/tn-uptech-backend/node_modules/ts-node/src/index.ts:859:12)
    at reportTSError (/Users/toannguyen/Documents/Source/tn-uptech-backend/node_modules/ts-node/src/index.ts:863:19)
    at getOutput (/Users/toannguyen/Documents/Source/tn-uptech-backend/node_modules/ts-node/src/index.ts:1077:36)
    at Object.compile (/Users/toannguyen/Documents/Source/tn-uptech-backend/node_modules/ts-node/src/index.ts:1433:41)
    at Module.m._compile (/Users/toannguyen/Documents/Source/tn-uptech-backend/node_modules/ts-node/src/index.ts:1617:30)
    at Module._extensions..js (node:internal/modules/cjs/loader:1245:10)
    at Object.require.extensions.<computed> [as .ts] (/Users/toannguyen/Documents/Source/tn-uptech-backend/node_modules/ts-node/src/index.ts:1621:12)
    at Module.load (node:internal/modules/cjs/loader:1069:32)
    at Function.Module._load (node:internal/modules/cjs/loader:904:12)
    at Module.require (node:internal/modules/cjs/loader:1093:19)
2023-03-28 00:07:08 error: uncaughtException: тип Unable to compile TypeScript:
[96msrc/modules/controllers/project.controller.ts[0m:[93m50[0m:[93m63[0m - [91merror[0m[90m TS18004: [0mNo value exists in scope for the shorthand property 'data'. Either declare one or provide an initializer.

[7m50[0m             return res.status(200).json({ message: "success", data });
[7m  [0m [91m                                                              ~~~~[0m

TSError: тип Unable to compile TypeScript:
[96msrc/modules/controllers/project.controller.ts[0m:[93m50[0m:[93m63[0m - [91merror[0m[90m TS18004: [0mNo value exists in scope for the shorthand property 'data'. Either declare one or provide an initializer.

[7m50[0m             return res.status(200).json({ message: "success", data });
[7m  [0m [91m                                                              ~~~~[0m

    at createTSError (/Users/toannguyen/Documents/Source/tn-uptech-backend/node_modules/ts-node/src/index.ts:859:12)
    at reportTSError (/Users/toannguyen/Documents/Source/tn-uptech-backend/node_modules/ts-node/src/index.ts:863:19)
    at getOutput (/Users/toannguyen/Documents/Source/tn-uptech-backend/node_modules/ts-node/src/index.ts:1077:36)
    at Object.compile (/Users/toannguyen/Documents/Source/tn-uptech-backend/node_modules/ts-node/src/index.ts:1433:41)
    at Module.m._compile (/Users/toannguyen/Documents/Source/tn-uptech-backend/node_modules/ts-node/src/index.ts:1617:30)
    at Module._extensions..js (node:internal/modules/cjs/loader:1245:10)
    at Object.require.extensions.<computed> [as .ts] (/Users/toannguyen/Documents/Source/tn-uptech-backend/node_modules/ts-node/src/index.ts:1621:12)
    at Module.load (node:internal/modules/cjs/loader:1069:32)
    at Function.Module._load (node:internal/modules/cjs/loader:904:12)
    at Module.require (node:internal/modules/cjs/loader:1093:19)
2023-03-28 11:52:48 error: uncaughtException: тип Unable to compile TypeScript:
[96msrc/route/locale.route.ts[0m:[93m8[0m:[93m23[0m - [91merror[0m[90m TS2552: [0mCannot find name 'PostController'. Did you mean 'AbortController'?

[7m8[0m     public post = new PostController();
[7m [0m [91m                      ~~~~~~~~~~~~~~[0m

  [96mnode_modules/@types/node/globals.d.ts[0m:[93m67[0m:[93m13[0m
    [7m67[0m declare var AbortController: {
    [7m  [0m [96m            ~~~~~~~~~~~~~~~[0m
    'AbortController' is declared here.

TSError: тип Unable to compile TypeScript:
[96msrc/route/locale.route.ts[0m:[93m8[0m:[93m23[0m - [91merror[0m[90m TS2552: [0mCannot find name 'PostController'. Did you mean 'AbortController'?

[7m8[0m     public post = new PostController();
[7m [0m [91m                      ~~~~~~~~~~~~~~[0m

  [96mnode_modules/@types/node/globals.d.ts[0m:[93m67[0m:[93m13[0m
    [7m67[0m declare var AbortController: {
    [7m  [0m [96m            ~~~~~~~~~~~~~~~[0m
    'AbortController' is declared here.

    at createTSError (/Users/toannguyen/Documents/Source/tn-uptech-backend/node_modules/ts-node/src/index.ts:859:12)
    at reportTSError (/Users/toannguyen/Documents/Source/tn-uptech-backend/node_modules/ts-node/src/index.ts:863:19)
    at getOutput (/Users/toannguyen/Documents/Source/tn-uptech-backend/node_modules/ts-node/src/index.ts:1077:36)
    at Object.compile (/Users/toannguyen/Documents/Source/tn-uptech-backend/node_modules/ts-node/src/index.ts:1433:41)
    at Module.m._compile (/Users/toannguyen/Documents/Source/tn-uptech-backend/node_modules/ts-node/src/index.ts:1617:30)
    at Module._extensions..js (node:internal/modules/cjs/loader:1245:10)
    at Object.require.extensions.<computed> [as .ts] (/Users/toannguyen/Documents/Source/tn-uptech-backend/node_modules/ts-node/src/index.ts:1621:12)
    at Module.load (node:internal/modules/cjs/loader:1069:32)
    at Function.Module._load (node:internal/modules/cjs/loader:904:12)
    at Module.require (node:internal/modules/cjs/loader:1093:19)
2023-03-28 11:52:58 error: uncaughtException: тип Unable to compile TypeScript:
[96msrc/route/locale.route.ts[0m:[93m14[0m:[93m46[0m - [91merror[0m[90m TS2339: [0mProperty 'post' does not exist on type 'LocaleRoute'.

[7m14[0m         this.router.get(`${this.path}`, this.post.index);
[7m  [0m [91m                                             ~~~~[0m

TSError: тип Unable to compile TypeScript:
[96msrc/route/locale.route.ts[0m:[93m14[0m:[93m46[0m - [91merror[0m[90m TS2339: [0mProperty 'post' does not exist on type 'LocaleRoute'.

[7m14[0m         this.router.get(`${this.path}`, this.post.index);
[7m  [0m [91m                                             ~~~~[0m

    at createTSError (/Users/toannguyen/Documents/Source/tn-uptech-backend/node_modules/ts-node/src/index.ts:859:12)
    at reportTSError (/Users/toannguyen/Documents/Source/tn-uptech-backend/node_modules/ts-node/src/index.ts:863:19)
    at getOutput (/Users/toannguyen/Documents/Source/tn-uptech-backend/node_modules/ts-node/src/index.ts:1077:36)
    at Object.compile (/Users/toannguyen/Documents/Source/tn-uptech-backend/node_modules/ts-node/src/index.ts:1433:41)
    at Module.m._compile (/Users/toannguyen/Documents/Source/tn-uptech-backend/node_modules/ts-node/src/index.ts:1617:30)
    at Module._extensions..js (node:internal/modules/cjs/loader:1245:10)
    at Object.require.extensions.<computed> [as .ts] (/Users/toannguyen/Documents/Source/tn-uptech-backend/node_modules/ts-node/src/index.ts:1621:12)
    at Module.load (node:internal/modules/cjs/loader:1069:32)
    at Function.Module._load (node:internal/modules/cjs/loader:904:12)
    at Module.require (node:internal/modules/cjs/loader:1093:19)
2023-03-28 11:54:00 error: uncaughtException: тип Unable to compile TypeScript:
[96msrc/route/locale.route.ts[0m:[93m19[0m:[93m13[0m - [91merror[0m[90m TS2339: [0mProperty 'lang' does not exist on type 'Request<ParamsDictionary, any, any, ParsedQs, Record<string, any>>'.

[7m19[0m         req.lang = lang
[7m  [0m [91m            ~~~~[0m
[96msrc/route/locale.route.ts[0m:[93m21[0m:[93m13[0m - [91merror[0m[90m TS2339: [0mProperty 'lang' does not exist on type 'Request<ParamsDictionary, any, any, ParsedQs, Record<string, any>>'.

[7m21[0m         req.lang = 'en'
[7m  [0m [91m            ~~~~[0m
[96msrc/route/locale.route.ts[0m:[93m24[0m:[93m5[0m - [91merror[0m[90m TS2304: [0mCannot find name 'next'.

[7m24[0m     next()
[7m  [0m [91m    ~~~~[0m

TSError: тип Unable to compile TypeScript:
[96msrc/route/locale.route.ts[0m:[93m19[0m:[93m13[0m - [91merror[0m[90m TS2339: [0mProperty 'lang' does not exist on type 'Request<ParamsDictionary, any, any, ParsedQs, Record<string, any>>'.

[7m19[0m         req.lang = lang
[7m  [0m [91m            ~~~~[0m
[96msrc/route/locale.route.ts[0m:[93m21[0m:[93m13[0m - [91merror[0m[90m TS2339: [0mProperty 'lang' does not exist on type 'Request<ParamsDictionary, any, any, ParsedQs, Record<string, any>>'.

[7m21[0m         req.lang = 'en'
[7m  [0m [91m            ~~~~[0m
[96msrc/route/locale.route.ts[0m:[93m24[0m:[93m5[0m - [91merror[0m[90m TS2304: [0mCannot find name 'next'.

[7m24[0m     next()
[7m  [0m [91m    ~~~~[0m

    at createTSError (/Users/toannguyen/Documents/Source/tn-uptech-backend/node_modules/ts-node/src/index.ts:859:12)
    at reportTSError (/Users/toannguyen/Documents/Source/tn-uptech-backend/node_modules/ts-node/src/index.ts:863:19)
    at getOutput (/Users/toannguyen/Documents/Source/tn-uptech-backend/node_modules/ts-node/src/index.ts:1077:36)
    at Object.compile (/Users/toannguyen/Documents/Source/tn-uptech-backend/node_modules/ts-node/src/index.ts:1433:41)
    at Module.m._compile (/Users/toannguyen/Documents/Source/tn-uptech-backend/node_modules/ts-node/src/index.ts:1617:30)
    at Module._extensions..js (node:internal/modules/cjs/loader:1245:10)
    at Object.require.extensions.<computed> [as .ts] (/Users/toannguyen/Documents/Source/tn-uptech-backend/node_modules/ts-node/src/index.ts:1621:12)
    at Module.load (node:internal/modules/cjs/loader:1069:32)
    at Function.Module._load (node:internal/modules/cjs/loader:904:12)
    at Module.require (node:internal/modules/cjs/loader:1093:19)
2023-03-28 11:54:10 error: uncaughtException: тип Unable to compile TypeScript:
[96msrc/route/locale.route.ts[0m:[93m19[0m:[93m21[0m - [91merror[0m[90m TS2339: [0mProperty 'lang' does not exist on type 'Request<ParamsDictionary, any, any, ParsedQs, Record<string, any>>'.

[7m19[0m                 req.lang = lang
[7m  [0m [91m                    ~~~~[0m
[96msrc/route/locale.route.ts[0m:[93m21[0m:[93m21[0m - [91merror[0m[90m TS2339: [0mProperty 'lang' does not exist on type 'Request<ParamsDictionary, any, any, ParsedQs, Record<string, any>>'.

[7m21[0m                 req.lang = 'en'
[7m  [0m [91m                    ~~~~[0m
[96msrc/route/locale.route.ts[0m:[93m24[0m:[93m13[0m - [91merror[0m[90m TS2304: [0mCannot find name 'next'.

[7m24[0m             next()
[7m  [0m [91m            ~~~~[0m

TSError: тип Unable to compile TypeScript:
[96msrc/route/locale.route.ts[0m:[93m19[0m:[93m21[0m - [91merror[0m[90m TS2339: [0mProperty 'lang' does not exist on type 'Request<ParamsDictionary, any, any, ParsedQs, Record<string, any>>'.

[7m19[0m                 req.lang = lang
[7m  [0m [91m                    ~~~~[0m
[96msrc/route/locale.route.ts[0m:[93m21[0m:[93m21[0m - [91merror[0m[90m TS2339: [0mProperty 'lang' does not exist on type 'Request<ParamsDictionary, any, any, ParsedQs, Record<string, any>>'.

[7m21[0m                 req.lang = 'en'
[7m  [0m [91m                    ~~~~[0m
[96msrc/route/locale.route.ts[0m:[93m24[0m:[93m13[0m - [91merror[0m[90m TS2304: [0mCannot find name 'next'.

[7m24[0m             next()
[7m  [0m [91m            ~~~~[0m

    at createTSError (/Users/toannguyen/Documents/Source/tn-uptech-backend/node_modules/ts-node/src/index.ts:859:12)
    at reportTSError (/Users/toannguyen/Documents/Source/tn-uptech-backend/node_modules/ts-node/src/index.ts:863:19)
    at getOutput (/Users/toannguyen/Documents/Source/tn-uptech-backend/node_modules/ts-node/src/index.ts:1077:36)
    at Object.compile (/Users/toannguyen/Documents/Source/tn-uptech-backend/node_modules/ts-node/src/index.ts:1433:41)
    at Module.m._compile (/Users/toannguyen/Documents/Source/tn-uptech-backend/node_modules/ts-node/src/index.ts:1617:30)
    at Module._extensions..js (node:internal/modules/cjs/loader:1245:10)
    at Object.require.extensions.<computed> [as .ts] (/Users/toannguyen/Documents/Source/tn-uptech-backend/node_modules/ts-node/src/index.ts:1621:12)
    at Module.load (node:internal/modules/cjs/loader:1069:32)
    at Function.Module._load (node:internal/modules/cjs/loader:904:12)
    at Module.require (node:internal/modules/cjs/loader:1093:19)
2023-03-28 11:56:51 error: uncaughtException: тип Unable to compile TypeScript:
[96msrc/route/locale.route.ts[0m:[93m7[0m:[93m42[0m - [91merror[0m[90m TS2304: [0mCannot find name 'Request'.

[7m7[0m export interface LanguageRequest extends Request {
[7m [0m [91m                                         ~~~~~~~[0m
[96msrc/route/locale.route.ts[0m:[93m26[0m:[93m21[0m - [91merror[0m[90m TS2339: [0mProperty 'lang' does not exist on type 'Request<ParamsDictionary, any, any, ParsedQs, Record<string, any>>'.

[7m26[0m                 req.lang = lang
[7m  [0m [91m                    ~~~~[0m
[96msrc/route/locale.route.ts[0m:[93m28[0m:[93m21[0m - [91merror[0m[90m TS2339: [0mProperty 'lang' does not exist on type 'Request<ParamsDictionary, any, any, ParsedQs, Record<string, any>>'.

[7m28[0m                 req.lang = 'en'
[7m  [0m [91m                    ~~~~[0m
[96msrc/route/locale.route.ts[0m:[93m31[0m:[93m13[0m - [91merror[0m[90m TS2304: [0mCannot find name 'next'.

[7m31[0m             next()
[7m  [0m [91m            ~~~~[0m
[96msrc/route/locale.route.ts[0m:[93m5[0m:[93m41[0m - [91merror[0m[90m TS1002: [0mUnterminated string literal.

[7m5[0m export type Language = "en" | "es" | "it
[7m [0m [91m                                        [0m

TSError: тип Unable to compile TypeScript:
[96msrc/route/locale.route.ts[0m:[93m7[0m:[93m42[0m - [91merror[0m[90m TS2304: [0mCannot find name 'Request'.

[7m7[0m export interface LanguageRequest extends Request {
[7m [0m [91m                                         ~~~~~~~[0m
[96msrc/route/locale.route.ts[0m:[93m26[0m:[93m21[0m - [91merror[0m[90m TS2339: [0mProperty 'lang' does not exist on type 'Request<ParamsDictionary, any, any, ParsedQs, Record<string, any>>'.

[7m26[0m                 req.lang = lang
[7m  [0m [91m                    ~~~~[0m
[96msrc/route/locale.route.ts[0m:[93m28[0m:[93m21[0m - [91merror[0m[90m TS2339: [0mProperty 'lang' does not exist on type 'Request<ParamsDictionary, any, any, ParsedQs, Record<string, any>>'.

[7m28[0m                 req.lang = 'en'
[7m  [0m [91m                    ~~~~[0m
[96msrc/route/locale.route.ts[0m:[93m31[0m:[93m13[0m - [91merror[0m[90m TS2304: [0mCannot find name 'next'.

[7m31[0m             next()
[7m  [0m [91m            ~~~~[0m
[96msrc/route/locale.route.ts[0m:[93m5[0m:[93m41[0m - [91merror[0m[90m TS1002: [0mUnterminated string literal.

[7m5[0m export type Language = "en" | "es" | "it
[7m [0m [91m                                        [0m

    at createTSError (/Users/toannguyen/Documents/Source/tn-uptech-backend/node_modules/ts-node/src/index.ts:859:12)
    at reportTSError (/Users/toannguyen/Documents/Source/tn-uptech-backend/node_modules/ts-node/src/index.ts:863:19)
    at getOutput (/Users/toannguyen/Documents/Source/tn-uptech-backend/node_modules/ts-node/src/index.ts:1077:36)
    at Object.compile (/Users/toannguyen/Documents/Source/tn-uptech-backend/node_modules/ts-node/src/index.ts:1433:41)
    at Module.m._compile (/Users/toannguyen/Documents/Source/tn-uptech-backend/node_modules/ts-node/src/index.ts:1617:30)
    at Module._extensions..js (node:internal/modules/cjs/loader:1245:10)
    at Object.require.extensions.<computed> [as .ts] (/Users/toannguyen/Documents/Source/tn-uptech-backend/node_modules/ts-node/src/index.ts:1621:12)
    at Module.load (node:internal/modules/cjs/loader:1069:32)
    at Function.Module._load (node:internal/modules/cjs/loader:904:12)
    at Module.require (node:internal/modules/cjs/loader:1093:19)
2023-03-28 11:57:00 error: uncaughtException: тип Unable to compile TypeScript:
[96msrc/route/locale.route.ts[0m:[93m7[0m:[93m42[0m - [91merror[0m[90m TS2304: [0mCannot find name 'Request'.

[7m7[0m export interface LanguageRequest extends Request {
[7m [0m [91m                                         ~~~~~~~[0m
[96msrc/route/locale.route.ts[0m:[93m26[0m:[93m21[0m - [91merror[0m[90m TS2339: [0mProperty 'lang' does not exist on type 'Request<ParamsDictionary, any, any, ParsedQs, Record<string, any>>'.

[7m26[0m                 req.lang = lang
[7m  [0m [91m                    ~~~~[0m
[96msrc/route/locale.route.ts[0m:[93m28[0m:[93m21[0m - [91merror[0m[90m TS2339: [0mProperty 'lang' does not exist on type 'Request<ParamsDictionary, any, any, ParsedQs, Record<string, any>>'.

[7m28[0m                 req.lang = 'en'
[7m  [0m [91m                    ~~~~[0m
[96msrc/route/locale.route.ts[0m:[93m31[0m:[93m13[0m - [91merror[0m[90m TS2304: [0mCannot find name 'next'.

[7m31[0m             next()
[7m  [0m [91m            ~~~~[0m

TSError: тип Unable to compile TypeScript:
[96msrc/route/locale.route.ts[0m:[93m7[0m:[93m42[0m - [91merror[0m[90m TS2304: [0mCannot find name 'Request'.

[7m7[0m export interface LanguageRequest extends Request {
[7m [0m [91m                                         ~~~~~~~[0m
[96msrc/route/locale.route.ts[0m:[93m26[0m:[93m21[0m - [91merror[0m[90m TS2339: [0mProperty 'lang' does not exist on type 'Request<ParamsDictionary, any, any, ParsedQs, Record<string, any>>'.

[7m26[0m                 req.lang = lang
[7m  [0m [91m                    ~~~~[0m
[96msrc/route/locale.route.ts[0m:[93m28[0m:[93m21[0m - [91merror[0m[90m TS2339: [0mProperty 'lang' does not exist on type 'Request<ParamsDictionary, any, any, ParsedQs, Record<string, any>>'.

[7m28[0m                 req.lang = 'en'
[7m  [0m [91m                    ~~~~[0m
[96msrc/route/locale.route.ts[0m:[93m31[0m:[93m13[0m - [91merror[0m[90m TS2304: [0mCannot find name 'next'.

[7m31[0m             next()
[7m  [0m [91m            ~~~~[0m

    at createTSError (/Users/toannguyen/Documents/Source/tn-uptech-backend/node_modules/ts-node/src/index.ts:859:12)
    at reportTSError (/Users/toannguyen/Documents/Source/tn-uptech-backend/node_modules/ts-node/src/index.ts:863:19)
    at getOutput (/Users/toannguyen/Documents/Source/tn-uptech-backend/node_modules/ts-node/src/index.ts:1077:36)
    at Object.compile (/Users/toannguyen/Documents/Source/tn-uptech-backend/node_modules/ts-node/src/index.ts:1433:41)
    at Module.m._compile (/Users/toannguyen/Documents/Source/tn-uptech-backend/node_modules/ts-node/src/index.ts:1617:30)
    at Module._extensions..js (node:internal/modules/cjs/loader:1245:10)
    at Object.require.extensions.<computed> [as .ts] (/Users/toannguyen/Documents/Source/tn-uptech-backend/node_modules/ts-node/src/index.ts:1621:12)
    at Module.load (node:internal/modules/cjs/loader:1069:32)
    at Function.Module._load (node:internal/modules/cjs/loader:904:12)
    at Module.require (node:internal/modules/cjs/loader:1093:19)
2023-03-28 11:57:07 error: uncaughtException: тип Unable to compile TypeScript:
[96msrc/route/locale.route.ts[0m:[93m7[0m:[93m42[0m - [91merror[0m[90m TS2304: [0mCannot find name 'Request'.

[7m7[0m export interface LanguageRequest extends Request {
[7m [0m [91m                                         ~~~~~~~[0m
[96msrc/route/locale.route.ts[0m:[93m21[0m:[93m47[0m - [91merror[0m[90m TS2304: [0mCannot find name 'LanguageRequestres'.

[7m21[0m         this.router.get(`${this.path}`, (req: LanguageRequestres) => {
[7m  [0m [91m                                              ~~~~~~~~~~~~~~~~~~[0m
[96msrc/route/locale.route.ts[0m:[93m31[0m:[93m13[0m - [91merror[0m[90m TS2304: [0mCannot find name 'next'.

[7m31[0m             next()
[7m  [0m [91m            ~~~~[0m

TSError: тип Unable to compile TypeScript:
[96msrc/route/locale.route.ts[0m:[93m7[0m:[93m42[0m - [91merror[0m[90m TS2304: [0mCannot find name 'Request'.

[7m7[0m export interface LanguageRequest extends Request {
[7m [0m [91m                                         ~~~~~~~[0m
[96msrc/route/locale.route.ts[0m:[93m21[0m:[93m47[0m - [91merror[0m[90m TS2304: [0mCannot find name 'LanguageRequestres'.

[7m21[0m         this.router.get(`${this.path}`, (req: LanguageRequestres) => {
[7m  [0m [91m                                              ~~~~~~~~~~~~~~~~~~[0m
[96msrc/route/locale.route.ts[0m:[93m31[0m:[93m13[0m - [91merror[0m[90m TS2304: [0mCannot find name 'next'.

[7m31[0m             next()
[7m  [0m [91m            ~~~~[0m

    at createTSError (/Users/toannguyen/Documents/Source/tn-uptech-backend/node_modules/ts-node/src/index.ts:859:12)
    at reportTSError (/Users/toannguyen/Documents/Source/tn-uptech-backend/node_modules/ts-node/src/index.ts:863:19)
    at getOutput (/Users/toannguyen/Documents/Source/tn-uptech-backend/node_modules/ts-node/src/index.ts:1077:36)
    at Object.compile (/Users/toannguyen/Documents/Source/tn-uptech-backend/node_modules/ts-node/src/index.ts:1433:41)
    at Module.m._compile (/Users/toannguyen/Documents/Source/tn-uptech-backend/node_modules/ts-node/src/index.ts:1617:30)
    at Module._extensions..js (node:internal/modules/cjs/loader:1245:10)
    at Object.require.extensions.<computed> [as .ts] (/Users/toannguyen/Documents/Source/tn-uptech-backend/node_modules/ts-node/src/index.ts:1621:12)
    at Module.load (node:internal/modules/cjs/loader:1069:32)
    at Function.Module._load (node:internal/modules/cjs/loader:904:12)
    at Module.require (node:internal/modules/cjs/loader:1093:19)
2023-03-28 11:57:15 error: uncaughtException: тип Unable to compile TypeScript:
[96msrc/route/locale.route.ts[0m:[93m7[0m:[93m42[0m - [91merror[0m[90m TS2304: [0mCannot find name 'Request'.

[7m7[0m export interface LanguageRequest extends Request {
[7m [0m [91m                                         ~~~~~~~[0m
[96msrc/route/locale.route.ts[0m:[93m21[0m:[93m47[0m - [91merror[0m[90m TS2304: [0mCannot find name 'LanguageRequestres'.

[7m21[0m         this.router.get(`${this.path}`, (req: LanguageRequestres) => {
[7m  [0m [91m                                              ~~~~~~~~~~~~~~~~~~[0m
[96msrc/route/locale.route.ts[0m:[93m31[0m:[93m13[0m - [91merror[0m[90m TS2304: [0mCannot find name 'next'.

[7m31[0m             next()
[7m  [0m [91m            ~~~~[0m

TSError: тип Unable to compile TypeScript:
[96msrc/route/locale.route.ts[0m:[93m7[0m:[93m42[0m - [91merror[0m[90m TS2304: [0mCannot find name 'Request'.

[7m7[0m export interface LanguageRequest extends Request {
[7m [0m [91m                                         ~~~~~~~[0m
[96msrc/route/locale.route.ts[0m:[93m21[0m:[93m47[0m - [91merror[0m[90m TS2304: [0mCannot find name 'LanguageRequestres'.

[7m21[0m         this.router.get(`${this.path}`, (req: LanguageRequestres) => {
[7m  [0m [91m                                              ~~~~~~~~~~~~~~~~~~[0m
[96msrc/route/locale.route.ts[0m:[93m31[0m:[93m13[0m - [91merror[0m[90m TS2304: [0mCannot find name 'next'.

[7m31[0m             next()
[7m  [0m [91m            ~~~~[0m

    at createTSError (/Users/toannguyen/Documents/Source/tn-uptech-backend/node_modules/ts-node/src/index.ts:859:12)
    at reportTSError (/Users/toannguyen/Documents/Source/tn-uptech-backend/node_modules/ts-node/src/index.ts:863:19)
    at getOutput (/Users/toannguyen/Documents/Source/tn-uptech-backend/node_modules/ts-node/src/index.ts:1077:36)
    at Object.compile (/Users/toannguyen/Documents/Source/tn-uptech-backend/node_modules/ts-node/src/index.ts:1433:41)
    at Module.m._compile (/Users/toannguyen/Documents/Source/tn-uptech-backend/node_modules/ts-node/src/index.ts:1617:30)
    at Module._extensions..js (node:internal/modules/cjs/loader:1245:10)
    at Object.require.extensions.<computed> [as .ts] (/Users/toannguyen/Documents/Source/tn-uptech-backend/node_modules/ts-node/src/index.ts:1621:12)
    at Module.load (node:internal/modules/cjs/loader:1069:32)
    at Function.Module._load (node:internal/modules/cjs/loader:904:12)
    at Module.require (node:internal/modules/cjs/loader:1093:19)
2023-03-28 11:57:38 error: uncaughtException: тип Unable to compile TypeScript:
[96msrc/route/locale.route.ts[0m:[93m22[0m:[93m47[0m - [91merror[0m[90m TS2304: [0mCannot find name 'LanguageRequestres'.

[7m22[0m         this.router.get(`${this.path}`, (req: LanguageRequestres) => {
[7m  [0m [91m                                              ~~~~~~~~~~~~~~~~~~[0m
[96msrc/route/locale.route.ts[0m:[93m32[0m:[93m13[0m - [91merror[0m[90m TS2304: [0mCannot find name 'next'.

[7m32[0m             next();
[7m  [0m [91m            ~~~~[0m

TSError: тип Unable to compile TypeScript:
[96msrc/route/locale.route.ts[0m:[93m22[0m:[93m47[0m - [91merror[0m[90m TS2304: [0mCannot find name 'LanguageRequestres'.

[7m22[0m         this.router.get(`${this.path}`, (req: LanguageRequestres) => {
[7m  [0m [91m                                              ~~~~~~~~~~~~~~~~~~[0m
[96msrc/route/locale.route.ts[0m:[93m32[0m:[93m13[0m - [91merror[0m[90m TS2304: [0mCannot find name 'next'.

[7m32[0m             next();
[7m  [0m [91m            ~~~~[0m

    at createTSError (/Users/toannguyen/Documents/Source/tn-uptech-backend/node_modules/ts-node/src/index.ts:859:12)
    at reportTSError (/Users/toannguyen/Documents/Source/tn-uptech-backend/node_modules/ts-node/src/index.ts:863:19)
    at getOutput (/Users/toannguyen/Documents/Source/tn-uptech-backend/node_modules/ts-node/src/index.ts:1077:36)
    at Object.compile (/Users/toannguyen/Documents/Source/tn-uptech-backend/node_modules/ts-node/src/index.ts:1433:41)
    at Module.m._compile (/Users/toannguyen/Documents/Source/tn-uptech-backend/node_modules/ts-node/src/index.ts:1617:30)
    at Module._extensions..js (node:internal/modules/cjs/loader:1245:10)
    at Object.require.extensions.<computed> [as .ts] (/Users/toannguyen/Documents/Source/tn-uptech-backend/node_modules/ts-node/src/index.ts:1621:12)
    at Module.load (node:internal/modules/cjs/loader:1069:32)
    at Function.Module._load (node:internal/modules/cjs/loader:904:12)
    at Module.require (node:internal/modules/cjs/loader:1093:19)
2023-03-28 11:57:56 error: uncaughtException: тип Unable to compile TypeScript:
[96msrc/route/locale.route.ts[0m:[93m27[0m:[93m17[0m - [91merror[0m[90m TS2322: [0mType 'string' is not assignable to type 'Language'.

[7m27[0m                 req.language = lang
[7m  [0m [91m                ~~~~~~~~~~~~[0m

TSError: тип Unable to compile TypeScript:
[96msrc/route/locale.route.ts[0m:[93m27[0m:[93m17[0m - [91merror[0m[90m TS2322: [0mType 'string' is not assignable to type 'Language'.

[7m27[0m                 req.language = lang
[7m  [0m [91m                ~~~~~~~~~~~~[0m

    at createTSError (/Users/toannguyen/Documents/Source/tn-uptech-backend/node_modules/ts-node/src/index.ts:859:12)
    at reportTSError (/Users/toannguyen/Documents/Source/tn-uptech-backend/node_modules/ts-node/src/index.ts:863:19)
    at getOutput (/Users/toannguyen/Documents/Source/tn-uptech-backend/node_modules/ts-node/src/index.ts:1077:36)
    at Object.compile (/Users/toannguyen/Documents/Source/tn-uptech-backend/node_modules/ts-node/src/index.ts:1433:41)
    at Module.m._compile (/Users/toannguyen/Documents/Source/tn-uptech-backend/node_modules/ts-node/src/index.ts:1617:30)
    at Module._extensions..js (node:internal/modules/cjs/loader:1245:10)
    at Object.require.extensions.<computed> [as .ts] (/Users/toannguyen/Documents/Source/tn-uptech-backend/node_modules/ts-node/src/index.ts:1621:12)
    at Module.load (node:internal/modules/cjs/loader:1069:32)
    at Function.Module._load (node:internal/modules/cjs/loader:904:12)
    at Module.require (node:internal/modules/cjs/loader:1093:19)
2023-03-28 11:58:52 error: uncaughtException: тип Unable to compile TypeScript:
[96msrc/route/locale.route.ts[0m:[93m26[0m:[93m17[0m - [91merror[0m[90m TS2322: [0mType 'string' is not assignable to type 'Language'.

[7m26[0m                 req.language = lang
[7m  [0m [91m                ~~~~~~~~~~~~[0m

TSError: тип Unable to compile TypeScript:
[96msrc/route/locale.route.ts[0m:[93m26[0m:[93m17[0m - [91merror[0m[90m TS2322: [0mType 'string' is not assignable to type 'Language'.

[7m26[0m                 req.language = lang
[7m  [0m [91m                ~~~~~~~~~~~~[0m

    at createTSError (/Users/toannguyen/Documents/Source/tn-uptech-backend/node_modules/ts-node/src/index.ts:859:12)
    at reportTSError (/Users/toannguyen/Documents/Source/tn-uptech-backend/node_modules/ts-node/src/index.ts:863:19)
    at getOutput (/Users/toannguyen/Documents/Source/tn-uptech-backend/node_modules/ts-node/src/index.ts:1077:36)
    at Object.compile (/Users/toannguyen/Documents/Source/tn-uptech-backend/node_modules/ts-node/src/index.ts:1433:41)
    at Module.m._compile (/Users/toannguyen/Documents/Source/tn-uptech-backend/node_modules/ts-node/src/index.ts:1617:30)
    at Module._extensions..js (node:internal/modules/cjs/loader:1245:10)
    at Object.require.extensions.<computed> [as .ts] (/Users/toannguyen/Documents/Source/tn-uptech-backend/node_modules/ts-node/src/index.ts:1621:12)
    at Module.load (node:internal/modules/cjs/loader:1069:32)
    at Function.Module._load (node:internal/modules/cjs/loader:904:12)
    at Module.require (node:internal/modules/cjs/loader:1093:19)
2023-03-28 11:58:58 error: uncaughtException: тип Unable to compile TypeScript:
[96msrc/route/locale.route.ts[0m:[93m26[0m:[93m17[0m - [91merror[0m[90m TS2322: [0mType 'string' is not assignable to type 'Language'.

[7m26[0m                 req['language'] = lang
[7m  [0m [91m                ~~~~~~~~~~~~~~~[0m

TSError: тип Unable to compile TypeScript:
[96msrc/route/locale.route.ts[0m:[93m26[0m:[93m17[0m - [91merror[0m[90m TS2322: [0mType 'string' is not assignable to type 'Language'.

[7m26[0m                 req['language'] = lang
[7m  [0m [91m                ~~~~~~~~~~~~~~~[0m

    at createTSError (/Users/toannguyen/Documents/Source/tn-uptech-backend/node_modules/ts-node/src/index.ts:859:12)
    at reportTSError (/Users/toannguyen/Documents/Source/tn-uptech-backend/node_modules/ts-node/src/index.ts:863:19)
    at getOutput (/Users/toannguyen/Documents/Source/tn-uptech-backend/node_modules/ts-node/src/index.ts:1077:36)
    at Object.compile (/Users/toannguyen/Documents/Source/tn-uptech-backend/node_modules/ts-node/src/index.ts:1433:41)
    at Module.m._compile (/Users/toannguyen/Documents/Source/tn-uptech-backend/node_modules/ts-node/src/index.ts:1617:30)
    at Module._extensions..js (node:internal/modules/cjs/loader:1245:10)
    at Object.require.extensions.<computed> [as .ts] (/Users/toannguyen/Documents/Source/tn-uptech-backend/node_modules/ts-node/src/index.ts:1621:12)
    at Module.load (node:internal/modules/cjs/loader:1069:32)
    at Function.Module._load (node:internal/modules/cjs/loader:904:12)
    at Module.require (node:internal/modules/cjs/loader:1093:19)
2023-03-28 11:59:10 error: uncaughtException: тип Unable to compile TypeScript:
[96msrc/route/locale.route.ts[0m:[93m26[0m:[93m17[0m - [91merror[0m[90m TS2322: [0mType 'string' is not assignable to type 'Language'.

[7m26[0m                 req.language = lang
[7m  [0m [91m                ~~~~~~~~~~~~[0m

TSError: тип Unable to compile TypeScript:
[96msrc/route/locale.route.ts[0m:[93m26[0m:[93m17[0m - [91merror[0m[90m TS2322: [0mType 'string' is not assignable to type 'Language'.

[7m26[0m                 req.language = lang
[7m  [0m [91m                ~~~~~~~~~~~~[0m

    at createTSError (/Users/toannguyen/Documents/Source/tn-uptech-backend/node_modules/ts-node/src/index.ts:859:12)
    at reportTSError (/Users/toannguyen/Documents/Source/tn-uptech-backend/node_modules/ts-node/src/index.ts:863:19)
    at getOutput (/Users/toannguyen/Documents/Source/tn-uptech-backend/node_modules/ts-node/src/index.ts:1077:36)
    at Object.compile (/Users/toannguyen/Documents/Source/tn-uptech-backend/node_modules/ts-node/src/index.ts:1433:41)
    at Module.m._compile (/Users/toannguyen/Documents/Source/tn-uptech-backend/node_modules/ts-node/src/index.ts:1617:30)
    at Module._extensions..js (node:internal/modules/cjs/loader:1245:10)
    at Object.require.extensions.<computed> [as .ts] (/Users/toannguyen/Documents/Source/tn-uptech-backend/node_modules/ts-node/src/index.ts:1621:12)
    at Module.load (node:internal/modules/cjs/loader:1069:32)
    at Function.Module._load (node:internal/modules/cjs/loader:904:12)
    at Module.require (node:internal/modules/cjs/loader:1093:19)
2023-03-28 12:01:26 error: uncaughtException: тип Unable to compile TypeScript:
[96msrc/modules/controllers/project.controller.ts[0m:[93m11[0m:[93m25[0m - [91merror[0m[90m TS2339: [0mProperty 'language' does not exist on type 'Request<ParamsDictionary, any, any, ParsedQs, Record<string, any>>'.

[7m11[0m         console.log(req.language);
[7m  [0m [91m                        ~~~~~~~~[0m

TSError: тип Unable to compile TypeScript:
[96msrc/modules/controllers/project.controller.ts[0m:[93m11[0m:[93m25[0m - [91merror[0m[90m TS2339: [0mProperty 'language' does not exist on type 'Request<ParamsDictionary, any, any, ParsedQs, Record<string, any>>'.

[7m11[0m         console.log(req.language);
[7m  [0m [91m                        ~~~~~~~~[0m

    at createTSError (/Users/toannguyen/Documents/Source/tn-uptech-backend/node_modules/ts-node/src/index.ts:859:12)
    at reportTSError (/Users/toannguyen/Documents/Source/tn-uptech-backend/node_modules/ts-node/src/index.ts:863:19)
    at getOutput (/Users/toannguyen/Documents/Source/tn-uptech-backend/node_modules/ts-node/src/index.ts:1077:36)
    at Object.compile (/Users/toannguyen/Documents/Source/tn-uptech-backend/node_modules/ts-node/src/index.ts:1433:41)
    at Module.m._compile (/Users/toannguyen/Documents/Source/tn-uptech-backend/node_modules/ts-node/src/index.ts:1617:30)
    at Module._extensions..js (node:internal/modules/cjs/loader:1245:10)
    at Object.require.extensions.<computed> [as .ts] (/Users/toannguyen/Documents/Source/tn-uptech-backend/node_modules/ts-node/src/index.ts:1621:12)
    at Module.load (node:internal/modules/cjs/loader:1069:32)
    at Function.Module._load (node:internal/modules/cjs/loader:904:12)
    at Module.require (node:internal/modules/cjs/loader:1093:19)
2023-03-28 12:47:31 error: uncaughtException: тип Unable to compile TypeScript:
[96msrc/modules/controllers/project.controller.ts[0m:[93m9[0m:[93m21[0m - [91merror[0m[90m TS2304: [0mCannot find name 'Container'.

[7m9[0m     public folder = Container.get(FolderService);
[7m [0m [91m                    ~~~~~~~~~[0m
[96msrc/modules/controllers/project.controller.ts[0m:[93m9[0m:[93m35[0m - [91merror[0m[90m TS2304: [0mCannot find name 'FolderService'.

[7m9[0m     public folder = Container.get(FolderService);
[7m [0m [91m                                  ~~~~~~~~~~~~~[0m

TSError: тип Unable to compile TypeScript:
[96msrc/modules/controllers/project.controller.ts[0m:[93m9[0m:[93m21[0m - [91merror[0m[90m TS2304: [0mCannot find name 'Container'.

[7m9[0m     public folder = Container.get(FolderService);
[7m [0m [91m                    ~~~~~~~~~[0m
[96msrc/modules/controllers/project.controller.ts[0m:[93m9[0m:[93m35[0m - [91merror[0m[90m TS2304: [0mCannot find name 'FolderService'.

[7m9[0m     public folder = Container.get(FolderService);
[7m [0m [91m                                  ~~~~~~~~~~~~~[0m

    at createTSError (/Users/toannguyen/Documents/Source/tn-uptech-backend/node_modules/ts-node/src/index.ts:859:12)
    at reportTSError (/Users/toannguyen/Documents/Source/tn-uptech-backend/node_modules/ts-node/src/index.ts:863:19)
    at getOutput (/Users/toannguyen/Documents/Source/tn-uptech-backend/node_modules/ts-node/src/index.ts:1077:36)
    at Object.compile (/Users/toannguyen/Documents/Source/tn-uptech-backend/node_modules/ts-node/src/index.ts:1433:41)
    at Module.m._compile (/Users/toannguyen/Documents/Source/tn-uptech-backend/node_modules/ts-node/src/index.ts:1617:30)
    at Module._extensions..js (node:internal/modules/cjs/loader:1245:10)
    at Object.require.extensions.<computed> [as .ts] (/Users/toannguyen/Documents/Source/tn-uptech-backend/node_modules/ts-node/src/index.ts:1621:12)
    at Module.load (node:internal/modules/cjs/loader:1069:32)
    at Function.Module._load (node:internal/modules/cjs/loader:904:12)
    at Module.require (node:internal/modules/cjs/loader:1093:19)
2023-03-28 12:47:43 error: uncaughtException: тип Unable to compile TypeScript:
[96msrc/modules/controllers/project.controller.ts[0m:[93m10[0m:[93m35[0m - [91merror[0m[90m TS2304: [0mCannot find name 'FolderService'.

[7m10[0m     public folder = Container.get(FolderService);
[7m  [0m [91m                                  ~~~~~~~~~~~~~[0m

TSError: тип Unable to compile TypeScript:
[96msrc/modules/controllers/project.controller.ts[0m:[93m10[0m:[93m35[0m - [91merror[0m[90m TS2304: [0mCannot find name 'FolderService'.

[7m10[0m     public folder = Container.get(FolderService);
[7m  [0m [91m                                  ~~~~~~~~~~~~~[0m

    at createTSError (/Users/toannguyen/Documents/Source/tn-uptech-backend/node_modules/ts-node/src/index.ts:859:12)
    at reportTSError (/Users/toannguyen/Documents/Source/tn-uptech-backend/node_modules/ts-node/src/index.ts:863:19)
    at getOutput (/Users/toannguyen/Documents/Source/tn-uptech-backend/node_modules/ts-node/src/index.ts:1077:36)
    at Object.compile (/Users/toannguyen/Documents/Source/tn-uptech-backend/node_modules/ts-node/src/index.ts:1433:41)
    at Module.m._compile (/Users/toannguyen/Documents/Source/tn-uptech-backend/node_modules/ts-node/src/index.ts:1617:30)
    at Module._extensions..js (node:internal/modules/cjs/loader:1245:10)
    at Object.require.extensions.<computed> [as .ts] (/Users/toannguyen/Documents/Source/tn-uptech-backend/node_modules/ts-node/src/index.ts:1621:12)
    at Module.load (node:internal/modules/cjs/loader:1069:32)
    at Function.Module._load (node:internal/modules/cjs/loader:904:12)
    at Module.require (node:internal/modules/cjs/loader:1093:19)
2023-03-28 12:48:24 error: uncaughtException: тип Unable to compile TypeScript:
[96msrc/modules/controllers/project.controller.ts[0m:[93m16[0m:[93m47[0m - [91merror[0m[90m TS2304: [0mCannot find name 'query'.

[7m16[0m             const data = this.project.getList(query)
[7m  [0m [91m                                              ~~~~~[0m

TSError: тип Unable to compile TypeScript:
[96msrc/modules/controllers/project.controller.ts[0m:[93m16[0m:[93m47[0m - [91merror[0m[90m TS2304: [0mCannot find name 'query'.

[7m16[0m             const data = this.project.getList(query)
[7m  [0m [91m                                              ~~~~~[0m

    at createTSError (/Users/toannguyen/Documents/Source/tn-uptech-backend/node_modules/ts-node/src/index.ts:859:12)
    at reportTSError (/Users/toannguyen/Documents/Source/tn-uptech-backend/node_modules/ts-node/src/index.ts:863:19)
    at getOutput (/Users/toannguyen/Documents/Source/tn-uptech-backend/node_modules/ts-node/src/index.ts:1077:36)
    at Object.compile (/Users/toannguyen/Documents/Source/tn-uptech-backend/node_modules/ts-node/src/index.ts:1433:41)
    at Module.m._compile (/Users/toannguyen/Documents/Source/tn-uptech-backend/node_modules/ts-node/src/index.ts:1617:30)
    at Module._extensions..js (node:internal/modules/cjs/loader:1245:10)
    at Object.require.extensions.<computed> [as .ts] (/Users/toannguyen/Documents/Source/tn-uptech-backend/node_modules/ts-node/src/index.ts:1621:12)
    at Module.load (node:internal/modules/cjs/loader:1069:32)
    at Function.Module._load (node:internal/modules/cjs/loader:904:12)
    at Module.require (node:internal/modules/cjs/loader:1093:19)
2023-03-28 13:07:51 error: uncaughtException: тип Unable to compile TypeScript:
[96msrc/modules/controllers/post.controller.ts[0m:[93m11[0m:[93m37[0m - [91merror[0m[90m TS2339: [0mProperty 'post' does not exist on type 'PostController'.

[7m11[0m             const data = await this.post.getList({ ...req.query });
[7m  [0m [91m                                    ~~~~[0m

TSError: тип Unable to compile TypeScript:
[96msrc/modules/controllers/post.controller.ts[0m:[93m11[0m:[93m37[0m - [91merror[0m[90m TS2339: [0mProperty 'post' does not exist on type 'PostController'.

[7m11[0m             const data = await this.post.getList({ ...req.query });
[7m  [0m [91m                                    ~~~~[0m

    at createTSError (/Users/toannguyen/Documents/Source/tn-uptech-backend/node_modules/ts-node/src/index.ts:859:12)
    at reportTSError (/Users/toannguyen/Documents/Source/tn-uptech-backend/node_modules/ts-node/src/index.ts:863:19)
    at getOutput (/Users/toannguyen/Documents/Source/tn-uptech-backend/node_modules/ts-node/src/index.ts:1077:36)
    at Object.compile (/Users/toannguyen/Documents/Source/tn-uptech-backend/node_modules/ts-node/src/index.ts:1433:41)
    at Module.m._compile (/Users/toannguyen/Documents/Source/tn-uptech-backend/node_modules/ts-node/src/index.ts:1617:30)
    at Module._extensions..js (node:internal/modules/cjs/loader:1245:10)
    at Object.require.extensions.<computed> [as .ts] (/Users/toannguyen/Documents/Source/tn-uptech-backend/node_modules/ts-node/src/index.ts:1621:12)
    at Module.load (node:internal/modules/cjs/loader:1069:32)
    at Function.Module._load (node:internal/modules/cjs/loader:904:12)
    at Module.require (node:internal/modules/cjs/loader:1093:19)
2023-03-28 13:07:58 error: uncaughtException: тип Unable to compile TypeScript:
[96msrc/modules/controllers/post.controller.ts[0m:[93m8[0m:[93m22[0m - [91merror[0m[90m TS2304: [0mCannot find name 'Container'.

[7m8[0m     public project = Container.get(ProjectService);
[7m [0m [91m                     ~~~~~~~~~[0m
[96msrc/modules/controllers/post.controller.ts[0m:[93m8[0m:[93m36[0m - [91merror[0m[90m TS2304: [0mCannot find name 'ProjectService'.

[7m8[0m     public project = Container.get(ProjectService);
[7m [0m [91m                                   ~~~~~~~~~~~~~~[0m
[96msrc/modules/controllers/post.controller.ts[0m:[93m13[0m:[93m37[0m - [91merror[0m[90m TS2339: [0mProperty 'post' does not exist on type 'PostController'.

[7m13[0m             const data = await this.post.getList({ ...req.query });
[7m  [0m [91m                                    ~~~~[0m

TSError: тип Unable to compile TypeScript:
[96msrc/modules/controllers/post.controller.ts[0m:[93m8[0m:[93m22[0m - [91merror[0m[90m TS2304: [0mCannot find name 'Container'.

[7m8[0m     public project = Container.get(ProjectService);
[7m [0m [91m                     ~~~~~~~~~[0m
[96msrc/modules/controllers/post.controller.ts[0m:[93m8[0m:[93m36[0m - [91merror[0m[90m TS2304: [0mCannot find name 'ProjectService'.

[7m8[0m     public project = Container.get(ProjectService);
[7m [0m [91m                                   ~~~~~~~~~~~~~~[0m
[96msrc/modules/controllers/post.controller.ts[0m:[93m13[0m:[93m37[0m - [91merror[0m[90m TS2339: [0mProperty 'post' does not exist on type 'PostController'.

[7m13[0m             const data = await this.post.getList({ ...req.query });
[7m  [0m [91m                                    ~~~~[0m

    at createTSError (/Users/toannguyen/Documents/Source/tn-uptech-backend/node_modules/ts-node/src/index.ts:859:12)
    at reportTSError (/Users/toannguyen/Documents/Source/tn-uptech-backend/node_modules/ts-node/src/index.ts:863:19)
    at getOutput (/Users/toannguyen/Documents/Source/tn-uptech-backend/node_modules/ts-node/src/index.ts:1077:36)
    at Object.compile (/Users/toannguyen/Documents/Source/tn-uptech-backend/node_modules/ts-node/src/index.ts:1433:41)
    at Module.m._compile (/Users/toannguyen/Documents/Source/tn-uptech-backend/node_modules/ts-node/src/index.ts:1617:30)
    at Module._extensions..js (node:internal/modules/cjs/loader:1245:10)
    at Object.require.extensions.<computed> [as .ts] (/Users/toannguyen/Documents/Source/tn-uptech-backend/node_modules/ts-node/src/index.ts:1621:12)
    at Module.load (node:internal/modules/cjs/loader:1069:32)
    at Function.Module._load (node:internal/modules/cjs/loader:904:12)
    at Module.require (node:internal/modules/cjs/loader:1093:19)
2023-03-28 13:08:04 error: uncaughtException: тип Unable to compile TypeScript:
[96msrc/modules/controllers/post.controller.ts[0m:[93m8[0m:[93m22[0m - [91merror[0m[90m TS2304: [0mCannot find name 'Container'.

[7m8[0m     public project = Container.get(ProjectService);
[7m [0m [91m                     ~~~~~~~~~[0m
[96msrc/modules/controllers/post.controller.ts[0m:[93m8[0m:[93m36[0m - [91merror[0m[90m TS2304: [0mCannot find name 'ProjectService'.

[7m8[0m     public project = Container.get(ProjectService);
[7m [0m [91m                                   ~~~~~~~~~~~~~~[0m
[96msrc/modules/controllers/post.controller.ts[0m:[93m13[0m:[93m37[0m - [91merror[0m[90m TS2339: [0mProperty 'post' does not exist on type 'PostController'.

[7m13[0m             const data = await this.post.getList({ ...req.query });
[7m  [0m [91m                                    ~~~~[0m

TSError: тип Unable to compile TypeScript:
[96msrc/modules/controllers/post.controller.ts[0m:[93m8[0m:[93m22[0m - [91merror[0m[90m TS2304: [0mCannot find name 'Container'.

[7m8[0m     public project = Container.get(ProjectService);
[7m [0m [91m                     ~~~~~~~~~[0m
[96msrc/modules/controllers/post.controller.ts[0m:[93m8[0m:[93m36[0m - [91merror[0m[90m TS2304: [0mCannot find name 'ProjectService'.

[7m8[0m     public project = Container.get(ProjectService);
[7m [0m [91m                                   ~~~~~~~~~~~~~~[0m
[96msrc/modules/controllers/post.controller.ts[0m:[93m13[0m:[93m37[0m - [91merror[0m[90m TS2339: [0mProperty 'post' does not exist on type 'PostController'.

[7m13[0m             const data = await this.post.getList({ ...req.query });
[7m  [0m [91m                                    ~~~~[0m

    at createTSError (/Users/toannguyen/Documents/Source/tn-uptech-backend/node_modules/ts-node/src/index.ts:859:12)
    at reportTSError (/Users/toannguyen/Documents/Source/tn-uptech-backend/node_modules/ts-node/src/index.ts:863:19)
    at getOutput (/Users/toannguyen/Documents/Source/tn-uptech-backend/node_modules/ts-node/src/index.ts:1077:36)
    at Object.compile (/Users/toannguyen/Documents/Source/tn-uptech-backend/node_modules/ts-node/src/index.ts:1433:41)
    at Module.m._compile (/Users/toannguyen/Documents/Source/tn-uptech-backend/node_modules/ts-node/src/index.ts:1617:30)
    at Module._extensions..js (node:internal/modules/cjs/loader:1245:10)
    at Object.require.extensions.<computed> [as .ts] (/Users/toannguyen/Documents/Source/tn-uptech-backend/node_modules/ts-node/src/index.ts:1621:12)
    at Module.load (node:internal/modules/cjs/loader:1069:32)
    at Function.Module._load (node:internal/modules/cjs/loader:904:12)
    at Module.require (node:internal/modules/cjs/loader:1093:19)
2023-03-28 13:08:17 error: uncaughtException: тип Unable to compile TypeScript:
[96msrc/modules/controllers/post.controller.ts[0m:[93m8[0m:[93m33[0m - [91merror[0m[90m TS2304: [0mCannot find name 'ProjectService'.

[7m8[0m     public post = Container.get(ProjectService);
[7m [0m [91m                                ~~~~~~~~~~~~~~[0m
[96msrc/modules/controllers/post.controller.ts[0m:[93m13[0m:[93m42[0m - [91merror[0m[90m TS2339: [0mProperty 'getList' does not exist on type 'unknown'.

[7m13[0m             const data = await this.post.getList({ ...req.query });
[7m  [0m [91m                                         ~~~~~~~[0m

TSError: тип Unable to compile TypeScript:
[96msrc/modules/controllers/post.controller.ts[0m:[93m8[0m:[93m33[0m - [91merror[0m[90m TS2304: [0mCannot find name 'ProjectService'.

[7m8[0m     public post = Container.get(ProjectService);
[7m [0m [91m                                ~~~~~~~~~~~~~~[0m
[96msrc/modules/controllers/post.controller.ts[0m:[93m13[0m:[93m42[0m - [91merror[0m[90m TS2339: [0mProperty 'getList' does not exist on type 'unknown'.

[7m13[0m             const data = await this.post.getList({ ...req.query });
[7m  [0m [91m                                         ~~~~~~~[0m

    at createTSError (/Users/toannguyen/Documents/Source/tn-uptech-backend/node_modules/ts-node/src/index.ts:859:12)
    at reportTSError (/Users/toannguyen/Documents/Source/tn-uptech-backend/node_modules/ts-node/src/index.ts:863:19)
    at getOutput (/Users/toannguyen/Documents/Source/tn-uptech-backend/node_modules/ts-node/src/index.ts:1077:36)
    at Object.compile (/Users/toannguyen/Documents/Source/tn-uptech-backend/node_modules/ts-node/src/index.ts:1433:41)
    at Module.m._compile (/Users/toannguyen/Documents/Source/tn-uptech-backend/node_modules/ts-node/src/index.ts:1617:30)
    at Module._extensions..js (node:internal/modules/cjs/loader:1245:10)
    at Object.require.extensions.<computed> [as .ts] (/Users/toannguyen/Documents/Source/tn-uptech-backend/node_modules/ts-node/src/index.ts:1621:12)
    at Module.load (node:internal/modules/cjs/loader:1069:32)
    at Function.Module._load (node:internal/modules/cjs/loader:904:12)
    at Module.require (node:internal/modules/cjs/loader:1093:19)
2023-03-28 13:13:52 error: uncaughtException: тип Unable to compile TypeScript:
[96msrc/route/post.route.ts[0m:[93m4[0m:[93m8[0m - [91merror[0m[90m TS2613: [0mModule '"/Users/toannguyen/Documents/Source/tn-uptech-backend/src/modules/controllers/post.controller"' has no default export. Did you mean to use 'import { PostController } from "/Users/toannguyen/Documents/Source/tn-uptech-backend/src/modules/controllers/post.controller"' instead?

[7m4[0m import PostController from "../modules/controllers/post.controller";
[7m [0m [91m       ~~~~~~~~~~~~~~[0m

TSError: тип Unable to compile TypeScript:
[96msrc/route/post.route.ts[0m:[93m4[0m:[93m8[0m - [91merror[0m[90m TS2613: [0mModule '"/Users/toannguyen/Documents/Source/tn-uptech-backend/src/modules/controllers/post.controller"' has no default export. Did you mean to use 'import { PostController } from "/Users/toannguyen/Documents/Source/tn-uptech-backend/src/modules/controllers/post.controller"' instead?

[7m4[0m import PostController from "../modules/controllers/post.controller";
[7m [0m [91m       ~~~~~~~~~~~~~~[0m

    at createTSError (/Users/toannguyen/Documents/Source/tn-uptech-backend/node_modules/ts-node/src/index.ts:859:12)
    at reportTSError (/Users/toannguyen/Documents/Source/tn-uptech-backend/node_modules/ts-node/src/index.ts:863:19)
    at getOutput (/Users/toannguyen/Documents/Source/tn-uptech-backend/node_modules/ts-node/src/index.ts:1077:36)
    at Object.compile (/Users/toannguyen/Documents/Source/tn-uptech-backend/node_modules/ts-node/src/index.ts:1433:41)
    at Module.m._compile (/Users/toannguyen/Documents/Source/tn-uptech-backend/node_modules/ts-node/src/index.ts:1617:30)
    at Module._extensions..js (node:internal/modules/cjs/loader:1245:10)
    at Object.require.extensions.<computed> [as .ts] (/Users/toannguyen/Documents/Source/tn-uptech-backend/node_modules/ts-node/src/index.ts:1621:12)
    at Module.load (node:internal/modules/cjs/loader:1069:32)
    at Function.Module._load (node:internal/modules/cjs/loader:904:12)
    at Module.require (node:internal/modules/cjs/loader:1093:19)
2023-03-28 13:14:08 error: uncaughtException: тип Unable to compile TypeScript:
[96msrc/route/post.route.ts[0m:[93m4[0m:[93m8[0m - [91merror[0m[90m TS2613: [0mModule '"/Users/toannguyen/Documents/Source/tn-uptech-backend/src/modules/controllers/post.controller"' has no default export. Did you mean to use 'import { PostController } from "/Users/toannguyen/Documents/Source/tn-uptech-backend/src/modules/controllers/post.controller"' instead?

[7m4[0m import PostController from "../modules/controllers/post.controller";
[7m [0m [91m       ~~~~~~~~~~~~~~[0m

TSError: тип Unable to compile TypeScript:
[96msrc/route/post.route.ts[0m:[93m4[0m:[93m8[0m - [91merror[0m[90m TS2613: [0mModule '"/Users/toannguyen/Documents/Source/tn-uptech-backend/src/modules/controllers/post.controller"' has no default export. Did you mean to use 'import { PostController } from "/Users/toannguyen/Documents/Source/tn-uptech-backend/src/modules/controllers/post.controller"' instead?

[7m4[0m import PostController from "../modules/controllers/post.controller";
[7m [0m [91m       ~~~~~~~~~~~~~~[0m

    at createTSError (/Users/toannguyen/Documents/Source/tn-uptech-backend/node_modules/ts-node/src/index.ts:859:12)
    at reportTSError (/Users/toannguyen/Documents/Source/tn-uptech-backend/node_modules/ts-node/src/index.ts:863:19)
    at getOutput (/Users/toannguyen/Documents/Source/tn-uptech-backend/node_modules/ts-node/src/index.ts:1077:36)
    at Object.compile (/Users/toannguyen/Documents/Source/tn-uptech-backend/node_modules/ts-node/src/index.ts:1433:41)
    at Module.m._compile (/Users/toannguyen/Documents/Source/tn-uptech-backend/node_modules/ts-node/src/index.ts:1617:30)
    at Module._extensions..js (node:internal/modules/cjs/loader:1245:10)
    at Object.require.extensions.<computed> [as .ts] (/Users/toannguyen/Documents/Source/tn-uptech-backend/node_modules/ts-node/src/index.ts:1621:12)
    at Module.load (node:internal/modules/cjs/loader:1069:32)
    at Function.Module._load (node:internal/modules/cjs/loader:904:12)
    at Module.require (node:internal/modules/cjs/loader:1093:19)
2023-03-28 13:16:26 error: uncaughtException: тип Unable to compile TypeScript:
[96msrc/services/post.service.ts[0m:[93m30[0m:[93m30[0m - [91merror[0m[90m TS2304: [0mCannot find name 'Request'.

[7m30[0m     public async create(req: Request, res: Response, next: NextFunction) {
[7m  [0m [91m                             ~~~~~~~[0m
[96msrc/services/post.service.ts[0m:[93m30[0m:[93m44[0m - [91merror[0m[90m TS2304: [0mCannot find name 'Response'.

[7m30[0m     public async create(req: Request, res: Response, next: NextFunction) {
[7m  [0m [91m                                           ~~~~~~~~[0m
[96msrc/services/post.service.ts[0m:[93m30[0m:[93m60[0m - [91merror[0m[90m TS2304: [0mCannot find name 'NextFunction'.

[7m30[0m     public async create(req: Request, res: Response, next: NextFunction) {
[7m  [0m [91m                                                           ~~~~~~~~~~~~[0m

TSError: тип Unable to compile TypeScript:
[96msrc/services/post.service.ts[0m:[93m30[0m:[93m30[0m - [91merror[0m[90m TS2304: [0mCannot find name 'Request'.

[7m30[0m     public async create(req: Request, res: Response, next: NextFunction) {
[7m  [0m [91m                             ~~~~~~~[0m
[96msrc/services/post.service.ts[0m:[93m30[0m:[93m44[0m - [91merror[0m[90m TS2304: [0mCannot find name 'Response'.

[7m30[0m     public async create(req: Request, res: Response, next: NextFunction) {
[7m  [0m [91m                                           ~~~~~~~~[0m
[96msrc/services/post.service.ts[0m:[93m30[0m:[93m60[0m - [91merror[0m[90m TS2304: [0mCannot find name 'NextFunction'.

[7m30[0m     public async create(req: Request, res: Response, next: NextFunction) {
[7m  [0m [91m                                                           ~~~~~~~~~~~~[0m

    at createTSError (/Users/toannguyen/Documents/Source/tn-uptech-backend/node_modules/ts-node/src/index.ts:859:12)
    at reportTSError (/Users/toannguyen/Documents/Source/tn-uptech-backend/node_modules/ts-node/src/index.ts:863:19)
    at getOutput (/Users/toannguyen/Documents/Source/tn-uptech-backend/node_modules/ts-node/src/index.ts:1077:36)
    at Object.compile (/Users/toannguyen/Documents/Source/tn-uptech-backend/node_modules/ts-node/src/index.ts:1433:41)
    at Module.m._compile (/Users/toannguyen/Documents/Source/tn-uptech-backend/node_modules/ts-node/src/index.ts:1617:30)
    at Module._extensions..js (node:internal/modules/cjs/loader:1245:10)
    at Object.require.extensions.<computed> [as .ts] (/Users/toannguyen/Documents/Source/tn-uptech-backend/node_modules/ts-node/src/index.ts:1621:12)
    at Module.load (node:internal/modules/cjs/loader:1069:32)
    at Function.Module._load (node:internal/modules/cjs/loader:904:12)
    at Module.require (node:internal/modules/cjs/loader:1093:19)
2023-03-28 13:16:40 error: uncaughtException: тип Unable to compile TypeScript:
[96msrc/services/post.service.ts[0m:[93m30[0m:[93m27[0m - [91merror[0m[90m TS2304: [0mCannot find name 'Request'.

[7m30[0m     public create = (req: Request, res: Response, next: NextFunction) => {
[7m  [0m [91m                          ~~~~~~~[0m
[96msrc/services/post.service.ts[0m:[93m30[0m:[93m41[0m - [91merror[0m[90m TS2304: [0mCannot find name 'Response'.

[7m30[0m     public create = (req: Request, res: Response, next: NextFunction) => {
[7m  [0m [91m                                        ~~~~~~~~[0m
[96msrc/services/post.service.ts[0m:[93m30[0m:[93m57[0m - [91merror[0m[90m TS2304: [0mCannot find name 'NextFunction'.

[7m30[0m     public create = (req: Request, res: Response, next: NextFunction) => {
[7m  [0m [91m                                                        ~~~~~~~~~~~~[0m
[96msrc/services/post.service.ts[0m:[93m33[0m:[93m26[0m - [91merror[0m[90m TS1308: [0m'await' expressions are only allowed within async functions and at the top levels of modules.

[7m33[0m             const data = await models.Post.create(req.body);
[7m  [0m [91m                         ~~~~~[0m

  [96msrc/services/post.service.ts[0m:[93m30[0m:[93m21[0m
    [7m30[0m     public create = (req: Request, res: Response, next: NextFunction) => {
    [7m  [0m [96m                    ~~~~~~~~~~~~~~~~~~~~~~~~~~~~~~~~~~~~~~~~~~~~~~~~~~~~~~[0m
    Did you mean to mark this function as 'async'?

TSError: тип Unable to compile TypeScript:
[96msrc/services/post.service.ts[0m:[93m30[0m:[93m27[0m - [91merror[0m[90m TS2304: [0mCannot find name 'Request'.

[7m30[0m     public create = (req: Request, res: Response, next: NextFunction) => {
[7m  [0m [91m                          ~~~~~~~[0m
[96msrc/services/post.service.ts[0m:[93m30[0m:[93m41[0m - [91merror[0m[90m TS2304: [0mCannot find name 'Response'.

[7m30[0m     public create = (req: Request, res: Response, next: NextFunction) => {
[7m  [0m [91m                                        ~~~~~~~~[0m
[96msrc/services/post.service.ts[0m:[93m30[0m:[93m57[0m - [91merror[0m[90m TS2304: [0mCannot find name 'NextFunction'.

[7m30[0m     public create = (req: Request, res: Response, next: NextFunction) => {
[7m  [0m [91m                                                        ~~~~~~~~~~~~[0m
[96msrc/services/post.service.ts[0m:[93m33[0m:[93m26[0m - [91merror[0m[90m TS1308: [0m'await' expressions are only allowed within async functions and at the top levels of modules.

[7m33[0m             const data = await models.Post.create(req.body);
[7m  [0m [91m                         ~~~~~[0m

  [96msrc/services/post.service.ts[0m:[93m30[0m:[93m21[0m
    [7m30[0m     public create = (req: Request, res: Response, next: NextFunction) => {
    [7m  [0m [96m                    ~~~~~~~~~~~~~~~~~~~~~~~~~~~~~~~~~~~~~~~~~~~~~~~~~~~~~~[0m
    Did you mean to mark this function as 'async'?

    at createTSError (/Users/toannguyen/Documents/Source/tn-uptech-backend/node_modules/ts-node/src/index.ts:859:12)
    at reportTSError (/Users/toannguyen/Documents/Source/tn-uptech-backend/node_modules/ts-node/src/index.ts:863:19)
    at getOutput (/Users/toannguyen/Documents/Source/tn-uptech-backend/node_modules/ts-node/src/index.ts:1077:36)
    at Object.compile (/Users/toannguyen/Documents/Source/tn-uptech-backend/node_modules/ts-node/src/index.ts:1433:41)
    at Module.m._compile (/Users/toannguyen/Documents/Source/tn-uptech-backend/node_modules/ts-node/src/index.ts:1617:30)
    at Module._extensions..js (node:internal/modules/cjs/loader:1245:10)
    at Object.require.extensions.<computed> [as .ts] (/Users/toannguyen/Documents/Source/tn-uptech-backend/node_modules/ts-node/src/index.ts:1621:12)
    at Module.load (node:internal/modules/cjs/loader:1069:32)
    at Function.Module._load (node:internal/modules/cjs/loader:904:12)
    at Module.require (node:internal/modules/cjs/loader:1093:19)
2023-03-28 13:16:52 error: uncaughtException: тип Unable to compile TypeScript:
[96msrc/services/post.service.ts[0m:[93m33[0m:[93m26[0m - [91merror[0m[90m TS1308: [0m'await' expressions are only allowed within async functions and at the top levels of modules.

[7m33[0m             const data = await models.Post.create(req.body);
[7m  [0m [91m                         ~~~~~[0m

  [96msrc/services/post.service.ts[0m:[93m30[0m:[93m21[0m
    [7m30[0m     public create = (body) => {
    [7m  [0m [96m                    ~~~~~~~~~~~[0m
    Did you mean to mark this function as 'async'?
[96msrc/services/post.service.ts[0m:[93m33[0m:[93m51[0m - [91merror[0m[90m TS2304: [0mCannot find name 'req'.

[7m33[0m             const data = await models.Post.create(req.body);
[7m  [0m [91m                                                  ~~~[0m
[96msrc/services/post.service.ts[0m:[93m34[0m:[93m20[0m - [91merror[0m[90m TS2304: [0mCannot find name 'res'.

[7m34[0m             return res.status(200).json(data);
[7m  [0m [91m                   ~~~[0m
[96msrc/services/post.service.ts[0m:[93m36[0m:[93m13[0m - [91merror[0m[90m TS2304: [0mCannot find name 'res'.

[7m36[0m             res.status(500).send(error);
[7m  [0m [91m            ~~~[0m

TSError: тип Unable to compile TypeScript:
[96msrc/services/post.service.ts[0m:[93m33[0m:[93m26[0m - [91merror[0m[90m TS1308: [0m'await' expressions are only allowed within async functions and at the top levels of modules.

[7m33[0m             const data = await models.Post.create(req.body);
[7m  [0m [91m                         ~~~~~[0m

  [96msrc/services/post.service.ts[0m:[93m30[0m:[93m21[0m
    [7m30[0m     public create = (body) => {
    [7m  [0m [96m                    ~~~~~~~~~~~[0m
    Did you mean to mark this function as 'async'?
[96msrc/services/post.service.ts[0m:[93m33[0m:[93m51[0m - [91merror[0m[90m TS2304: [0mCannot find name 'req'.

[7m33[0m             const data = await models.Post.create(req.body);
[7m  [0m [91m                                                  ~~~[0m
[96msrc/services/post.service.ts[0m:[93m34[0m:[93m20[0m - [91merror[0m[90m TS2304: [0mCannot find name 'res'.

[7m34[0m             return res.status(200).json(data);
[7m  [0m [91m                   ~~~[0m
[96msrc/services/post.service.ts[0m:[93m36[0m:[93m13[0m - [91merror[0m[90m TS2304: [0mCannot find name 'res'.

[7m36[0m             res.status(500).send(error);
[7m  [0m [91m            ~~~[0m

    at createTSError (/Users/toannguyen/Documents/Source/tn-uptech-backend/node_modules/ts-node/src/index.ts:859:12)
    at reportTSError (/Users/toannguyen/Documents/Source/tn-uptech-backend/node_modules/ts-node/src/index.ts:863:19)
    at getOutput (/Users/toannguyen/Documents/Source/tn-uptech-backend/node_modules/ts-node/src/index.ts:1077:36)
    at Object.compile (/Users/toannguyen/Documents/Source/tn-uptech-backend/node_modules/ts-node/src/index.ts:1433:41)
    at Module.m._compile (/Users/toannguyen/Documents/Source/tn-uptech-backend/node_modules/ts-node/src/index.ts:1617:30)
    at Module._extensions..js (node:internal/modules/cjs/loader:1245:10)
    at Object.require.extensions.<computed> [as .ts] (/Users/toannguyen/Documents/Source/tn-uptech-backend/node_modules/ts-node/src/index.ts:1621:12)
    at Module.load (node:internal/modules/cjs/loader:1069:32)
    at Function.Module._load (node:internal/modules/cjs/loader:904:12)
    at Module.require (node:internal/modules/cjs/loader:1093:19)
2023-03-28 13:16:58 error: uncaughtException: тип Unable to compile TypeScript:
[96msrc/services/post.service.ts[0m:[93m33[0m:[93m51[0m - [91merror[0m[90m TS2304: [0mCannot find name 'req'.

[7m33[0m             const data = await models.Post.create(req.body);
[7m  [0m [91m                                                  ~~~[0m
[96msrc/services/post.service.ts[0m:[93m34[0m:[93m20[0m - [91merror[0m[90m TS2304: [0mCannot find name 'res'.

[7m34[0m             return res.status(200).json(data);
[7m  [0m [91m                   ~~~[0m
[96msrc/services/post.service.ts[0m:[93m36[0m:[93m13[0m - [91merror[0m[90m TS2304: [0mCannot find name 'res'.

[7m36[0m             res.status(500).send(error);
[7m  [0m [91m            ~~~[0m

TSError: тип Unable to compile TypeScript:
[96msrc/services/post.service.ts[0m:[93m33[0m:[93m51[0m - [91merror[0m[90m TS2304: [0mCannot find name 'req'.

[7m33[0m             const data = await models.Post.create(req.body);
[7m  [0m [91m                                                  ~~~[0m
[96msrc/services/post.service.ts[0m:[93m34[0m:[93m20[0m - [91merror[0m[90m TS2304: [0mCannot find name 'res'.

[7m34[0m             return res.status(200).json(data);
[7m  [0m [91m                   ~~~[0m
[96msrc/services/post.service.ts[0m:[93m36[0m:[93m13[0m - [91merror[0m[90m TS2304: [0mCannot find name 'res'.

[7m36[0m             res.status(500).send(error);
[7m  [0m [91m            ~~~[0m

    at createTSError (/Users/toannguyen/Documents/Source/tn-uptech-backend/node_modules/ts-node/src/index.ts:859:12)
    at reportTSError (/Users/toannguyen/Documents/Source/tn-uptech-backend/node_modules/ts-node/src/index.ts:863:19)
    at getOutput (/Users/toannguyen/Documents/Source/tn-uptech-backend/node_modules/ts-node/src/index.ts:1077:36)
    at Object.compile (/Users/toannguyen/Documents/Source/tn-uptech-backend/node_modules/ts-node/src/index.ts:1433:41)
    at Module.m._compile (/Users/toannguyen/Documents/Source/tn-uptech-backend/node_modules/ts-node/src/index.ts:1617:30)
    at Module._extensions..js (node:internal/modules/cjs/loader:1245:10)
    at Object.require.extensions.<computed> [as .ts] (/Users/toannguyen/Documents/Source/tn-uptech-backend/node_modules/ts-node/src/index.ts:1621:12)
    at Module.load (node:internal/modules/cjs/loader:1069:32)
    at Function.Module._load (node:internal/modules/cjs/loader:904:12)
    at Module.require (node:internal/modules/cjs/loader:1093:19)
2023-03-28 13:17:07 error: uncaughtException: тип Unable to compile TypeScript:
[96msrc/services/post.service.ts[0m:[93m31[0m:[93m47[0m - [91merror[0m[90m TS2304: [0mCannot find name 'req'.

[7m31[0m         const data = await models.Post.create(req.body);
[7m  [0m [91m                                              ~~~[0m

TSError: тип Unable to compile TypeScript:
[96msrc/services/post.service.ts[0m:[93m31[0m:[93m47[0m - [91merror[0m[90m TS2304: [0mCannot find name 'req'.

[7m31[0m         const data = await models.Post.create(req.body);
[7m  [0m [91m                                              ~~~[0m

    at createTSError (/Users/toannguyen/Documents/Source/tn-uptech-backend/node_modules/ts-node/src/index.ts:859:12)
    at reportTSError (/Users/toannguyen/Documents/Source/tn-uptech-backend/node_modules/ts-node/src/index.ts:863:19)
    at getOutput (/Users/toannguyen/Documents/Source/tn-uptech-backend/node_modules/ts-node/src/index.ts:1077:36)
    at Object.compile (/Users/toannguyen/Documents/Source/tn-uptech-backend/node_modules/ts-node/src/index.ts:1433:41)
    at Module.m._compile (/Users/toannguyen/Documents/Source/tn-uptech-backend/node_modules/ts-node/src/index.ts:1617:30)
    at Module._extensions..js (node:internal/modules/cjs/loader:1245:10)
    at Object.require.extensions.<computed> [as .ts] (/Users/toannguyen/Documents/Source/tn-uptech-backend/node_modules/ts-node/src/index.ts:1621:12)
    at Module.load (node:internal/modules/cjs/loader:1069:32)
    at Function.Module._load (node:internal/modules/cjs/loader:904:12)
    at Module.require (node:internal/modules/cjs/loader:1093:19)
2023-03-28 13:17:35 error: uncaughtException: тип Unable to compile TypeScript:
[96msrc/services/post.service.ts[0m:[93m34[0m:[93m12[0m - [91merror[0m[90m TS2300: [0mDuplicate identifier 'create'.

[7m34[0m     public create = async (body) => {
[7m  [0m [91m           ~~~~~~[0m
[96msrc/services/post.service.ts[0m:[93m38[0m:[93m12[0m - [91merror[0m[90m TS2300: [0mDuplicate identifier 'create'.

[7m38[0m     public create = async (body) => {
[7m  [0m [91m           ~~~~~~[0m

TSError: тип Unable to compile TypeScript:
[96msrc/services/post.service.ts[0m:[93m34[0m:[93m12[0m - [91merror[0m[90m TS2300: [0mDuplicate identifier 'create'.

[7m34[0m     public create = async (body) => {
[7m  [0m [91m           ~~~~~~[0m
[96msrc/services/post.service.ts[0m:[93m38[0m:[93m12[0m - [91merror[0m[90m TS2300: [0mDuplicate identifier 'create'.

[7m38[0m     public create = async (body) => {
[7m  [0m [91m           ~~~~~~[0m

    at createTSError (/Users/toannguyen/Documents/Source/tn-uptech-backend/node_modules/ts-node/src/index.ts:859:12)
    at reportTSError (/Users/toannguyen/Documents/Source/tn-uptech-backend/node_modules/ts-node/src/index.ts:863:19)
    at getOutput (/Users/toannguyen/Documents/Source/tn-uptech-backend/node_modules/ts-node/src/index.ts:1077:36)
    at Object.compile (/Users/toannguyen/Documents/Source/tn-uptech-backend/node_modules/ts-node/src/index.ts:1433:41)
    at Module.m._compile (/Users/toannguyen/Documents/Source/tn-uptech-backend/node_modules/ts-node/src/index.ts:1617:30)
    at Module._extensions..js (node:internal/modules/cjs/loader:1245:10)
    at Object.require.extensions.<computed> [as .ts] (/Users/toannguyen/Documents/Source/tn-uptech-backend/node_modules/ts-node/src/index.ts:1621:12)
    at Module.load (node:internal/modules/cjs/loader:1069:32)
    at Function.Module._load (node:internal/modules/cjs/loader:904:12)
    at Module.require (node:internal/modules/cjs/loader:1093:19)
2023-03-28 13:18:05 error: uncaughtException: тип Unable to compile TypeScript:
[96msrc/modules/controllers/post.controller.ts[0m:[93m59[0m:[93m64[0m - [91merror[0m[90m TS2304: [0mCannot find name 'data'.

[7m59[0m             return res.status(200).json({ message: "OK", data: data });
[7m  [0m [91m                                                               ~~~~[0m

TSError: тип Unable to compile TypeScript:
[96msrc/modules/controllers/post.controller.ts[0m:[93m59[0m:[93m64[0m - [91merror[0m[90m TS2304: [0mCannot find name 'data'.

[7m59[0m             return res.status(200).json({ message: "OK", data: data });
[7m  [0m [91m                                                               ~~~~[0m

    at createTSError (/Users/toannguyen/Documents/Source/tn-uptech-backend/node_modules/ts-node/src/index.ts:859:12)
    at reportTSError (/Users/toannguyen/Documents/Source/tn-uptech-backend/node_modules/ts-node/src/index.ts:863:19)
    at getOutput (/Users/toannguyen/Documents/Source/tn-uptech-backend/node_modules/ts-node/src/index.ts:1077:36)
    at Object.compile (/Users/toannguyen/Documents/Source/tn-uptech-backend/node_modules/ts-node/src/index.ts:1433:41)
    at Module.m._compile (/Users/toannguyen/Documents/Source/tn-uptech-backend/node_modules/ts-node/src/index.ts:1617:30)
    at Module._extensions..js (node:internal/modules/cjs/loader:1245:10)
    at Object.require.extensions.<computed> [as .ts] (/Users/toannguyen/Documents/Source/tn-uptech-backend/node_modules/ts-node/src/index.ts:1621:12)
    at Module.load (node:internal/modules/cjs/loader:1069:32)
    at Function.Module._load (node:internal/modules/cjs/loader:904:12)
    at Module.require (node:internal/modules/cjs/loader:1093:19)
2023-03-28 13:21:11 error: uncaughtException: тип Unable to compile TypeScript:
[96msrc/modules/controllers/post.controller.ts[0m:[93m33[0m:[93m47[0m - [91merror[0m[90m TS2304: [0mCannot find name 'id'.

[7m33[0m             const data = await this.post.show(id);
[7m  [0m [91m                                              ~~[0m

TSError: тип Unable to compile TypeScript:
[96msrc/modules/controllers/post.controller.ts[0m:[93m33[0m:[93m47[0m - [91merror[0m[90m TS2304: [0mCannot find name 'id'.

[7m33[0m             const data = await this.post.show(id);
[7m  [0m [91m                                              ~~[0m

    at createTSError (/Users/toannguyen/Documents/Source/tn-uptech-backend/node_modules/ts-node/src/index.ts:859:12)
    at reportTSError (/Users/toannguyen/Documents/Source/tn-uptech-backend/node_modules/ts-node/src/index.ts:863:19)
    at getOutput (/Users/toannguyen/Documents/Source/tn-uptech-backend/node_modules/ts-node/src/index.ts:1077:36)
    at Object.compile (/Users/toannguyen/Documents/Source/tn-uptech-backend/node_modules/ts-node/src/index.ts:1433:41)
    at Module.m._compile (/Users/toannguyen/Documents/Source/tn-uptech-backend/node_modules/ts-node/src/index.ts:1617:30)
    at Module._extensions..js (node:internal/modules/cjs/loader:1245:10)
    at Object.require.extensions.<computed> [as .ts] (/Users/toannguyen/Documents/Source/tn-uptech-backend/node_modules/ts-node/src/index.ts:1621:12)
    at Module.load (node:internal/modules/cjs/loader:1069:32)
    at Function.Module._load (node:internal/modules/cjs/loader:904:12)
    at Module.require (node:internal/modules/cjs/loader:1093:19)
2023-03-28 13:21:53 error: uncaughtException: тип Unable to compile TypeScript:
[96msrc/services/post.service.ts[0m:[93m39[0m:[93m47[0m - [91merror[0m[90m TS2304: [0mCannot find name 'req'.

[7m39[0m         const data = await models.Post.update(req.body, { where: { id } });
[7m  [0m [91m                                              ~~~[0m

TSError: тип Unable to compile TypeScript:
[96msrc/services/post.service.ts[0m:[93m39[0m:[93m47[0m - [91merror[0m[90m TS2304: [0mCannot find name 'req'.

[7m39[0m         const data = await models.Post.update(req.body, { where: { id } });
[7m  [0m [91m                                              ~~~[0m

    at createTSError (/Users/toannguyen/Documents/Source/tn-uptech-backend/node_modules/ts-node/src/index.ts:859:12)
    at reportTSError (/Users/toannguyen/Documents/Source/tn-uptech-backend/node_modules/ts-node/src/index.ts:863:19)
    at getOutput (/Users/toannguyen/Documents/Source/tn-uptech-backend/node_modules/ts-node/src/index.ts:1077:36)
    at Object.compile (/Users/toannguyen/Documents/Source/tn-uptech-backend/node_modules/ts-node/src/index.ts:1433:41)
    at Module.m._compile (/Users/toannguyen/Documents/Source/tn-uptech-backend/node_modules/ts-node/src/index.ts:1617:30)
    at Module._extensions..js (node:internal/modules/cjs/loader:1245:10)
    at Object.require.extensions.<computed> [as .ts] (/Users/toannguyen/Documents/Source/tn-uptech-backend/node_modules/ts-node/src/index.ts:1621:12)
    at Module.load (node:internal/modules/cjs/loader:1069:32)
    at Function.Module._load (node:internal/modules/cjs/loader:904:12)
    at Module.require (node:internal/modules/cjs/loader:1093:19)
2023-03-28 13:22:08 error: uncaughtException: тип Unable to compile TypeScript:
[96msrc/modules/controllers/post.controller.ts[0m:[93m43[0m:[93m55[0m - [91merror[0m[90m TS2304: [0mCannot find name 'body'.

[7m43[0m             const data = await models.Post.update(id, body);
[7m  [0m [91m                                                      ~~~~[0m

TSError: тип Unable to compile TypeScript:
[96msrc/modules/controllers/post.controller.ts[0m:[93m43[0m:[93m55[0m - [91merror[0m[90m TS2304: [0mCannot find name 'body'.

[7m43[0m             const data = await models.Post.update(id, body);
[7m  [0m [91m                                                      ~~~~[0m

    at createTSError (/Users/toannguyen/Documents/Source/tn-uptech-backend/node_modules/ts-node/src/index.ts:859:12)
    at reportTSError (/Users/toannguyen/Documents/Source/tn-uptech-backend/node_modules/ts-node/src/index.ts:863:19)
    at getOutput (/Users/toannguyen/Documents/Source/tn-uptech-backend/node_modules/ts-node/src/index.ts:1077:36)
    at Object.compile (/Users/toannguyen/Documents/Source/tn-uptech-backend/node_modules/ts-node/src/index.ts:1433:41)
    at Module.m._compile (/Users/toannguyen/Documents/Source/tn-uptech-backend/node_modules/ts-node/src/index.ts:1617:30)
    at Module._extensions..js (node:internal/modules/cjs/loader:1245:10)
    at Object.require.extensions.<computed> [as .ts] (/Users/toannguyen/Documents/Source/tn-uptech-backend/node_modules/ts-node/src/index.ts:1621:12)
    at Module.load (node:internal/modules/cjs/loader:1069:32)
    at Function.Module._load (node:internal/modules/cjs/loader:904:12)
    at Module.require (node:internal/modules/cjs/loader:1093:19)
2023-03-28 13:22:34 error: uncaughtException: тип Unable to compile TypeScript:
[96msrc/modules/controllers/post.controller.ts[0m:[93m43[0m:[93m37[0m - [91merror[0m[90m TS2349: [0mThis expression is not callable.
  Type 'PostService' has no call signatures.

[7m43[0m             const data = await this.post(id, req.body);
[7m  [0m [91m                                    ~~~~[0m

TSError: тип Unable to compile TypeScript:
[96msrc/modules/controllers/post.controller.ts[0m:[93m43[0m:[93m37[0m - [91merror[0m[90m TS2349: [0mThis expression is not callable.
  Type 'PostService' has no call signatures.

[7m43[0m             const data = await this.post(id, req.body);
[7m  [0m [91m                                    ~~~~[0m

    at createTSError (/Users/toannguyen/Documents/Source/tn-uptech-backend/node_modules/ts-node/src/index.ts:859:12)
    at reportTSError (/Users/toannguyen/Documents/Source/tn-uptech-backend/node_modules/ts-node/src/index.ts:863:19)
    at getOutput (/Users/toannguyen/Documents/Source/tn-uptech-backend/node_modules/ts-node/src/index.ts:1077:36)
    at Object.compile (/Users/toannguyen/Documents/Source/tn-uptech-backend/node_modules/ts-node/src/index.ts:1433:41)
    at Module.m._compile (/Users/toannguyen/Documents/Source/tn-uptech-backend/node_modules/ts-node/src/index.ts:1617:30)
    at Module._extensions..js (node:internal/modules/cjs/loader:1245:10)
    at Object.require.extensions.<computed> [as .ts] (/Users/toannguyen/Documents/Source/tn-uptech-backend/node_modules/ts-node/src/index.ts:1621:12)
    at Module.load (node:internal/modules/cjs/loader:1069:32)
    at Function.Module._load (node:internal/modules/cjs/loader:904:12)
    at Module.require (node:internal/modules/cjs/loader:1093:19)
2023-03-28 13:28:39 error: uncaughtException: тип Unable to compile TypeScript:
[96msrc/route/post.route.ts[0m:[93m17[0m:[93m59[0m - [91merror[0m[90m TS2551: [0mProperty 'create' does not exist on type 'PostController'. Did you mean 'created'?

[7m17[0m         this.router.post(`${this.path}/create`, this.post.create);
[7m  [0m [91m                                                          ~~~~~~[0m

  [96msrc/modules/controllers/base.controller.ts[0m:[93m17[0m:[93m12[0m
    [7m17[0m     public created(res: express.Response, data?: object) {
    [7m  [0m [96m           ~~~~~~~[0m
    'created' is declared here.
[96msrc/route/post.route.ts[0m:[93m18[0m:[93m60[0m - [91merror[0m[90m TS2339: [0mProperty 'show' does not exist on type 'PostController'.

[7m18[0m         this.router.get(`${this.path}/show/:id`, this.post.show);
[7m  [0m [91m                                                           ~~~~[0m
[96msrc/route/post.route.ts[0m:[93m19[0m:[93m62[0m - [91merror[0m[90m TS2339: [0mProperty 'update' does not exist on type 'PostController'.

[7m19[0m         this.router.put(`${this.path}/update/:id`, this.post.update);
[7m  [0m [91m                                                             ~~~~~~[0m
[96msrc/route/post.route.ts[0m:[93m20[0m:[93m71[0m - [91merror[0m[90m TS2339: [0mProperty 'delete' does not exist on type 'PostController'.

[7m20[0m         this.router.delete(`${this.path}/delete/:id(\\d+)`, this.post.delete);
[7m  [0m [91m                                                                      ~~~~~~[0m

TSError: тип Unable to compile TypeScript:
[96msrc/route/post.route.ts[0m:[93m17[0m:[93m59[0m - [91merror[0m[90m TS2551: [0mProperty 'create' does not exist on type 'PostController'. Did you mean 'created'?

[7m17[0m         this.router.post(`${this.path}/create`, this.post.create);
[7m  [0m [91m                                                          ~~~~~~[0m

  [96msrc/modules/controllers/base.controller.ts[0m:[93m17[0m:[93m12[0m
    [7m17[0m     public created(res: express.Response, data?: object) {
    [7m  [0m [96m           ~~~~~~~[0m
    'created' is declared here.
[96msrc/route/post.route.ts[0m:[93m18[0m:[93m60[0m - [91merror[0m[90m TS2339: [0mProperty 'show' does not exist on type 'PostController'.

[7m18[0m         this.router.get(`${this.path}/show/:id`, this.post.show);
[7m  [0m [91m                                                           ~~~~[0m
[96msrc/route/post.route.ts[0m:[93m19[0m:[93m62[0m - [91merror[0m[90m TS2339: [0mProperty 'update' does not exist on type 'PostController'.

[7m19[0m         this.router.put(`${this.path}/update/:id`, this.post.update);
[7m  [0m [91m                                                             ~~~~~~[0m
[96msrc/route/post.route.ts[0m:[93m20[0m:[93m71[0m - [91merror[0m[90m TS2339: [0mProperty 'delete' does not exist on type 'PostController'.

[7m20[0m         this.router.delete(`${this.path}/delete/:id(\\d+)`, this.post.delete);
[7m  [0m [91m                                                                      ~~~~~~[0m

    at createTSError (/Users/toannguyen/Documents/Source/tn-uptech-backend/node_modules/ts-node/src/index.ts:859:12)
    at reportTSError (/Users/toannguyen/Documents/Source/tn-uptech-backend/node_modules/ts-node/src/index.ts:863:19)
    at getOutput (/Users/toannguyen/Documents/Source/tn-uptech-backend/node_modules/ts-node/src/index.ts:1077:36)
    at Object.compile (/Users/toannguyen/Documents/Source/tn-uptech-backend/node_modules/ts-node/src/index.ts:1433:41)
    at Module.m._compile (/Users/toannguyen/Documents/Source/tn-uptech-backend/node_modules/ts-node/src/index.ts:1617:30)
    at Module._extensions..js (node:internal/modules/cjs/loader:1245:10)
    at Object.require.extensions.<computed> [as .ts] (/Users/toannguyen/Documents/Source/tn-uptech-backend/node_modules/ts-node/src/index.ts:1621:12)
    at Module.load (node:internal/modules/cjs/loader:1069:32)
    at Function.Module._load (node:internal/modules/cjs/loader:904:12)
    at Module.require (node:internal/modules/cjs/loader:1093:19)
2023-03-28 13:28:45 error: uncaughtException: тип Unable to compile TypeScript:
[96msrc/route/post.route.ts[0m:[93m17[0m:[93m59[0m - [91merror[0m[90m TS2551: [0mProperty 'create' does not exist on type 'PostController'. Did you mean 'created'?

[7m17[0m         this.router.post(`${this.path}/create`, this.post.create);
[7m  [0m [91m                                                          ~~~~~~[0m

  [96msrc/modules/controllers/base.controller.ts[0m:[93m17[0m:[93m12[0m
    [7m17[0m     public created(res: express.Response, data?: object) {
    [7m  [0m [96m           ~~~~~~~[0m
    'created' is declared here.
[96msrc/route/post.route.ts[0m:[93m18[0m:[93m60[0m - [91merror[0m[90m TS2339: [0mProperty 'show' does not exist on type 'PostController'.

[7m18[0m         this.router.get(`${this.path}/show/:id`, this.post.show);
[7m  [0m [91m                                                           ~~~~[0m
[96msrc/route/post.route.ts[0m:[93m19[0m:[93m62[0m - [91merror[0m[90m TS2339: [0mProperty 'update' does not exist on type 'PostController'.

[7m19[0m         this.router.put(`${this.path}/update/:id`, this.post.update);
[7m  [0m [91m                                                             ~~~~~~[0m
[96msrc/route/post.route.ts[0m:[93m20[0m:[93m71[0m - [91merror[0m[90m TS2339: [0mProperty 'delete' does not exist on type 'PostController'.

[7m20[0m         this.router.delete(`${this.path}/delete/:id(\\d+)`, this.post.delete);
[7m  [0m [91m                                                                      ~~~~~~[0m

TSError: тип Unable to compile TypeScript:
[96msrc/route/post.route.ts[0m:[93m17[0m:[93m59[0m - [91merror[0m[90m TS2551: [0mProperty 'create' does not exist on type 'PostController'. Did you mean 'created'?

[7m17[0m         this.router.post(`${this.path}/create`, this.post.create);
[7m  [0m [91m                                                          ~~~~~~[0m

  [96msrc/modules/controllers/base.controller.ts[0m:[93m17[0m:[93m12[0m
    [7m17[0m     public created(res: express.Response, data?: object) {
    [7m  [0m [96m           ~~~~~~~[0m
    'created' is declared here.
[96msrc/route/post.route.ts[0m:[93m18[0m:[93m60[0m - [91merror[0m[90m TS2339: [0mProperty 'show' does not exist on type 'PostController'.

[7m18[0m         this.router.get(`${this.path}/show/:id`, this.post.show);
[7m  [0m [91m                                                           ~~~~[0m
[96msrc/route/post.route.ts[0m:[93m19[0m:[93m62[0m - [91merror[0m[90m TS2339: [0mProperty 'update' does not exist on type 'PostController'.

[7m19[0m         this.router.put(`${this.path}/update/:id`, this.post.update);
[7m  [0m [91m                                                             ~~~~~~[0m
[96msrc/route/post.route.ts[0m:[93m20[0m:[93m71[0m - [91merror[0m[90m TS2339: [0mProperty 'delete' does not exist on type 'PostController'.

[7m20[0m         this.router.delete(`${this.path}/delete/:id(\\d+)`, this.post.delete);
[7m  [0m [91m                                                                      ~~~~~~[0m

    at createTSError (/Users/toannguyen/Documents/Source/tn-uptech-backend/node_modules/ts-node/src/index.ts:859:12)
    at reportTSError (/Users/toannguyen/Documents/Source/tn-uptech-backend/node_modules/ts-node/src/index.ts:863:19)
    at getOutput (/Users/toannguyen/Documents/Source/tn-uptech-backend/node_modules/ts-node/src/index.ts:1077:36)
    at Object.compile (/Users/toannguyen/Documents/Source/tn-uptech-backend/node_modules/ts-node/src/index.ts:1433:41)
    at Module.m._compile (/Users/toannguyen/Documents/Source/tn-uptech-backend/node_modules/ts-node/src/index.ts:1617:30)
    at Module._extensions..js (node:internal/modules/cjs/loader:1245:10)
    at Object.require.extensions.<computed> [as .ts] (/Users/toannguyen/Documents/Source/tn-uptech-backend/node_modules/ts-node/src/index.ts:1621:12)
    at Module.load (node:internal/modules/cjs/loader:1069:32)
    at Function.Module._load (node:internal/modules/cjs/loader:904:12)
    at Module.require (node:internal/modules/cjs/loader:1093:19)
2023-03-28 13:29:27 error: uncaughtException: тип Unable to compile TypeScript:
[96msrc/modules/controllers/post.controller.ts[0m:[93m22[0m:[93m43[0m - [91merror[0m[90m TS2339: [0mProperty 'post' does not exist on type 'PostController'.

[7m22[0m             const data = await await this.post.create(req.body);
[7m  [0m [91m                                          ~~~~[0m
[96msrc/modules/controllers/post.controller.ts[0m:[93m31[0m:[93m37[0m - [91merror[0m[90m TS2339: [0mProperty 'post' does not exist on type 'PostController'.

[7m31[0m             const data = await this.post.show(req.params.id);
[7m  [0m [91m                                    ~~~~[0m
[96msrc/modules/controllers/post.controller.ts[0m:[93m41[0m:[93m37[0m - [91merror[0m[90m TS2339: [0mProperty 'post' does not exist on type 'PostController'.

[7m41[0m             const data = await this.post.update(id, req.body);
[7m  [0m [91m                                    ~~~~[0m
[96msrc/modules/controllers/post.controller.ts[0m:[93m51[0m:[93m24[0m - [91merror[0m[90m TS2339: [0mProperty 'post' does not exist on type 'PostController'.

[7m51[0m             await this.post.delete(id);
[7m  [0m [91m                       ~~~~[0m

TSError: тип Unable to compile TypeScript:
[96msrc/modules/controllers/post.controller.ts[0m:[93m22[0m:[93m43[0m - [91merror[0m[90m TS2339: [0mProperty 'post' does not exist on type 'PostController'.

[7m22[0m             const data = await await this.post.create(req.body);
[7m  [0m [91m                                          ~~~~[0m
[96msrc/modules/controllers/post.controller.ts[0m:[93m31[0m:[93m37[0m - [91merror[0m[90m TS2339: [0mProperty 'post' does not exist on type 'PostController'.

[7m31[0m             const data = await this.post.show(req.params.id);
[7m  [0m [91m                                    ~~~~[0m
[96msrc/modules/controllers/post.controller.ts[0m:[93m41[0m:[93m37[0m - [91merror[0m[90m TS2339: [0mProperty 'post' does not exist on type 'PostController'.

[7m41[0m             const data = await this.post.update(id, req.body);
[7m  [0m [91m                                    ~~~~[0m
[96msrc/modules/controllers/post.controller.ts[0m:[93m51[0m:[93m24[0m - [91merror[0m[90m TS2339: [0mProperty 'post' does not exist on type 'PostController'.

[7m51[0m             await this.post.delete(id);
[7m  [0m [91m                       ~~~~[0m

    at createTSError (/Users/toannguyen/Documents/Source/tn-uptech-backend/node_modules/ts-node/src/index.ts:859:12)
    at reportTSError (/Users/toannguyen/Documents/Source/tn-uptech-backend/node_modules/ts-node/src/index.ts:863:19)
    at getOutput (/Users/toannguyen/Documents/Source/tn-uptech-backend/node_modules/ts-node/src/index.ts:1077:36)
    at Object.compile (/Users/toannguyen/Documents/Source/tn-uptech-backend/node_modules/ts-node/src/index.ts:1433:41)
    at Module.m._compile (/Users/toannguyen/Documents/Source/tn-uptech-backend/node_modules/ts-node/src/index.ts:1617:30)
    at Module._extensions..js (node:internal/modules/cjs/loader:1245:10)
    at Object.require.extensions.<computed> [as .ts] (/Users/toannguyen/Documents/Source/tn-uptech-backend/node_modules/ts-node/src/index.ts:1621:12)
    at Module.load (node:internal/modules/cjs/loader:1069:32)
    at Function.Module._load (node:internal/modules/cjs/loader:904:12)
    at Module.require (node:internal/modules/cjs/loader:1093:19)
2023-03-28 13:45:33 error: uncaughtException: тип Unable to compile TypeScript:
[96msrc/modules/controllers/post.controller.ts[0m:[93m12[0m:[93m21[0m - [91merror[0m[90m TS2663: [0mCannot find name 'post'. Did you mean the instance member 'this.post'?

[7m12[0m         console.log(post);
[7m  [0m [91m                    ~~~~[0m

TSError: тип Unable to compile TypeScript:
[96msrc/modules/controllers/post.controller.ts[0m:[93m12[0m:[93m21[0m - [91merror[0m[90m TS2663: [0mCannot find name 'post'. Did you mean the instance member 'this.post'?

[7m12[0m         console.log(post);
[7m  [0m [91m                    ~~~~[0m

    at createTSError (/Users/toannguyen/Documents/Source/tn-uptech-backend/node_modules/ts-node/src/index.ts:859:12)
    at reportTSError (/Users/toannguyen/Documents/Source/tn-uptech-backend/node_modules/ts-node/src/index.ts:863:19)
    at getOutput (/Users/toannguyen/Documents/Source/tn-uptech-backend/node_modules/ts-node/src/index.ts:1077:36)
    at Object.compile (/Users/toannguyen/Documents/Source/tn-uptech-backend/node_modules/ts-node/src/index.ts:1433:41)
    at Module.m._compile (/Users/toannguyen/Documents/Source/tn-uptech-backend/node_modules/ts-node/src/index.ts:1617:30)
    at Module._extensions..js (node:internal/modules/cjs/loader:1245:10)
    at Object.require.extensions.<computed> [as .ts] (/Users/toannguyen/Documents/Source/tn-uptech-backend/node_modules/ts-node/src/index.ts:1621:12)
    at Module.load (node:internal/modules/cjs/loader:1069:32)
    at Function.Module._load (node:internal/modules/cjs/loader:904:12)
    at Module.require (node:internal/modules/cjs/loader:1093:19)
2023-03-28 13:46:02 error: uncaughtException: Cannot read properties of undefined (reading 'post')
TypeError: Cannot read properties of undefined (reading 'post')
    at index (/Users/toannguyen/Documents/Source/tn-uptech-backend/src/modules/controllers/post.controller.ts:12:26)
    at Layer.handle [as handle_request] (/Users/toannguyen/Documents/Source/tn-uptech-backend/node_modules/express/lib/router/layer.js:95:5)
    at next (/Users/toannguyen/Documents/Source/tn-uptech-backend/node_modules/express/lib/router/route.js:144:13)
    at Route.dispatch (/Users/toannguyen/Documents/Source/tn-uptech-backend/node_modules/express/lib/router/route.js:114:3)
    at Layer.handle [as handle_request] (/Users/toannguyen/Documents/Source/tn-uptech-backend/node_modules/express/lib/router/layer.js:95:5)
    at /Users/toannguyen/Documents/Source/tn-uptech-backend/node_modules/express/lib/router/index.js:284:15
    at Function.process_params (/Users/toannguyen/Documents/Source/tn-uptech-backend/node_modules/express/lib/router/index.js:346:12)
    at next (/Users/toannguyen/Documents/Source/tn-uptech-backend/node_modules/express/lib/router/index.js:280:10)
    at Function.handle (/Users/toannguyen/Documents/Source/tn-uptech-backend/node_modules/express/lib/router/index.js:175:3)
    at router (/Users/toannguyen/Documents/Source/tn-uptech-backend/node_modules/express/lib/router/index.js:47:12)
2023-03-28 13:47:24 error: uncaughtException: Cannot read properties of undefined (reading 'post')
TypeError: Cannot read properties of undefined (reading 'post')
    at index (/Users/toannguyen/Documents/Source/tn-uptech-backend/src/modules/controllers/post.controller.ts:11:26)
    at Layer.handle [as handle_request] (/Users/toannguyen/Documents/Source/tn-uptech-backend/node_modules/express/lib/router/layer.js:95:5)
    at next (/Users/toannguyen/Documents/Source/tn-uptech-backend/node_modules/express/lib/router/route.js:144:13)
    at Route.dispatch (/Users/toannguyen/Documents/Source/tn-uptech-backend/node_modules/express/lib/router/route.js:114:3)
    at Layer.handle [as handle_request] (/Users/toannguyen/Documents/Source/tn-uptech-backend/node_modules/express/lib/router/layer.js:95:5)
    at /Users/toannguyen/Documents/Source/tn-uptech-backend/node_modules/express/lib/router/index.js:284:15
    at Function.process_params (/Users/toannguyen/Documents/Source/tn-uptech-backend/node_modules/express/lib/router/index.js:346:12)
    at next (/Users/toannguyen/Documents/Source/tn-uptech-backend/node_modules/express/lib/router/index.js:280:10)
    at Function.handle (/Users/toannguyen/Documents/Source/tn-uptech-backend/node_modules/express/lib/router/index.js:175:3)
    at router (/Users/toannguyen/Documents/Source/tn-uptech-backend/node_modules/express/lib/router/index.js:47:12)
2023-03-28 13:48:06 error: uncaughtException: тип Unable to compile TypeScript:
[96msrc/modules/controllers/post.controller.ts[0m:[93m4[0m:[93m10[0m - [91merror[0m[90m TS2440: [0mImport declaration conflicts with local declaration of 'PostService'.

[7m4[0m import { PostService } from "../../services/post.service";
[7m [0m [91m         ~~~~~~~~~~~[0m
[96msrc/modules/controllers/post.controller.ts[0m:[93m6[0m:[93m25[0m - [91merror[0m[90m TS2448: [0mBlock-scoped variable 'PostService' used before its declaration.

[7m6[0m const PostService = new PostService();
[7m [0m [91m                        ~~~~~~~~~~~[0m

  [96msrc/modules/controllers/post.controller.ts[0m:[93m6[0m:[93m7[0m
    [7m6[0m const PostService = new PostService();
    [7m [0m [96m      ~~~~~~~~~~~[0m
    'PostService' is declared here.
[96msrc/modules/controllers/post.controller.ts[0m:[93m14[0m:[93m42[0m - [91merror[0m[90m TS2339: [0mProperty 'getList' does not exist on type 'unknown'.

[7m14[0m             const data = await this.post.getList({ ...req.query });
[7m  [0m [91m                                         ~~~~~~~[0m
[96msrc/modules/controllers/post.controller.ts[0m:[93m24[0m:[93m48[0m - [91merror[0m[90m TS2339: [0mProperty 'create' does not exist on type 'unknown'.

[7m24[0m             const data = await await this.post.create(req.body);
[7m  [0m [91m                                               ~~~~~~[0m
[96msrc/modules/controllers/post.controller.ts[0m:[93m33[0m:[93m42[0m - [91merror[0m[90m TS2339: [0mProperty 'show' does not exist on type 'unknown'.

[7m33[0m             const data = await this.post.show(req.params.id);
[7m  [0m [91m                                         ~~~~[0m
[96msrc/modules/controllers/post.controller.ts[0m:[93m43[0m:[93m42[0m - [91merror[0m[90m TS2339: [0mProperty 'update' does not exist on type 'unknown'.

[7m43[0m             const data = await this.post.update(id, req.body);
[7m  [0m [91m                                         ~~~~~~[0m
[96msrc/modules/controllers/post.controller.ts[0m:[93m53[0m:[93m29[0m - [91merror[0m[90m TS2339: [0mProperty 'delete' does not exist on type 'unknown'.

[7m53[0m             await this.post.delete(id);
[7m  [0m [91m                            ~~~~~~[0m

TSError: тип Unable to compile TypeScript:
[96msrc/modules/controllers/post.controller.ts[0m:[93m4[0m:[93m10[0m - [91merror[0m[90m TS2440: [0mImport declaration conflicts with local declaration of 'PostService'.

[7m4[0m import { PostService } from "../../services/post.service";
[7m [0m [91m         ~~~~~~~~~~~[0m
[96msrc/modules/controllers/post.controller.ts[0m:[93m6[0m:[93m25[0m - [91merror[0m[90m TS2448: [0mBlock-scoped variable 'PostService' used before its declaration.

[7m6[0m const PostService = new PostService();
[7m [0m [91m                        ~~~~~~~~~~~[0m

  [96msrc/modules/controllers/post.controller.ts[0m:[93m6[0m:[93m7[0m
    [7m6[0m const PostService = new PostService();
    [7m [0m [96m      ~~~~~~~~~~~[0m
    'PostService' is declared here.
[96msrc/modules/controllers/post.controller.ts[0m:[93m14[0m:[93m42[0m - [91merror[0m[90m TS2339: [0mProperty 'getList' does not exist on type 'unknown'.

[7m14[0m             const data = await this.post.getList({ ...req.query });
[7m  [0m [91m                                         ~~~~~~~[0m
[96msrc/modules/controllers/post.controller.ts[0m:[93m24[0m:[93m48[0m - [91merror[0m[90m TS2339: [0mProperty 'create' does not exist on type 'unknown'.

[7m24[0m             const data = await await this.post.create(req.body);
[7m  [0m [91m                                               ~~~~~~[0m
[96msrc/modules/controllers/post.controller.ts[0m:[93m33[0m:[93m42[0m - [91merror[0m[90m TS2339: [0mProperty 'show' does not exist on type 'unknown'.

[7m33[0m             const data = await this.post.show(req.params.id);
[7m  [0m [91m                                         ~~~~[0m
[96msrc/modules/controllers/post.controller.ts[0m:[93m43[0m:[93m42[0m - [91merror[0m[90m TS2339: [0mProperty 'update' does not exist on type 'unknown'.

[7m43[0m             const data = await this.post.update(id, req.body);
[7m  [0m [91m                                         ~~~~~~[0m
[96msrc/modules/controllers/post.controller.ts[0m:[93m53[0m:[93m29[0m - [91merror[0m[90m TS2339: [0mProperty 'delete' does not exist on type 'unknown'.

[7m53[0m             await this.post.delete(id);
[7m  [0m [91m                            ~~~~~~[0m

    at createTSError (/Users/toannguyen/Documents/Source/tn-uptech-backend/node_modules/ts-node/src/index.ts:859:12)
    at reportTSError (/Users/toannguyen/Documents/Source/tn-uptech-backend/node_modules/ts-node/src/index.ts:863:19)
    at getOutput (/Users/toannguyen/Documents/Source/tn-uptech-backend/node_modules/ts-node/src/index.ts:1077:36)
    at Object.compile (/Users/toannguyen/Documents/Source/tn-uptech-backend/node_modules/ts-node/src/index.ts:1433:41)
    at Module.m._compile (/Users/toannguyen/Documents/Source/tn-uptech-backend/node_modules/ts-node/src/index.ts:1617:30)
    at Module._extensions..js (node:internal/modules/cjs/loader:1245:10)
    at Object.require.extensions.<computed> [as .ts] (/Users/toannguyen/Documents/Source/tn-uptech-backend/node_modules/ts-node/src/index.ts:1621:12)
    at Module.load (node:internal/modules/cjs/loader:1069:32)
    at Function.Module._load (node:internal/modules/cjs/loader:904:12)
    at Module.require (node:internal/modules/cjs/loader:1093:19)
2023-03-28 13:48:11 error: uncaughtException: тип Unable to compile TypeScript:
[96msrc/modules/controllers/post.controller.ts[0m:[93m6[0m:[93m18[0m - [91merror[0m[90m TS2304: [0mCannot find name 'PostService'.

[7m6[0m const post = new PostService();
[7m [0m [91m                 ~~~~~~~~~~~[0m
[96msrc/modules/controllers/post.controller.ts[0m:[93m9[0m:[93m33[0m - [91merror[0m[90m TS2304: [0mCannot find name 'PostService'.

[7m9[0m     public post = Container.get(PostService);
[7m [0m [91m                                ~~~~~~~~~~~[0m
[96msrc/modules/controllers/post.controller.ts[0m:[93m14[0m:[93m42[0m - [91merror[0m[90m TS2339: [0mProperty 'getList' does not exist on type 'unknown'.

[7m14[0m             const data = await this.post.getList({ ...req.query });
[7m  [0m [91m                                         ~~~~~~~[0m
[96msrc/modules/controllers/post.controller.ts[0m:[93m24[0m:[93m48[0m - [91merror[0m[90m TS2339: [0mProperty 'create' does not exist on type 'unknown'.

[7m24[0m             const data = await await this.post.create(req.body);
[7m  [0m [91m                                               ~~~~~~[0m
[96msrc/modules/controllers/post.controller.ts[0m:[93m33[0m:[93m42[0m - [91merror[0m[90m TS2339: [0mProperty 'show' does not exist on type 'unknown'.

[7m33[0m             const data = await this.post.show(req.params.id);
[7m  [0m [91m                                         ~~~~[0m
[96msrc/modules/controllers/post.controller.ts[0m:[93m43[0m:[93m42[0m - [91merror[0m[90m TS2339: [0mProperty 'update' does not exist on type 'unknown'.

[7m43[0m             const data = await this.post.update(id, req.body);
[7m  [0m [91m                                         ~~~~~~[0m
[96msrc/modules/controllers/post.controller.ts[0m:[93m53[0m:[93m29[0m - [91merror[0m[90m TS2339: [0mProperty 'delete' does not exist on type 'unknown'.

[7m53[0m             await this.post.delete(id);
[7m  [0m [91m                            ~~~~~~[0m

TSError: тип Unable to compile TypeScript:
[96msrc/modules/controllers/post.controller.ts[0m:[93m6[0m:[93m18[0m - [91merror[0m[90m TS2304: [0mCannot find name 'PostService'.

[7m6[0m const post = new PostService();
[7m [0m [91m                 ~~~~~~~~~~~[0m
[96msrc/modules/controllers/post.controller.ts[0m:[93m9[0m:[93m33[0m - [91merror[0m[90m TS2304: [0mCannot find name 'PostService'.

[7m9[0m     public post = Container.get(PostService);
[7m [0m [91m                                ~~~~~~~~~~~[0m
[96msrc/modules/controllers/post.controller.ts[0m:[93m14[0m:[93m42[0m - [91merror[0m[90m TS2339: [0mProperty 'getList' does not exist on type 'unknown'.

[7m14[0m             const data = await this.post.getList({ ...req.query });
[7m  [0m [91m                                         ~~~~~~~[0m
[96msrc/modules/controllers/post.controller.ts[0m:[93m24[0m:[93m48[0m - [91merror[0m[90m TS2339: [0mProperty 'create' does not exist on type 'unknown'.

[7m24[0m             const data = await await this.post.create(req.body);
[7m  [0m [91m                                               ~~~~~~[0m
[96msrc/modules/controllers/post.controller.ts[0m:[93m33[0m:[93m42[0m - [91merror[0m[90m TS2339: [0mProperty 'show' does not exist on type 'unknown'.

[7m33[0m             const data = await this.post.show(req.params.id);
[7m  [0m [91m                                         ~~~~[0m
[96msrc/modules/controllers/post.controller.ts[0m:[93m43[0m:[93m42[0m - [91merror[0m[90m TS2339: [0mProperty 'update' does not exist on type 'unknown'.

[7m43[0m             const data = await this.post.update(id, req.body);
[7m  [0m [91m                                         ~~~~~~[0m
[96msrc/modules/controllers/post.controller.ts[0m:[93m53[0m:[93m29[0m - [91merror[0m[90m TS2339: [0mProperty 'delete' does not exist on type 'unknown'.

[7m53[0m             await this.post.delete(id);
[7m  [0m [91m                            ~~~~~~[0m

    at createTSError (/Users/toannguyen/Documents/Source/tn-uptech-backend/node_modules/ts-node/src/index.ts:859:12)
    at reportTSError (/Users/toannguyen/Documents/Source/tn-uptech-backend/node_modules/ts-node/src/index.ts:863:19)
    at getOutput (/Users/toannguyen/Documents/Source/tn-uptech-backend/node_modules/ts-node/src/index.ts:1077:36)
    at Object.compile (/Users/toannguyen/Documents/Source/tn-uptech-backend/node_modules/ts-node/src/index.ts:1433:41)
    at Module.m._compile (/Users/toannguyen/Documents/Source/tn-uptech-backend/node_modules/ts-node/src/index.ts:1617:30)
    at Module._extensions..js (node:internal/modules/cjs/loader:1245:10)
    at Object.require.extensions.<computed> [as .ts] (/Users/toannguyen/Documents/Source/tn-uptech-backend/node_modules/ts-node/src/index.ts:1621:12)
    at Module.load (node:internal/modules/cjs/loader:1069:32)
    at Function.Module._load (node:internal/modules/cjs/loader:904:12)
    at Module.require (node:internal/modules/cjs/loader:1093:19)
2023-03-28 13:49:19 error: uncaughtException: тип Unable to compile TypeScript:
[96msrc/modules/controllers/project.controller.ts[0m:[93m8[0m:[93m18[0m - [91merror[0m[90m TS2304: [0mCannot find name 'PostService'.

[7m8[0m const post = new PostService();
[7m [0m [91m                 ~~~~~~~~~~~[0m

TSError: тип Unable to compile TypeScript:
[96msrc/modules/controllers/project.controller.ts[0m:[93m8[0m:[93m18[0m - [91merror[0m[90m TS2304: [0mCannot find name 'PostService'.

[7m8[0m const post = new PostService();
[7m [0m [91m                 ~~~~~~~~~~~[0m

    at createTSError (/Users/toannguyen/Documents/Source/tn-uptech-backend/node_modules/ts-node/src/index.ts:859:12)
    at reportTSError (/Users/toannguyen/Documents/Source/tn-uptech-backend/node_modules/ts-node/src/index.ts:863:19)
    at getOutput (/Users/toannguyen/Documents/Source/tn-uptech-backend/node_modules/ts-node/src/index.ts:1077:36)
    at Object.compile (/Users/toannguyen/Documents/Source/tn-uptech-backend/node_modules/ts-node/src/index.ts:1433:41)
    at Module.m._compile (/Users/toannguyen/Documents/Source/tn-uptech-backend/node_modules/ts-node/src/index.ts:1617:30)
    at Module._extensions..js (node:internal/modules/cjs/loader:1245:10)
    at Object.require.extensions.<computed> [as .ts] (/Users/toannguyen/Documents/Source/tn-uptech-backend/node_modules/ts-node/src/index.ts:1621:12)
    at Module.load (node:internal/modules/cjs/loader:1069:32)
    at Function.Module._load (node:internal/modules/cjs/loader:904:12)
    at Module.require (node:internal/modules/cjs/loader:1093:19)
2023-03-28 13:49:57 error: uncaughtException: тип Unable to compile TypeScript:
[96msrc/modules/controllers/post.controller.ts[0m:[93m24[0m:[93m43[0m - [91merror[0m[90m TS2339: [0mProperty 'post' does not exist on type 'PostController'.

[7m24[0m             const data = await await this.post.create(req.body);
[7m  [0m [91m                                          ~~~~[0m
[96msrc/modules/controllers/post.controller.ts[0m:[93m33[0m:[93m37[0m - [91merror[0m[90m TS2339: [0mProperty 'post' does not exist on type 'PostController'.

[7m33[0m             const data = await this.post.show(req.params.id);
[7m  [0m [91m                                    ~~~~[0m
[96msrc/modules/controllers/post.controller.ts[0m:[93m43[0m:[93m37[0m - [91merror[0m[90m TS2339: [0mProperty 'post' does not exist on type 'PostController'.

[7m43[0m             const data = await this.post.update(id, req.body);
[7m  [0m [91m                                    ~~~~[0m
[96msrc/modules/controllers/post.controller.ts[0m:[93m53[0m:[93m24[0m - [91merror[0m[90m TS2339: [0mProperty 'post' does not exist on type 'PostController'.

[7m53[0m             await this.post.delete(id);
[7m  [0m [91m                       ~~~~[0m

TSError: тип Unable to compile TypeScript:
[96msrc/modules/controllers/post.controller.ts[0m:[93m24[0m:[93m43[0m - [91merror[0m[90m TS2339: [0mProperty 'post' does not exist on type 'PostController'.

[7m24[0m             const data = await await this.post.create(req.body);
[7m  [0m [91m                                          ~~~~[0m
[96msrc/modules/controllers/post.controller.ts[0m:[93m33[0m:[93m37[0m - [91merror[0m[90m TS2339: [0mProperty 'post' does not exist on type 'PostController'.

[7m33[0m             const data = await this.post.show(req.params.id);
[7m  [0m [91m                                    ~~~~[0m
[96msrc/modules/controllers/post.controller.ts[0m:[93m43[0m:[93m37[0m - [91merror[0m[90m TS2339: [0mProperty 'post' does not exist on type 'PostController'.

[7m43[0m             const data = await this.post.update(id, req.body);
[7m  [0m [91m                                    ~~~~[0m
[96msrc/modules/controllers/post.controller.ts[0m:[93m53[0m:[93m24[0m - [91merror[0m[90m TS2339: [0mProperty 'post' does not exist on type 'PostController'.

[7m53[0m             await this.post.delete(id);
[7m  [0m [91m                       ~~~~[0m

    at createTSError (/Users/toannguyen/Documents/Source/tn-uptech-backend/node_modules/ts-node/src/index.ts:859:12)
    at reportTSError (/Users/toannguyen/Documents/Source/tn-uptech-backend/node_modules/ts-node/src/index.ts:863:19)
    at getOutput (/Users/toannguyen/Documents/Source/tn-uptech-backend/node_modules/ts-node/src/index.ts:1077:36)
    at Object.compile (/Users/toannguyen/Documents/Source/tn-uptech-backend/node_modules/ts-node/src/index.ts:1433:41)
    at Module.m._compile (/Users/toannguyen/Documents/Source/tn-uptech-backend/node_modules/ts-node/src/index.ts:1617:30)
    at Module._extensions..js (node:internal/modules/cjs/loader:1245:10)
    at Object.require.extensions.<computed> [as .ts] (/Users/toannguyen/Documents/Source/tn-uptech-backend/node_modules/ts-node/src/index.ts:1621:12)
    at Module.load (node:internal/modules/cjs/loader:1069:32)
    at Function.Module._load (node:internal/modules/cjs/loader:904:12)
    at Module.require (node:internal/modules/cjs/loader:1093:19)
2023-03-28 15:18:15 error: uncaughtException: cookie_parser_1.default.json is not a function
TypeError: cookie_parser_1.default.json is not a function
    at App.initializeMiddlewares (/Users/toannguyen/Documents/Source/tn-uptech-backend/src/infra/express/app.ts:55:35)
    at new App (/Users/toannguyen/Documents/Source/tn-uptech-backend/src/infra/express/app.ts:28:14)
    at Object.<anonymous> (/Users/toannguyen/Documents/Source/tn-uptech-backend/src/server.ts:16:13)
    at Module._compile (node:internal/modules/cjs/loader:1191:14)
    at Module.m._compile (/Users/toannguyen/Documents/Source/tn-uptech-backend/node_modules/ts-node/src/index.ts:1618:23)
    at Module._extensions..js (node:internal/modules/cjs/loader:1245:10)
    at Object.require.extensions.<computed> [as .ts] (/Users/toannguyen/Documents/Source/tn-uptech-backend/node_modules/ts-node/src/index.ts:1621:12)
    at Module.load (node:internal/modules/cjs/loader:1069:32)
    at Function.Module._load (node:internal/modules/cjs/loader:904:12)
    at Function.executeUserEntryPoint [as runMain] (node:internal/modules/run_main:81:12)
2023-03-28 15:18:27 error: uncaughtException: cookie_parser_1.default.json is not a function
TypeError: cookie_parser_1.default.json is not a function
    at App.initializeMiddlewares (/Users/toannguyen/Documents/Source/tn-uptech-backend/src/infra/express/app.ts:55:35)
    at new App (/Users/toannguyen/Documents/Source/tn-uptech-backend/src/infra/express/app.ts:28:14)
    at Object.<anonymous> (/Users/toannguyen/Documents/Source/tn-uptech-backend/src/server.ts:16:13)
    at Module._compile (node:internal/modules/cjs/loader:1191:14)
    at Module.m._compile (/Users/toannguyen/Documents/Source/tn-uptech-backend/node_modules/ts-node/src/index.ts:1618:23)
    at Module._extensions..js (node:internal/modules/cjs/loader:1245:10)
    at Object.require.extensions.<computed> [as .ts] (/Users/toannguyen/Documents/Source/tn-uptech-backend/node_modules/ts-node/src/index.ts:1621:12)
    at Module.load (node:internal/modules/cjs/loader:1069:32)
    at Function.Module._load (node:internal/modules/cjs/loader:904:12)
    at Function.executeUserEntryPoint [as runMain] (node:internal/modules/run_main:81:12)
2023-03-28 18:52:41 error: uncaughtException: тип Unable to compile TypeScript:
[96msrc/services/project.service.ts[0m:[93m30[0m:[93m31[0m - [91merror[0m[90m TS2304: [0mCannot find name 'Request'.

[7m30[0m     public show = async (req: Request, res: Response, next: NextFunction) => {
[7m  [0m [91m                              ~~~~~~~[0m
[96msrc/services/project.service.ts[0m:[93m30[0m:[93m45[0m - [91merror[0m[90m TS2304: [0mCannot find name 'Response'.

[7m30[0m     public show = async (req: Request, res: Response, next: NextFunction) => {
[7m  [0m [91m                                            ~~~~~~~~[0m
[96msrc/services/project.service.ts[0m:[93m30[0m:[93m61[0m - [91merror[0m[90m TS2304: [0mCannot find name 'NextFunction'.

[7m30[0m     public show = async (req: Request, res: Response, next: NextFunction) => {
[7m  [0m [91m                                                            ~~~~~~~~~~~~[0m

TSError: тип Unable to compile TypeScript:
[96msrc/services/project.service.ts[0m:[93m30[0m:[93m31[0m - [91merror[0m[90m TS2304: [0mCannot find name 'Request'.

[7m30[0m     public show = async (req: Request, res: Response, next: NextFunction) => {
[7m  [0m [91m                              ~~~~~~~[0m
[96msrc/services/project.service.ts[0m:[93m30[0m:[93m45[0m - [91merror[0m[90m TS2304: [0mCannot find name 'Response'.

[7m30[0m     public show = async (req: Request, res: Response, next: NextFunction) => {
[7m  [0m [91m                                            ~~~~~~~~[0m
[96msrc/services/project.service.ts[0m:[93m30[0m:[93m61[0m - [91merror[0m[90m TS2304: [0mCannot find name 'NextFunction'.

[7m30[0m     public show = async (req: Request, res: Response, next: NextFunction) => {
[7m  [0m [91m                                                            ~~~~~~~~~~~~[0m

    at createTSError (/Users/toannguyen/Documents/Source/tn-uptech-backend/node_modules/ts-node/src/index.ts:859:12)
    at reportTSError (/Users/toannguyen/Documents/Source/tn-uptech-backend/node_modules/ts-node/src/index.ts:863:19)
    at getOutput (/Users/toannguyen/Documents/Source/tn-uptech-backend/node_modules/ts-node/src/index.ts:1077:36)
    at Object.compile (/Users/toannguyen/Documents/Source/tn-uptech-backend/node_modules/ts-node/src/index.ts:1433:41)
    at Module.m._compile (/Users/toannguyen/Documents/Source/tn-uptech-backend/node_modules/ts-node/src/index.ts:1617:30)
    at Module._extensions..js (node:internal/modules/cjs/loader:1245:10)
    at Object.require.extensions.<computed> [as .ts] (/Users/toannguyen/Documents/Source/tn-uptech-backend/node_modules/ts-node/src/index.ts:1621:12)
    at Module.load (node:internal/modules/cjs/loader:1069:32)
    at Function.Module._load (node:internal/modules/cjs/loader:904:12)
    at Module.require (node:internal/modules/cjs/loader:1093:19)
2023-03-28 18:52:52 error: uncaughtException: тип Unable to compile TypeScript:
[96msrc/services/project.service.ts[0m:[93m33[0m:[93m30[0m - [91merror[0m[90m TS2304: [0mCannot find name 'req'.

[7m33[0m                 where: { id: req.params.id },
[7m  [0m [91m                             ~~~[0m
[96msrc/services/project.service.ts[0m:[93m37[0m:[93m20[0m - [91merror[0m[90m TS2304: [0mCannot find name 'res'.

[7m37[0m             return res.status(200).json({ message: "success", data });
[7m  [0m [91m                   ~~~[0m
[96msrc/services/project.service.ts[0m:[93m39[0m:[93m13[0m - [91merror[0m[90m TS2304: [0mCannot find name 'res'.

[7m39[0m             res.status(500).send(error);
[7m  [0m [91m            ~~~[0m

TSError: тип Unable to compile TypeScript:
[96msrc/services/project.service.ts[0m:[93m33[0m:[93m30[0m - [91merror[0m[90m TS2304: [0mCannot find name 'req'.

[7m33[0m                 where: { id: req.params.id },
[7m  [0m [91m                             ~~~[0m
[96msrc/services/project.service.ts[0m:[93m37[0m:[93m20[0m - [91merror[0m[90m TS2304: [0mCannot find name 'res'.

[7m37[0m             return res.status(200).json({ message: "success", data });
[7m  [0m [91m                   ~~~[0m
[96msrc/services/project.service.ts[0m:[93m39[0m:[93m13[0m - [91merror[0m[90m TS2304: [0mCannot find name 'res'.

[7m39[0m             res.status(500).send(error);
[7m  [0m [91m            ~~~[0m

    at createTSError (/Users/toannguyen/Documents/Source/tn-uptech-backend/node_modules/ts-node/src/index.ts:859:12)
    at reportTSError (/Users/toannguyen/Documents/Source/tn-uptech-backend/node_modules/ts-node/src/index.ts:863:19)
    at getOutput (/Users/toannguyen/Documents/Source/tn-uptech-backend/node_modules/ts-node/src/index.ts:1077:36)
    at Object.compile (/Users/toannguyen/Documents/Source/tn-uptech-backend/node_modules/ts-node/src/index.ts:1433:41)
    at Module.m._compile (/Users/toannguyen/Documents/Source/tn-uptech-backend/node_modules/ts-node/src/index.ts:1617:30)
    at Module._extensions..js (node:internal/modules/cjs/loader:1245:10)
    at Object.require.extensions.<computed> [as .ts] (/Users/toannguyen/Documents/Source/tn-uptech-backend/node_modules/ts-node/src/index.ts:1621:12)
    at Module.load (node:internal/modules/cjs/loader:1069:32)
    at Function.Module._load (node:internal/modules/cjs/loader:904:12)
    at Module.require (node:internal/modules/cjs/loader:1093:19)
2023-03-28 18:53:01 error: uncaughtException: тип Unable to compile TypeScript:
[96msrc/services/project.service.ts[0m:[93m20[0m:[93m33[0m - [91merror[0m[90m TS2339: [0mProperty 'page' does not exist on type '{}'.

[7m20[0m             page: Number(query?.page) * 1,
[7m  [0m [91m                                ~~~~[0m
[96msrc/services/project.service.ts[0m:[93m21[0m:[93m37[0m - [91merror[0m[90m TS2339: [0mProperty 'page_size' does not exist on type '{}'.

[7m21[0m             pageSize: Number(query?.page_size) * 1,
[7m  [0m [91m                                    ~~~~~~~~~[0m
[96msrc/services/project.service.ts[0m:[93m22[0m:[93m56[0m - [91merror[0m[90m TS2339: [0mProperty 'page_size' does not exist on type '{}'.

[7m22[0m             pageCount: Math.ceil(count / Number(query?.page_size) * 1),
[7m  [0m [91m                                                       ~~~~~~~~~[0m
[96msrc/services/project.service.ts[0m:[93m33[0m:[93m30[0m - [91merror[0m[90m TS2304: [0mCannot find name 'req'.

[7m33[0m                 where: { id: req.params.id },
[7m  [0m [91m                             ~~~[0m
[96msrc/services/project.service.ts[0m:[93m37[0m:[93m20[0m - [91merror[0m[90m TS2304: [0mCannot find name 'res'.

[7m37[0m             return res.status(200).json({ message: "success", data });
[7m  [0m [91m                   ~~~[0m
[96msrc/services/project.service.ts[0m:[93m39[0m:[93m13[0m - [91merror[0m[90m TS2304: [0mCannot find name 'res'.

[7m39[0m             res.status(500).send(error);
[7m  [0m [91m            ~~~[0m

TSError: тип Unable to compile TypeScript:
[96msrc/services/project.service.ts[0m:[93m20[0m:[93m33[0m - [91merror[0m[90m TS2339: [0mProperty 'page' does not exist on type '{}'.

[7m20[0m             page: Number(query?.page) * 1,
[7m  [0m [91m                                ~~~~[0m
[96msrc/services/project.service.ts[0m:[93m21[0m:[93m37[0m - [91merror[0m[90m TS2339: [0mProperty 'page_size' does not exist on type '{}'.

[7m21[0m             pageSize: Number(query?.page_size) * 1,
[7m  [0m [91m                                    ~~~~~~~~~[0m
[96msrc/services/project.service.ts[0m:[93m22[0m:[93m56[0m - [91merror[0m[90m TS2339: [0mProperty 'page_size' does not exist on type '{}'.

[7m22[0m             pageCount: Math.ceil(count / Number(query?.page_size) * 1),
[7m  [0m [91m                                                       ~~~~~~~~~[0m
[96msrc/services/project.service.ts[0m:[93m33[0m:[93m30[0m - [91merror[0m[90m TS2304: [0mCannot find name 'req'.

[7m33[0m                 where: { id: req.params.id },
[7m  [0m [91m                             ~~~[0m
[96msrc/services/project.service.ts[0m:[93m37[0m:[93m20[0m - [91merror[0m[90m TS2304: [0mCannot find name 'res'.

[7m37[0m             return res.status(200).json({ message: "success", data });
[7m  [0m [91m                   ~~~[0m
[96msrc/services/project.service.ts[0m:[93m39[0m:[93m13[0m - [91merror[0m[90m TS2304: [0mCannot find name 'res'.

[7m39[0m             res.status(500).send(error);
[7m  [0m [91m            ~~~[0m

    at createTSError (/Users/toannguyen/Documents/Source/tn-uptech-backend/node_modules/ts-node/src/index.ts:859:12)
    at reportTSError (/Users/toannguyen/Documents/Source/tn-uptech-backend/node_modules/ts-node/src/index.ts:863:19)
    at getOutput (/Users/toannguyen/Documents/Source/tn-uptech-backend/node_modules/ts-node/src/index.ts:1077:36)
    at Object.compile (/Users/toannguyen/Documents/Source/tn-uptech-backend/node_modules/ts-node/src/index.ts:1433:41)
    at Module.m._compile (/Users/toannguyen/Documents/Source/tn-uptech-backend/node_modules/ts-node/src/index.ts:1617:30)
    at Module._extensions..js (node:internal/modules/cjs/loader:1245:10)
    at Object.require.extensions.<computed> [as .ts] (/Users/toannguyen/Documents/Source/tn-uptech-backend/node_modules/ts-node/src/index.ts:1621:12)
    at Module.load (node:internal/modules/cjs/loader:1069:32)
    at Function.Module._load (node:internal/modules/cjs/loader:904:12)
    at Module.require (node:internal/modules/cjs/loader:1093:19)
2023-03-28 18:53:07 error: uncaughtException: тип Unable to compile TypeScript:
[96msrc/services/project.service.ts[0m:[93m20[0m:[93m33[0m - [91merror[0m[90m TS2339: [0mProperty 'page' does not exist on type '{}'.

[7m20[0m             page: Number(query?.page) * 1,
[7m  [0m [91m                                ~~~~[0m
[96msrc/services/project.service.ts[0m:[93m21[0m:[93m37[0m - [91merror[0m[90m TS2339: [0mProperty 'page_size' does not exist on type '{}'.

[7m21[0m             pageSize: Number(query?.page_size) * 1,
[7m  [0m [91m                                    ~~~~~~~~~[0m
[96msrc/services/project.service.ts[0m:[93m22[0m:[93m56[0m - [91merror[0m[90m TS2339: [0mProperty 'page_size' does not exist on type '{}'.

[7m22[0m             pageCount: Math.ceil(count / Number(query?.page_size) * 1),
[7m  [0m [91m                                                       ~~~~~~~~~[0m
[96msrc/services/project.service.ts[0m:[93m33[0m:[93m30[0m - [91merror[0m[90m TS2304: [0mCannot find name 'req'.

[7m33[0m                 where: { id: req.params.id },
[7m  [0m [91m                             ~~~[0m
[96msrc/services/project.service.ts[0m:[93m37[0m:[93m20[0m - [91merror[0m[90m TS2304: [0mCannot find name 'res'.

[7m37[0m             return res.status(200).json({ message: "success", data });
[7m  [0m [91m                   ~~~[0m
[96msrc/services/project.service.ts[0m:[93m39[0m:[93m13[0m - [91merror[0m[90m TS2304: [0mCannot find name 'res'.

[7m39[0m             res.status(500).send(error);
[7m  [0m [91m            ~~~[0m

TSError: тип Unable to compile TypeScript:
[96msrc/services/project.service.ts[0m:[93m20[0m:[93m33[0m - [91merror[0m[90m TS2339: [0mProperty 'page' does not exist on type '{}'.

[7m20[0m             page: Number(query?.page) * 1,
[7m  [0m [91m                                ~~~~[0m
[96msrc/services/project.service.ts[0m:[93m21[0m:[93m37[0m - [91merror[0m[90m TS2339: [0mProperty 'page_size' does not exist on type '{}'.

[7m21[0m             pageSize: Number(query?.page_size) * 1,
[7m  [0m [91m                                    ~~~~~~~~~[0m
[96msrc/services/project.service.ts[0m:[93m22[0m:[93m56[0m - [91merror[0m[90m TS2339: [0mProperty 'page_size' does not exist on type '{}'.

[7m22[0m             pageCount: Math.ceil(count / Number(query?.page_size) * 1),
[7m  [0m [91m                                                       ~~~~~~~~~[0m
[96msrc/services/project.service.ts[0m:[93m33[0m:[93m30[0m - [91merror[0m[90m TS2304: [0mCannot find name 'req'.

[7m33[0m                 where: { id: req.params.id },
[7m  [0m [91m                             ~~~[0m
[96msrc/services/project.service.ts[0m:[93m37[0m:[93m20[0m - [91merror[0m[90m TS2304: [0mCannot find name 'res'.

[7m37[0m             return res.status(200).json({ message: "success", data });
[7m  [0m [91m                   ~~~[0m
[96msrc/services/project.service.ts[0m:[93m39[0m:[93m13[0m - [91merror[0m[90m TS2304: [0mCannot find name 'res'.

[7m39[0m             res.status(500).send(error);
[7m  [0m [91m            ~~~[0m

    at createTSError (/Users/toannguyen/Documents/Source/tn-uptech-backend/node_modules/ts-node/src/index.ts:859:12)
    at reportTSError (/Users/toannguyen/Documents/Source/tn-uptech-backend/node_modules/ts-node/src/index.ts:863:19)
    at getOutput (/Users/toannguyen/Documents/Source/tn-uptech-backend/node_modules/ts-node/src/index.ts:1077:36)
    at Object.compile (/Users/toannguyen/Documents/Source/tn-uptech-backend/node_modules/ts-node/src/index.ts:1433:41)
    at Module.m._compile (/Users/toannguyen/Documents/Source/tn-uptech-backend/node_modules/ts-node/src/index.ts:1617:30)
    at Module._extensions..js (node:internal/modules/cjs/loader:1245:10)
    at Object.require.extensions.<computed> [as .ts] (/Users/toannguyen/Documents/Source/tn-uptech-backend/node_modules/ts-node/src/index.ts:1621:12)
    at Module.load (node:internal/modules/cjs/loader:1069:32)
    at Function.Module._load (node:internal/modules/cjs/loader:904:12)
    at Module.require (node:internal/modules/cjs/loader:1093:19)
2023-03-28 18:53:15 error: uncaughtException: тип Unable to compile TypeScript:
[96msrc/services/project.service.ts[0m:[93m20[0m:[93m33[0m - [91merror[0m[90m TS2339: [0mProperty 'page' does not exist on type '{}'.

[7m20[0m             page: Number(query?.page) * 1,
[7m  [0m [91m                                ~~~~[0m
[96msrc/services/project.service.ts[0m:[93m21[0m:[93m37[0m - [91merror[0m[90m TS2339: [0mProperty 'page_size' does not exist on type '{}'.

[7m21[0m             pageSize: Number(query?.page_size) * 1,
[7m  [0m [91m                                    ~~~~~~~~~[0m
[96msrc/services/project.service.ts[0m:[93m22[0m:[93m56[0m - [91merror[0m[90m TS2339: [0mProperty 'page_size' does not exist on type '{}'.

[7m22[0m             pageCount: Math.ceil(count / Number(query?.page_size) * 1),
[7m  [0m [91m                                                       ~~~~~~~~~[0m
[96msrc/services/project.service.ts[0m:[93m33[0m:[93m30[0m - [91merror[0m[90m TS2304: [0mCannot find name 'req'.

[7m33[0m                 where: { id: req.params.id },
[7m  [0m [91m                             ~~~[0m
[96msrc/services/project.service.ts[0m:[93m37[0m:[93m20[0m - [91merror[0m[90m TS2304: [0mCannot find name 'res'.

[7m37[0m             return res.status(200).json({ message: "success", data });
[7m  [0m [91m                   ~~~[0m
[96msrc/services/project.service.ts[0m:[93m39[0m:[93m13[0m - [91merror[0m[90m TS2304: [0mCannot find name 'res'.

[7m39[0m             res.status(500).send(error);
[7m  [0m [91m            ~~~[0m

TSError: тип Unable to compile TypeScript:
[96msrc/services/project.service.ts[0m:[93m20[0m:[93m33[0m - [91merror[0m[90m TS2339: [0mProperty 'page' does not exist on type '{}'.

[7m20[0m             page: Number(query?.page) * 1,
[7m  [0m [91m                                ~~~~[0m
[96msrc/services/project.service.ts[0m:[93m21[0m:[93m37[0m - [91merror[0m[90m TS2339: [0mProperty 'page_size' does not exist on type '{}'.

[7m21[0m             pageSize: Number(query?.page_size) * 1,
[7m  [0m [91m                                    ~~~~~~~~~[0m
[96msrc/services/project.service.ts[0m:[93m22[0m:[93m56[0m - [91merror[0m[90m TS2339: [0mProperty 'page_size' does not exist on type '{}'.

[7m22[0m             pageCount: Math.ceil(count / Number(query?.page_size) * 1),
[7m  [0m [91m                                                       ~~~~~~~~~[0m
[96msrc/services/project.service.ts[0m:[93m33[0m:[93m30[0m - [91merror[0m[90m TS2304: [0mCannot find name 'req'.

[7m33[0m                 where: { id: req.params.id },
[7m  [0m [91m                             ~~~[0m
[96msrc/services/project.service.ts[0m:[93m37[0m:[93m20[0m - [91merror[0m[90m TS2304: [0mCannot find name 'res'.

[7m37[0m             return res.status(200).json({ message: "success", data });
[7m  [0m [91m                   ~~~[0m
[96msrc/services/project.service.ts[0m:[93m39[0m:[93m13[0m - [91merror[0m[90m TS2304: [0mCannot find name 'res'.

[7m39[0m             res.status(500).send(error);
[7m  [0m [91m            ~~~[0m

    at createTSError (/Users/toannguyen/Documents/Source/tn-uptech-backend/node_modules/ts-node/src/index.ts:859:12)
    at reportTSError (/Users/toannguyen/Documents/Source/tn-uptech-backend/node_modules/ts-node/src/index.ts:863:19)
    at getOutput (/Users/toannguyen/Documents/Source/tn-uptech-backend/node_modules/ts-node/src/index.ts:1077:36)
    at Object.compile (/Users/toannguyen/Documents/Source/tn-uptech-backend/node_modules/ts-node/src/index.ts:1433:41)
    at Module.m._compile (/Users/toannguyen/Documents/Source/tn-uptech-backend/node_modules/ts-node/src/index.ts:1617:30)
    at Module._extensions..js (node:internal/modules/cjs/loader:1245:10)
    at Object.require.extensions.<computed> [as .ts] (/Users/toannguyen/Documents/Source/tn-uptech-backend/node_modules/ts-node/src/index.ts:1621:12)
    at Module.load (node:internal/modules/cjs/loader:1069:32)
    at Function.Module._load (node:internal/modules/cjs/loader:904:12)
    at Module.require (node:internal/modules/cjs/loader:1093:19)
2023-03-28 18:53:38 error: uncaughtException: тип Unable to compile TypeScript:
[96msrc/services/project.service.ts[0m:[93m37[0m:[93m20[0m - [91merror[0m[90m TS2304: [0mCannot find name 'res'.

[7m37[0m             return res.status(200).json({ message: "success", data });
[7m  [0m [91m                   ~~~[0m
[96msrc/services/project.service.ts[0m:[93m39[0m:[93m13[0m - [91merror[0m[90m TS2304: [0mCannot find name 'res'.

[7m39[0m             res.status(500).send(error);
[7m  [0m [91m            ~~~[0m

TSError: тип Unable to compile TypeScript:
[96msrc/services/project.service.ts[0m:[93m37[0m:[93m20[0m - [91merror[0m[90m TS2304: [0mCannot find name 'res'.

[7m37[0m             return res.status(200).json({ message: "success", data });
[7m  [0m [91m                   ~~~[0m
[96msrc/services/project.service.ts[0m:[93m39[0m:[93m13[0m - [91merror[0m[90m TS2304: [0mCannot find name 'res'.

[7m39[0m             res.status(500).send(error);
[7m  [0m [91m            ~~~[0m

    at createTSError (/Users/toannguyen/Documents/Source/tn-uptech-backend/node_modules/ts-node/src/index.ts:859:12)
    at reportTSError (/Users/toannguyen/Documents/Source/tn-uptech-backend/node_modules/ts-node/src/index.ts:863:19)
    at getOutput (/Users/toannguyen/Documents/Source/tn-uptech-backend/node_modules/ts-node/src/index.ts:1077:36)
    at Object.compile (/Users/toannguyen/Documents/Source/tn-uptech-backend/node_modules/ts-node/src/index.ts:1433:41)
    at Module.m._compile (/Users/toannguyen/Documents/Source/tn-uptech-backend/node_modules/ts-node/src/index.ts:1617:30)
    at Module._extensions..js (node:internal/modules/cjs/loader:1245:10)
    at Object.require.extensions.<computed> [as .ts] (/Users/toannguyen/Documents/Source/tn-uptech-backend/node_modules/ts-node/src/index.ts:1621:12)
    at Module.load (node:internal/modules/cjs/loader:1069:32)
    at Function.Module._load (node:internal/modules/cjs/loader:904:12)
    at Module.require (node:internal/modules/cjs/loader:1093:19)
2023-03-28 18:56:59 error: uncaughtException: тип Unable to compile TypeScript:
[96msrc/services/project.service.ts[0m:[93m35[0m:[93m67[0m - [91merror[0m[90m TS18004: [0mNo value exists in scope for the shorthand property 'id'. Either declare one or provide an initializer.

[7m35[0m         const data = await models.Project.update(body, { where: { id } });
[7m  [0m [91m                                                                  ~~[0m

TSError: тип Unable to compile TypeScript:
[96msrc/services/project.service.ts[0m:[93m35[0m:[93m67[0m - [91merror[0m[90m TS18004: [0mNo value exists in scope for the shorthand property 'id'. Either declare one or provide an initializer.

[7m35[0m         const data = await models.Project.update(body, { where: { id } });
[7m  [0m [91m                                                                  ~~[0m

    at createTSError (/Users/toannguyen/Documents/Source/tn-uptech-backend/node_modules/ts-node/src/index.ts:859:12)
    at reportTSError (/Users/toannguyen/Documents/Source/tn-uptech-backend/node_modules/ts-node/src/index.ts:863:19)
    at getOutput (/Users/toannguyen/Documents/Source/tn-uptech-backend/node_modules/ts-node/src/index.ts:1077:36)
    at Object.compile (/Users/toannguyen/Documents/Source/tn-uptech-backend/node_modules/ts-node/src/index.ts:1433:41)
    at Module.m._compile (/Users/toannguyen/Documents/Source/tn-uptech-backend/node_modules/ts-node/src/index.ts:1617:30)
    at Module._extensions..js (node:internal/modules/cjs/loader:1245:10)
    at Object.require.extensions.<computed> [as .ts] (/Users/toannguyen/Documents/Source/tn-uptech-backend/node_modules/ts-node/src/index.ts:1621:12)
    at Module.load (node:internal/modules/cjs/loader:1069:32)
    at Function.Module._load (node:internal/modules/cjs/loader:904:12)
    at Module.require (node:internal/modules/cjs/loader:1093:19)
2023-03-28 18:58:49 error: uncaughtException: тип Unable to compile TypeScript:
[96msrc/services/project.service.ts[0m:[93m42[0m:[93m44[0m - [91merror[0m[90m TS2304: [0mCannot find name 'Request'.

[7m42[0m     public deleteMultipleIds = async (req: Request, res: Response, next: NextFunction) => {
[7m  [0m [91m                                           ~~~~~~~[0m
[96msrc/services/project.service.ts[0m:[93m42[0m:[93m58[0m - [91merror[0m[90m TS2304: [0mCannot find name 'Response'.

[7m42[0m     public deleteMultipleIds = async (req: Request, res: Response, next: NextFunction) => {
[7m  [0m [91m                                                         ~~~~~~~~[0m
[96msrc/services/project.service.ts[0m:[93m42[0m:[93m74[0m - [91merror[0m[90m TS2304: [0mCannot find name 'NextFunction'.

[7m42[0m     public deleteMultipleIds = async (req: Request, res: Response, next: NextFunction) => {
[7m  [0m [91m                                                                         ~~~~~~~~~~~~[0m

TSError: тип Unable to compile TypeScript:
[96msrc/services/project.service.ts[0m:[93m42[0m:[93m44[0m - [91merror[0m[90m TS2304: [0mCannot find name 'Request'.

[7m42[0m     public deleteMultipleIds = async (req: Request, res: Response, next: NextFunction) => {
[7m  [0m [91m                                           ~~~~~~~[0m
[96msrc/services/project.service.ts[0m:[93m42[0m:[93m58[0m - [91merror[0m[90m TS2304: [0mCannot find name 'Response'.

[7m42[0m     public deleteMultipleIds = async (req: Request, res: Response, next: NextFunction) => {
[7m  [0m [91m                                                         ~~~~~~~~[0m
[96msrc/services/project.service.ts[0m:[93m42[0m:[93m74[0m - [91merror[0m[90m TS2304: [0mCannot find name 'NextFunction'.

[7m42[0m     public deleteMultipleIds = async (req: Request, res: Response, next: NextFunction) => {
[7m  [0m [91m                                                                         ~~~~~~~~~~~~[0m

    at createTSError (/Users/toannguyen/Documents/Source/tn-uptech-backend/node_modules/ts-node/src/index.ts:859:12)
    at reportTSError (/Users/toannguyen/Documents/Source/tn-uptech-backend/node_modules/ts-node/src/index.ts:863:19)
    at getOutput (/Users/toannguyen/Documents/Source/tn-uptech-backend/node_modules/ts-node/src/index.ts:1077:36)
    at Object.compile (/Users/toannguyen/Documents/Source/tn-uptech-backend/node_modules/ts-node/src/index.ts:1433:41)
    at Module.m._compile (/Users/toannguyen/Documents/Source/tn-uptech-backend/node_modules/ts-node/src/index.ts:1617:30)
    at Module._extensions..js (node:internal/modules/cjs/loader:1245:10)
    at Object.require.extensions.<computed> [as .ts] (/Users/toannguyen/Documents/Source/tn-uptech-backend/node_modules/ts-node/src/index.ts:1621:12)
    at Module.load (node:internal/modules/cjs/loader:1069:32)
    at Function.Module._load (node:internal/modules/cjs/loader:904:12)
    at Module.require (node:internal/modules/cjs/loader:1093:19)
2023-03-28 18:59:02 error: uncaughtException: тип Unable to compile TypeScript:
[96msrc/services/project.service.ts[0m:[93m44[0m:[93m29[0m - [91merror[0m[90m TS2304: [0mCannot find name 'req'.

[7m44[0m             const { ids } = req.body;
[7m  [0m [91m                            ~~~[0m
[96msrc/services/project.service.ts[0m:[93m46[0m:[93m24[0m - [91merror[0m[90m TS2304: [0mCannot find name 'res'.

[7m46[0m                 return res.status(200).json({ message: "success", data: result });
[7m  [0m [91m                       ~~~[0m
[96msrc/services/project.service.ts[0m:[93m49[0m:[93m13[0m - [91merror[0m[90m TS2304: [0mCannot find name 'res'.

[7m49[0m             res.status(500).send(error);
[7m  [0m [91m            ~~~[0m

TSError: тип Unable to compile TypeScript:
[96msrc/services/project.service.ts[0m:[93m44[0m:[93m29[0m - [91merror[0m[90m TS2304: [0mCannot find name 'req'.

[7m44[0m             const { ids } = req.body;
[7m  [0m [91m                            ~~~[0m
[96msrc/services/project.service.ts[0m:[93m46[0m:[93m24[0m - [91merror[0m[90m TS2304: [0mCannot find name 'res'.

[7m46[0m                 return res.status(200).json({ message: "success", data: result });
[7m  [0m [91m                       ~~~[0m
[96msrc/services/project.service.ts[0m:[93m49[0m:[93m13[0m - [91merror[0m[90m TS2304: [0mCannot find name 'res'.

[7m49[0m             res.status(500).send(error);
[7m  [0m [91m            ~~~[0m

    at createTSError (/Users/toannguyen/Documents/Source/tn-uptech-backend/node_modules/ts-node/src/index.ts:859:12)
    at reportTSError (/Users/toannguyen/Documents/Source/tn-uptech-backend/node_modules/ts-node/src/index.ts:863:19)
    at getOutput (/Users/toannguyen/Documents/Source/tn-uptech-backend/node_modules/ts-node/src/index.ts:1077:36)
    at Object.compile (/Users/toannguyen/Documents/Source/tn-uptech-backend/node_modules/ts-node/src/index.ts:1433:41)
    at Module.m._compile (/Users/toannguyen/Documents/Source/tn-uptech-backend/node_modules/ts-node/src/index.ts:1617:30)
    at Module._extensions..js (node:internal/modules/cjs/loader:1245:10)
    at Object.require.extensions.<computed> [as .ts] (/Users/toannguyen/Documents/Source/tn-uptech-backend/node_modules/ts-node/src/index.ts:1621:12)
    at Module.load (node:internal/modules/cjs/loader:1069:32)
    at Function.Module._load (node:internal/modules/cjs/loader:904:12)
    at Module.require (node:internal/modules/cjs/loader:1093:19)
2023-03-28 19:00:50 error: uncaughtException: тип Unable to compile TypeScript:
[96msrc/modules/controllers/project.controller.ts[0m:[93m75[0m:[93m27[0m - [91merror[0m[90m TS2554: [0mExpected 2 arguments, but got 1.

[7m75[0m             await project.deleteById(id);
[7m  [0m [91m                          ~~~~~~~~~~~~~~[0m

  [96msrc/services/project.service.ts[0m:[93m38[0m:[93m36[0m
    [7m38[0m     public deleteById = async (id, body) => {
    [7m  [0m [96m                                   ~~~~[0m
    An argument for 'body' was not provided.

TSError: тип Unable to compile TypeScript:
[96msrc/modules/controllers/project.controller.ts[0m:[93m75[0m:[93m27[0m - [91merror[0m[90m TS2554: [0mExpected 2 arguments, but got 1.

[7m75[0m             await project.deleteById(id);
[7m  [0m [91m                          ~~~~~~~~~~~~~~[0m

  [96msrc/services/project.service.ts[0m:[93m38[0m:[93m36[0m
    [7m38[0m     public deleteById = async (id, body) => {
    [7m  [0m [96m                                   ~~~~[0m
    An argument for 'body' was not provided.

    at createTSError (/Users/toannguyen/Documents/Source/tn-uptech-backend/node_modules/ts-node/src/index.ts:859:12)
    at reportTSError (/Users/toannguyen/Documents/Source/tn-uptech-backend/node_modules/ts-node/src/index.ts:863:19)
    at getOutput (/Users/toannguyen/Documents/Source/tn-uptech-backend/node_modules/ts-node/src/index.ts:1077:36)
    at Object.compile (/Users/toannguyen/Documents/Source/tn-uptech-backend/node_modules/ts-node/src/index.ts:1433:41)
    at Module.m._compile (/Users/toannguyen/Documents/Source/tn-uptech-backend/node_modules/ts-node/src/index.ts:1617:30)
    at Module._extensions..js (node:internal/modules/cjs/loader:1245:10)
    at Object.require.extensions.<computed> [as .ts] (/Users/toannguyen/Documents/Source/tn-uptech-backend/node_modules/ts-node/src/index.ts:1621:12)
    at Module.load (node:internal/modules/cjs/loader:1069:32)
    at Function.Module._load (node:internal/modules/cjs/loader:904:12)
    at Module.require (node:internal/modules/cjs/loader:1093:19)
2023-03-28 19:01:06 error: uncaughtException: тип Unable to compile TypeScript:
[96msrc/modules/controllers/project.controller.ts[0m:[93m75[0m:[93m40[0m - [91merror[0m[90m TS2554: [0mExpected 2 arguments, but got 1.

[7m75[0m             const data = await project.deleteById(id);
[7m  [0m [91m                                       ~~~~~~~~~~~~~~[0m

  [96msrc/services/project.service.ts[0m:[93m38[0m:[93m36[0m
    [7m38[0m     public deleteById = async (id, body) => {
    [7m  [0m [96m                                   ~~~~[0m
    An argument for 'body' was not provided.

TSError: тип Unable to compile TypeScript:
[96msrc/modules/controllers/project.controller.ts[0m:[93m75[0m:[93m40[0m - [91merror[0m[90m TS2554: [0mExpected 2 arguments, but got 1.

[7m75[0m             const data = await project.deleteById(id);
[7m  [0m [91m                                       ~~~~~~~~~~~~~~[0m

  [96msrc/services/project.service.ts[0m:[93m38[0m:[93m36[0m
    [7m38[0m     public deleteById = async (id, body) => {
    [7m  [0m [96m                                   ~~~~[0m
    An argument for 'body' was not provided.

    at createTSError (/Users/toannguyen/Documents/Source/tn-uptech-backend/node_modules/ts-node/src/index.ts:859:12)
    at reportTSError (/Users/toannguyen/Documents/Source/tn-uptech-backend/node_modules/ts-node/src/index.ts:863:19)
    at getOutput (/Users/toannguyen/Documents/Source/tn-uptech-backend/node_modules/ts-node/src/index.ts:1077:36)
    at Object.compile (/Users/toannguyen/Documents/Source/tn-uptech-backend/node_modules/ts-node/src/index.ts:1433:41)
    at Module.m._compile (/Users/toannguyen/Documents/Source/tn-uptech-backend/node_modules/ts-node/src/index.ts:1617:30)
    at Module._extensions..js (node:internal/modules/cjs/loader:1245:10)
    at Object.require.extensions.<computed> [as .ts] (/Users/toannguyen/Documents/Source/tn-uptech-backend/node_modules/ts-node/src/index.ts:1621:12)
    at Module.load (node:internal/modules/cjs/loader:1069:32)
    at Function.Module._load (node:internal/modules/cjs/loader:904:12)
    at Module.require (node:internal/modules/cjs/loader:1093:19)
2023-03-28 19:01:22 error: uncaughtException: тип Unable to compile TypeScript:
[96msrc/modules/controllers/project.controller.ts[0m:[93m74[0m:[93m40[0m - [91merror[0m[90m TS2554: [0mExpected 2 arguments, but got 1.

[7m74[0m             const data = await project.deleteById(req.params.id);
[7m  [0m [91m                                       ~~~~~~~~~~~~~~~~~~~~~~~~~[0m

  [96msrc/services/project.service.ts[0m:[93m38[0m:[93m36[0m
    [7m38[0m     public deleteById = async (id, body) => {
    [7m  [0m [96m                                   ~~~~[0m
    An argument for 'body' was not provided.

TSError: тип Unable to compile TypeScript:
[96msrc/modules/controllers/project.controller.ts[0m:[93m74[0m:[93m40[0m - [91merror[0m[90m TS2554: [0mExpected 2 arguments, but got 1.

[7m74[0m             const data = await project.deleteById(req.params.id);
[7m  [0m [91m                                       ~~~~~~~~~~~~~~~~~~~~~~~~~[0m

  [96msrc/services/project.service.ts[0m:[93m38[0m:[93m36[0m
    [7m38[0m     public deleteById = async (id, body) => {
    [7m  [0m [96m                                   ~~~~[0m
    An argument for 'body' was not provided.

    at createTSError (/Users/toannguyen/Documents/Source/tn-uptech-backend/node_modules/ts-node/src/index.ts:859:12)
    at reportTSError (/Users/toannguyen/Documents/Source/tn-uptech-backend/node_modules/ts-node/src/index.ts:863:19)
    at getOutput (/Users/toannguyen/Documents/Source/tn-uptech-backend/node_modules/ts-node/src/index.ts:1077:36)
    at Object.compile (/Users/toannguyen/Documents/Source/tn-uptech-backend/node_modules/ts-node/src/index.ts:1433:41)
    at Module.m._compile (/Users/toannguyen/Documents/Source/tn-uptech-backend/node_modules/ts-node/src/index.ts:1617:30)
    at Module._extensions..js (node:internal/modules/cjs/loader:1245:10)
    at Object.require.extensions.<computed> [as .ts] (/Users/toannguyen/Documents/Source/tn-uptech-backend/node_modules/ts-node/src/index.ts:1621:12)
    at Module.load (node:internal/modules/cjs/loader:1069:32)
    at Function.Module._load (node:internal/modules/cjs/loader:904:12)
    at Module.require (node:internal/modules/cjs/loader:1093:19)
2023-03-28 19:02:36 error: uncaughtException: тип Unable to compile TypeScript:
[96msrc/modules/controllers/project.controller.ts[0m:[93m10[0m:[93m5[0m - [91merror[0m[90m TS2377: [0mConstructors for derived classes must contain a 'super' call.

[7m10[0m     constructor() { }
[7m  [0m [91m    ~~~~~~~~~~~~~~~~~[0m

TSError: тип Unable to compile TypeScript:
[96msrc/modules/controllers/project.controller.ts[0m:[93m10[0m:[93m5[0m - [91merror[0m[90m TS2377: [0mConstructors for derived classes must contain a 'super' call.

[7m10[0m     constructor() { }
[7m  [0m [91m    ~~~~~~~~~~~~~~~~~[0m

    at createTSError (/Users/toannguyen/Documents/Source/tn-uptech-backend/node_modules/ts-node/src/index.ts:859:12)
    at reportTSError (/Users/toannguyen/Documents/Source/tn-uptech-backend/node_modules/ts-node/src/index.ts:863:19)
    at getOutput (/Users/toannguyen/Documents/Source/tn-uptech-backend/node_modules/ts-node/src/index.ts:1077:36)
    at Object.compile (/Users/toannguyen/Documents/Source/tn-uptech-backend/node_modules/ts-node/src/index.ts:1433:41)
    at Module.m._compile (/Users/toannguyen/Documents/Source/tn-uptech-backend/node_modules/ts-node/src/index.ts:1617:30)
    at Module._extensions..js (node:internal/modules/cjs/loader:1245:10)
    at Object.require.extensions.<computed> [as .ts] (/Users/toannguyen/Documents/Source/tn-uptech-backend/node_modules/ts-node/src/index.ts:1621:12)
    at Module.load (node:internal/modules/cjs/loader:1069:32)
    at Function.Module._load (node:internal/modules/cjs/loader:904:12)
    at Module.require (node:internal/modules/cjs/loader:1093:19)
2023-03-28 21:02:36 error: [POST] /folders/get-medias >> StatusCode:: 500, Message:: Unknown column 'post_id' in 'field list'
2023-03-28 21:02:39 error: [POST] /folders/get-medias >> StatusCode:: 500, Message:: Unknown column 'post_id' in 'field list'
2023-03-28 21:02:40 error: [POST] /folders/get-medias >> StatusCode:: 500, Message:: Unknown column 'post_id' in 'field list'
2023-03-28 21:02:40 error: [POST] /folders/get-medias >> StatusCode:: 500, Message:: Unknown column 'post_id' in 'field list'
2023-03-28 21:02:47 error: [POST] /folders/get-medias >> StatusCode:: 500, Message:: Unknown column 'post_id' in 'field list'
2023-03-28 21:02:51 error: [POST] /folders/get-medias >> StatusCode:: 500, Message:: Unknown column 'post_id' in 'field list'
2023-03-28 21:04:33 error: [POST] /folders/get-medias >> StatusCode:: 500, Message:: Unknown column 'post_id' in 'field list'
2023-03-28 21:04:35 error: [POST] /folders/get-medias >> StatusCode:: 500, Message:: Unknown column 'post_id' in 'field list'
2023-03-28 21:04:35 error: [POST] /folders/get-medias >> StatusCode:: 500, Message:: Unknown column 'post_id' in 'field list'
2023-03-28 21:04:36 error: [POST] /folders/get-medias >> StatusCode:: 500, Message:: Unknown column 'post_id' in 'field list'
2023-03-28 21:04:39 error: [POST] /folders/get-medias >> StatusCode:: 500, Message:: Unknown column 'post_id' in 'field list'
2023-03-28 21:06:21 error: [POST] /folders/get-medias >> StatusCode:: 500, Message:: Unknown column 'post_id' in 'field list'
2023-03-28 21:06:23 error: [POST] /folders/get-medias >> StatusCode:: 500, Message:: Unknown column 'post_id' in 'field list'
2023-03-28 21:06:23 error: [POST] /folders/get-medias >> StatusCode:: 500, Message:: Unknown column 'post_id' in 'field list'
2023-03-28 21:06:24 error: [POST] /folders/get-medias >> StatusCode:: 500, Message:: Unknown column 'post_id' in 'field list'
2023-03-28 21:06:26 error: [POST] /folders/get-medias >> StatusCode:: 500, Message:: Unknown column 'post_id' in 'field list'
2023-03-28 21:07:38 error: [POST] /folders/get-medias >> StatusCode:: 500, Message:: Unknown column 'post_id' in 'field list'
2023-03-28 21:10:22 error: uncaughtException: тип Unable to compile TypeScript:
[96msrc/services/project.service.ts[0m:[93m31[0m:[93m55[0m - [91merror[0m[90m TS18004: [0mNo value exists in scope for the shorthand property 'id'. Either declare one or provide an initializer.

[7m31[0m         return await models.Project.create({ where: { id }, include: [models.Media] });
[7m  [0m [91m                                                      ~~[0m

TSError: тип Unable to compile TypeScript:
[96msrc/services/project.service.ts[0m:[93m31[0m:[93m55[0m - [91merror[0m[90m TS18004: [0mNo value exists in scope for the shorthand property 'id'. Either declare one or provide an initializer.

[7m31[0m         return await models.Project.create({ where: { id }, include: [models.Media] });
[7m  [0m [91m                                                      ~~[0m

    at createTSError (/Users/toannguyen/Documents/Source/tn-uptech-backend/node_modules/ts-node/src/index.ts:859:12)
    at reportTSError (/Users/toannguyen/Documents/Source/tn-uptech-backend/node_modules/ts-node/src/index.ts:863:19)
    at getOutput (/Users/toannguyen/Documents/Source/tn-uptech-backend/node_modules/ts-node/src/index.ts:1077:36)
    at Object.compile (/Users/toannguyen/Documents/Source/tn-uptech-backend/node_modules/ts-node/src/index.ts:1433:41)
    at Module.m._compile (/Users/toannguyen/Documents/Source/tn-uptech-backend/node_modules/ts-node/src/index.ts:1617:30)
    at Module._extensions..js (node:internal/modules/cjs/loader:1245:10)
    at Object.require.extensions.<computed> [as .ts] (/Users/toannguyen/Documents/Source/tn-uptech-backend/node_modules/ts-node/src/index.ts:1621:12)
    at Module.load (node:internal/modules/cjs/loader:1069:32)
    at Function.Module._load (node:internal/modules/cjs/loader:904:12)
    at Module.require (node:internal/modules/cjs/loader:1093:19)
2023-03-28 21:29:32 error: uncaughtException: тип Unable to compile TypeScript:
[96msrc/modules/controllers/project.controller.ts[0m:[93m34[0m:[93m1[0m - [91merror[0m[90m TS1005: [0m',' expected.

[7m34[0m content
[7m  [0m [91m~~~~~~~[0m
[96msrc/modules/controllers/project.controller.ts[0m:[93m37[0m:[93m1[0m - [91merror[0m[90m TS1005: [0m',' expected.

[7m37[0m description
[7m  [0m [91m~~~~~~~~~~~[0m
[96msrc/modules/controllers/project.controller.ts[0m:[93m40[0m:[93m1[0m - [91merror[0m[90m TS1005: [0m',' expected.

[7m40[0m isFeatured
[7m  [0m [91m~~~~~~~~~~[0m
[96msrc/modules/controllers/project.controller.ts[0m:[93m43[0m:[93m1[0m - [91merror[0m[90m TS1005: [0m',' expected.

[7m43[0m name
[7m  [0m [91m~~~~[0m
[96msrc/modules/controllers/project.controller.ts[0m:[93m46[0m:[93m1[0m - [91merror[0m[90m TS1005: [0m',' expected.

[7m46[0m status
[7m  [0m [91m~~~~~~[0m
[96msrc/modules/controllers/project.controller.ts[0m:[93m49[0m:[93m1[0m - [91merror[0m[90m TS1005: [0m',' expected.

[7m49[0m thumbnail
[7m  [0m [91m~~~~~~~~~[0m
[96msrc/modules/controllers/project.controller.ts[0m:[93m52[0m:[93m1[0m - [91merror[0m[90m TS1005: [0m',' expected.

[7m52[0m type
[7m  [0m [91m~~~~[0m

TSError: тип Unable to compile TypeScript:
[96msrc/modules/controllers/project.controller.ts[0m:[93m34[0m:[93m1[0m - [91merror[0m[90m TS1005: [0m',' expected.

[7m34[0m content
[7m  [0m [91m~~~~~~~[0m
[96msrc/modules/controllers/project.controller.ts[0m:[93m37[0m:[93m1[0m - [91merror[0m[90m TS1005: [0m',' expected.

[7m37[0m description
[7m  [0m [91m~~~~~~~~~~~[0m
[96msrc/modules/controllers/project.controller.ts[0m:[93m40[0m:[93m1[0m - [91merror[0m[90m TS1005: [0m',' expected.

[7m40[0m isFeatured
[7m  [0m [91m~~~~~~~~~~[0m
[96msrc/modules/controllers/project.controller.ts[0m:[93m43[0m:[93m1[0m - [91merror[0m[90m TS1005: [0m',' expected.

[7m43[0m name
[7m  [0m [91m~~~~[0m
[96msrc/modules/controllers/project.controller.ts[0m:[93m46[0m:[93m1[0m - [91merror[0m[90m TS1005: [0m',' expected.

[7m46[0m status
[7m  [0m [91m~~~~~~[0m
[96msrc/modules/controllers/project.controller.ts[0m:[93m49[0m:[93m1[0m - [91merror[0m[90m TS1005: [0m',' expected.

[7m49[0m thumbnail
[7m  [0m [91m~~~~~~~~~[0m
[96msrc/modules/controllers/project.controller.ts[0m:[93m52[0m:[93m1[0m - [91merror[0m[90m TS1005: [0m',' expected.

[7m52[0m type
[7m  [0m [91m~~~~[0m

    at createTSError (/Users/toannguyen/Documents/Source/tn-uptech-backend/node_modules/ts-node/src/index.ts:859:12)
    at reportTSError (/Users/toannguyen/Documents/Source/tn-uptech-backend/node_modules/ts-node/src/index.ts:863:19)
    at getOutput (/Users/toannguyen/Documents/Source/tn-uptech-backend/node_modules/ts-node/src/index.ts:1077:36)
    at Object.compile (/Users/toannguyen/Documents/Source/tn-uptech-backend/node_modules/ts-node/src/index.ts:1433:41)
    at Module.m._compile (/Users/toannguyen/Documents/Source/tn-uptech-backend/node_modules/ts-node/src/index.ts:1617:30)
    at Module._extensions..js (node:internal/modules/cjs/loader:1245:10)
    at Object.require.extensions.<computed> [as .ts] (/Users/toannguyen/Documents/Source/tn-uptech-backend/node_modules/ts-node/src/index.ts:1621:12)
    at Module.load (node:internal/modules/cjs/loader:1069:32)
    at Function.Module._load (node:internal/modules/cjs/loader:904:12)
    at Module.require (node:internal/modules/cjs/loader:1093:19)
