2023-07-09 13:13:48 error: uncaughtException: тип Unable to compile TypeScript:
[96msrc/dtos/post.dtos.ts[0m:[93m29[0m:[93m24[0m - [91merror[0m[90m TS2304: [0mCannot find name 'media'.

[7m29[0m             thumbnail: media.transform(item.image) || null,
[7m  [0m [91m                       ~~~~~[0m
[96msrc/dtos/post.dtos.ts[0m:[93m54[0m:[93m24[0m - [91merror[0m[90m TS2304: [0mCannot find name 'media'.

[7m54[0m             thumbnail: media.transform(item.image) || null,
[7m  [0m [91m                       ~~~~~[0m
[96msrc/dtos/post.dtos.ts[0m:[93m89[0m:[93m32[0m - [91merror[0m[90m TS2304: [0mCannot find name 'media'.

[7m89[0m                     thumbnail: media.transform(item.image) ?? null,
[7m  [0m [91m                               ~~~~~[0m
[96msrc/dtos/post.dtos.ts[0m:[93m99[0m:[93m32[0m - [91merror[0m[90m TS2304: [0mCannot find name 'media'.

[7m99[0m                     thumbnail: media.transform(item.image) ?? null,
[7m  [0m [91m                               ~~~~~[0m

TSError: тип Unable to compile TypeScript:
[96msrc/dtos/post.dtos.ts[0m:[93m29[0m:[93m24[0m - [91merror[0m[90m TS2304: [0mCannot find name 'media'.

[7m29[0m             thumbnail: media.transform(item.image) || null,
[7m  [0m [91m                       ~~~~~[0m
[96msrc/dtos/post.dtos.ts[0m:[93m54[0m:[93m24[0m - [91merror[0m[90m TS2304: [0mCannot find name 'media'.

[7m54[0m             thumbnail: media.transform(item.image) || null,
[7m  [0m [91m                       ~~~~~[0m
[96msrc/dtos/post.dtos.ts[0m:[93m89[0m:[93m32[0m - [91merror[0m[90m TS2304: [0mCannot find name 'media'.

[7m89[0m                     thumbnail: media.transform(item.image) ?? null,
[7m  [0m [91m                               ~~~~~[0m
[96msrc/dtos/post.dtos.ts[0m:[93m99[0m:[93m32[0m - [91merror[0m[90m TS2304: [0mCannot find name 'media'.

[7m99[0m                     thumbnail: media.transform(item.image) ?? null,
[7m  [0m [91m                               ~~~~~[0m

    at createTSError (/Users/toannguyen/Desktop/tn-uptech-backend/node_modules/ts-node/src/index.ts:859:12)
    at reportTSError (/Users/toannguyen/Desktop/tn-uptech-backend/node_modules/ts-node/src/index.ts:863:19)
    at getOutput (/Users/toannguyen/Desktop/tn-uptech-backend/node_modules/ts-node/src/index.ts:1077:36)
    at Object.compile (/Users/toannguyen/Desktop/tn-uptech-backend/node_modules/ts-node/src/index.ts:1433:41)
    at Module.m._compile (/Users/toannguyen/Desktop/tn-uptech-backend/node_modules/ts-node/src/index.ts:1617:30)
    at Module._extensions..js (node:internal/modules/cjs/loader:1252:10)
    at Object.require.extensions.<computed> [as .ts] (/Users/toannguyen/Desktop/tn-uptech-backend/node_modules/ts-node/src/index.ts:1621:12)
    at Module.load (node:internal/modules/cjs/loader:1076:32)
    at Function.Module._load (node:internal/modules/cjs/loader:911:12)
    at Module.require (node:internal/modules/cjs/loader:1100:19)
