2023-07-26 01:29:39 error: uncaughtException: тип Unable to compile TypeScript:
[96msrc/dtos/job.dtos.ts[0m:[93m13[0m:[93m27[0m - [91merror[0m[90m TS2304: [0mCannot find name 'dayjs'.

[7m13[0m             expried_date: dayjs(item.expried_date, "YYYY-MM-DD+h:mm").format('YYYY-MM-DD'),
[7m  [0m [91m                          ~~~~~[0m

TSError: тип Unable to compile TypeScript:
[96msrc/dtos/job.dtos.ts[0m:[93m13[0m:[93m27[0m - [91merror[0m[90m TS2304: [0mCannot find name 'dayjs'.

[7m13[0m             expried_date: dayjs(item.expried_date, "YYYY-MM-DD+h:mm").format('YYYY-MM-DD'),
[7m  [0m [91m                          ~~~~~[0m

    at createTSError (/Users/toannguyen/Desktop/tn-uptech-backend/node_modules/ts-node/src/index.ts:859:12)
    at reportTSError (/Users/toannguyen/Desktop/tn-uptech-backend/node_modules/ts-node/src/index.ts:863:19)
    at getOutput (/Users/toannguyen/Desktop/tn-uptech-backend/node_modules/ts-node/src/index.ts:1077:36)
    at Object.compile (/Users/toannguyen/Desktop/tn-uptech-backend/node_modules/ts-node/src/index.ts:1433:41)
    at Module.m._compile (/Users/toannguyen/Desktop/tn-uptech-backend/node_modules/ts-node/src/index.ts:1617:30)
    at Module._extensions..js (node:internal/modules/cjs/loader:1252:10)
    at Object.require.extensions.<computed> [as .ts] (/Users/toannguyen/Desktop/tn-uptech-backend/node_modules/ts-node/src/index.ts:1621:12)
    at Module.load (node:internal/modules/cjs/loader:1076:32)
    at Function.Module._load (node:internal/modules/cjs/loader:911:12)
    at Module.require (node:internal/modules/cjs/loader:1100:19)
