2023-06-28 18:09:50 error: uncaughtException: тип Unable to compile TypeScript:
[96msrc/infra/sequelize/config/config.js[0m:[93m22[0m:[93m19[0m - [91merror[0m[90m TS8013: [0mNon-null assertions can only be used in TypeScript files.

[7m22[0m         password: Pham18051987!!@#,
[7m  [0m [91m                  ~~~~~~~~~~~~~~[0m
[96msrc/infra/sequelize/config/config.js[0m:[93m22[0m:[93m33[0m - [91merror[0m[90m TS1005: [0m',' expected.

[7m22[0m         password: Pham18051987!!@#,
[7m  [0m [91m                                ~[0m
[96msrc/infra/sequelize/config/config.js[0m:[93m22[0m:[93m34[0m - [91merror[0m[90m TS1127: [0mInvalid character.

[7m22[0m         password: Pham18051987!!@#,
[7m  [0m [91m                                 ~[0m
[96msrc/infra/sequelize/config/config.js[0m:[93m22[0m:[93m35[0m - [91merror[0m[90m TS1146: [0mDeclaration expected.

[7m22[0m         password: Pham18051987!!@#,
[7m  [0m [91m                                  [0m
[96msrc/infra/sequelize/config/config.js[0m:[93m24[0m:[93m9[0m - [91merror[0m[90m TS1005: [0m';' expected.

[7m24[0m     host: DB_HOST,
[7m  [0m [91m        ~[0m
[96msrc/infra/sequelize/config/config.js[0m:[93m25[0m:[93m16[0m - [91merror[0m[90m TS1005: [0m';' expected.

[7m25[0m         dialect: "mysql",
[7m  [0m [91m               ~[0m
[96msrc/infra/sequelize/config/config.js[0m:[93m26[0m:[93m5[0m - [91merror[0m[90m TS1109: [0mExpression expected.

[7m26[0m     },
[7m  [0m [91m    ~[0m
[96msrc/infra/sequelize/config/config.js[0m:[93m26[0m:[93m6[0m - [91merror[0m[90m TS1128: [0mDeclaration or statement expected.

[7m26[0m     },
[7m  [0m [91m     ~[0m
[96msrc/infra/sequelize/config/config.js[0m:[93m27[0m:[93m1[0m - [91merror[0m[90m TS1128: [0mDeclaration or statement expected.

[7m27[0m };
[7m  [0m [91m~[0m

TSError: тип Unable to compile TypeScript:
[96msrc/infra/sequelize/config/config.js[0m:[93m22[0m:[93m19[0m - [91merror[0m[90m TS8013: [0mNon-null assertions can only be used in TypeScript files.

[7m22[0m         password: Pham18051987!!@#,
[7m  [0m [91m                  ~~~~~~~~~~~~~~[0m
[96msrc/infra/sequelize/config/config.js[0m:[93m22[0m:[93m33[0m - [91merror[0m[90m TS1005: [0m',' expected.

[7m22[0m         password: Pham18051987!!@#,
[7m  [0m [91m                                ~[0m
[96msrc/infra/sequelize/config/config.js[0m:[93m22[0m:[93m34[0m - [91merror[0m[90m TS1127: [0mInvalid character.

[7m22[0m         password: Pham18051987!!@#,
[7m  [0m [91m                                 ~[0m
[96msrc/infra/sequelize/config/config.js[0m:[93m22[0m:[93m35[0m - [91merror[0m[90m TS1146: [0mDeclaration expected.

[7m22[0m         password: Pham18051987!!@#,
[7m  [0m [91m                                  [0m
[96msrc/infra/sequelize/config/config.js[0m:[93m24[0m:[93m9[0m - [91merror[0m[90m TS1005: [0m';' expected.

[7m24[0m     host: DB_HOST,
[7m  [0m [91m        ~[0m
[96msrc/infra/sequelize/config/config.js[0m:[93m25[0m:[93m16[0m - [91merror[0m[90m TS1005: [0m';' expected.

[7m25[0m         dialect: "mysql",
[7m  [0m [91m               ~[0m
[96msrc/infra/sequelize/config/config.js[0m:[93m26[0m:[93m5[0m - [91merror[0m[90m TS1109: [0mExpression expected.

[7m26[0m     },
[7m  [0m [91m    ~[0m
[96msrc/infra/sequelize/config/config.js[0m:[93m26[0m:[93m6[0m - [91merror[0m[90m TS1128: [0mDeclaration or statement expected.

[7m26[0m     },
[7m  [0m [91m     ~[0m
[96msrc/infra/sequelize/config/config.js[0m:[93m27[0m:[93m1[0m - [91merror[0m[90m TS1128: [0mDeclaration or statement expected.

[7m27[0m };
[7m  [0m [91m~[0m

    at createTSError (/Users/toannguyen/Desktop/tn-uptech-backend/node_modules/ts-node/src/index.ts:859:12)
    at reportTSError (/Users/toannguyen/Desktop/tn-uptech-backend/node_modules/ts-node/src/index.ts:863:19)
    at getOutput (/Users/toannguyen/Desktop/tn-uptech-backend/node_modules/ts-node/src/index.ts:1077:36)
    at Object.compile (/Users/toannguyen/Desktop/tn-uptech-backend/node_modules/ts-node/src/index.ts:1433:41)
    at Module.m._compile (/Users/toannguyen/Desktop/tn-uptech-backend/node_modules/ts-node/src/index.ts:1617:30)
    at Module._extensions..js (node:internal/modules/cjs/loader:1252:10)
    at Object.require.extensions.<computed> [as .js] (/Users/toannguyen/Desktop/tn-uptech-backend/node_modules/ts-node/src/index.ts:1621:12)
    at Module.load (node:internal/modules/cjs/loader:1076:32)
    at Function.Module._load (node:internal/modules/cjs/loader:911:12)
    at Module.require (node:internal/modules/cjs/loader:1100:19)
2023-06-28 19:06:59 error: uncaughtException: host is not defined
ReferenceError: host is not defined
    at Object.<anonymous> (/Users/toannguyen/Desktop/tn-uptech-backend/src/infra/sequelize/config/config.js:25:5)
    at Module._compile (node:internal/modules/cjs/loader:1198:14)
    at Module.m._compile (/Users/toannguyen/Desktop/tn-uptech-backend/node_modules/ts-node/src/index.ts:1618:23)
    at Module._extensions..js (node:internal/modules/cjs/loader:1252:10)
    at Object.require.extensions.<computed> [as .js] (/Users/toannguyen/Desktop/tn-uptech-backend/node_modules/ts-node/src/index.ts:1621:12)
    at Module.load (node:internal/modules/cjs/loader:1076:32)
    at Function.Module._load (node:internal/modules/cjs/loader:911:12)
    at Module.require (node:internal/modules/cjs/loader:1100:19)
    at require (node:internal/modules/cjs/helpers:108:18)
    at Object.<anonymous> (/Users/toannguyen/Desktop/tn-uptech-backend/src/infra/sequelize/models/index.ts:5:1)
2023-06-28 19:07:42 error: uncaughtException: dialect is not defined
ReferenceError: dialect is not defined
    at Object.<anonymous> (/Users/toannguyen/Desktop/tn-uptech-backend/src/infra/sequelize/config/config.js:26:5)
    at Module._compile (node:internal/modules/cjs/loader:1198:14)
    at Module.m._compile (/Users/toannguyen/Desktop/tn-uptech-backend/node_modules/ts-node/src/index.ts:1618:23)
    at Module._extensions..js (node:internal/modules/cjs/loader:1252:10)
    at Object.require.extensions.<computed> [as .js] (/Users/toannguyen/Desktop/tn-uptech-backend/node_modules/ts-node/src/index.ts:1621:12)
    at Module.load (node:internal/modules/cjs/loader:1076:32)
    at Function.Module._load (node:internal/modules/cjs/loader:911:12)
    at Module.require (node:internal/modules/cjs/loader:1100:19)
    at require (node:internal/modules/cjs/helpers:108:18)
    at Object.<anonymous> (/Users/toannguyen/Desktop/tn-uptech-backend/src/infra/sequelize/models/index.ts:5:1)
