2023-04-29 11:32:34 error: uncaughtException: ‚®Ø Unable to compile TypeScript:
[96msrc/route/post.route.ts[0m:[93m15[0m:[93m65[0m - [91merror[0m[90m TS2339: [0mProperty 'increaseView' does not exist on type 'PostController'.

[7m15[0m         this.router.post(`${this.path}/increaseView`, this.post.increaseView);
[7m  [0m [91m                                                                ~~~~~~~~~~~~[0m

TSError: ‚®Ø Unable to compile TypeScript:
[96msrc/route/post.route.ts[0m:[93m15[0m:[93m65[0m - [91merror[0m[90m TS2339: [0mProperty 'increaseView' does not exist on type 'PostController'.

[7m15[0m         this.router.post(`${this.path}/increaseView`, this.post.increaseView);
[7m  [0m [91m                                                                ~~~~~~~~~~~~[0m

    at createTSError (/Users/toannguyen/Documents/Source/tn-uptech-backend/node_modules/ts-node/src/index.ts:859:12)
    at reportTSError (/Users/toannguyen/Documents/Source/tn-uptech-backend/node_modules/ts-node/src/index.ts:863:19)
    at getOutput (/Users/toannguyen/Documents/Source/tn-uptech-backend/node_modules/ts-node/src/index.ts:1077:36)
    at Object.compile (/Users/toannguyen/Documents/Source/tn-uptech-backend/node_modules/ts-node/src/index.ts:1433:41)
    at Module.m._compile (/Users/toannguyen/Documents/Source/tn-uptech-backend/node_modules/ts-node/src/index.ts:1617:30)
    at Module._extensions..js (node:internal/modules/cjs/loader:1245:10)
    at Object.require.extensions.<computed> [as .ts] (/Users/toannguyen/Documents/Source/tn-uptech-backend/node_modules/ts-node/src/index.ts:1621:12)
    at Module.load (node:internal/modules/cjs/loader:1069:32)
    at Function.Module._load (node:internal/modules/cjs/loader:904:12)
    at Module.require (node:internal/modules/cjs/loader:1093:19)
2023-04-29 11:35:20 error: uncaughtException: ‚®Ø Unable to compile TypeScript:
[96msrc/modules/controllers/post.controller.ts[0m:[93m69[0m:[93m62[0m - [91merror[0m[90m TS1135: [0mArgument expression expected.

[7m69[0m             const data = await models.Post.increment('view', +=1);
[7m  [0m [91m                                                             ~~[0m

TSError: ‚®Ø Unable to compile TypeScript:
[96msrc/modules/controllers/post.controller.ts[0m:[93m69[0m:[93m62[0m - [91merror[0m[90m TS1135: [0mArgument expression expected.

[7m69[0m             const data = await models.Post.increment('view', +=1);
[7m  [0m [91m                                                             ~~[0m

    at createTSError (/Users/toannguyen/Documents/Source/tn-uptech-backend/node_modules/ts-node/src/index.ts:859:12)
    at reportTSError (/Users/toannguyen/Documents/Source/tn-uptech-backend/node_modules/ts-node/src/index.ts:863:19)
    at getOutput (/Users/toannguyen/Documents/Source/tn-uptech-backend/node_modules/ts-node/src/index.ts:1077:36)
    at Object.compile (/Users/toannguyen/Documents/Source/tn-uptech-backend/node_modules/ts-node/src/index.ts:1433:41)
    at Module.m._compile (/Users/toannguyen/Documents/Source/tn-uptech-backend/node_modules/ts-node/src/index.ts:1617:30)
    at Module._extensions..js (node:internal/modules/cjs/loader:1245:10)
    at Object.require.extensions.<computed> [as .ts] (/Users/toannguyen/Documents/Source/tn-uptech-backend/node_modules/ts-node/src/index.ts:1621:12)
    at Module.load (node:internal/modules/cjs/loader:1069:32)
    at Function.Module._load (node:internal/modules/cjs/loader:904:12)
    at Module.require (node:internal/modules/cjs/loader:1093:19)
2023-04-29 11:55:45 error: Missing where attribute in the options parameter
2023-04-29 11:56:06 error: Missing where attribute in the options parameter
2023-04-29 12:01:17 error: WHERE parameter "id" has invalid "undefined" value
2023-04-29 12:05:51 error: Unknown column '1' in 'field list'
2023-04-29 12:06:20 error: Unknown column '1' in 'field list'
2023-04-29 12:26:58 error: uncaughtException: ‚®Ø Unable to compile TypeScript:
[96msrc/modules/controllers/post.controller.ts[0m:[93m47[0m:[93m37[0m - [91merror[0m[90m TS2339: [0mProperty 'getListFeatured' does not exist on type 'PostService'.

[7m47[0m             const data = await post.getListFeatured();
[7m  [0m [91m                                    ~~~~~~~~~~~~~~~[0m
[96msrc/modules/controllers/post.controller.ts[0m:[93m58[0m:[93m43[0m - [91merror[0m[90m TS2339: [0mProperty 'store' does not exist on type 'PostService'.

[7m58[0m             const data = await await post.store(req.body);
[7m  [0m [91m                                          ~~~~~[0m
[96msrc/modules/controllers/post.controller.ts[0m:[93m79[0m:[93m37[0m - [91merror[0m[90m TS2339: [0mProperty 'findById' does not exist on type 'PostService'.

[7m79[0m             const data = await post.findById(req.params.id);
[7m  [0m [91m                                    ~~~~~~~~[0m
[96msrc/modules/controllers/post.controller.ts[0m:[93m89[0m:[93m37[0m - [91merror[0m[90m TS2339: [0mProperty 'findByIdClient' does not exist on type 'PostService'.

[7m89[0m             const data = await post.findByIdClient(req.params.id);
[7m  [0m [91m                                    ~~~~~~~~~~~~~~[0m
[96msrc/modules/controllers/post.controller.ts[0m:[93m100[0m:[93m37[0m - [91merror[0m[90m TS2339: [0mProperty 'updateById' does not exist on type 'PostService'.

[7m100[0m             const data = await post.updateById(id, req.body);
[7m   [0m [91m                                    ~~~~~~~~~~[0m
[96msrc/modules/controllers/post.controller.ts[0m:[93m110[0m:[93m37[0m - [91merror[0m[90m TS2339: [0mProperty 'deleteById' does not exist on type 'PostService'.

[7m110[0m             const data = await post.deleteById(req.params.id);
[7m   [0m [91m                                    ~~~~~~~~~~[0m

TSError: ‚®Ø Unable to compile TypeScript:
[96msrc/modules/controllers/post.controller.ts[0m:[93m47[0m:[93m37[0m - [91merror[0m[90m TS2339: [0mProperty 'getListFeatured' does not exist on type 'PostService'.

[7m47[0m             const data = await post.getListFeatured();
[7m  [0m [91m                                    ~~~~~~~~~~~~~~~[0m
[96msrc/modules/controllers/post.controller.ts[0m:[93m58[0m:[93m43[0m - [91merror[0m[90m TS2339: [0mProperty 'store' does not exist on type 'PostService'.

[7m58[0m             const data = await await post.store(req.body);
[7m  [0m [91m                                          ~~~~~[0m
[96msrc/modules/controllers/post.controller.ts[0m:[93m79[0m:[93m37[0m - [91merror[0m[90m TS2339: [0mProperty 'findById' does not exist on type 'PostService'.

[7m79[0m             const data = await post.findById(req.params.id);
[7m  [0m [91m                                    ~~~~~~~~[0m
[96msrc/modules/controllers/post.controller.ts[0m:[93m89[0m:[93m37[0m - [91merror[0m[90m TS2339: [0mProperty 'findByIdClient' does not exist on type 'PostService'.

[7m89[0m             const data = await post.findByIdClient(req.params.id);
[7m  [0m [91m                                    ~~~~~~~~~~~~~~[0m
[96msrc/modules/controllers/post.controller.ts[0m:[93m100[0m:[93m37[0m - [91merror[0m[90m TS2339: [0mProperty 'updateById' does not exist on type 'PostService'.

[7m100[0m             const data = await post.updateById(id, req.body);
[7m   [0m [91m                                    ~~~~~~~~~~[0m
[96msrc/modules/controllers/post.controller.ts[0m:[93m110[0m:[93m37[0m - [91merror[0m[90m TS2339: [0mProperty 'deleteById' does not exist on type 'PostService'.

[7m110[0m             const data = await post.deleteById(req.params.id);
[7m   [0m [91m                                    ~~~~~~~~~~[0m

    at createTSError (/Users/toannguyen/Documents/Source/tn-uptech-backend/node_modules/ts-node/src/index.ts:859:12)
    at reportTSError (/Users/toannguyen/Documents/Source/tn-uptech-backend/node_modules/ts-node/src/index.ts:863:19)
    at getOutput (/Users/toannguyen/Documents/Source/tn-uptech-backend/node_modules/ts-node/src/index.ts:1077:36)
    at Object.compile (/Users/toannguyen/Documents/Source/tn-uptech-backend/node_modules/ts-node/src/index.ts:1433:41)
    at Module.m._compile (/Users/toannguyen/Documents/Source/tn-uptech-backend/node_modules/ts-node/src/index.ts:1617:30)
    at Module._extensions..js (node:internal/modules/cjs/loader:1245:10)
    at Object.require.extensions.<computed> [as .ts] (/Users/toannguyen/Documents/Source/tn-uptech-backend/node_modules/ts-node/src/index.ts:1621:12)
    at Module.load (node:internal/modules/cjs/loader:1069:32)
    at Function.Module._load (node:internal/modules/cjs/loader:904:12)
    at Module.require (node:internal/modules/cjs/loader:1093:19)
2023-04-29 12:28:52 error: {}
2023-04-29 12:28:52 error: {}
2023-04-29 12:31:59 error: uncaughtException: ‚®Ø Unable to compile TypeScript:
[96msrc/services/post.service.ts[0m:[93m194[0m:[93m34[0m - [91merror[0m[90m TS2304: [0mCannot find name 'MyModel'.

[7m194[0m             const record = await MyModel.findOne({
[7m   [0m [91m                                 ~~~~~~~[0m
[96msrc/services/post.service.ts[0m:[93m196[0m:[93m8[0m - [91merror[0m[90m TS2304: [0mCannot find name 'sequelize'.

[7m196[0m       [sequelize.fn('max', sequelize.col('field1')), 'maxField1']
[7m   [0m [91m       ~~~~~~~~~[0m
[96msrc/services/post.service.ts[0m:[93m196[0m:[93m28[0m - [91merror[0m[90m TS2304: [0mCannot find name 'sequelize'.

[7m196[0m       [sequelize.fn('max', sequelize.col('field1')), 'maxField1']
[7m   [0m [91m                           ~~~~~~~~~[0m

TSError: ‚®Ø Unable to compile TypeScript:
[96msrc/services/post.service.ts[0m:[93m194[0m:[93m34[0m - [91merror[0m[90m TS2304: [0mCannot find name 'MyModel'.

[7m194[0m             const record = await MyModel.findOne({
[7m   [0m [91m                                 ~~~~~~~[0m
[96msrc/services/post.service.ts[0m:[93m196[0m:[93m8[0m - [91merror[0m[90m TS2304: [0mCannot find name 'sequelize'.

[7m196[0m       [sequelize.fn('max', sequelize.col('field1')), 'maxField1']
[7m   [0m [91m       ~~~~~~~~~[0m
[96msrc/services/post.service.ts[0m:[93m196[0m:[93m28[0m - [91merror[0m[90m TS2304: [0mCannot find name 'sequelize'.

[7m196[0m       [sequelize.fn('max', sequelize.col('field1')), 'maxField1']
[7m   [0m [91m                           ~~~~~~~~~[0m

    at createTSError (/Users/toannguyen/Documents/Source/tn-uptech-backend/node_modules/ts-node/src/index.ts:859:12)
    at reportTSError (/Users/toannguyen/Documents/Source/tn-uptech-backend/node_modules/ts-node/src/index.ts:863:19)
    at getOutput (/Users/toannguyen/Documents/Source/tn-uptech-backend/node_modules/ts-node/src/index.ts:1077:36)
    at Object.compile (/Users/toannguyen/Documents/Source/tn-uptech-backend/node_modules/ts-node/src/index.ts:1433:41)
    at Module.m._compile (/Users/toannguyen/Documents/Source/tn-uptech-backend/node_modules/ts-node/src/index.ts:1617:30)
    at Module._extensions..js (node:internal/modules/cjs/loader:1245:10)
    at Object.require.extensions.<computed> [as .ts] (/Users/toannguyen/Documents/Source/tn-uptech-backend/node_modules/ts-node/src/index.ts:1621:12)
    at Module.load (node:internal/modules/cjs/loader:1069:32)
    at Function.Module._load (node:internal/modules/cjs/loader:904:12)
    at Module.require (node:internal/modules/cjs/loader:1093:19)
2023-04-29 12:34:27 error: uncaughtException: ‚®Ø Unable to compile TypeScript:
[96msrc/services/post.service.ts[0m:[93m194[0m:[93m13[0m - [91merror[0m[90m TS2304: [0mCannot find name 'Post'.

[7m194[0m             Post.findOne({
[7m   [0m [91m            ~~~~[0m
[96msrc/services/post.service.ts[0m:[93m196[0m:[93m22[0m - [91merror[0m[90m TS2304: [0mCannot find name 'sequelize'.

[7m196[0m                     [sequelize.fn('max', sequelize.col('views')), 'max_views']
[7m   [0m [91m                     ~~~~~~~~~[0m
[96msrc/services/post.service.ts[0m:[93m196[0m:[93m42[0m - [91merror[0m[90m TS2304: [0mCannot find name 'sequelize'.

[7m196[0m                     [sequelize.fn('max', sequelize.col('views')), 'max_views']
[7m   [0m [91m                                         ~~~~~~~~~[0m
[96msrc/services/post.service.ts[0m:[93m202[0m:[93m17[0m - [91merror[0m[90m TS2304: [0mCannot find name 'Post'.

[7m202[0m                 Post.findOne({
[7m   [0m [91m                ~~~~[0m
[96msrc/services/post.service.ts[0m:[93m263[0m:[93m20[0m - [91merror[0m[90m TS2304: [0mCannot find name 'postMostView'.

[7m263[0m             return postMostView;
[7m   [0m [91m                   ~~~~~~~~~~~~[0m
[96msrc/services/post.service.ts[0m:[93m268[0m:[93m49[0m - [91merror[0m[90m TS2304: [0mCannot find name 'postMostView'.

[7m268[0m                 postMostView: PostDTO.transform(postMostView)
[7m   [0m [91m                                                ~~~~~~~~~~~~[0m

TSError: ‚®Ø Unable to compile TypeScript:
[96msrc/services/post.service.ts[0m:[93m194[0m:[93m13[0m - [91merror[0m[90m TS2304: [0mCannot find name 'Post'.

[7m194[0m             Post.findOne({
[7m   [0m [91m            ~~~~[0m
[96msrc/services/post.service.ts[0m:[93m196[0m:[93m22[0m - [91merror[0m[90m TS2304: [0mCannot find name 'sequelize'.

[7m196[0m                     [sequelize.fn('max', sequelize.col('views')), 'max_views']
[7m   [0m [91m                     ~~~~~~~~~[0m
[96msrc/services/post.service.ts[0m:[93m196[0m:[93m42[0m - [91merror[0m[90m TS2304: [0mCannot find name 'sequelize'.

[7m196[0m                     [sequelize.fn('max', sequelize.col('views')), 'max_views']
[7m   [0m [91m                                         ~~~~~~~~~[0m
[96msrc/services/post.service.ts[0m:[93m202[0m:[93m17[0m - [91merror[0m[90m TS2304: [0mCannot find name 'Post'.

[7m202[0m                 Post.findOne({
[7m   [0m [91m                ~~~~[0m
[96msrc/services/post.service.ts[0m:[93m263[0m:[93m20[0m - [91merror[0m[90m TS2304: [0mCannot find name 'postMostView'.

[7m263[0m             return postMostView;
[7m   [0m [91m                   ~~~~~~~~~~~~[0m
[96msrc/services/post.service.ts[0m:[93m268[0m:[93m49[0m - [91merror[0m[90m TS2304: [0mCannot find name 'postMostView'.

[7m268[0m                 postMostView: PostDTO.transform(postMostView)
[7m   [0m [91m                                                ~~~~~~~~~~~~[0m

    at createTSError (/Users/toannguyen/Documents/Source/tn-uptech-backend/node_modules/ts-node/src/index.ts:859:12)
    at reportTSError (/Users/toannguyen/Documents/Source/tn-uptech-backend/node_modules/ts-node/src/index.ts:863:19)
    at getOutput (/Users/toannguyen/Documents/Source/tn-uptech-backend/node_modules/ts-node/src/index.ts:1077:36)
    at Object.compile (/Users/toannguyen/Documents/Source/tn-uptech-backend/node_modules/ts-node/src/index.ts:1433:41)
    at Module.m._compile (/Users/toannguyen/Documents/Source/tn-uptech-backend/node_modules/ts-node/src/index.ts:1617:30)
    at Module._extensions..js (node:internal/modules/cjs/loader:1245:10)
    at Object.require.extensions.<computed> [as .ts] (/Users/toannguyen/Documents/Source/tn-uptech-backend/node_modules/ts-node/src/index.ts:1621:12)
    at Module.load (node:internal/modules/cjs/loader:1069:32)
    at Function.Module._load (node:internal/modules/cjs/loader:904:12)
    at Module.require (node:internal/modules/cjs/loader:1093:19)
2023-04-29 12:34:59 error: uncaughtException: ‚®Ø Unable to compile TypeScript:
[96msrc/services/post.service.ts[0m:[93m263[0m:[93m20[0m - [91merror[0m[90m TS2304: [0mCannot find name 'postMostView'.

[7m263[0m             return postMostView;
[7m   [0m [91m                   ~~~~~~~~~~~~[0m
[96msrc/services/post.service.ts[0m:[93m268[0m:[93m49[0m - [91merror[0m[90m TS2304: [0mCannot find name 'postMostView'.

[7m268[0m                 postMostView: PostDTO.transform(postMostView)
[7m   [0m [91m                                                ~~~~~~~~~~~~[0m

TSError: ‚®Ø Unable to compile TypeScript:
[96msrc/services/post.service.ts[0m:[93m263[0m:[93m20[0m - [91merror[0m[90m TS2304: [0mCannot find name 'postMostView'.

[7m263[0m             return postMostView;
[7m   [0m [91m                   ~~~~~~~~~~~~[0m
[96msrc/services/post.service.ts[0m:[93m268[0m:[93m49[0m - [91merror[0m[90m TS2304: [0mCannot find name 'postMostView'.

[7m268[0m                 postMostView: PostDTO.transform(postMostView)
[7m   [0m [91m                                                ~~~~~~~~~~~~[0m

    at createTSError (/Users/toannguyen/Documents/Source/tn-uptech-backend/node_modules/ts-node/src/index.ts:859:12)
    at reportTSError (/Users/toannguyen/Documents/Source/tn-uptech-backend/node_modules/ts-node/src/index.ts:863:19)
    at getOutput (/Users/toannguyen/Documents/Source/tn-uptech-backend/node_modules/ts-node/src/index.ts:1077:36)
    at Object.compile (/Users/toannguyen/Documents/Source/tn-uptech-backend/node_modules/ts-node/src/index.ts:1433:41)
    at Module.m._compile (/Users/toannguyen/Documents/Source/tn-uptech-backend/node_modules/ts-node/src/index.ts:1617:30)
    at Module._extensions..js (node:internal/modules/cjs/loader:1245:10)
    at Object.require.extensions.<computed> [as .ts] (/Users/toannguyen/Documents/Source/tn-uptech-backend/node_modules/ts-node/src/index.ts:1621:12)
    at Module.load (node:internal/modules/cjs/loader:1069:32)
    at Function.Module._load (node:internal/modules/cjs/loader:904:12)
    at Module.require (node:internal/modules/cjs/loader:1093:19)
2023-04-29 12:36:34 error: uncaughtException: ‚®Ø Unable to compile TypeScript:
[96msrc/services/post.service.ts[0m:[93m206[0m:[93m21[0m - [91merror[0m[90m TS2304: [0mCannot find name 'include'.

[7m206[0m                     include: [
[7m   [0m [91m                    ~~~~~~~[0m
[96msrc/services/post.service.ts[0m:[93m206[0m:[93m28[0m - [91merror[0m[90m TS1005: [0m',' expected.

[7m206[0m                     include: [
[7m   [0m [91m                           ~[0m

TSError: ‚®Ø Unable to compile TypeScript:
[96msrc/services/post.service.ts[0m:[93m206[0m:[93m21[0m - [91merror[0m[90m TS2304: [0mCannot find name 'include'.

[7m206[0m                     include: [
[7m   [0m [91m                    ~~~~~~~[0m
[96msrc/services/post.service.ts[0m:[93m206[0m:[93m28[0m - [91merror[0m[90m TS1005: [0m',' expected.

[7m206[0m                     include: [
[7m   [0m [91m                           ~[0m

    at createTSError (/Users/toannguyen/Documents/Source/tn-uptech-backend/node_modules/ts-node/src/index.ts:859:12)
    at reportTSError (/Users/toannguyen/Documents/Source/tn-uptech-backend/node_modules/ts-node/src/index.ts:863:19)
    at getOutput (/Users/toannguyen/Documents/Source/tn-uptech-backend/node_modules/ts-node/src/index.ts:1077:36)
    at Object.compile (/Users/toannguyen/Documents/Source/tn-uptech-backend/node_modules/ts-node/src/index.ts:1433:41)
    at Module.m._compile (/Users/toannguyen/Documents/Source/tn-uptech-backend/node_modules/ts-node/src/index.ts:1617:30)
    at Module._extensions..js (node:internal/modules/cjs/loader:1245:10)
    at Object.require.extensions.<computed> [as .ts] (/Users/toannguyen/Documents/Source/tn-uptech-backend/node_modules/ts-node/src/index.ts:1621:12)
    at Module.load (node:internal/modules/cjs/loader:1069:32)
    at Function.Module._load (node:internal/modules/cjs/loader:904:12)
    at Module.require (node:internal/modules/cjs/loader:1093:19)
2023-04-29 12:37:11 error: {}
2023-04-29 12:37:12 error: {}
2023-04-29 12:37:12 error: {}
2023-04-29 12:37:13 error: {}
2023-04-29 12:37:13 error: {}
2023-04-29 12:45:36 error: {}
2023-04-29 12:45:37 error: {}
2023-04-29 12:45:54 error: {}
2023-04-29 12:50:34 error: uncaughtException: ‚®Ø Unable to compile TypeScript:
[96msrc/services/post.service.ts[0m:[93m499[0m:[93m36[0m - [91merror[0m[90m TS18004: [0mNo value exists in scope for the shorthand property 'post_id'. Either declare one or provide an initializer.

[7m499[0m                         { where: { post_id, locale: lang }, individualHooks: true });
[7m   [0m [91m                                   ~~~~~~~[0m
[96msrc/services/post.service.ts[0m:[93m499[0m:[93m53[0m - [91merror[0m[90m TS2304: [0mCannot find name 'lang'.

[7m499[0m                         { where: { post_id, locale: lang }, individualHooks: true });
[7m   [0m [91m                                                    ~~~~[0m

TSError: ‚®Ø Unable to compile TypeScript:
[96msrc/services/post.service.ts[0m:[93m499[0m:[93m36[0m - [91merror[0m[90m TS18004: [0mNo value exists in scope for the shorthand property 'post_id'. Either declare one or provide an initializer.

[7m499[0m                         { where: { post_id, locale: lang }, individualHooks: true });
[7m   [0m [91m                                   ~~~~~~~[0m
[96msrc/services/post.service.ts[0m:[93m499[0m:[93m53[0m - [91merror[0m[90m TS2304: [0mCannot find name 'lang'.

[7m499[0m                         { where: { post_id, locale: lang }, individualHooks: true });
[7m   [0m [91m                                                    ~~~~[0m

    at createTSError (/Users/toannguyen/Documents/Source/tn-uptech-backend/node_modules/ts-node/src/index.ts:859:12)
    at reportTSError (/Users/toannguyen/Documents/Source/tn-uptech-backend/node_modules/ts-node/src/index.ts:863:19)
    at getOutput (/Users/toannguyen/Documents/Source/tn-uptech-backend/node_modules/ts-node/src/index.ts:1077:36)
    at Object.compile (/Users/toannguyen/Documents/Source/tn-uptech-backend/node_modules/ts-node/src/index.ts:1433:41)
    at Module.m._compile (/Users/toannguyen/Documents/Source/tn-uptech-backend/node_modules/ts-node/src/index.ts:1617:30)
    at Module._extensions..js (node:internal/modules/cjs/loader:1245:10)
    at Object.require.extensions.<computed> [as .ts] (/Users/toannguyen/Documents/Source/tn-uptech-backend/node_modules/ts-node/src/index.ts:1621:12)
    at Module.load (node:internal/modules/cjs/loader:1069:32)
    at Function.Module._load (node:internal/modules/cjs/loader:904:12)
    at Module.require (node:internal/modules/cjs/loader:1093:19)
2023-04-29 12:50:48 error: uncaughtException: ‚®Ø Unable to compile TypeScript:
[96msrc/services/post.service.ts[0m:[93m499[0m:[93m56[0m - [91merror[0m[90m TS2304: [0mCannot find name 'lang'.

[7m499[0m                         { where: { post_id:id, locale: lang }, individualHooks: true });
[7m   [0m [91m                                                       ~~~~[0m

TSError: ‚®Ø Unable to compile TypeScript:
[96msrc/services/post.service.ts[0m:[93m499[0m:[93m56[0m - [91merror[0m[90m TS2304: [0mCannot find name 'lang'.

[7m499[0m                         { where: { post_id:id, locale: lang }, individualHooks: true });
[7m   [0m [91m                                                       ~~~~[0m

    at createTSError (/Users/toannguyen/Documents/Source/tn-uptech-backend/node_modules/ts-node/src/index.ts:859:12)
    at reportTSError (/Users/toannguyen/Documents/Source/tn-uptech-backend/node_modules/ts-node/src/index.ts:863:19)
    at getOutput (/Users/toannguyen/Documents/Source/tn-uptech-backend/node_modules/ts-node/src/index.ts:1077:36)
    at Object.compile (/Users/toannguyen/Documents/Source/tn-uptech-backend/node_modules/ts-node/src/index.ts:1433:41)
    at Module.m._compile (/Users/toannguyen/Documents/Source/tn-uptech-backend/node_modules/ts-node/src/index.ts:1617:30)
    at Module._extensions..js (node:internal/modules/cjs/loader:1245:10)
    at Object.require.extensions.<computed> [as .ts] (/Users/toannguyen/Documents/Source/tn-uptech-backend/node_modules/ts-node/src/index.ts:1621:12)
    at Module.load (node:internal/modules/cjs/loader:1069:32)
    at Function.Module._load (node:internal/modules/cjs/loader:904:12)
    at Module.require (node:internal/modules/cjs/loader:1093:19)
2023-04-29 12:51:17 error: uncaughtException: ‚®Ø Unable to compile TypeScript:
[96msrc/services/post.service.ts[0m:[93m485[0m:[93m69[0m - [91merror[0m[90m TS2304: [0mCannot find name 't'.

[7m485[0m         }, { where: { id }, individualHooks: true }, { transaction: t }
[7m   [0m [91m                                                                    ~[0m

TSError: ‚®Ø Unable to compile TypeScript:
[96msrc/services/post.service.ts[0m:[93m485[0m:[93m69[0m - [91merror[0m[90m TS2304: [0mCannot find name 't'.

[7m485[0m         }, { where: { id }, individualHooks: true }, { transaction: t }
[7m   [0m [91m                                                                    ~[0m

    at createTSError (/Users/toannguyen/Documents/Source/tn-uptech-backend/node_modules/ts-node/src/index.ts:859:12)
    at reportTSError (/Users/toannguyen/Documents/Source/tn-uptech-backend/node_modules/ts-node/src/index.ts:863:19)
    at getOutput (/Users/toannguyen/Documents/Source/tn-uptech-backend/node_modules/ts-node/src/index.ts:1077:36)
    at Object.compile (/Users/toannguyen/Documents/Source/tn-uptech-backend/node_modules/ts-node/src/index.ts:1433:41)
    at Module.m._compile (/Users/toannguyen/Documents/Source/tn-uptech-backend/node_modules/ts-node/src/index.ts:1617:30)
    at Module._extensions..js (node:internal/modules/cjs/loader:1245:10)
    at Object.require.extensions.<computed> [as .ts] (/Users/toannguyen/Documents/Source/tn-uptech-backend/node_modules/ts-node/src/index.ts:1621:12)
    at Module.load (node:internal/modules/cjs/loader:1069:32)
    at Function.Module._load (node:internal/modules/cjs/loader:904:12)
    at Module.require (node:internal/modules/cjs/loader:1093:19)
2023-04-29 12:51:37 error: uncaughtException: ‚®Ø Unable to compile TypeScript:
[96msrc/modules/controllers/post.controller.ts[0m:[93m110[0m:[93m37[0m - [91merror[0m[90m TS2339: [0mProperty 'deleteById' does not exist on type 'PostService'.

[7m110[0m             const data = await post.deleteById(req.params.id);
[7m   [0m [91m                                    ~~~~~~~~~~[0m

TSError: ‚®Ø Unable to compile TypeScript:
[96msrc/modules/controllers/post.controller.ts[0m:[93m110[0m:[93m37[0m - [91merror[0m[90m TS2339: [0mProperty 'deleteById' does not exist on type 'PostService'.

[7m110[0m             const data = await post.deleteById(req.params.id);
[7m   [0m [91m                                    ~~~~~~~~~~[0m

    at createTSError (/Users/toannguyen/Documents/Source/tn-uptech-backend/node_modules/ts-node/src/index.ts:859:12)
    at reportTSError (/Users/toannguyen/Documents/Source/tn-uptech-backend/node_modules/ts-node/src/index.ts:863:19)
    at getOutput (/Users/toannguyen/Documents/Source/tn-uptech-backend/node_modules/ts-node/src/index.ts:1077:36)
    at Object.compile (/Users/toannguyen/Documents/Source/tn-uptech-backend/node_modules/ts-node/src/index.ts:1433:41)
    at Module.m._compile (/Users/toannguyen/Documents/Source/tn-uptech-backend/node_modules/ts-node/src/index.ts:1617:30)
    at Module._extensions..js (node:internal/modules/cjs/loader:1245:10)
    at Object.require.extensions.<computed> [as .ts] (/Users/toannguyen/Documents/Source/tn-uptech-backend/node_modules/ts-node/src/index.ts:1621:12)
    at Module.load (node:internal/modules/cjs/loader:1069:32)
    at Function.Module._load (node:internal/modules/cjs/loader:904:12)
    at Module.require (node:internal/modules/cjs/loader:1093:19)
2023-04-29 13:10:08 error: Unknown column '1' in 'field list'
2023-04-29 13:13:48 error: uncaughtException: ‚®Ø Unable to compile TypeScript:
[96msrc/services/post.service.ts[0m:[93m170[0m:[93m19[0m - [91merror[0m[90m TS2451: [0mCannot redeclare block-scoped variable 'postsMore'.

[7m170[0m             const postsMore = await models.Post.findAll({
[7m   [0m [91m                  ~~~~~~~~~[0m
[96msrc/services/post.service.ts[0m:[93m175[0m:[93m19[0m - [91merror[0m[90m TS2451: [0mCannot redeclare block-scoped variable 'postsMore'.

[7m175[0m             const postsMore = await models.Post.findAll({
[7m   [0m [91m                  ~~~~~~~~~[0m

TSError: ‚®Ø Unable to compile TypeScript:
[96msrc/services/post.service.ts[0m:[93m170[0m:[93m19[0m - [91merror[0m[90m TS2451: [0mCannot redeclare block-scoped variable 'postsMore'.

[7m170[0m             const postsMore = await models.Post.findAll({
[7m   [0m [91m                  ~~~~~~~~~[0m
[96msrc/services/post.service.ts[0m:[93m175[0m:[93m19[0m - [91merror[0m[90m TS2451: [0mCannot redeclare block-scoped variable 'postsMore'.

[7m175[0m             const postsMore = await models.Post.findAll({
[7m   [0m [91m                  ~~~~~~~~~[0m

    at createTSError (/Users/toannguyen/Documents/Source/tn-uptech-backend/node_modules/ts-node/src/index.ts:859:12)
    at reportTSError (/Users/toannguyen/Documents/Source/tn-uptech-backend/node_modules/ts-node/src/index.ts:863:19)
    at getOutput (/Users/toannguyen/Documents/Source/tn-uptech-backend/node_modules/ts-node/src/index.ts:1077:36)
    at Object.compile (/Users/toannguyen/Documents/Source/tn-uptech-backend/node_modules/ts-node/src/index.ts:1433:41)
    at Module.m._compile (/Users/toannguyen/Documents/Source/tn-uptech-backend/node_modules/ts-node/src/index.ts:1617:30)
    at Module._extensions..js (node:internal/modules/cjs/loader:1245:10)
    at Object.require.extensions.<computed> [as .ts] (/Users/toannguyen/Documents/Source/tn-uptech-backend/node_modules/ts-node/src/index.ts:1621:12)
    at Module.load (node:internal/modules/cjs/loader:1069:32)
    at Function.Module._load (node:internal/modules/cjs/loader:904:12)
    at Module.require (node:internal/modules/cjs/loader:1093:19)
2023-04-29 13:14:49 error: uncaughtException: ‚®Ø Unable to compile TypeScript:
[96msrc/services/post.service.ts[0m:[93m226[0m:[93m28[0m - [91merror[0m[90m TS2304: [0mCannot find name 'postsMore'.

[7m226[0m                 postsMore: postsMore.map((item: any) => {
[7m   [0m [91m                           ~~~~~~~~~[0m

TSError: ‚®Ø Unable to compile TypeScript:
[96msrc/services/post.service.ts[0m:[93m226[0m:[93m28[0m - [91merror[0m[90m TS2304: [0mCannot find name 'postsMore'.

[7m226[0m                 postsMore: postsMore.map((item: any) => {
[7m   [0m [91m                           ~~~~~~~~~[0m

    at createTSError (/Users/toannguyen/Documents/Source/tn-uptech-backend/node_modules/ts-node/src/index.ts:859:12)
    at reportTSError (/Users/toannguyen/Documents/Source/tn-uptech-backend/node_modules/ts-node/src/index.ts:863:19)
    at getOutput (/Users/toannguyen/Documents/Source/tn-uptech-backend/node_modules/ts-node/src/index.ts:1077:36)
    at Object.compile (/Users/toannguyen/Documents/Source/tn-uptech-backend/node_modules/ts-node/src/index.ts:1433:41)
    at Module.m._compile (/Users/toannguyen/Documents/Source/tn-uptech-backend/node_modules/ts-node/src/index.ts:1617:30)
    at Module._extensions..js (node:internal/modules/cjs/loader:1245:10)
    at Object.require.extensions.<computed> [as .ts] (/Users/toannguyen/Documents/Source/tn-uptech-backend/node_modules/ts-node/src/index.ts:1621:12)
    at Module.load (node:internal/modules/cjs/loader:1069:32)
    at Function.Module._load (node:internal/modules/cjs/loader:904:12)
    at Module.require (node:internal/modules/cjs/loader:1093:19)
2023-04-29 13:31:56 error: Unknown column '1' in 'field list'
2023-04-29 13:32:58 error: Unknown column '1' in 'field list'
2023-04-29 13:45:53 error: {"name":"SequelizeDatabaseError","parent":{"code":"ER_DATA_TOO_LONG","errno":1406,"sqlState":"22001","sqlMessage":"Data too long for column 'name' at row 1","sql":"INSERT INTO `post_translation` (`id`,`post_id`,`locale`,`name`,`content`,`description`,`slug`,`custom_slug`,`meta_title`,`meta_description`,`meta_robots`,`canonica_link`,`meta_image`) VALUES (DEFAULT,?,?,?,?,?,?,?,?,?,?,?,?);","parameters":[7,"vi","Th∆∞∆°ng m·∫°i ƒëi·ªán t·ª≠ (e-commerce) m·ªü ra c∆° h·ªôi tƒÉng tr∆∞·ªüng l·ªõn ƒë·ªëi v·ªõi ng√†nh s·∫£n xu·∫•t h√†ng ti√™u d√πng. Tuy nhi√™n, b√™n c·∫°nh c∆° h·ªôi, doanh nghi·ªáp c≈©ng ph·∫£i ƒë·ªëi m·∫∑t v·ªõi nhi·ªÅu th√°ch th·ª©c, ƒë·∫∑c bi·ªát l√† chi ph√≠ v·∫≠n h√†nh l·ªõn. V·∫≠y l√†m th·∫ø n√†o ƒë·ªÉ doanh nghi·ªáp c√≥ th·ªÉ ...","","","thuong-mai-ien-tu-e-commerce-mo-ra-co-hoi-tang-truong-lon-oi-voi-nganh-san-xuat-hang-tieu-dung-tuy-nhien-ben-canh-co-hoi-doanh-nghiep-cung-phai-oi-mat-voi-nhieu-thach-thuc-ac-biet-la-chi-phi-van-hanh-lon-vay-lam-the-nao-e-doanh-nghiep-co-the-","","","","","",""]},"original":{"code":"ER_DATA_TOO_LONG","errno":1406,"sqlState":"22001","sqlMessage":"Data too long for column 'name' at row 1","sql":"INSERT INTO `post_translation` (`id`,`post_id`,`locale`,`name`,`content`,`description`,`slug`,`custom_slug`,`meta_title`,`meta_description`,`meta_robots`,`canonica_link`,`meta_image`) VALUES (DEFAULT,?,?,?,?,?,?,?,?,?,?,?,?);","parameters":[7,"vi","Th∆∞∆°ng m·∫°i ƒëi·ªán t·ª≠ (e-commerce) m·ªü ra c∆° h·ªôi tƒÉng tr∆∞·ªüng l·ªõn ƒë·ªëi v·ªõi ng√†nh s·∫£n xu·∫•t h√†ng ti√™u d√πng. Tuy nhi√™n, b√™n c·∫°nh c∆° h·ªôi, doanh nghi·ªáp c≈©ng ph·∫£i ƒë·ªëi m·∫∑t v·ªõi nhi·ªÅu th√°ch th·ª©c, ƒë·∫∑c bi·ªát l√† chi ph√≠ v·∫≠n h√†nh l·ªõn. V·∫≠y l√†m th·∫ø n√†o ƒë·ªÉ doanh nghi·ªáp c√≥ th·ªÉ ...","","","thuong-mai-ien-tu-e-commerce-mo-ra-co-hoi-tang-truong-lon-oi-voi-nganh-san-xuat-hang-tieu-dung-tuy-nhien-ben-canh-co-hoi-doanh-nghiep-cung-phai-oi-mat-voi-nhieu-thach-thuc-ac-biet-la-chi-phi-van-hanh-lon-vay-lam-the-nao-e-doanh-nghiep-co-the-","","","","","",""]},"sql":"INSERT INTO `post_translation` (`id`,`post_id`,`locale`,`name`,`content`,`description`,`slug`,`custom_slug`,`meta_title`,`meta_description`,`meta_robots`,`canonica_link`,`meta_image`) VALUES (DEFAULT,?,?,?,?,?,?,?,?,?,?,?,?);","parameters":[7,"vi","Th∆∞∆°ng m·∫°i ƒëi·ªán t·ª≠ (e-commerce) m·ªü ra c∆° h·ªôi tƒÉng tr∆∞·ªüng l·ªõn ƒë·ªëi v·ªõi ng√†nh s·∫£n xu·∫•t h√†ng ti√™u d√πng. Tuy nhi√™n, b√™n c·∫°nh c∆° h·ªôi, doanh nghi·ªáp c≈©ng ph·∫£i ƒë·ªëi m·∫∑t v·ªõi nhi·ªÅu th√°ch th·ª©c, ƒë·∫∑c bi·ªát l√† chi ph√≠ v·∫≠n h√†nh l·ªõn. V·∫≠y l√†m th·∫ø n√†o ƒë·ªÉ doanh nghi·ªáp c√≥ th·ªÉ ...","","","thuong-mai-ien-tu-e-commerce-mo-ra-co-hoi-tang-truong-lon-oi-voi-nganh-san-xuat-hang-tieu-dung-tuy-nhien-ben-canh-co-hoi-doanh-nghiep-cung-phai-oi-mat-voi-nhieu-thach-thuc-ac-biet-la-chi-phi-van-hanh-lon-vay-lam-the-nao-e-doanh-nghiep-co-the-","","","","","",""]}
2023-04-29 13:52:10 error: {"name":"SequelizeUniqueConstraintError","errors":[{"message":"PRIMARY must be unique","type":"unique violation","path":"PRIMARY","value":"8","origin":"DB","instance":null,"validatorKey":"not_unique","validatorName":null,"validatorArgs":[]}],"parent":{"code":"ER_DUP_ENTRY","errno":1062,"sqlState":"23000","sqlMessage":"Duplicate entry '8' for key 'post_translation.PRIMARY'","sql":"UPDATE `post_translation` SET `name`=?,`description`=?,`id`=?,`slug`=?,`meta_keyword`=?,`meta_viewport`=? WHERE `post_id` = ? AND `locale` = ?","parameters":["„Ç±„Éº„Çπ„Çπ„Çø„Éá„Ç£: Ëº∏ÈÄÅ„ÅÆÊúÄÂ∞èÂåñ„Å´„Åä„Åë„Çã„Éá„Éº„ÇøÂàÜÊûê„ÅÆÂäõ„ÅÆÂÆüÁèæ...","„Ç±„Éº„Çπ„Çπ„Çø„Éá„Ç£: Ëº∏ÈÄÅ„ÅÆÊúÄÂ∞èÂåñ„Å´„Åä„Åë„Çã„Éá„Éº„ÇøÂàÜÊûê„ÅÆÂäõ„ÅÆÂÆüÁèæ...\n",8,"-","","","8","ja"]},"original":{"code":"ER_DUP_ENTRY","errno":1062,"sqlState":"23000","sqlMessage":"Duplicate entry '8' for key 'post_translation.PRIMARY'","sql":"UPDATE `post_translation` SET `name`=?,`description`=?,`id`=?,`slug`=?,`meta_keyword`=?,`meta_viewport`=? WHERE `post_id` = ? AND `locale` = ?","parameters":["„Ç±„Éº„Çπ„Çπ„Çø„Éá„Ç£: Ëº∏ÈÄÅ„ÅÆÊúÄÂ∞èÂåñ„Å´„Åä„Åë„Çã„Éá„Éº„ÇøÂàÜÊûê„ÅÆÂäõ„ÅÆÂÆüÁèæ...","„Ç±„Éº„Çπ„Çπ„Çø„Éá„Ç£: Ëº∏ÈÄÅ„ÅÆÊúÄÂ∞èÂåñ„Å´„Åä„Åë„Çã„Éá„Éº„ÇøÂàÜÊûê„ÅÆÂäõ„ÅÆÂÆüÁèæ...\n",8,"-","","","8","ja"]},"fields":{"PRIMARY":"8"},"sql":"UPDATE `post_translation` SET `name`=?,`description`=?,`id`=?,`slug`=?,`meta_keyword`=?,`meta_viewport`=? WHERE `post_id` = ? AND `locale` = ?"}
2023-04-29 13:52:10 error: Transaction cannot be committed because it has been finished with state: rollback
2023-04-29 13:52:19 error: {"name":"SequelizeUniqueConstraintError","errors":[{"message":"PRIMARY must be unique","type":"unique violation","path":"PRIMARY","value":"8","origin":"DB","instance":null,"validatorKey":"not_unique","validatorName":null,"validatorArgs":[]}],"parent":{"code":"ER_DUP_ENTRY","errno":1062,"sqlState":"23000","sqlMessage":"Duplicate entry '8' for key 'post_translation.PRIMARY'","sql":"UPDATE `post_translation` SET `name`=?,`description`=?,`id`=?,`slug`=?,`meta_keyword`=?,`meta_viewport`=? WHERE `post_id` = ? AND `locale` = ?","parameters":["„Ç±„Éº„Çπ„Çπ„Çø„Éá„Ç£: Ëº∏ÈÄÅ„ÅÆÊúÄÂ∞èÂåñ„Å´„Åä„Åë„Çã„Éá„Éº„ÇøÂàÜÊûê„ÅÆÂäõ„ÅÆÂÆüÁèæ...","„Ç±„Éº„Çπ„Çπ„Çø„Éá„Ç£: Ëº∏ÈÄÅ„ÅÆÊúÄÂ∞èÂåñ„Å´„Åä„Åë„Çã„Éá„Éº„ÇøÂàÜÊûê„ÅÆÂäõ„ÅÆÂÆüÁèæ...\n",8,"-","","","8","ja"]},"original":{"code":"ER_DUP_ENTRY","errno":1062,"sqlState":"23000","sqlMessage":"Duplicate entry '8' for key 'post_translation.PRIMARY'","sql":"UPDATE `post_translation` SET `name`=?,`description`=?,`id`=?,`slug`=?,`meta_keyword`=?,`meta_viewport`=? WHERE `post_id` = ? AND `locale` = ?","parameters":["„Ç±„Éº„Çπ„Çπ„Çø„Éá„Ç£: Ëº∏ÈÄÅ„ÅÆÊúÄÂ∞èÂåñ„Å´„Åä„Åë„Çã„Éá„Éº„ÇøÂàÜÊûê„ÅÆÂäõ„ÅÆÂÆüÁèæ...","„Ç±„Éº„Çπ„Çπ„Çø„Éá„Ç£: Ëº∏ÈÄÅ„ÅÆÊúÄÂ∞èÂåñ„Å´„Åä„Åë„Çã„Éá„Éº„ÇøÂàÜÊûê„ÅÆÂäõ„ÅÆÂÆüÁèæ...\n",8,"-","","","8","ja"]},"fields":{"PRIMARY":"8"},"sql":"UPDATE `post_translation` SET `name`=?,`description`=?,`id`=?,`slug`=?,`meta_keyword`=?,`meta_viewport`=? WHERE `post_id` = ? AND `locale` = ?"}
2023-04-29 13:52:19 error: Transaction cannot be committed because it has been finished with state: rollback
2023-04-29 13:53:16 error: {"name":"SequelizeUniqueConstraintError","errors":[{"message":"PRIMARY must be unique","type":"unique violation","path":"PRIMARY","value":"8","origin":"DB","instance":null,"validatorKey":"not_unique","validatorName":null,"validatorArgs":[]}],"parent":{"code":"ER_DUP_ENTRY","errno":1062,"sqlState":"23000","sqlMessage":"Duplicate entry '8' for key 'post_translation.PRIMARY'","sql":"UPDATE `post_translation` SET `name`=?,`description`=?,`id`=?,`slug`=?,`meta_keyword`=?,`meta_viewport`=? WHERE `post_id` = ? AND `locale` = ?","parameters":["„Ç±„Éº„Çπ„Çπ„Çø„Éá„Ç£: Ëº∏ÈÄÅ„ÅÆÊúÄÂ∞èÂåñ„Å´„Åä„Åë„Çã„Éá„Éº„ÇøÂàÜÊûê„ÅÆÂäõ„ÅÆÂÆüÁèæ...","„Ç±„Éº„Çπ„Çπ„Çø„Éá„Ç£: Ëº∏ÈÄÅ„ÅÆÊúÄÂ∞èÂåñ„Å´„Åä„Åë„Çã„Éá„Éº„ÇøÂàÜÊûê„ÅÆÂäõ„ÅÆÂÆüÁèæ...\n",8,"-","","","8","ja"]},"original":{"code":"ER_DUP_ENTRY","errno":1062,"sqlState":"23000","sqlMessage":"Duplicate entry '8' for key 'post_translation.PRIMARY'","sql":"UPDATE `post_translation` SET `name`=?,`description`=?,`id`=?,`slug`=?,`meta_keyword`=?,`meta_viewport`=? WHERE `post_id` = ? AND `locale` = ?","parameters":["„Ç±„Éº„Çπ„Çπ„Çø„Éá„Ç£: Ëº∏ÈÄÅ„ÅÆÊúÄÂ∞èÂåñ„Å´„Åä„Åë„Çã„Éá„Éº„ÇøÂàÜÊûê„ÅÆÂäõ„ÅÆÂÆüÁèæ...","„Ç±„Éº„Çπ„Çπ„Çø„Éá„Ç£: Ëº∏ÈÄÅ„ÅÆÊúÄÂ∞èÂåñ„Å´„Åä„Åë„Çã„Éá„Éº„ÇøÂàÜÊûê„ÅÆÂäõ„ÅÆÂÆüÁèæ...\n",8,"-","","","8","ja"]},"fields":{"PRIMARY":"8"},"sql":"UPDATE `post_translation` SET `name`=?,`description`=?,`id`=?,`slug`=?,`meta_keyword`=?,`meta_viewport`=? WHERE `post_id` = ? AND `locale` = ?"}
2023-04-29 13:53:16 error: Transaction cannot be committed because it has been finished with state: rollback
2023-04-29 13:54:31 error: {"name":"SequelizeUniqueConstraintError","errors":[{"message":"PRIMARY must be unique","type":"unique violation","path":"PRIMARY","value":"8","origin":"DB","instance":null,"validatorKey":"not_unique","validatorName":null,"validatorArgs":[]}],"parent":{"code":"ER_DUP_ENTRY","errno":1062,"sqlState":"23000","sqlMessage":"Duplicate entry '8' for key 'post_translation.PRIMARY'","sql":"UPDATE `post_translation` SET `name`=?,`id`=?,`slug`=?,`meta_keyword`=?,`meta_viewport`=? WHERE `post_id` = ? AND `locale` = ?","parameters":["„Ç±„Éº„Çπ„Çπ„Çø„Éá„Ç£: Ëº∏ÈÄÅ„ÅÆÊúÄÂ∞èÂåñ„Å´„Åä„Åë„Çã„Éá„Éº„ÇøÂàÜÊûê„ÅÆÂäõ„ÅÆÂÆüÁèæ...",8,"-","","","8","ja"]},"original":{"code":"ER_DUP_ENTRY","errno":1062,"sqlState":"23000","sqlMessage":"Duplicate entry '8' for key 'post_translation.PRIMARY'","sql":"UPDATE `post_translation` SET `name`=?,`id`=?,`slug`=?,`meta_keyword`=?,`meta_viewport`=? WHERE `post_id` = ? AND `locale` = ?","parameters":["„Ç±„Éº„Çπ„Çπ„Çø„Éá„Ç£: Ëº∏ÈÄÅ„ÅÆÊúÄÂ∞èÂåñ„Å´„Åä„Åë„Çã„Éá„Éº„ÇøÂàÜÊûê„ÅÆÂäõ„ÅÆÂÆüÁèæ...",8,"-","","","8","ja"]},"fields":{"PRIMARY":"8"},"sql":"UPDATE `post_translation` SET `name`=?,`id`=?,`slug`=?,`meta_keyword`=?,`meta_viewport`=? WHERE `post_id` = ? AND `locale` = ?"}
2023-04-29 13:54:31 error: Transaction cannot be committed because it has been finished with state: rollback
2023-04-29 13:56:02 error: {"name":"SequelizeUniqueConstraintError","errors":[{"message":"PRIMARY must be unique","type":"unique violation","path":"PRIMARY","value":"8","origin":"DB","instance":null,"validatorKey":"not_unique","validatorName":null,"validatorArgs":[]}],"parent":{"code":"ER_DUP_ENTRY","errno":1062,"sqlState":"23000","sqlMessage":"Duplicate entry '8' for key 'post_translation.PRIMARY'","sql":"UPDATE `post_translation` SET `name`=?,`id`=?,`slug`=?,`meta_keyword`=?,`meta_viewport`=? WHERE `post_id` = ? AND `locale` = ?","parameters":["„Ç±„Éº„Çπ„Çπ„Çø„Éá„Ç£: Ëº∏ÈÄÅ„ÅÆÊúÄÂ∞èÂåñ„Å´„Åä„Åë„Çã„Éá„Éº„ÇøÂàÜÊûê„ÅÆÂäõ„ÅÆÂÆüÁèæ...",8,"-","","","8","ja"]},"original":{"code":"ER_DUP_ENTRY","errno":1062,"sqlState":"23000","sqlMessage":"Duplicate entry '8' for key 'post_translation.PRIMARY'","sql":"UPDATE `post_translation` SET `name`=?,`id`=?,`slug`=?,`meta_keyword`=?,`meta_viewport`=? WHERE `post_id` = ? AND `locale` = ?","parameters":["„Ç±„Éº„Çπ„Çπ„Çø„Éá„Ç£: Ëº∏ÈÄÅ„ÅÆÊúÄÂ∞èÂåñ„Å´„Åä„Åë„Çã„Éá„Éº„ÇøÂàÜÊûê„ÅÆÂäõ„ÅÆÂÆüÁèæ...",8,"-","","","8","ja"]},"fields":{"PRIMARY":"8"},"sql":"UPDATE `post_translation` SET `name`=?,`id`=?,`slug`=?,`meta_keyword`=?,`meta_viewport`=? WHERE `post_id` = ? AND `locale` = ?"}
2023-04-29 13:56:02 error: Transaction cannot be committed because it has been finished with state: rollback
2023-04-29 13:56:28 error: {"name":"SequelizeUniqueConstraintError","errors":[{"message":"PRIMARY must be unique","type":"unique violation","path":"PRIMARY","value":"8","origin":"DB","instance":null,"validatorKey":"not_unique","validatorName":null,"validatorArgs":[]}],"parent":{"code":"ER_DUP_ENTRY","errno":1062,"sqlState":"23000","sqlMessage":"Duplicate entry '8' for key 'post_translation.PRIMARY'","sql":"UPDATE `post_translation` SET `name`=?,`id`=?,`slug`=?,`meta_keyword`=?,`meta_viewport`=? WHERE `post_id` = ? AND `locale` = ?","parameters":["ja",8,"ja","","","8","ja"]},"original":{"code":"ER_DUP_ENTRY","errno":1062,"sqlState":"23000","sqlMessage":"Duplicate entry '8' for key 'post_translation.PRIMARY'","sql":"UPDATE `post_translation` SET `name`=?,`id`=?,`slug`=?,`meta_keyword`=?,`meta_viewport`=? WHERE `post_id` = ? AND `locale` = ?","parameters":["ja",8,"ja","","","8","ja"]},"fields":{"PRIMARY":"8"},"sql":"UPDATE `post_translation` SET `name`=?,`id`=?,`slug`=?,`meta_keyword`=?,`meta_viewport`=? WHERE `post_id` = ? AND `locale` = ?"}
2023-04-29 13:56:28 error: Transaction cannot be committed because it has been finished with state: rollback
2023-04-29 13:56:48 error: {"name":"SequelizeUniqueConstraintError","errors":[{"message":"PRIMARY must be unique","type":"unique violation","path":"PRIMARY","value":"8","origin":"DB","instance":null,"validatorKey":"not_unique","validatorName":null,"validatorArgs":[]}],"parent":{"code":"ER_DUP_ENTRY","errno":1062,"sqlState":"23000","sqlMessage":"Duplicate entry '8' for key 'post_translation.PRIMARY'","sql":"UPDATE `post_translation` SET `name`=?,`id`=?,`slug`=?,`meta_keyword`=?,`meta_viewport`=? WHERE `post_id` = ? AND `locale` = ?","parameters":["T∆∞∆°ng lai E-commerce ",8,"tuong-lai-e-commerce","","","8","vi"]},"original":{"code":"ER_DUP_ENTRY","errno":1062,"sqlState":"23000","sqlMessage":"Duplicate entry '8' for key 'post_translation.PRIMARY'","sql":"UPDATE `post_translation` SET `name`=?,`id`=?,`slug`=?,`meta_keyword`=?,`meta_viewport`=? WHERE `post_id` = ? AND `locale` = ?","parameters":["T∆∞∆°ng lai E-commerce ",8,"tuong-lai-e-commerce","","","8","vi"]},"fields":{"PRIMARY":"8"},"sql":"UPDATE `post_translation` SET `name`=?,`id`=?,`slug`=?,`meta_keyword`=?,`meta_viewport`=? WHERE `post_id` = ? AND `locale` = ?"}
2023-04-29 13:56:48 error: Transaction cannot be committed because it has been finished with state: rollback
2023-04-29 13:56:50 error: {"name":"SequelizeUniqueConstraintError","errors":[{"message":"PRIMARY must be unique","type":"unique violation","path":"PRIMARY","value":"8","origin":"DB","instance":null,"validatorKey":"not_unique","validatorName":null,"validatorArgs":[]}],"parent":{"code":"ER_DUP_ENTRY","errno":1062,"sqlState":"23000","sqlMessage":"Duplicate entry '8' for key 'post_translation.PRIMARY'","sql":"UPDATE `post_translation` SET `name`=?,`id`=?,`slug`=?,`meta_keyword`=?,`meta_viewport`=? WHERE `post_id` = ? AND `locale` = ?","parameters":["T∆∞∆°ng lai E-commerce ",8,"tuong-lai-e-commerce","","","8","vi"]},"original":{"code":"ER_DUP_ENTRY","errno":1062,"sqlState":"23000","sqlMessage":"Duplicate entry '8' for key 'post_translation.PRIMARY'","sql":"UPDATE `post_translation` SET `name`=?,`id`=?,`slug`=?,`meta_keyword`=?,`meta_viewport`=? WHERE `post_id` = ? AND `locale` = ?","parameters":["T∆∞∆°ng lai E-commerce ",8,"tuong-lai-e-commerce","","","8","vi"]},"fields":{"PRIMARY":"8"},"sql":"UPDATE `post_translation` SET `name`=?,`id`=?,`slug`=?,`meta_keyword`=?,`meta_viewport`=? WHERE `post_id` = ? AND `locale` = ?"}
2023-04-29 13:56:50 error: Transaction cannot be committed because it has been finished with state: rollback
2023-04-29 14:00:40 error: uncaughtException: ‚®Ø Unable to compile TypeScript:
[96msrc/services/project.service.ts[0m:[93m213[0m:[93m37[0m - [91merror[0m[90m TS2552: [0mCannot find name 'project_id'. Did you mean 'ProjectDTO'?

[7m213[0m                                     project_id,
[7m   [0m [91m                                    ~~~~~~~~~~[0m
[96msrc/services/project.service.ts[0m:[93m214[0m:[93m45[0m - [91merror[0m[90m TS2304: [0mCannot find name 'lang'.

[7m214[0m                                     locale: lang
[7m   [0m [91m                                            ~~~~[0m

TSError: ‚®Ø Unable to compile TypeScript:
[96msrc/services/project.service.ts[0m:[93m213[0m:[93m37[0m - [91merror[0m[90m TS2552: [0mCannot find name 'project_id'. Did you mean 'ProjectDTO'?

[7m213[0m                                     project_id,
[7m   [0m [91m                                    ~~~~~~~~~~[0m
[96msrc/services/project.service.ts[0m:[93m214[0m:[93m45[0m - [91merror[0m[90m TS2304: [0mCannot find name 'lang'.

[7m214[0m                                     locale: lang
[7m   [0m [91m                                            ~~~~[0m

    at createTSError (/Users/toannguyen/Documents/Source/tn-uptech-backend/node_modules/ts-node/src/index.ts:859:12)
    at reportTSError (/Users/toannguyen/Documents/Source/tn-uptech-backend/node_modules/ts-node/src/index.ts:863:19)
    at getOutput (/Users/toannguyen/Documents/Source/tn-uptech-backend/node_modules/ts-node/src/index.ts:1077:36)
    at Object.compile (/Users/toannguyen/Documents/Source/tn-uptech-backend/node_modules/ts-node/src/index.ts:1433:41)
    at Module.m._compile (/Users/toannguyen/Documents/Source/tn-uptech-backend/node_modules/ts-node/src/index.ts:1617:30)
    at Module._extensions..js (node:internal/modules/cjs/loader:1245:10)
    at Object.require.extensions.<computed> [as .ts] (/Users/toannguyen/Documents/Source/tn-uptech-backend/node_modules/ts-node/src/index.ts:1621:12)
    at Module.load (node:internal/modules/cjs/loader:1069:32)
    at Function.Module._load (node:internal/modules/cjs/loader:904:12)
    at Module.require (node:internal/modules/cjs/loader:1093:19)
2023-04-29 14:05:03 error: {"name":"SequelizeUniqueConstraintError","errors":[{"message":"PRIMARY must be unique","type":"unique violation","path":"PRIMARY","value":"6","origin":"DB","instance":null,"validatorKey":"not_unique","validatorName":null,"validatorArgs":[]}],"parent":{"code":"ER_DUP_ENTRY","errno":1062,"sqlState":"23000","sqlMessage":"Duplicate entry '6' for key 'post_translation.PRIMARY'","sql":"UPDATE `post_translation` SET `description`=?,`content`=?,`id`=?,`meta_keyword`=?,`meta_viewport`=? WHERE `post_id` = ? AND `locale` = ?","parameters":["T∆∞∆°ng lai E-commerce cho c√°c m·∫∑t h√†ng s·∫£n xu·∫•t ti√™u d√πng","<p>T∆∞∆°ng lai E-commerce cho c&aacute;c m·∫∑t h&agrave;ng s·∫£n xu·∫•t ti&ecirc;u d&ugrave;ng</p>",6,"","","6","vi"]},"original":{"code":"ER_DUP_ENTRY","errno":1062,"sqlState":"23000","sqlMessage":"Duplicate entry '6' for key 'post_translation.PRIMARY'","sql":"UPDATE `post_translation` SET `description`=?,`content`=?,`id`=?,`meta_keyword`=?,`meta_viewport`=? WHERE `post_id` = ? AND `locale` = ?","parameters":["T∆∞∆°ng lai E-commerce cho c√°c m·∫∑t h√†ng s·∫£n xu·∫•t ti√™u d√πng","<p>T∆∞∆°ng lai E-commerce cho c&aacute;c m·∫∑t h&agrave;ng s·∫£n xu·∫•t ti&ecirc;u d&ugrave;ng</p>",6,"","","6","vi"]},"fields":{"PRIMARY":"6"},"sql":"UPDATE `post_translation` SET `description`=?,`content`=?,`id`=?,`meta_keyword`=?,`meta_viewport`=? WHERE `post_id` = ? AND `locale` = ?"}
2023-04-29 14:05:03 error: Transaction cannot be committed because it has been finished with state: rollback
2023-04-29 14:05:10 error: {"name":"SequelizeUniqueConstraintError","errors":[{"message":"PRIMARY must be unique","type":"unique violation","path":"PRIMARY","value":"6","origin":"DB","instance":null,"validatorKey":"not_unique","validatorName":null,"validatorArgs":[]}],"parent":{"code":"ER_DUP_ENTRY","errno":1062,"sqlState":"23000","sqlMessage":"Duplicate entry '6' for key 'post_translation.PRIMARY'","sql":"UPDATE `post_translation` SET `description`=?,`content`=?,`id`=?,`meta_keyword`=?,`meta_viewport`=? WHERE `post_id` = ? AND `locale` = ?","parameters":["T∆∞∆°ng lai E-commerce cho c√°c m·∫∑t h√†ng s·∫£n xu·∫•t ti√™u d√πng","<p>T∆∞∆°ng lai E-commerce cho c&aacute;c m·∫∑t h&agrave;ng s·∫£n xu·∫•t ti&ecirc;u d&ugrave;ng</p>",6,"","","6","vi"]},"original":{"code":"ER_DUP_ENTRY","errno":1062,"sqlState":"23000","sqlMessage":"Duplicate entry '6' for key 'post_translation.PRIMARY'","sql":"UPDATE `post_translation` SET `description`=?,`content`=?,`id`=?,`meta_keyword`=?,`meta_viewport`=? WHERE `post_id` = ? AND `locale` = ?","parameters":["T∆∞∆°ng lai E-commerce cho c√°c m·∫∑t h√†ng s·∫£n xu·∫•t ti√™u d√πng","<p>T∆∞∆°ng lai E-commerce cho c&aacute;c m·∫∑t h&agrave;ng s·∫£n xu·∫•t ti&ecirc;u d&ugrave;ng</p>",6,"","","6","vi"]},"fields":{"PRIMARY":"6"},"sql":"UPDATE `post_translation` SET `description`=?,`content`=?,`id`=?,`meta_keyword`=?,`meta_viewport`=? WHERE `post_id` = ? AND `locale` = ?"}
2023-04-29 14:05:10 error: Transaction cannot be committed because it has been finished with state: rollback
2023-04-29 14:06:13 error: Unknown column '1' in 'field list'
2023-04-29 14:06:39 error: Unknown column '1' in 'field list'
2023-04-29 14:09:46 error: {"name":"SequelizeUniqueConstraintError","errors":[{"message":"PRIMARY must be unique","type":"unique violation","path":"PRIMARY","value":"9","origin":"DB","instance":null,"validatorKey":"not_unique","validatorName":null,"validatorArgs":[]}],"parent":{"code":"ER_DUP_ENTRY","errno":1062,"sqlState":"23000","sqlMessage":"Duplicate entry '9' for key 'post_translation.PRIMARY'","sql":"UPDATE `post_translation` SET `name`=?,`id`=?,`slug`=?,`meta_keyword`=?,`meta_viewport`=? WHERE `post_id` = ? AND `locale` = ?","parameters":["T∆∞∆°ng lai E-commerce cho c√°c m·∫∑t h√†ng s·∫£n xu·∫•t ti√™u d√πng ja",9,"tuong-lai-e-commerce-cho-cac-mat-hang-san-xuat-tieu-dung-ja","","","9","ja"]},"original":{"code":"ER_DUP_ENTRY","errno":1062,"sqlState":"23000","sqlMessage":"Duplicate entry '9' for key 'post_translation.PRIMARY'","sql":"UPDATE `post_translation` SET `name`=?,`id`=?,`slug`=?,`meta_keyword`=?,`meta_viewport`=? WHERE `post_id` = ? AND `locale` = ?","parameters":["T∆∞∆°ng lai E-commerce cho c√°c m·∫∑t h√†ng s·∫£n xu·∫•t ti√™u d√πng ja",9,"tuong-lai-e-commerce-cho-cac-mat-hang-san-xuat-tieu-dung-ja","","","9","ja"]},"fields":{"PRIMARY":"9"},"sql":"UPDATE `post_translation` SET `name`=?,`id`=?,`slug`=?,`meta_keyword`=?,`meta_viewport`=? WHERE `post_id` = ? AND `locale` = ?"}
2023-04-29 14:09:46 error: Transaction cannot be committed because it has been finished with state: rollback
2023-04-29 14:09:59 error: {"name":"SequelizeUniqueConstraintError","errors":[{"message":"PRIMARY must be unique","type":"unique violation","path":"PRIMARY","value":"9","origin":"DB","instance":null,"validatorKey":"not_unique","validatorName":null,"validatorArgs":[]}],"parent":{"code":"ER_DUP_ENTRY","errno":1062,"sqlState":"23000","sqlMessage":"Duplicate entry '9' for key 'post_translation.PRIMARY'","sql":"UPDATE `post_translation` SET `name`=?,`id`=?,`slug`=?,`meta_keyword`=?,`meta_viewport`=? WHERE `post_id` = ? AND `locale` = ?","parameters":["ja",9,"ja","","","9","ja"]},"original":{"code":"ER_DUP_ENTRY","errno":1062,"sqlState":"23000","sqlMessage":"Duplicate entry '9' for key 'post_translation.PRIMARY'","sql":"UPDATE `post_translation` SET `name`=?,`id`=?,`slug`=?,`meta_keyword`=?,`meta_viewport`=? WHERE `post_id` = ? AND `locale` = ?","parameters":["ja",9,"ja","","","9","ja"]},"fields":{"PRIMARY":"9"},"sql":"UPDATE `post_translation` SET `name`=?,`id`=?,`slug`=?,`meta_keyword`=?,`meta_viewport`=? WHERE `post_id` = ? AND `locale` = ?"}
2023-04-29 14:09:59 error: Transaction cannot be committed because it has been finished with state: rollback
2023-04-29 14:10:29 error: {"name":"SequelizeUniqueConstraintError","errors":[{"message":"PRIMARY must be unique","type":"unique violation","path":"PRIMARY","value":"9","origin":"DB","instance":null,"validatorKey":"not_unique","validatorName":null,"validatorArgs":[]}],"parent":{"code":"ER_DUP_ENTRY","errno":1062,"sqlState":"23000","sqlMessage":"Duplicate entry '9' for key 'post_translation.PRIMARY'","sql":"UPDATE `post_translation` SET `name`=?,`id`=?,`slug`=?,`meta_keyword`=?,`meta_viewport`=? WHERE `post_id` = ? AND `locale` = ?","parameters":["T∆∞∆°ng lai E-commerce cho c√°c m·∫∑t h√†ng s·∫£n xu·∫•t ti√™u d√πng en",9,"tuong-lai-e-commerce-cho-cac-mat-hang-san-xuat-tieu-dung-en","","","9","en"]},"original":{"code":"ER_DUP_ENTRY","errno":1062,"sqlState":"23000","sqlMessage":"Duplicate entry '9' for key 'post_translation.PRIMARY'","sql":"UPDATE `post_translation` SET `name`=?,`id`=?,`slug`=?,`meta_keyword`=?,`meta_viewport`=? WHERE `post_id` = ? AND `locale` = ?","parameters":["T∆∞∆°ng lai E-commerce cho c√°c m·∫∑t h√†ng s·∫£n xu·∫•t ti√™u d√πng en",9,"tuong-lai-e-commerce-cho-cac-mat-hang-san-xuat-tieu-dung-en","","","9","en"]},"fields":{"PRIMARY":"9"},"sql":"UPDATE `post_translation` SET `name`=?,`id`=?,`slug`=?,`meta_keyword`=?,`meta_viewport`=? WHERE `post_id` = ? AND `locale` = ?"}
2023-04-29 14:10:29 error: Transaction cannot be committed because it has been finished with state: rollback
2023-04-29 14:12:17 error: {"name":"SequelizeUniqueConstraintError","errors":[{"message":"PRIMARY must be unique","type":"unique violation","path":"PRIMARY","value":"9","origin":"DB","instance":null,"validatorKey":"not_unique","validatorName":null,"validatorArgs":[]}],"parent":{"code":"ER_DUP_ENTRY","errno":1062,"sqlState":"23000","sqlMessage":"Duplicate entry '9' for key 'post_translation.PRIMARY'","sql":"UPDATE `post_translation` SET `name`=?,`id`=?,`slug`=?,`meta_keyword`=?,`meta_viewport`=? WHERE `post_id` = ? AND `locale` = ?","parameters":["T∆∞∆°ng lai E-commerce cho c√°c m·∫∑t h√†ng s·∫£n xu·∫•t ti√™u d√πng en",9,"tuong-lai-e-commerce-cho-cac-mat-hang-san-xuat-tieu-dung-en","","","9","en"]},"original":{"code":"ER_DUP_ENTRY","errno":1062,"sqlState":"23000","sqlMessage":"Duplicate entry '9' for key 'post_translation.PRIMARY'","sql":"UPDATE `post_translation` SET `name`=?,`id`=?,`slug`=?,`meta_keyword`=?,`meta_viewport`=? WHERE `post_id` = ? AND `locale` = ?","parameters":["T∆∞∆°ng lai E-commerce cho c√°c m·∫∑t h√†ng s·∫£n xu·∫•t ti√™u d√πng en",9,"tuong-lai-e-commerce-cho-cac-mat-hang-san-xuat-tieu-dung-en","","","9","en"]},"fields":{"PRIMARY":"9"},"sql":"UPDATE `post_translation` SET `name`=?,`id`=?,`slug`=?,`meta_keyword`=?,`meta_viewport`=? WHERE `post_id` = ? AND `locale` = ?"}
2023-04-29 14:12:17 error: Transaction cannot be rolled back because it has been finished with state: rollback
2023-04-29 14:16:25 error: Unknown column '1' in 'field list'
2023-04-29 14:16:32 error: Unknown column '1' in 'field list'
2023-04-29 14:18:52 error: uncaughtException: ‚®Ø Unable to compile TypeScript:
[96msrc/services/job.service.ts[0m:[93m253[0m:[93m19[0m - [91merror[0m[90m TS2304: [0mCannot find name 't'.

[7m253[0m             await t.rollback();
[7m   [0m [91m                  ~[0m

TSError: ‚®Ø Unable to compile TypeScript:
[96msrc/services/job.service.ts[0m:[93m253[0m:[93m19[0m - [91merror[0m[90m TS2304: [0mCannot find name 't'.

[7m253[0m             await t.rollback();
[7m   [0m [91m                  ~[0m

    at createTSError (/Users/toannguyen/Documents/Source/tn-uptech-backend/node_modules/ts-node/src/index.ts:859:12)
    at reportTSError (/Users/toannguyen/Documents/Source/tn-uptech-backend/node_modules/ts-node/src/index.ts:863:19)
    at getOutput (/Users/toannguyen/Documents/Source/tn-uptech-backend/node_modules/ts-node/src/index.ts:1077:36)
    at Object.compile (/Users/toannguyen/Documents/Source/tn-uptech-backend/node_modules/ts-node/src/index.ts:1433:41)
    at Module.m._compile (/Users/toannguyen/Documents/Source/tn-uptech-backend/node_modules/ts-node/src/index.ts:1617:30)
    at Module._extensions..js (node:internal/modules/cjs/loader:1245:10)
    at Object.require.extensions.<computed> [as .ts] (/Users/toannguyen/Documents/Source/tn-uptech-backend/node_modules/ts-node/src/index.ts:1621:12)
    at Module.load (node:internal/modules/cjs/loader:1069:32)
    at Function.Module._load (node:internal/modules/cjs/loader:904:12)
    at Module.require (node:internal/modules/cjs/loader:1093:19)
2023-04-29 14:19:05 error: uncaughtException: ‚®Ø Unable to compile TypeScript:
[96msrc/services/job.service.ts[0m:[93m235[0m:[93m30[0m - [91merror[0m[90m TS18004: [0mNo value exists in scope for the shorthand property 'job_id'. Either declare one or provide an initializer.

[7m235[0m                     where: { job_id, locale: lang },
[7m   [0m [91m                             ~~~~~~[0m
[96msrc/services/job.service.ts[0m:[93m235[0m:[93m46[0m - [91merror[0m[90m TS2304: [0mCannot find name 'lang'.

[7m235[0m                     where: { job_id, locale: lang },
[7m   [0m [91m                                             ~~~~[0m

TSError: ‚®Ø Unable to compile TypeScript:
[96msrc/services/job.service.ts[0m:[93m235[0m:[93m30[0m - [91merror[0m[90m TS18004: [0mNo value exists in scope for the shorthand property 'job_id'. Either declare one or provide an initializer.

[7m235[0m                     where: { job_id, locale: lang },
[7m   [0m [91m                             ~~~~~~[0m
[96msrc/services/job.service.ts[0m:[93m235[0m:[93m46[0m - [91merror[0m[90m TS2304: [0mCannot find name 'lang'.

[7m235[0m                     where: { job_id, locale: lang },
[7m   [0m [91m                                             ~~~~[0m

    at createTSError (/Users/toannguyen/Documents/Source/tn-uptech-backend/node_modules/ts-node/src/index.ts:859:12)
    at reportTSError (/Users/toannguyen/Documents/Source/tn-uptech-backend/node_modules/ts-node/src/index.ts:863:19)
    at getOutput (/Users/toannguyen/Documents/Source/tn-uptech-backend/node_modules/ts-node/src/index.ts:1077:36)
    at Object.compile (/Users/toannguyen/Documents/Source/tn-uptech-backend/node_modules/ts-node/src/index.ts:1433:41)
    at Module.m._compile (/Users/toannguyen/Documents/Source/tn-uptech-backend/node_modules/ts-node/src/index.ts:1617:30)
    at Module._extensions..js (node:internal/modules/cjs/loader:1245:10)
    at Object.require.extensions.<computed> [as .ts] (/Users/toannguyen/Documents/Source/tn-uptech-backend/node_modules/ts-node/src/index.ts:1621:12)
    at Module.load (node:internal/modules/cjs/loader:1069:32)
    at Function.Module._load (node:internal/modules/cjs/loader:904:12)
    at Module.require (node:internal/modules/cjs/loader:1093:19)
2023-04-29 14:20:05 error: uncaughtException: ‚®Ø Unable to compile TypeScript:
[96msrc/services/job.service.ts[0m:[93m136[0m:[93m25[0m - [91merror[0m[90m TS2304: [0mCannot find name 'project'.

[7m136[0m                     if (project) {
[7m   [0m [91m                        ~~~~~~~[0m
[96msrc/services/job.service.ts[0m:[93m139[0m:[93m48[0m - [91merror[0m[90m TS2304: [0mCannot find name 'Helper'.

[7m139[0m                             for (const lang of Helper.langs) {
[7m   [0m [91m                                               ~~~~~~[0m
[96msrc/services/job.service.ts[0m:[93m142[0m:[93m49[0m - [91merror[0m[90m TS2304: [0mCannot find name 'project'.

[7m142[0m                                     project_id: project.id,
[7m   [0m [91m                                                ~~~~~~~[0m

TSError: ‚®Ø Unable to compile TypeScript:
[96msrc/services/job.service.ts[0m:[93m136[0m:[93m25[0m - [91merror[0m[90m TS2304: [0mCannot find name 'project'.

[7m136[0m                     if (project) {
[7m   [0m [91m                        ~~~~~~~[0m
[96msrc/services/job.service.ts[0m:[93m139[0m:[93m48[0m - [91merror[0m[90m TS2304: [0mCannot find name 'Helper'.

[7m139[0m                             for (const lang of Helper.langs) {
[7m   [0m [91m                                               ~~~~~~[0m
[96msrc/services/job.service.ts[0m:[93m142[0m:[93m49[0m - [91merror[0m[90m TS2304: [0mCannot find name 'project'.

[7m142[0m                                     project_id: project.id,
[7m   [0m [91m                                                ~~~~~~~[0m

    at createTSError (/Users/toannguyen/Documents/Source/tn-uptech-backend/node_modules/ts-node/src/index.ts:859:12)
    at reportTSError (/Users/toannguyen/Documents/Source/tn-uptech-backend/node_modules/ts-node/src/index.ts:863:19)
    at getOutput (/Users/toannguyen/Documents/Source/tn-uptech-backend/node_modules/ts-node/src/index.ts:1077:36)
    at Object.compile (/Users/toannguyen/Documents/Source/tn-uptech-backend/node_modules/ts-node/src/index.ts:1433:41)
    at Module.m._compile (/Users/toannguyen/Documents/Source/tn-uptech-backend/node_modules/ts-node/src/index.ts:1617:30)
    at Module._extensions..js (node:internal/modules/cjs/loader:1245:10)
    at Object.require.extensions.<computed> [as .ts] (/Users/toannguyen/Documents/Source/tn-uptech-backend/node_modules/ts-node/src/index.ts:1621:12)
    at Module.load (node:internal/modules/cjs/loader:1069:32)
    at Function.Module._load (node:internal/modules/cjs/loader:904:12)
    at Module.require (node:internal/modules/cjs/loader:1093:19)
2023-04-29 14:20:25 error: uncaughtException: ‚®Ø Unable to compile TypeScript:
[96msrc/services/job.service.ts[0m:[93m143[0m:[93m45[0m - [91merror[0m[90m TS2304: [0mCannot find name 'jobId'.

[7m143[0m                                     job_id: jobId,
[7m   [0m [91m                                            ~~~~~[0m

TSError: ‚®Ø Unable to compile TypeScript:
[96msrc/services/job.service.ts[0m:[93m143[0m:[93m45[0m - [91merror[0m[90m TS2304: [0mCannot find name 'jobId'.

[7m143[0m                                     job_id: jobId,
[7m   [0m [91m                                            ~~~~~[0m

    at createTSError (/Users/toannguyen/Documents/Source/tn-uptech-backend/node_modules/ts-node/src/index.ts:859:12)
    at reportTSError (/Users/toannguyen/Documents/Source/tn-uptech-backend/node_modules/ts-node/src/index.ts:863:19)
    at getOutput (/Users/toannguyen/Documents/Source/tn-uptech-backend/node_modules/ts-node/src/index.ts:1077:36)
    at Object.compile (/Users/toannguyen/Documents/Source/tn-uptech-backend/node_modules/ts-node/src/index.ts:1433:41)
    at Module.m._compile (/Users/toannguyen/Documents/Source/tn-uptech-backend/node_modules/ts-node/src/index.ts:1617:30)
    at Module._extensions..js (node:internal/modules/cjs/loader:1245:10)
    at Object.require.extensions.<computed> [as .ts] (/Users/toannguyen/Documents/Source/tn-uptech-backend/node_modules/ts-node/src/index.ts:1621:12)
    at Module.load (node:internal/modules/cjs/loader:1069:32)
    at Function.Module._load (node:internal/modules/cjs/loader:904:12)
    at Module.require (node:internal/modules/cjs/loader:1093:19)
2023-04-29 14:21:58 error: Unknown column '1' in 'field list'
2023-04-29 14:22:01 error: Unknown column '1' in 'field list'
2023-04-29 14:24:21 error: uncaughtException: ‚®Ø Unable to compile TypeScript:
[96msrc/services/ceo.service.ts[0m:[93m194[0m:[93m28[0m - [91merror[0m[90m TS2339: [0mProperty 'handleUpdate' does not exist on type 'CeoService'.

[7m194[0m                 await this.handleUpdate({ ceo_id: id, lang: global.lang, body });
[7m   [0m [91m                           ~~~~~~~~~~~~[0m
[96msrc/services/ceo.service.ts[0m:[93m199[0m:[93m35[0m - [91merror[0m[90m TS18004: [0mNo value exists in scope for the shorthand property 'ceo_id'. Either declare one or provide an initializer.

[7m199[0m                     }, { where: { ceo_id, locale: lang } });
[7m   [0m [91m                                  ~~~~~~[0m
[96msrc/services/ceo.service.ts[0m:[93m199[0m:[93m51[0m - [91merror[0m[90m TS2304: [0mCannot find name 'lang'.

[7m199[0m                     }, { where: { ceo_id, locale: lang } });
[7m   [0m [91m                                                  ~~~~[0m

TSError: ‚®Ø Unable to compile TypeScript:
[96msrc/services/ceo.service.ts[0m:[93m194[0m:[93m28[0m - [91merror[0m[90m TS2339: [0mProperty 'handleUpdate' does not exist on type 'CeoService'.

[7m194[0m                 await this.handleUpdate({ ceo_id: id, lang: global.lang, body });
[7m   [0m [91m                           ~~~~~~~~~~~~[0m
[96msrc/services/ceo.service.ts[0m:[93m199[0m:[93m35[0m - [91merror[0m[90m TS18004: [0mNo value exists in scope for the shorthand property 'ceo_id'. Either declare one or provide an initializer.

[7m199[0m                     }, { where: { ceo_id, locale: lang } });
[7m   [0m [91m                                  ~~~~~~[0m
[96msrc/services/ceo.service.ts[0m:[93m199[0m:[93m51[0m - [91merror[0m[90m TS2304: [0mCannot find name 'lang'.

[7m199[0m                     }, { where: { ceo_id, locale: lang } });
[7m   [0m [91m                                                  ~~~~[0m

    at createTSError (/Users/toannguyen/Documents/Source/tn-uptech-backend/node_modules/ts-node/src/index.ts:859:12)
    at reportTSError (/Users/toannguyen/Documents/Source/tn-uptech-backend/node_modules/ts-node/src/index.ts:863:19)
    at getOutput (/Users/toannguyen/Documents/Source/tn-uptech-backend/node_modules/ts-node/src/index.ts:1077:36)
    at Object.compile (/Users/toannguyen/Documents/Source/tn-uptech-backend/node_modules/ts-node/src/index.ts:1433:41)
    at Module.m._compile (/Users/toannguyen/Documents/Source/tn-uptech-backend/node_modules/ts-node/src/index.ts:1617:30)
    at Module._extensions..js (node:internal/modules/cjs/loader:1245:10)
    at Object.require.extensions.<computed> [as .ts] (/Users/toannguyen/Documents/Source/tn-uptech-backend/node_modules/ts-node/src/index.ts:1621:12)
    at Module.load (node:internal/modules/cjs/loader:1069:32)
    at Function.Module._load (node:internal/modules/cjs/loader:904:12)
    at Module.require (node:internal/modules/cjs/loader:1093:19)
2023-04-29 14:24:58 error: uncaughtException: ‚®Ø Unable to compile TypeScript:
[96msrc/services/ceo.service.ts[0m:[93m202[0m:[93m27[0m - [91merror[0m[90m TS2304: [0mCannot find name 't'.

[7m202[0m                     await t.rollback();
[7m   [0m [91m                          ~[0m

TSError: ‚®Ø Unable to compile TypeScript:
[96msrc/services/ceo.service.ts[0m:[93m202[0m:[93m27[0m - [91merror[0m[90m TS2304: [0mCannot find name 't'.

[7m202[0m                     await t.rollback();
[7m   [0m [91m                          ~[0m

    at createTSError (/Users/toannguyen/Documents/Source/tn-uptech-backend/node_modules/ts-node/src/index.ts:859:12)
    at reportTSError (/Users/toannguyen/Documents/Source/tn-uptech-backend/node_modules/ts-node/src/index.ts:863:19)
    at getOutput (/Users/toannguyen/Documents/Source/tn-uptech-backend/node_modules/ts-node/src/index.ts:1077:36)
    at Object.compile (/Users/toannguyen/Documents/Source/tn-uptech-backend/node_modules/ts-node/src/index.ts:1433:41)
    at Module.m._compile (/Users/toannguyen/Documents/Source/tn-uptech-backend/node_modules/ts-node/src/index.ts:1617:30)
    at Module._extensions..js (node:internal/modules/cjs/loader:1245:10)
    at Object.require.extensions.<computed> [as .ts] (/Users/toannguyen/Documents/Source/tn-uptech-backend/node_modules/ts-node/src/index.ts:1621:12)
    at Module.load (node:internal/modules/cjs/loader:1069:32)
    at Function.Module._load (node:internal/modules/cjs/loader:904:12)
    at Module.require (node:internal/modules/cjs/loader:1093:19)
2023-04-29 14:25:06 error: uncaughtException: ‚®Ø Unable to compile TypeScript:
[96msrc/services/ceo.service.ts[0m:[93m202[0m:[93m27[0m - [91merror[0m[90m TS2304: [0mCannot find name 't'.

[7m202[0m                     await t.rollback();
[7m   [0m [91m                          ~[0m
[96msrc/services/ceo.service.ts[0m:[93m205[0m:[93m23[0m - [91merror[0m[90m TS2304: [0mCannot find name 't'.

[7m205[0m                 await t.commit();
[7m   [0m [91m                      ~[0m

TSError: ‚®Ø Unable to compile TypeScript:
[96msrc/services/ceo.service.ts[0m:[93m202[0m:[93m27[0m - [91merror[0m[90m TS2304: [0mCannot find name 't'.

[7m202[0m                     await t.rollback();
[7m   [0m [91m                          ~[0m
[96msrc/services/ceo.service.ts[0m:[93m205[0m:[93m23[0m - [91merror[0m[90m TS2304: [0mCannot find name 't'.

[7m205[0m                 await t.commit();
[7m   [0m [91m                      ~[0m

    at createTSError (/Users/toannguyen/Documents/Source/tn-uptech-backend/node_modules/ts-node/src/index.ts:859:12)
    at reportTSError (/Users/toannguyen/Documents/Source/tn-uptech-backend/node_modules/ts-node/src/index.ts:863:19)
    at getOutput (/Users/toannguyen/Documents/Source/tn-uptech-backend/node_modules/ts-node/src/index.ts:1077:36)
    at Object.compile (/Users/toannguyen/Documents/Source/tn-uptech-backend/node_modules/ts-node/src/index.ts:1433:41)
    at Module.m._compile (/Users/toannguyen/Documents/Source/tn-uptech-backend/node_modules/ts-node/src/index.ts:1617:30)
    at Module._extensions..js (node:internal/modules/cjs/loader:1245:10)
    at Object.require.extensions.<computed> [as .ts] (/Users/toannguyen/Documents/Source/tn-uptech-backend/node_modules/ts-node/src/index.ts:1621:12)
    at Module.load (node:internal/modules/cjs/loader:1069:32)
    at Function.Module._load (node:internal/modules/cjs/loader:904:12)
    at Module.require (node:internal/modules/cjs/loader:1093:19)
2023-04-29 14:26:26 error: Unknown column '1' in 'field list'
2023-04-29 14:29:39 error: Unknown column '1' in 'field list'
2023-04-29 14:36:14 error: uncaughtException: ‚®Ø Unable to compile TypeScript:
[96msrc/modules/controllers/categories.controller.ts[0m:[93m65[0m:[93m41[0m - [91merror[0m[90m TS2339: [0mProperty 'deleteById' does not exist on type 'CategoryService'.

[7m65[0m             const data = await category.deleteById(req.params.id);
[7m  [0m [91m                                        ~~~~~~~~~~[0m
[96msrc/modules/controllers/categories.controller.ts[0m:[93m76[0m:[93m41[0m - [91merror[0m[90m TS2339: [0mProperty 'deleteMultipleIds' does not exist on type 'CategoryService'.

[7m76[0m             const data = await category.deleteMultipleIds(ids);
[7m  [0m [91m                                        ~~~~~~~~~~~~~~~~~[0m

TSError: ‚®Ø Unable to compile TypeScript:
[96msrc/modules/controllers/categories.controller.ts[0m:[93m65[0m:[93m41[0m - [91merror[0m[90m TS2339: [0mProperty 'deleteById' does not exist on type 'CategoryService'.

[7m65[0m             const data = await category.deleteById(req.params.id);
[7m  [0m [91m                                        ~~~~~~~~~~[0m
[96msrc/modules/controllers/categories.controller.ts[0m:[93m76[0m:[93m41[0m - [91merror[0m[90m TS2339: [0mProperty 'deleteMultipleIds' does not exist on type 'CategoryService'.

[7m76[0m             const data = await category.deleteMultipleIds(ids);
[7m  [0m [91m                                        ~~~~~~~~~~~~~~~~~[0m

    at createTSError (/Users/toannguyen/Documents/Source/tn-uptech-backend/node_modules/ts-node/src/index.ts:859:12)
    at reportTSError (/Users/toannguyen/Documents/Source/tn-uptech-backend/node_modules/ts-node/src/index.ts:863:19)
    at getOutput (/Users/toannguyen/Documents/Source/tn-uptech-backend/node_modules/ts-node/src/index.ts:1077:36)
    at Object.compile (/Users/toannguyen/Documents/Source/tn-uptech-backend/node_modules/ts-node/src/index.ts:1433:41)
    at Module.m._compile (/Users/toannguyen/Documents/Source/tn-uptech-backend/node_modules/ts-node/src/index.ts:1617:30)
    at Module._extensions..js (node:internal/modules/cjs/loader:1245:10)
    at Object.require.extensions.<computed> [as .ts] (/Users/toannguyen/Documents/Source/tn-uptech-backend/node_modules/ts-node/src/index.ts:1621:12)
    at Module.load (node:internal/modules/cjs/loader:1069:32)
    at Function.Module._load (node:internal/modules/cjs/loader:904:12)
    at Module.require (node:internal/modules/cjs/loader:1093:19)
2023-04-29 14:38:37 error: uncaughtException: ‚®Ø Unable to compile TypeScript:
[96msrc/services/service.service.ts[0m:[93m265[0m:[93m28[0m - [91merror[0m[90m TS2339: [0mProperty 'handleUpdate' does not exist on type 'ServiceService'.

[7m265[0m                 await this.handleUpdate({ service_id: id, lang: global.lang, body });
[7m   [0m [91m                           ~~~~~~~~~~~~[0m
[96msrc/services/service.service.ts[0m:[93m280[0m:[93m36[0m - [91merror[0m[90m TS2552: [0mCannot find name 'service_id'. Did you mean 'ServiceDTO'?

[7m280[0m                         { where: { service_id, locale: lang }, individualHooks: true });
[7m   [0m [91m                                   ~~~~~~~~~~[0m
[96msrc/services/service.service.ts[0m:[93m280[0m:[93m56[0m - [91merror[0m[90m TS2304: [0mCannot find name 'lang'.

[7m280[0m                         { where: { service_id, locale: lang }, individualHooks: true });
[7m   [0m [91m                                                       ~~~~[0m

TSError: ‚®Ø Unable to compile TypeScript:
[96msrc/services/service.service.ts[0m:[93m265[0m:[93m28[0m - [91merror[0m[90m TS2339: [0mProperty 'handleUpdate' does not exist on type 'ServiceService'.

[7m265[0m                 await this.handleUpdate({ service_id: id, lang: global.lang, body });
[7m   [0m [91m                           ~~~~~~~~~~~~[0m
[96msrc/services/service.service.ts[0m:[93m280[0m:[93m36[0m - [91merror[0m[90m TS2552: [0mCannot find name 'service_id'. Did you mean 'ServiceDTO'?

[7m280[0m                         { where: { service_id, locale: lang }, individualHooks: true });
[7m   [0m [91m                                   ~~~~~~~~~~[0m
[96msrc/services/service.service.ts[0m:[93m280[0m:[93m56[0m - [91merror[0m[90m TS2304: [0mCannot find name 'lang'.

[7m280[0m                         { where: { service_id, locale: lang }, individualHooks: true });
[7m   [0m [91m                                                       ~~~~[0m

    at createTSError (/Users/toannguyen/Documents/Source/tn-uptech-backend/node_modules/ts-node/src/index.ts:859:12)
    at reportTSError (/Users/toannguyen/Documents/Source/tn-uptech-backend/node_modules/ts-node/src/index.ts:863:19)
    at getOutput (/Users/toannguyen/Documents/Source/tn-uptech-backend/node_modules/ts-node/src/index.ts:1077:36)
    at Object.compile (/Users/toannguyen/Documents/Source/tn-uptech-backend/node_modules/ts-node/src/index.ts:1433:41)
    at Module.m._compile (/Users/toannguyen/Documents/Source/tn-uptech-backend/node_modules/ts-node/src/index.ts:1617:30)
    at Module._extensions..js (node:internal/modules/cjs/loader:1245:10)
    at Object.require.extensions.<computed> [as .ts] (/Users/toannguyen/Documents/Source/tn-uptech-backend/node_modules/ts-node/src/index.ts:1621:12)
    at Module.load (node:internal/modules/cjs/loader:1069:32)
    at Function.Module._load (node:internal/modules/cjs/loader:904:12)
    at Module.require (node:internal/modules/cjs/loader:1093:19)
