2023-03-25 00:11:04 error: uncaughtException: тип Unable to compile TypeScript:
[96msrc/modules/controllers/banner.controller.ts[0m:[93m2[0m:[93m20[0m - [91merror[0m[90m TS2307: [0mCannot find module '../models/banner.model' or its corresponding type declarations.

[7m2[0m import Banner from "../models/banner.model";
[7m [0m [91m                   ~~~~~~~~~~~~~~~~~~~~~~~~[0m

TSError: тип Unable to compile TypeScript:
[96msrc/modules/controllers/banner.controller.ts[0m:[93m2[0m:[93m20[0m - [91merror[0m[90m TS2307: [0mCannot find module '../models/banner.model' or its corresponding type declarations.

[7m2[0m import Banner from "../models/banner.model";
[7m [0m [91m                   ~~~~~~~~~~~~~~~~~~~~~~~~[0m

    at createTSError (/Users/toannguyen/Documents/Source/tn-uptech-backend/node_modules/ts-node/src/index.ts:859:12)
    at reportTSError (/Users/toannguyen/Documents/Source/tn-uptech-backend/node_modules/ts-node/src/index.ts:863:19)
    at getOutput (/Users/toannguyen/Documents/Source/tn-uptech-backend/node_modules/ts-node/src/index.ts:1077:36)
    at Object.compile (/Users/toannguyen/Documents/Source/tn-uptech-backend/node_modules/ts-node/src/index.ts:1433:41)
    at Module.m._compile (/Users/toannguyen/Documents/Source/tn-uptech-backend/node_modules/ts-node/src/index.ts:1617:30)
    at Module._extensions..js (node:internal/modules/cjs/loader:1245:10)
    at Object.require.extensions.<computed> [as .ts] (/Users/toannguyen/Documents/Source/tn-uptech-backend/node_modules/ts-node/src/index.ts:1621:12)
    at Module.load (node:internal/modules/cjs/loader:1069:32)
    at Function.Module._load (node:internal/modules/cjs/loader:904:12)
    at Module.require (node:internal/modules/cjs/loader:1093:19)
