2023-04-02 00:05:35 error: uncaughtException: Service with "MaybeConstructable<FolderService>" identifier was not found in the container. Register it before usage via explicitly calling the "Container.set" function or using the "@Service()" decorator.
ServiceNotFoundError: Service with "MaybeConstructable<FolderService>" identifier was not found in the container. Register it before usage via explicitly calling the "Container.set" function or using the "@Service()" decorator.
    at ContainerInstance.get (/Users/toannguyen/Documents/Source/tn-uptech-backend/node_modules/src/container-instance.class.ts:75:11)
    at Function.get (/Users/toannguyen/Documents/Source/tn-uptech-backend/node_modules/src/container.class.ts:61:32)
    at new FolderController (/Users/toannguyen/Documents/Source/tn-uptech-backend/src/modules/controllers/folder.controller.ts:10:29)
    at new FolderRoute (/Users/toannguyen/Documents/Source/tn-uptech-backend/src/route/folder.route.ts:7:21)
    at Object.<anonymous> (/Users/toannguyen/Documents/Source/tn-uptech-backend/src/server.ts:9:5)
    at Module._compile (node:internal/modules/cjs/loader:1191:14)
    at Module.m._compile (/Users/toannguyen/Documents/Source/tn-uptech-backend/node_modules/ts-node/src/index.ts:1618:23)
    at Module._extensions..js (node:internal/modules/cjs/loader:1245:10)
    at Object.require.extensions.<computed> [as .ts] (/Users/toannguyen/Documents/Source/tn-uptech-backend/node_modules/ts-node/src/index.ts:1621:12)
    at Module.load (node:internal/modules/cjs/loader:1069:32)
2023-04-02 00:06:33 error: uncaughtException: Service with "MaybeConstructable<FolderService>" identifier was not found in the container. Register it before usage via explicitly calling the "Container.set" function or using the "@Service()" decorator.
ServiceNotFoundError: Service with "MaybeConstructable<FolderService>" identifier was not found in the container. Register it before usage via explicitly calling the "Container.set" function or using the "@Service()" decorator.
    at ContainerInstance.get (/Users/toannguyen/Documents/Source/tn-uptech-backend/node_modules/src/container-instance.class.ts:75:11)
    at Function.get (/Users/toannguyen/Documents/Source/tn-uptech-backend/node_modules/src/container.class.ts:61:32)
    at new FolderController (/Users/toannguyen/Documents/Source/tn-uptech-backend/src/modules/controllers/folder.controller.ts:10:29)
    at new FolderRoute (/Users/toannguyen/Documents/Source/tn-uptech-backend/src/route/folder.route.ts:7:21)
    at Object.<anonymous> (/Users/toannguyen/Documents/Source/tn-uptech-backend/src/server.ts:9:5)
    at Module._compile (node:internal/modules/cjs/loader:1191:14)
    at Module.m._compile (/Users/toannguyen/Documents/Source/tn-uptech-backend/node_modules/ts-node/src/index.ts:1618:23)
    at Module._extensions..js (node:internal/modules/cjs/loader:1245:10)
    at Object.require.extensions.<computed> [as .ts] (/Users/toannguyen/Documents/Source/tn-uptech-backend/node_modules/ts-node/src/index.ts:1621:12)
    at Module.load (node:internal/modules/cjs/loader:1069:32)
2023-04-02 00:07:18 error: uncaughtException: Service with "MaybeConstructable<FolderService>" identifier was not found in the container. Register it before usage via explicitly calling the "Container.set" function or using the "@Service()" decorator.
ServiceNotFoundError: Service with "MaybeConstructable<FolderService>" identifier was not found in the container. Register it before usage via explicitly calling the "Container.set" function or using the "@Service()" decorator.
    at ContainerInstance.get (/Users/toannguyen/Documents/Source/tn-uptech-backend/node_modules/src/container-instance.class.ts:75:11)
    at Function.get (/Users/toannguyen/Documents/Source/tn-uptech-backend/node_modules/src/container.class.ts:61:32)
    at new FolderController (/Users/toannguyen/Documents/Source/tn-uptech-backend/src/modules/controllers/folder.controller.ts:10:29)
    at new FolderRoute (/Users/toannguyen/Documents/Source/tn-uptech-backend/src/route/folder.route.ts:7:21)
    at Object.<anonymous> (/Users/toannguyen/Documents/Source/tn-uptech-backend/src/server.ts:9:5)
    at Module._compile (node:internal/modules/cjs/loader:1191:14)
    at Module.m._compile (/Users/toannguyen/Documents/Source/tn-uptech-backend/node_modules/ts-node/src/index.ts:1618:23)
    at Module._extensions..js (node:internal/modules/cjs/loader:1245:10)
    at Object.require.extensions.<computed> [as .ts] (/Users/toannguyen/Documents/Source/tn-uptech-backend/node_modules/ts-node/src/index.ts:1621:12)
    at Module.load (node:internal/modules/cjs/loader:1069:32)
2023-04-02 00:08:44 error: uncaughtException: Service with "MaybeConstructable<FolderService>" identifier was not found in the container. Register it before usage via explicitly calling the "Container.set" function or using the "@Service()" decorator.
ServiceNotFoundError: Service with "MaybeConstructable<FolderService>" identifier was not found in the container. Register it before usage via explicitly calling the "Container.set" function or using the "@Service()" decorator.
    at ContainerInstance.get (/Users/toannguyen/Documents/Source/tn-uptech-backend/node_modules/src/container-instance.class.ts:75:11)
    at Function.get (/Users/toannguyen/Documents/Source/tn-uptech-backend/node_modules/src/container.class.ts:61:32)
    at new FolderController (/Users/toannguyen/Documents/Source/tn-uptech-backend/src/modules/controllers/folder.controller.ts:10:29)
    at new FolderRoute (/Users/toannguyen/Documents/Source/tn-uptech-backend/src/route/folder.route.ts:7:21)
    at Object.<anonymous> (/Users/toannguyen/Documents/Source/tn-uptech-backend/src/server.ts:9:5)
    at Module._compile (node:internal/modules/cjs/loader:1191:14)
    at Module.m._compile (/Users/toannguyen/Documents/Source/tn-uptech-backend/node_modules/ts-node/src/index.ts:1618:23)
    at Module._extensions..js (node:internal/modules/cjs/loader:1245:10)
    at Object.require.extensions.<computed> [as .ts] (/Users/toannguyen/Documents/Source/tn-uptech-backend/node_modules/ts-node/src/index.ts:1621:12)
    at Module.load (node:internal/modules/cjs/loader:1069:32)
2023-04-02 00:08:52 error: uncaughtException: Service with "MaybeConstructable<FolderService>" identifier was not found in the container. Register it before usage via explicitly calling the "Container.set" function or using the "@Service()" decorator.
ServiceNotFoundError: Service with "MaybeConstructable<FolderService>" identifier was not found in the container. Register it before usage via explicitly calling the "Container.set" function or using the "@Service()" decorator.
    at ContainerInstance.get (/Users/toannguyen/Documents/Source/tn-uptech-backend/node_modules/src/container-instance.class.ts:75:11)
    at Function.get (/Users/toannguyen/Documents/Source/tn-uptech-backend/node_modules/src/container.class.ts:61:32)
    at new FolderController (/Users/toannguyen/Documents/Source/tn-uptech-backend/src/modules/controllers/folder.controller.ts:10:29)
    at new FolderRoute (/Users/toannguyen/Documents/Source/tn-uptech-backend/src/route/folder.route.ts:7:21)
    at Object.<anonymous> (/Users/toannguyen/Documents/Source/tn-uptech-backend/src/server.ts:9:5)
    at Module._compile (node:internal/modules/cjs/loader:1191:14)
    at Module.m._compile (/Users/toannguyen/Documents/Source/tn-uptech-backend/node_modules/ts-node/src/index.ts:1618:23)
    at Module._extensions..js (node:internal/modules/cjs/loader:1245:10)
    at Object.require.extensions.<computed> [as .ts] (/Users/toannguyen/Documents/Source/tn-uptech-backend/node_modules/ts-node/src/index.ts:1621:12)
    at Module.load (node:internal/modules/cjs/loader:1069:32)
2023-04-02 00:09:37 error: uncaughtException: Service with "MaybeConstructable<FolderService>" identifier was not found in the container. Register it before usage via explicitly calling the "Container.set" function or using the "@Service()" decorator.
ServiceNotFoundError: Service with "MaybeConstructable<FolderService>" identifier was not found in the container. Register it before usage via explicitly calling the "Container.set" function or using the "@Service()" decorator.
    at ContainerInstance.get (/Users/toannguyen/Documents/Source/tn-uptech-backend/node_modules/src/container-instance.class.ts:75:11)
    at Function.get (/Users/toannguyen/Documents/Source/tn-uptech-backend/node_modules/src/container.class.ts:61:32)
    at new FolderController (/Users/toannguyen/Documents/Source/tn-uptech-backend/src/modules/controllers/folder.controller.ts:10:29)
    at new FolderRoute (/Users/toannguyen/Documents/Source/tn-uptech-backend/src/route/folder.route.ts:7:21)
    at Object.<anonymous> (/Users/toannguyen/Documents/Source/tn-uptech-backend/src/server.ts:9:5)
    at Module._compile (node:internal/modules/cjs/loader:1191:14)
    at Module.m._compile (/Users/toannguyen/Documents/Source/tn-uptech-backend/node_modules/ts-node/src/index.ts:1618:23)
    at Module._extensions..js (node:internal/modules/cjs/loader:1245:10)
    at Object.require.extensions.<computed> [as .ts] (/Users/toannguyen/Documents/Source/tn-uptech-backend/node_modules/ts-node/src/index.ts:1621:12)
    at Module.load (node:internal/modules/cjs/loader:1069:32)
2023-04-02 00:10:07 error: uncaughtException: Service with "MaybeConstructable<FolderService>" identifier was not found in the container. Register it before usage via explicitly calling the "Container.set" function or using the "@Service()" decorator.
ServiceNotFoundError: Service with "MaybeConstructable<FolderService>" identifier was not found in the container. Register it before usage via explicitly calling the "Container.set" function or using the "@Service()" decorator.
    at ContainerInstance.get (/Users/toannguyen/Documents/Source/tn-uptech-backend/node_modules/src/container-instance.class.ts:75:11)
    at Function.get (/Users/toannguyen/Documents/Source/tn-uptech-backend/node_modules/src/container.class.ts:61:32)
    at new FolderController (/Users/toannguyen/Documents/Source/tn-uptech-backend/src/modules/controllers/folder.controller.ts:10:29)
    at new FolderRoute (/Users/toannguyen/Documents/Source/tn-uptech-backend/src/route/folder.route.ts:7:21)
    at Object.<anonymous> (/Users/toannguyen/Documents/Source/tn-uptech-backend/src/server.ts:9:5)
    at Module._compile (node:internal/modules/cjs/loader:1191:14)
    at Module.m._compile (/Users/toannguyen/Documents/Source/tn-uptech-backend/node_modules/ts-node/src/index.ts:1618:23)
    at Module._extensions..js (node:internal/modules/cjs/loader:1245:10)
    at Object.require.extensions.<computed> [as .ts] (/Users/toannguyen/Documents/Source/tn-uptech-backend/node_modules/ts-node/src/index.ts:1621:12)
    at Module.load (node:internal/modules/cjs/loader:1069:32)
2023-04-02 00:21:06 error: uncaughtException: тип Unable to compile TypeScript:
[96msrc/services/project.service.ts[0m:[93m56[0m:[93m13[0m - [91merror[0m[90m TS1308: [0m'await' expressions are only allowed within async functions and at the top levels of modules.

[7m56[0m             await models.ProjectTranslation.create
[7m  [0m [91m            ~~~~~[0m

  [96msrc/services/project.service.ts[0m:[93m53[0m:[93m17[0m
    [7m53[0m         }).then((projects) => {
    [7m  [0m [96m                ~~~~~~~~~~~~~~~[0m
    Did you mean to mark this function as 'async'?

TSError: тип Unable to compile TypeScript:
[96msrc/services/project.service.ts[0m:[93m56[0m:[93m13[0m - [91merror[0m[90m TS1308: [0m'await' expressions are only allowed within async functions and at the top levels of modules.

[7m56[0m             await models.ProjectTranslation.create
[7m  [0m [91m            ~~~~~[0m

  [96msrc/services/project.service.ts[0m:[93m53[0m:[93m17[0m
    [7m53[0m         }).then((projects) => {
    [7m  [0m [96m                ~~~~~~~~~~~~~~~[0m
    Did you mean to mark this function as 'async'?

    at createTSError (/Users/toannguyen/Documents/Source/tn-uptech-backend/node_modules/ts-node/src/index.ts:859:12)
    at reportTSError (/Users/toannguyen/Documents/Source/tn-uptech-backend/node_modules/ts-node/src/index.ts:863:19)
    at getOutput (/Users/toannguyen/Documents/Source/tn-uptech-backend/node_modules/ts-node/src/index.ts:1077:36)
    at Object.compile (/Users/toannguyen/Documents/Source/tn-uptech-backend/node_modules/ts-node/src/index.ts:1433:41)
    at Module.m._compile (/Users/toannguyen/Documents/Source/tn-uptech-backend/node_modules/ts-node/src/index.ts:1617:30)
    at Module._extensions..js (node:internal/modules/cjs/loader:1245:10)
    at Object.require.extensions.<computed> [as .ts] (/Users/toannguyen/Documents/Source/tn-uptech-backend/node_modules/ts-node/src/index.ts:1621:12)
    at Module.load (node:internal/modules/cjs/loader:1069:32)
    at Function.Module._load (node:internal/modules/cjs/loader:904:12)
    at Module.require (node:internal/modules/cjs/loader:1093:19)
2023-04-02 00:28:18 error: uncaughtException: тип Unable to compile TypeScript:
[96msrc/services/project.service.ts[0m:[93m121[0m:[93m13[0m - [91merror[0m[90m TS2322: [0mType '({ id?: undefined; name?: undefined; slug?: undefined; description?: undefined; isFeatured?: undefined; status?: undefined; content?: undefined; thumbnail?: undefined; createdAt?: undefined; updatedAt?: undefined; } | { ...; })[]' is not assignable to type '[]'.
  Target allows only 0 element(s) but source may have more.

[7m121[0m             related = projects.map((item: any) => {
[7m   [0m [91m            ~~~~~~~[0m

TSError: тип Unable to compile TypeScript:
[96msrc/services/project.service.ts[0m:[93m121[0m:[93m13[0m - [91merror[0m[90m TS2322: [0mType '({ id?: undefined; name?: undefined; slug?: undefined; description?: undefined; isFeatured?: undefined; status?: undefined; content?: undefined; thumbnail?: undefined; createdAt?: undefined; updatedAt?: undefined; } | { ...; })[]' is not assignable to type '[]'.
  Target allows only 0 element(s) but source may have more.

[7m121[0m             related = projects.map((item: any) => {
[7m   [0m [91m            ~~~~~~~[0m

    at createTSError (/Users/toannguyen/Documents/Source/tn-uptech-backend/node_modules/ts-node/src/index.ts:859:12)
    at reportTSError (/Users/toannguyen/Documents/Source/tn-uptech-backend/node_modules/ts-node/src/index.ts:863:19)
    at getOutput (/Users/toannguyen/Documents/Source/tn-uptech-backend/node_modules/ts-node/src/index.ts:1077:36)
    at Object.compile (/Users/toannguyen/Documents/Source/tn-uptech-backend/node_modules/ts-node/src/index.ts:1433:41)
    at Module.m._compile (/Users/toannguyen/Documents/Source/tn-uptech-backend/node_modules/ts-node/src/index.ts:1617:30)
    at Module._extensions..js (node:internal/modules/cjs/loader:1245:10)
    at Object.require.extensions.<computed> [as .ts] (/Users/toannguyen/Documents/Source/tn-uptech-backend/node_modules/ts-node/src/index.ts:1621:12)
    at Module.load (node:internal/modules/cjs/loader:1069:32)
    at Function.Module._load (node:internal/modules/cjs/loader:904:12)
    at Module.require (node:internal/modules/cjs/loader:1093:19)
2023-04-02 00:47:28 error: uncaughtException: тип Unable to compile TypeScript:
[96msrc/services/project.service.ts[0m:[93m103[0m:[93m31[0m - [91merror[0m[90m TS2304: [0mCannot find name 'body'.

[7m103[0m                 related : [...body.related]
[7m   [0m [91m                              ~~~~[0m

TSError: тип Unable to compile TypeScript:
[96msrc/services/project.service.ts[0m:[93m103[0m:[93m31[0m - [91merror[0m[90m TS2304: [0mCannot find name 'body'.

[7m103[0m                 related : [...body.related]
[7m   [0m [91m                              ~~~~[0m

    at createTSError (/Users/toannguyen/Documents/Source/tn-uptech-backend/node_modules/ts-node/src/index.ts:859:12)
    at reportTSError (/Users/toannguyen/Documents/Source/tn-uptech-backend/node_modules/ts-node/src/index.ts:863:19)
    at getOutput (/Users/toannguyen/Documents/Source/tn-uptech-backend/node_modules/ts-node/src/index.ts:1077:36)
    at Object.compile (/Users/toannguyen/Documents/Source/tn-uptech-backend/node_modules/ts-node/src/index.ts:1433:41)
    at Module.m._compile (/Users/toannguyen/Documents/Source/tn-uptech-backend/node_modules/ts-node/src/index.ts:1617:30)
    at Module._extensions..js (node:internal/modules/cjs/loader:1245:10)
    at Object.require.extensions.<computed> [as .ts] (/Users/toannguyen/Documents/Source/tn-uptech-backend/node_modules/ts-node/src/index.ts:1621:12)
    at Module.load (node:internal/modules/cjs/loader:1069:32)
    at Function.Module._load (node:internal/modules/cjs/loader:904:12)
    at Module.require (node:internal/modules/cjs/loader:1093:19)
2023-04-02 00:47:34 error: uncaughtException: тип Unable to compile TypeScript:
[96msrc/services/project.service.ts[0m:[93m103[0m:[93m31[0m - [91merror[0m[90m TS2304: [0mCannot find name 'body'.

[7m103[0m                 related : [...body.related]
[7m   [0m [91m                              ~~~~[0m

TSError: тип Unable to compile TypeScript:
[96msrc/services/project.service.ts[0m:[93m103[0m:[93m31[0m - [91merror[0m[90m TS2304: [0mCannot find name 'body'.

[7m103[0m                 related : [...body.related]
[7m   [0m [91m                              ~~~~[0m

    at createTSError (/Users/toannguyen/Documents/Source/tn-uptech-backend/node_modules/ts-node/src/index.ts:859:12)
    at reportTSError (/Users/toannguyen/Documents/Source/tn-uptech-backend/node_modules/ts-node/src/index.ts:863:19)
    at getOutput (/Users/toannguyen/Documents/Source/tn-uptech-backend/node_modules/ts-node/src/index.ts:1077:36)
    at Object.compile (/Users/toannguyen/Documents/Source/tn-uptech-backend/node_modules/ts-node/src/index.ts:1433:41)
    at Module.m._compile (/Users/toannguyen/Documents/Source/tn-uptech-backend/node_modules/ts-node/src/index.ts:1617:30)
    at Module._extensions..js (node:internal/modules/cjs/loader:1245:10)
    at Object.require.extensions.<computed> [as .ts] (/Users/toannguyen/Documents/Source/tn-uptech-backend/node_modules/ts-node/src/index.ts:1621:12)
    at Module.load (node:internal/modules/cjs/loader:1069:32)
    at Function.Module._load (node:internal/modules/cjs/loader:904:12)
    at Module.require (node:internal/modules/cjs/loader:1093:19)
2023-04-02 00:48:18 error: uncaughtException: тип Unable to compile TypeScript:
[96msrc/services/project.service.ts[0m:[93m100[0m:[93m29[0m - [91merror[0m[90m TS1308: [0m'await' expressions are only allowed within async functions and at the top levels of modules.

[7m100[0m             const related = await models.Project.findAll({
[7m   [0m [91m                            ~~~~~[0m

  [96msrc/services/project.service.ts[0m:[93m99[0m:[93m17[0m
    [7m99[0m         }).then((res) => {
    [7m  [0m [96m                ~~~~~~~~~~[0m
    Did you mean to mark this function as 'async'?
[96msrc/services/project.service.ts[0m:[93m102[0m:[93m31[0m - [91merror[0m[90m TS2304: [0mCannot find name 'body'.

[7m102[0m                 related : [...body.related]
[7m   [0m [91m                              ~~~~[0m
[96msrc/services/project.service.ts[0m:[93m109[0m:[93m52[0m - [91merror[0m[90m TS18004: [0mNo value exists in scope for the shorthand property 'related'. Either declare one or provide an initializer.

[7m109[0m         return ProjectDTO.transformDetail({ ...res,related });
[7m   [0m [91m                                                   ~~~~~~~[0m

TSError: тип Unable to compile TypeScript:
[96msrc/services/project.service.ts[0m:[93m100[0m:[93m29[0m - [91merror[0m[90m TS1308: [0m'await' expressions are only allowed within async functions and at the top levels of modules.

[7m100[0m             const related = await models.Project.findAll({
[7m   [0m [91m                            ~~~~~[0m

  [96msrc/services/project.service.ts[0m:[93m99[0m:[93m17[0m
    [7m99[0m         }).then((res) => {
    [7m  [0m [96m                ~~~~~~~~~~[0m
    Did you mean to mark this function as 'async'?
[96msrc/services/project.service.ts[0m:[93m102[0m:[93m31[0m - [91merror[0m[90m TS2304: [0mCannot find name 'body'.

[7m102[0m                 related : [...body.related]
[7m   [0m [91m                              ~~~~[0m
[96msrc/services/project.service.ts[0m:[93m109[0m:[93m52[0m - [91merror[0m[90m TS18004: [0mNo value exists in scope for the shorthand property 'related'. Either declare one or provide an initializer.

[7m109[0m         return ProjectDTO.transformDetail({ ...res,related });
[7m   [0m [91m                                                   ~~~~~~~[0m

    at createTSError (/Users/toannguyen/Documents/Source/tn-uptech-backend/node_modules/ts-node/src/index.ts:859:12)
    at reportTSError (/Users/toannguyen/Documents/Source/tn-uptech-backend/node_modules/ts-node/src/index.ts:863:19)
    at getOutput (/Users/toannguyen/Documents/Source/tn-uptech-backend/node_modules/ts-node/src/index.ts:1077:36)
    at Object.compile (/Users/toannguyen/Documents/Source/tn-uptech-backend/node_modules/ts-node/src/index.ts:1433:41)
    at Module.m._compile (/Users/toannguyen/Documents/Source/tn-uptech-backend/node_modules/ts-node/src/index.ts:1617:30)
    at Module._extensions..js (node:internal/modules/cjs/loader:1245:10)
    at Object.require.extensions.<computed> [as .ts] (/Users/toannguyen/Documents/Source/tn-uptech-backend/node_modules/ts-node/src/index.ts:1621:12)
    at Module.load (node:internal/modules/cjs/loader:1069:32)
    at Function.Module._load (node:internal/modules/cjs/loader:904:12)
    at Module.require (node:internal/modules/cjs/loader:1093:19)
2023-04-02 00:48:27 error: uncaughtException: тип Unable to compile TypeScript:
[96msrc/services/project.service.ts[0m:[93m102[0m:[93m31[0m - [91merror[0m[90m TS2304: [0mCannot find name 'body'.

[7m102[0m                 related : [...body.related]
[7m   [0m [91m                              ~~~~[0m
[96msrc/services/project.service.ts[0m:[93m109[0m:[93m52[0m - [91merror[0m[90m TS18004: [0mNo value exists in scope for the shorthand property 'related'. Either declare one or provide an initializer.

[7m109[0m         return ProjectDTO.transformDetail({ ...res,related });
[7m   [0m [91m                                                   ~~~~~~~[0m

TSError: тип Unable to compile TypeScript:
[96msrc/services/project.service.ts[0m:[93m102[0m:[93m31[0m - [91merror[0m[90m TS2304: [0mCannot find name 'body'.

[7m102[0m                 related : [...body.related]
[7m   [0m [91m                              ~~~~[0m
[96msrc/services/project.service.ts[0m:[93m109[0m:[93m52[0m - [91merror[0m[90m TS18004: [0mNo value exists in scope for the shorthand property 'related'. Either declare one or provide an initializer.

[7m109[0m         return ProjectDTO.transformDetail({ ...res,related });
[7m   [0m [91m                                                   ~~~~~~~[0m

    at createTSError (/Users/toannguyen/Documents/Source/tn-uptech-backend/node_modules/ts-node/src/index.ts:859:12)
    at reportTSError (/Users/toannguyen/Documents/Source/tn-uptech-backend/node_modules/ts-node/src/index.ts:863:19)
    at getOutput (/Users/toannguyen/Documents/Source/tn-uptech-backend/node_modules/ts-node/src/index.ts:1077:36)
    at Object.compile (/Users/toannguyen/Documents/Source/tn-uptech-backend/node_modules/ts-node/src/index.ts:1433:41)
    at Module.m._compile (/Users/toannguyen/Documents/Source/tn-uptech-backend/node_modules/ts-node/src/index.ts:1617:30)
    at Module._extensions..js (node:internal/modules/cjs/loader:1245:10)
    at Object.require.extensions.<computed> [as .ts] (/Users/toannguyen/Documents/Source/tn-uptech-backend/node_modules/ts-node/src/index.ts:1621:12)
    at Module.load (node:internal/modules/cjs/loader:1069:32)
    at Function.Module._load (node:internal/modules/cjs/loader:904:12)
    at Module.require (node:internal/modules/cjs/loader:1093:19)
2023-04-02 00:51:38 error: uncaughtException: тип Unable to compile TypeScript:
[96msrc/services/project.service.ts[0m:[93m115[0m:[93m48[0m - [91merror[0m[90m TS2304: [0mCannot find name 'res'.

[7m115[0m         return ProjectDTO.transformDetail({ ...res, related });
[7m   [0m [91m                                               ~~~[0m

TSError: тип Unable to compile TypeScript:
[96msrc/services/project.service.ts[0m:[93m115[0m:[93m48[0m - [91merror[0m[90m TS2304: [0mCannot find name 'res'.

[7m115[0m         return ProjectDTO.transformDetail({ ...res, related });
[7m   [0m [91m                                               ~~~[0m

    at createTSError (/Users/toannguyen/Documents/Source/tn-uptech-backend/node_modules/ts-node/src/index.ts:859:12)
    at reportTSError (/Users/toannguyen/Documents/Source/tn-uptech-backend/node_modules/ts-node/src/index.ts:863:19)
    at getOutput (/Users/toannguyen/Documents/Source/tn-uptech-backend/node_modules/ts-node/src/index.ts:1077:36)
    at Object.compile (/Users/toannguyen/Documents/Source/tn-uptech-backend/node_modules/ts-node/src/index.ts:1433:41)
    at Module.m._compile (/Users/toannguyen/Documents/Source/tn-uptech-backend/node_modules/ts-node/src/index.ts:1617:30)
    at Module._extensions..js (node:internal/modules/cjs/loader:1245:10)
    at Object.require.extensions.<computed> [as .ts] (/Users/toannguyen/Documents/Source/tn-uptech-backend/node_modules/ts-node/src/index.ts:1621:12)
    at Module.load (node:internal/modules/cjs/loader:1069:32)
    at Function.Module._load (node:internal/modules/cjs/loader:904:12)
    at Module.require (node:internal/modules/cjs/loader:1093:19)
2023-04-02 00:52:02 error: uncaughtException: тип Unable to compile TypeScript:
[96msrc/services/project.service.ts[0m:[93m115[0m:[93m48[0m - [91merror[0m[90m TS2304: [0mCannot find name 'project'.

[7m115[0m         return ProjectDTO.transformDetail({ ...project, related });
[7m   [0m [91m                                               ~~~~~~~[0m

TSError: тип Unable to compile TypeScript:
[96msrc/services/project.service.ts[0m:[93m115[0m:[93m48[0m - [91merror[0m[90m TS2304: [0mCannot find name 'project'.

[7m115[0m         return ProjectDTO.transformDetail({ ...project, related });
[7m   [0m [91m                                               ~~~~~~~[0m

    at createTSError (/Users/toannguyen/Documents/Source/tn-uptech-backend/node_modules/ts-node/src/index.ts:859:12)
    at reportTSError (/Users/toannguyen/Documents/Source/tn-uptech-backend/node_modules/ts-node/src/index.ts:863:19)
    at getOutput (/Users/toannguyen/Documents/Source/tn-uptech-backend/node_modules/ts-node/src/index.ts:1077:36)
    at Object.compile (/Users/toannguyen/Documents/Source/tn-uptech-backend/node_modules/ts-node/src/index.ts:1433:41)
    at Module.m._compile (/Users/toannguyen/Documents/Source/tn-uptech-backend/node_modules/ts-node/src/index.ts:1617:30)
    at Module._extensions..js (node:internal/modules/cjs/loader:1245:10)
    at Object.require.extensions.<computed> [as .ts] (/Users/toannguyen/Documents/Source/tn-uptech-backend/node_modules/ts-node/src/index.ts:1621:12)
    at Module.load (node:internal/modules/cjs/loader:1069:32)
    at Function.Module._load (node:internal/modules/cjs/loader:904:12)
    at Module.require (node:internal/modules/cjs/loader:1093:19)
2023-04-02 00:56:00 error: uncaughtException: тип Unable to compile TypeScript:
[96msrc/services/project.service.ts[0m:[93m104[0m:[93m28[0m - [91merror[0m[90m TS2304: [0mCannot find name 'project'.

[7m104[0m         const proejctIds = project.related;
[7m   [0m [91m                           ~~~~~~~[0m
[96msrc/services/project.service.ts[0m:[93m112[0m:[93m48[0m - [91merror[0m[90m TS2304: [0mCannot find name 'project'.

[7m112[0m         return ProjectDTO.transformDetail({ ...project, related });
[7m   [0m [91m                                               ~~~~~~~[0m

TSError: тип Unable to compile TypeScript:
[96msrc/services/project.service.ts[0m:[93m104[0m:[93m28[0m - [91merror[0m[90m TS2304: [0mCannot find name 'project'.

[7m104[0m         const proejctIds = project.related;
[7m   [0m [91m                           ~~~~~~~[0m
[96msrc/services/project.service.ts[0m:[93m112[0m:[93m48[0m - [91merror[0m[90m TS2304: [0mCannot find name 'project'.

[7m112[0m         return ProjectDTO.transformDetail({ ...project, related });
[7m   [0m [91m                                               ~~~~~~~[0m

    at createTSError (/Users/toannguyen/Documents/Source/tn-uptech-backend/node_modules/ts-node/src/index.ts:859:12)
    at reportTSError (/Users/toannguyen/Documents/Source/tn-uptech-backend/node_modules/ts-node/src/index.ts:863:19)
    at getOutput (/Users/toannguyen/Documents/Source/tn-uptech-backend/node_modules/ts-node/src/index.ts:1077:36)
    at Object.compile (/Users/toannguyen/Documents/Source/tn-uptech-backend/node_modules/ts-node/src/index.ts:1433:41)
    at Module.m._compile (/Users/toannguyen/Documents/Source/tn-uptech-backend/node_modules/ts-node/src/index.ts:1617:30)
    at Module._extensions..js (node:internal/modules/cjs/loader:1245:10)
    at Object.require.extensions.<computed> [as .ts] (/Users/toannguyen/Documents/Source/tn-uptech-backend/node_modules/ts-node/src/index.ts:1621:12)
    at Module.load (node:internal/modules/cjs/loader:1069:32)
    at Function.Module._load (node:internal/modules/cjs/loader:904:12)
    at Module.require (node:internal/modules/cjs/loader:1093:19)
2023-04-02 01:18:36 error: uncaughtException: тип Unable to compile TypeScript:
[96msrc/services/project.service.ts[0m:[93m108[0m:[93m41[0m - [91merror[0m[90m TS1005: [0m':' expected.

[7m108[0m                 related: { [proejctIds] }
[7m   [0m [91m                                        ~[0m

TSError: тип Unable to compile TypeScript:
[96msrc/services/project.service.ts[0m:[93m108[0m:[93m41[0m - [91merror[0m[90m TS1005: [0m':' expected.

[7m108[0m                 related: { [proejctIds] }
[7m   [0m [91m                                        ~[0m

    at createTSError (/Users/toannguyen/Documents/Source/tn-uptech-backend/node_modules/ts-node/src/index.ts:859:12)
    at reportTSError (/Users/toannguyen/Documents/Source/tn-uptech-backend/node_modules/ts-node/src/index.ts:863:19)
    at getOutput (/Users/toannguyen/Documents/Source/tn-uptech-backend/node_modules/ts-node/src/index.ts:1077:36)
    at Object.compile (/Users/toannguyen/Documents/Source/tn-uptech-backend/node_modules/ts-node/src/index.ts:1433:41)
    at Module.m._compile (/Users/toannguyen/Documents/Source/tn-uptech-backend/node_modules/ts-node/src/index.ts:1617:30)
    at Module._extensions..js (node:internal/modules/cjs/loader:1245:10)
    at Object.require.extensions.<computed> [as .ts] (/Users/toannguyen/Documents/Source/tn-uptech-backend/node_modules/ts-node/src/index.ts:1621:12)
    at Module.load (node:internal/modules/cjs/loader:1069:32)
    at Function.Module._load (node:internal/modules/cjs/loader:904:12)
    at Module.require (node:internal/modules/cjs/loader:1093:19)
2023-04-02 01:44:56 error: uncaughtException: тип Unable to compile TypeScript:
[96msrc/modules/controllers/project.controller.ts[0m:[93m21[0m:[93m40[0m - [91merror[0m[90m TS2339: [0mProperty 'store' does not exist on type 'ProjectService'.

[7m21[0m             const data = await project.store({ ...req.body });
[7m  [0m [91m                                       ~~~~~[0m
[96msrc/modules/controllers/project.controller.ts[0m:[93m33[0m:[93m44[0m - [91merror[0m[90m TS2339: [0mProperty 'findById' does not exist on type 'ProjectService'.

[7m33[0m                 const data = await project.findById(id);
[7m  [0m [91m                                           ~~~~~~~~[0m
[96msrc/modules/controllers/project.controller.ts[0m:[93m46[0m:[93m40[0m - [91merror[0m[90m TS2339: [0mProperty 'updateById' does not exist on type 'ProjectService'.

[7m46[0m             const data = await project.updateById(id, req.body);
[7m  [0m [91m                                       ~~~~~~~~~~[0m
[96msrc/modules/controllers/project.controller.ts[0m:[93m56[0m:[93m40[0m - [91merror[0m[90m TS2339: [0mProperty 'deleteMultipleIds' does not exist on type 'ProjectService'.

[7m56[0m             const data = await project.deleteMultipleIds(ids);
[7m  [0m [91m                                       ~~~~~~~~~~~~~~~~~[0m
[96msrc/modules/controllers/project.controller.ts[0m:[93m65[0m:[93m40[0m - [91merror[0m[90m TS2339: [0mProperty 'deleteById' does not exist on type 'ProjectService'.

[7m65[0m             const data = await project.deleteById(req.params.id);
[7m  [0m [91m                                       ~~~~~~~~~~[0m

TSError: тип Unable to compile TypeScript:
[96msrc/modules/controllers/project.controller.ts[0m:[93m21[0m:[93m40[0m - [91merror[0m[90m TS2339: [0mProperty 'store' does not exist on type 'ProjectService'.

[7m21[0m             const data = await project.store({ ...req.body });
[7m  [0m [91m                                       ~~~~~[0m
[96msrc/modules/controllers/project.controller.ts[0m:[93m33[0m:[93m44[0m - [91merror[0m[90m TS2339: [0mProperty 'findById' does not exist on type 'ProjectService'.

[7m33[0m                 const data = await project.findById(id);
[7m  [0m [91m                                           ~~~~~~~~[0m
[96msrc/modules/controllers/project.controller.ts[0m:[93m46[0m:[93m40[0m - [91merror[0m[90m TS2339: [0mProperty 'updateById' does not exist on type 'ProjectService'.

[7m46[0m             const data = await project.updateById(id, req.body);
[7m  [0m [91m                                       ~~~~~~~~~~[0m
[96msrc/modules/controllers/project.controller.ts[0m:[93m56[0m:[93m40[0m - [91merror[0m[90m TS2339: [0mProperty 'deleteMultipleIds' does not exist on type 'ProjectService'.

[7m56[0m             const data = await project.deleteMultipleIds(ids);
[7m  [0m [91m                                       ~~~~~~~~~~~~~~~~~[0m
[96msrc/modules/controllers/project.controller.ts[0m:[93m65[0m:[93m40[0m - [91merror[0m[90m TS2339: [0mProperty 'deleteById' does not exist on type 'ProjectService'.

[7m65[0m             const data = await project.deleteById(req.params.id);
[7m  [0m [91m                                       ~~~~~~~~~~[0m

    at createTSError (/Users/toannguyen/Documents/Source/tn-uptech-backend/node_modules/ts-node/src/index.ts:859:12)
    at reportTSError (/Users/toannguyen/Documents/Source/tn-uptech-backend/node_modules/ts-node/src/index.ts:863:19)
    at getOutput (/Users/toannguyen/Documents/Source/tn-uptech-backend/node_modules/ts-node/src/index.ts:1077:36)
    at Object.compile (/Users/toannguyen/Documents/Source/tn-uptech-backend/node_modules/ts-node/src/index.ts:1433:41)
    at Module.m._compile (/Users/toannguyen/Documents/Source/tn-uptech-backend/node_modules/ts-node/src/index.ts:1617:30)
    at Module._extensions..js (node:internal/modules/cjs/loader:1245:10)
    at Object.require.extensions.<computed> [as .ts] (/Users/toannguyen/Documents/Source/tn-uptech-backend/node_modules/ts-node/src/index.ts:1621:12)
    at Module.load (node:internal/modules/cjs/loader:1069:32)
    at Function.Module._load (node:internal/modules/cjs/loader:904:12)
    at Module.require (node:internal/modules/cjs/loader:1093:19)
2023-04-02 01:46:04 error: uncaughtException: тип Unable to compile TypeScript:
[96msrc/modules/controllers/project.controller.ts[0m:[93m21[0m:[93m40[0m - [91merror[0m[90m TS2339: [0mProperty 'store' does not exist on type 'ProjectService'.

[7m21[0m             const data = await project.store({ ...req.body });
[7m  [0m [91m                                       ~~~~~[0m
[96msrc/modules/controllers/project.controller.ts[0m:[93m33[0m:[93m44[0m - [91merror[0m[90m TS2339: [0mProperty 'findById' does not exist on type 'ProjectService'.

[7m33[0m                 const data = await project.findById(id);
[7m  [0m [91m                                           ~~~~~~~~[0m
[96msrc/modules/controllers/project.controller.ts[0m:[93m46[0m:[93m40[0m - [91merror[0m[90m TS2339: [0mProperty 'updateById' does not exist on type 'ProjectService'.

[7m46[0m             const data = await project.updateById(id, req.body);
[7m  [0m [91m                                       ~~~~~~~~~~[0m
[96msrc/modules/controllers/project.controller.ts[0m:[93m56[0m:[93m40[0m - [91merror[0m[90m TS2339: [0mProperty 'deleteMultipleIds' does not exist on type 'ProjectService'.

[7m56[0m             const data = await project.deleteMultipleIds(ids);
[7m  [0m [91m                                       ~~~~~~~~~~~~~~~~~[0m
[96msrc/modules/controllers/project.controller.ts[0m:[93m65[0m:[93m40[0m - [91merror[0m[90m TS2339: [0mProperty 'deleteById' does not exist on type 'ProjectService'.

[7m65[0m             const data = await project.deleteById(req.params.id);
[7m  [0m [91m                                       ~~~~~~~~~~[0m

TSError: тип Unable to compile TypeScript:
[96msrc/modules/controllers/project.controller.ts[0m:[93m21[0m:[93m40[0m - [91merror[0m[90m TS2339: [0mProperty 'store' does not exist on type 'ProjectService'.

[7m21[0m             const data = await project.store({ ...req.body });
[7m  [0m [91m                                       ~~~~~[0m
[96msrc/modules/controllers/project.controller.ts[0m:[93m33[0m:[93m44[0m - [91merror[0m[90m TS2339: [0mProperty 'findById' does not exist on type 'ProjectService'.

[7m33[0m                 const data = await project.findById(id);
[7m  [0m [91m                                           ~~~~~~~~[0m
[96msrc/modules/controllers/project.controller.ts[0m:[93m46[0m:[93m40[0m - [91merror[0m[90m TS2339: [0mProperty 'updateById' does not exist on type 'ProjectService'.

[7m46[0m             const data = await project.updateById(id, req.body);
[7m  [0m [91m                                       ~~~~~~~~~~[0m
[96msrc/modules/controllers/project.controller.ts[0m:[93m56[0m:[93m40[0m - [91merror[0m[90m TS2339: [0mProperty 'deleteMultipleIds' does not exist on type 'ProjectService'.

[7m56[0m             const data = await project.deleteMultipleIds(ids);
[7m  [0m [91m                                       ~~~~~~~~~~~~~~~~~[0m
[96msrc/modules/controllers/project.controller.ts[0m:[93m65[0m:[93m40[0m - [91merror[0m[90m TS2339: [0mProperty 'deleteById' does not exist on type 'ProjectService'.

[7m65[0m             const data = await project.deleteById(req.params.id);
[7m  [0m [91m                                       ~~~~~~~~~~[0m

    at createTSError (/Users/toannguyen/Documents/Source/tn-uptech-backend/node_modules/ts-node/src/index.ts:859:12)
    at reportTSError (/Users/toannguyen/Documents/Source/tn-uptech-backend/node_modules/ts-node/src/index.ts:863:19)
    at getOutput (/Users/toannguyen/Documents/Source/tn-uptech-backend/node_modules/ts-node/src/index.ts:1077:36)
    at Object.compile (/Users/toannguyen/Documents/Source/tn-uptech-backend/node_modules/ts-node/src/index.ts:1433:41)
    at Module.m._compile (/Users/toannguyen/Documents/Source/tn-uptech-backend/node_modules/ts-node/src/index.ts:1617:30)
    at Module._extensions..js (node:internal/modules/cjs/loader:1245:10)
    at Object.require.extensions.<computed> [as .ts] (/Users/toannguyen/Documents/Source/tn-uptech-backend/node_modules/ts-node/src/index.ts:1621:12)
    at Module.load (node:internal/modules/cjs/loader:1069:32)
    at Function.Module._load (node:internal/modules/cjs/loader:904:12)
    at Module.require (node:internal/modules/cjs/loader:1093:19)
2023-04-02 01:46:12 error: uncaughtException: тип Unable to compile TypeScript:
[96msrc/modules/controllers/project.controller.ts[0m:[93m21[0m:[93m40[0m - [91merror[0m[90m TS2339: [0mProperty 'store' does not exist on type 'ProjectService'.

[7m21[0m             const data = await project.store({ ...req.body });
[7m  [0m [91m                                       ~~~~~[0m
[96msrc/modules/controllers/project.controller.ts[0m:[93m33[0m:[93m44[0m - [91merror[0m[90m TS2339: [0mProperty 'findById' does not exist on type 'ProjectService'.

[7m33[0m                 const data = await project.findById(id);
[7m  [0m [91m                                           ~~~~~~~~[0m
[96msrc/modules/controllers/project.controller.ts[0m:[93m46[0m:[93m40[0m - [91merror[0m[90m TS2339: [0mProperty 'updateById' does not exist on type 'ProjectService'.

[7m46[0m             const data = await project.updateById(id, req.body);
[7m  [0m [91m                                       ~~~~~~~~~~[0m
[96msrc/modules/controllers/project.controller.ts[0m:[93m56[0m:[93m40[0m - [91merror[0m[90m TS2339: [0mProperty 'deleteMultipleIds' does not exist on type 'ProjectService'.

[7m56[0m             const data = await project.deleteMultipleIds(ids);
[7m  [0m [91m                                       ~~~~~~~~~~~~~~~~~[0m
[96msrc/modules/controllers/project.controller.ts[0m:[93m65[0m:[93m40[0m - [91merror[0m[90m TS2339: [0mProperty 'deleteById' does not exist on type 'ProjectService'.

[7m65[0m             const data = await project.deleteById(req.params.id);
[7m  [0m [91m                                       ~~~~~~~~~~[0m

TSError: тип Unable to compile TypeScript:
[96msrc/modules/controllers/project.controller.ts[0m:[93m21[0m:[93m40[0m - [91merror[0m[90m TS2339: [0mProperty 'store' does not exist on type 'ProjectService'.

[7m21[0m             const data = await project.store({ ...req.body });
[7m  [0m [91m                                       ~~~~~[0m
[96msrc/modules/controllers/project.controller.ts[0m:[93m33[0m:[93m44[0m - [91merror[0m[90m TS2339: [0mProperty 'findById' does not exist on type 'ProjectService'.

[7m33[0m                 const data = await project.findById(id);
[7m  [0m [91m                                           ~~~~~~~~[0m
[96msrc/modules/controllers/project.controller.ts[0m:[93m46[0m:[93m40[0m - [91merror[0m[90m TS2339: [0mProperty 'updateById' does not exist on type 'ProjectService'.

[7m46[0m             const data = await project.updateById(id, req.body);
[7m  [0m [91m                                       ~~~~~~~~~~[0m
[96msrc/modules/controllers/project.controller.ts[0m:[93m56[0m:[93m40[0m - [91merror[0m[90m TS2339: [0mProperty 'deleteMultipleIds' does not exist on type 'ProjectService'.

[7m56[0m             const data = await project.deleteMultipleIds(ids);
[7m  [0m [91m                                       ~~~~~~~~~~~~~~~~~[0m
[96msrc/modules/controllers/project.controller.ts[0m:[93m65[0m:[93m40[0m - [91merror[0m[90m TS2339: [0mProperty 'deleteById' does not exist on type 'ProjectService'.

[7m65[0m             const data = await project.deleteById(req.params.id);
[7m  [0m [91m                                       ~~~~~~~~~~[0m

    at createTSError (/Users/toannguyen/Documents/Source/tn-uptech-backend/node_modules/ts-node/src/index.ts:859:12)
    at reportTSError (/Users/toannguyen/Documents/Source/tn-uptech-backend/node_modules/ts-node/src/index.ts:863:19)
    at getOutput (/Users/toannguyen/Documents/Source/tn-uptech-backend/node_modules/ts-node/src/index.ts:1077:36)
    at Object.compile (/Users/toannguyen/Documents/Source/tn-uptech-backend/node_modules/ts-node/src/index.ts:1433:41)
    at Module.m._compile (/Users/toannguyen/Documents/Source/tn-uptech-backend/node_modules/ts-node/src/index.ts:1617:30)
    at Module._extensions..js (node:internal/modules/cjs/loader:1245:10)
    at Object.require.extensions.<computed> [as .ts] (/Users/toannguyen/Documents/Source/tn-uptech-backend/node_modules/ts-node/src/index.ts:1621:12)
    at Module.load (node:internal/modules/cjs/loader:1069:32)
    at Function.Module._load (node:internal/modules/cjs/loader:904:12)
    at Module.require (node:internal/modules/cjs/loader:1093:19)
2023-04-02 14:34:52 error: uncaughtException: тип Unable to compile TypeScript:
[96msrc/services/project.service.ts[0m:[93m112[0m:[93m13[0m - [91merror[0m[90m TS1308: [0m'await' expressions are only allowed within async functions and at the top levels of modules.

[7m112[0m             await models.ProjectTranslation.update({
[7m   [0m [91m            ~~~~~[0m

  [96msrc/services/project.service.ts[0m:[93m111[0m:[93m36[0m
    [7m111[0m         }, { where: { id } }).then((res) => {
    [7m   [0m [96m                                   ~~~~~~~~~~[0m
    Did you mean to mark this function as 'async'?

TSError: тип Unable to compile TypeScript:
[96msrc/services/project.service.ts[0m:[93m112[0m:[93m13[0m - [91merror[0m[90m TS1308: [0m'await' expressions are only allowed within async functions and at the top levels of modules.

[7m112[0m             await models.ProjectTranslation.update({
[7m   [0m [91m            ~~~~~[0m

  [96msrc/services/project.service.ts[0m:[93m111[0m:[93m36[0m
    [7m111[0m         }, { where: { id } }).then((res) => {
    [7m   [0m [96m                                   ~~~~~~~~~~[0m
    Did you mean to mark this function as 'async'?

    at createTSError (/Users/toannguyen/Documents/Source/tn-uptech-backend/node_modules/ts-node/src/index.ts:859:12)
    at reportTSError (/Users/toannguyen/Documents/Source/tn-uptech-backend/node_modules/ts-node/src/index.ts:863:19)
    at getOutput (/Users/toannguyen/Documents/Source/tn-uptech-backend/node_modules/ts-node/src/index.ts:1077:36)
    at Object.compile (/Users/toannguyen/Documents/Source/tn-uptech-backend/node_modules/ts-node/src/index.ts:1433:41)
    at Module.m._compile (/Users/toannguyen/Documents/Source/tn-uptech-backend/node_modules/ts-node/src/index.ts:1617:30)
    at Module._extensions..js (node:internal/modules/cjs/loader:1245:10)
    at Object.require.extensions.<computed> [as .ts] (/Users/toannguyen/Documents/Source/tn-uptech-backend/node_modules/ts-node/src/index.ts:1621:12)
    at Module.load (node:internal/modules/cjs/loader:1069:32)
    at Function.Module._load (node:internal/modules/cjs/loader:904:12)
    at Module.require (node:internal/modules/cjs/loader:1093:19)
2023-04-02 14:40:47 error: uncaughtException: тип Unable to compile TypeScript:
[96msrc/services/project.service.ts[0m:[93m116[0m:[93m21[0m - [91merror[0m[90m TS1117: [0mAn object literal cannot have multiple properties with the same name.

[7m116[0m                     name: body.name
[7m   [0m [91m                    ~~~~[0m

TSError: тип Unable to compile TypeScript:
[96msrc/services/project.service.ts[0m:[93m116[0m:[93m21[0m - [91merror[0m[90m TS1117: [0mAn object literal cannot have multiple properties with the same name.

[7m116[0m                     name: body.name
[7m   [0m [91m                    ~~~~[0m

    at createTSError (/Users/toannguyen/Documents/Source/tn-uptech-backend/node_modules/ts-node/src/index.ts:859:12)
    at reportTSError (/Users/toannguyen/Documents/Source/tn-uptech-backend/node_modules/ts-node/src/index.ts:863:19)
    at getOutput (/Users/toannguyen/Documents/Source/tn-uptech-backend/node_modules/ts-node/src/index.ts:1077:36)
    at Object.compile (/Users/toannguyen/Documents/Source/tn-uptech-backend/node_modules/ts-node/src/index.ts:1433:41)
    at Module.m._compile (/Users/toannguyen/Documents/Source/tn-uptech-backend/node_modules/ts-node/src/index.ts:1617:30)
    at Module._extensions..js (node:internal/modules/cjs/loader:1245:10)
    at Object.require.extensions.<computed> [as .ts] (/Users/toannguyen/Documents/Source/tn-uptech-backend/node_modules/ts-node/src/index.ts:1621:12)
    at Module.load (node:internal/modules/cjs/loader:1069:32)
    at Function.Module._load (node:internal/modules/cjs/loader:904:12)
    at Module.require (node:internal/modules/cjs/loader:1093:19)
2023-04-02 15:45:01 error: uncaughtException: тип Unable to compile TypeScript:
[96msrc/dtos/project.dto.ts[0m:[93m32[0m:[93m13[0m - [91merror[0m[90m TS1117: [0mAn object literal cannot have multiple properties with the same name.

[7m32[0m             slug: translationData.slug || "",
[7m  [0m [91m            ~~~~[0m

TSError: тип Unable to compile TypeScript:
[96msrc/dtos/project.dto.ts[0m:[93m32[0m:[93m13[0m - [91merror[0m[90m TS1117: [0mAn object literal cannot have multiple properties with the same name.

[7m32[0m             slug: translationData.slug || "",
[7m  [0m [91m            ~~~~[0m

    at createTSError (/Users/toannguyen/Documents/Source/tn-uptech-backend/node_modules/ts-node/src/index.ts:859:12)
    at reportTSError (/Users/toannguyen/Documents/Source/tn-uptech-backend/node_modules/ts-node/src/index.ts:863:19)
    at getOutput (/Users/toannguyen/Documents/Source/tn-uptech-backend/node_modules/ts-node/src/index.ts:1077:36)
    at Object.compile (/Users/toannguyen/Documents/Source/tn-uptech-backend/node_modules/ts-node/src/index.ts:1433:41)
    at Module.m._compile (/Users/toannguyen/Documents/Source/tn-uptech-backend/node_modules/ts-node/src/index.ts:1617:30)
    at Module._extensions..js (node:internal/modules/cjs/loader:1245:10)
    at Object.require.extensions.<computed> [as .ts] (/Users/toannguyen/Documents/Source/tn-uptech-backend/node_modules/ts-node/src/index.ts:1621:12)
    at Module.load (node:internal/modules/cjs/loader:1069:32)
    at Function.Module._load (node:internal/modules/cjs/loader:904:12)
    at Module.require (node:internal/modules/cjs/loader:1093:19)
2023-04-02 15:47:35 error: uncaughtException: тип Unable to compile TypeScript:
[96msrc/services/project.service.ts[0m:[93m151[0m:[93m16[0m - [91merror[0m[90m TS1308: [0m'await' expressions are only allowed within async functions and at the top levels of modules.

[7m151[0m         return await models.ProjectTranslation.update({
[7m   [0m [91m               ~~~~~[0m

  [96msrc/services/project.service.ts[0m:[93m150[0m:[93m20[0m
    [7m150[0m     handleUpdate = ({ proejct_id, lang, body }) => {
    [7m   [0m [96m                   ~~~~~~~~~~~~~~~~~~~~~~~~~~~~~~~~~[0m
    Did you mean to mark this function as 'async'?
[96msrc/services/project.service.ts[0m:[93m160[0m:[93m33[0m - [91merror[0m[90m TS2304: [0mCannot find name 'id'.

[7m160[0m                     project_id: id,
[7m   [0m [91m                                ~~[0m

TSError: тип Unable to compile TypeScript:
[96msrc/services/project.service.ts[0m:[93m151[0m:[93m16[0m - [91merror[0m[90m TS1308: [0m'await' expressions are only allowed within async functions and at the top levels of modules.

[7m151[0m         return await models.ProjectTranslation.update({
[7m   [0m [91m               ~~~~~[0m

  [96msrc/services/project.service.ts[0m:[93m150[0m:[93m20[0m
    [7m150[0m     handleUpdate = ({ proejct_id, lang, body }) => {
    [7m   [0m [96m                   ~~~~~~~~~~~~~~~~~~~~~~~~~~~~~~~~~[0m
    Did you mean to mark this function as 'async'?
[96msrc/services/project.service.ts[0m:[93m160[0m:[93m33[0m - [91merror[0m[90m TS2304: [0mCannot find name 'id'.

[7m160[0m                     project_id: id,
[7m   [0m [91m                                ~~[0m

    at createTSError (/Users/toannguyen/Documents/Source/tn-uptech-backend/node_modules/ts-node/src/index.ts:859:12)
    at reportTSError (/Users/toannguyen/Documents/Source/tn-uptech-backend/node_modules/ts-node/src/index.ts:863:19)
    at getOutput (/Users/toannguyen/Documents/Source/tn-uptech-backend/node_modules/ts-node/src/index.ts:1077:36)
    at Object.compile (/Users/toannguyen/Documents/Source/tn-uptech-backend/node_modules/ts-node/src/index.ts:1433:41)
    at Module.m._compile (/Users/toannguyen/Documents/Source/tn-uptech-backend/node_modules/ts-node/src/index.ts:1617:30)
    at Module._extensions..js (node:internal/modules/cjs/loader:1245:10)
    at Object.require.extensions.<computed> [as .ts] (/Users/toannguyen/Documents/Source/tn-uptech-backend/node_modules/ts-node/src/index.ts:1621:12)
    at Module.load (node:internal/modules/cjs/loader:1069:32)
    at Function.Module._load (node:internal/modules/cjs/loader:904:12)
    at Module.require (node:internal/modules/cjs/loader:1093:19)
2023-04-02 15:47:42 error: uncaughtException: тип Unable to compile TypeScript:
[96msrc/services/project.service.ts[0m:[93m160[0m:[93m33[0m - [91merror[0m[90m TS2304: [0mCannot find name 'id'.

[7m160[0m                     project_id: id,
[7m   [0m [91m                                ~~[0m

TSError: тип Unable to compile TypeScript:
[96msrc/services/project.service.ts[0m:[93m160[0m:[93m33[0m - [91merror[0m[90m TS2304: [0mCannot find name 'id'.

[7m160[0m                     project_id: id,
[7m   [0m [91m                                ~~[0m

    at createTSError (/Users/toannguyen/Documents/Source/tn-uptech-backend/node_modules/ts-node/src/index.ts:859:12)
    at reportTSError (/Users/toannguyen/Documents/Source/tn-uptech-backend/node_modules/ts-node/src/index.ts:863:19)
    at getOutput (/Users/toannguyen/Documents/Source/tn-uptech-backend/node_modules/ts-node/src/index.ts:1077:36)
    at Object.compile (/Users/toannguyen/Documents/Source/tn-uptech-backend/node_modules/ts-node/src/index.ts:1433:41)
    at Module.m._compile (/Users/toannguyen/Documents/Source/tn-uptech-backend/node_modules/ts-node/src/index.ts:1617:30)
    at Module._extensions..js (node:internal/modules/cjs/loader:1245:10)
    at Object.require.extensions.<computed> [as .ts] (/Users/toannguyen/Documents/Source/tn-uptech-backend/node_modules/ts-node/src/index.ts:1621:12)
    at Module.load (node:internal/modules/cjs/loader:1069:32)
    at Function.Module._load (node:internal/modules/cjs/loader:904:12)
    at Module.require (node:internal/modules/cjs/loader:1093:19)
2023-04-02 15:47:48 error: uncaughtException: тип Unable to compile TypeScript:
[96msrc/services/project.service.ts[0m:[93m160[0m:[93m21[0m - [91merror[0m[90m TS2552: [0mCannot find name 'project_id'. Did you mean 'proejct_id'?

[7m160[0m                     project_id,
[7m   [0m [91m                    ~~~~~~~~~~[0m

  [96msrc/services/project.service.ts[0m:[93m150[0m:[93m29[0m
    [7m150[0m     handleUpdate = async ({ proejct_id, lang, body }) => {
    [7m   [0m [96m                            ~~~~~~~~~~[0m
    'proejct_id' is declared here.

TSError: тип Unable to compile TypeScript:
[96msrc/services/project.service.ts[0m:[93m160[0m:[93m21[0m - [91merror[0m[90m TS2552: [0mCannot find name 'project_id'. Did you mean 'proejct_id'?

[7m160[0m                     project_id,
[7m   [0m [91m                    ~~~~~~~~~~[0m

  [96msrc/services/project.service.ts[0m:[93m150[0m:[93m29[0m
    [7m150[0m     handleUpdate = async ({ proejct_id, lang, body }) => {
    [7m   [0m [96m                            ~~~~~~~~~~[0m
    'proejct_id' is declared here.

    at createTSError (/Users/toannguyen/Documents/Source/tn-uptech-backend/node_modules/ts-node/src/index.ts:859:12)
    at reportTSError (/Users/toannguyen/Documents/Source/tn-uptech-backend/node_modules/ts-node/src/index.ts:863:19)
    at getOutput (/Users/toannguyen/Documents/Source/tn-uptech-backend/node_modules/ts-node/src/index.ts:1077:36)
    at Object.compile (/Users/toannguyen/Documents/Source/tn-uptech-backend/node_modules/ts-node/src/index.ts:1433:41)
    at Module.m._compile (/Users/toannguyen/Documents/Source/tn-uptech-backend/node_modules/ts-node/src/index.ts:1617:30)
    at Module._extensions..js (node:internal/modules/cjs/loader:1245:10)
    at Object.require.extensions.<computed> [as .ts] (/Users/toannguyen/Documents/Source/tn-uptech-backend/node_modules/ts-node/src/index.ts:1621:12)
    at Module.load (node:internal/modules/cjs/loader:1069:32)
    at Function.Module._load (node:internal/modules/cjs/loader:904:12)
    at Module.require (node:internal/modules/cjs/loader:1093:19)
2023-04-02 15:47:53 error: uncaughtException: тип Unable to compile TypeScript:
[96msrc/services/project.service.ts[0m:[93m160[0m:[93m21[0m - [91merror[0m[90m TS2552: [0mCannot find name 'project_id'. Did you mean 'proejct_id'?

[7m160[0m                     project_id,
[7m   [0m [91m                    ~~~~~~~~~~[0m

  [96msrc/services/project.service.ts[0m:[93m150[0m:[93m29[0m
    [7m150[0m     handleUpdate = async ({ proejct_id, lang, body }) => {
    [7m   [0m [96m                            ~~~~~~~~~~[0m
    'proejct_id' is declared here.

TSError: тип Unable to compile TypeScript:
[96msrc/services/project.service.ts[0m:[93m160[0m:[93m21[0m - [91merror[0m[90m TS2552: [0mCannot find name 'project_id'. Did you mean 'proejct_id'?

[7m160[0m                     project_id,
[7m   [0m [91m                    ~~~~~~~~~~[0m

  [96msrc/services/project.service.ts[0m:[93m150[0m:[93m29[0m
    [7m150[0m     handleUpdate = async ({ proejct_id, lang, body }) => {
    [7m   [0m [96m                            ~~~~~~~~~~[0m
    'proejct_id' is declared here.

    at createTSError (/Users/toannguyen/Documents/Source/tn-uptech-backend/node_modules/ts-node/src/index.ts:859:12)
    at reportTSError (/Users/toannguyen/Documents/Source/tn-uptech-backend/node_modules/ts-node/src/index.ts:863:19)
    at getOutput (/Users/toannguyen/Documents/Source/tn-uptech-backend/node_modules/ts-node/src/index.ts:1077:36)
    at Object.compile (/Users/toannguyen/Documents/Source/tn-uptech-backend/node_modules/ts-node/src/index.ts:1433:41)
    at Module.m._compile (/Users/toannguyen/Documents/Source/tn-uptech-backend/node_modules/ts-node/src/index.ts:1617:30)
    at Module._extensions..js (node:internal/modules/cjs/loader:1245:10)
    at Object.require.extensions.<computed> [as .ts] (/Users/toannguyen/Documents/Source/tn-uptech-backend/node_modules/ts-node/src/index.ts:1621:12)
    at Module.load (node:internal/modules/cjs/loader:1069:32)
    at Function.Module._load (node:internal/modules/cjs/loader:904:12)
    at Module.require (node:internal/modules/cjs/loader:1093:19)
2023-04-02 15:48:59 error: uncaughtException: тип Unable to compile TypeScript:
[96msrc/services/project.service.ts[0m:[93m118[0m:[93m41[0m - [91merror[0m[90m TS2552: [0mCannot find name 'project_id'. Did you mean 'ProjectDTO'?

[7m118[0m                     this.handleUpdate({ project_id, "vi", body });
[7m   [0m [91m                                        ~~~~~~~~~~[0m
[96msrc/services/project.service.ts[0m:[93m118[0m:[93m53[0m - [91merror[0m[90m TS2345: [0mArgument of type '{ project_id: any; vi: any; body: any; }' is not assignable to parameter of type '{ project_id: any; lang: any; body: any; }'.
  Object literal may only specify known properties, and '"vi"' does not exist in type '{ project_id: any; lang: any; body: any; }'.

[7m118[0m                     this.handleUpdate({ project_id, "vi", body });
[7m   [0m [91m                                                    ~~~~[0m
[96msrc/services/project.service.ts[0m:[93m119[0m:[93m41[0m - [91merror[0m[90m TS2552: [0mCannot find name 'project_id'. Did you mean 'ProjectDTO'?

[7m119[0m                     this.handleUpdate({ project_id, "vi", body });
[7m   [0m [91m                                        ~~~~~~~~~~[0m
[96msrc/services/project.service.ts[0m:[93m119[0m:[93m53[0m - [91merror[0m[90m TS2345: [0mArgument of type '{ project_id: any; vi: any; body: any; }' is not assignable to parameter of type '{ project_id: any; lang: any; body: any; }'.
  Object literal may only specify known properties, and '"vi"' does not exist in type '{ project_id: any; lang: any; body: any; }'.

[7m119[0m                     this.handleUpdate({ project_id, "vi", body });
[7m   [0m [91m                                                    ~~~~[0m
[96msrc/services/project.service.ts[0m:[93m118[0m:[93m57[0m - [91merror[0m[90m TS1005: [0m':' expected.

[7m118[0m                     this.handleUpdate({ project_id, "vi", body });
[7m   [0m [91m                                                        ~[0m
[96msrc/services/project.service.ts[0m:[93m119[0m:[93m57[0m - [91merror[0m[90m TS1005: [0m':' expected.

[7m119[0m                     this.handleUpdate({ project_id, "vi", body });
[7m   [0m [91m                                                        ~[0m
[96msrc/services/project.service.ts[0m:[93m121[0m:[93m18[0m - [91merror[0m[90m TS1128: [0mDeclaration or statement expected.

[7m121[0m                 });
[7m   [0m [91m                 ~[0m

TSError: тип Unable to compile TypeScript:
[96msrc/services/project.service.ts[0m:[93m118[0m:[93m41[0m - [91merror[0m[90m TS2552: [0mCannot find name 'project_id'. Did you mean 'ProjectDTO'?

[7m118[0m                     this.handleUpdate({ project_id, "vi", body });
[7m   [0m [91m                                        ~~~~~~~~~~[0m
[96msrc/services/project.service.ts[0m:[93m118[0m:[93m53[0m - [91merror[0m[90m TS2345: [0mArgument of type '{ project_id: any; vi: any; body: any; }' is not assignable to parameter of type '{ project_id: any; lang: any; body: any; }'.
  Object literal may only specify known properties, and '"vi"' does not exist in type '{ project_id: any; lang: any; body: any; }'.

[7m118[0m                     this.handleUpdate({ project_id, "vi", body });
[7m   [0m [91m                                                    ~~~~[0m
[96msrc/services/project.service.ts[0m:[93m119[0m:[93m41[0m - [91merror[0m[90m TS2552: [0mCannot find name 'project_id'. Did you mean 'ProjectDTO'?

[7m119[0m                     this.handleUpdate({ project_id, "vi", body });
[7m   [0m [91m                                        ~~~~~~~~~~[0m
[96msrc/services/project.service.ts[0m:[93m119[0m:[93m53[0m - [91merror[0m[90m TS2345: [0mArgument of type '{ project_id: any; vi: any; body: any; }' is not assignable to parameter of type '{ project_id: any; lang: any; body: any; }'.
  Object literal may only specify known properties, and '"vi"' does not exist in type '{ project_id: any; lang: any; body: any; }'.

[7m119[0m                     this.handleUpdate({ project_id, "vi", body });
[7m   [0m [91m                                                    ~~~~[0m
[96msrc/services/project.service.ts[0m:[93m118[0m:[93m57[0m - [91merror[0m[90m TS1005: [0m':' expected.

[7m118[0m                     this.handleUpdate({ project_id, "vi", body });
[7m   [0m [91m                                                        ~[0m
[96msrc/services/project.service.ts[0m:[93m119[0m:[93m57[0m - [91merror[0m[90m TS1005: [0m':' expected.

[7m119[0m                     this.handleUpdate({ project_id, "vi", body });
[7m   [0m [91m                                                        ~[0m
[96msrc/services/project.service.ts[0m:[93m121[0m:[93m18[0m - [91merror[0m[90m TS1128: [0mDeclaration or statement expected.

[7m121[0m                 });
[7m   [0m [91m                 ~[0m

    at createTSError (/Users/toannguyen/Documents/Source/tn-uptech-backend/node_modules/ts-node/src/index.ts:859:12)
    at reportTSError (/Users/toannguyen/Documents/Source/tn-uptech-backend/node_modules/ts-node/src/index.ts:863:19)
    at getOutput (/Users/toannguyen/Documents/Source/tn-uptech-backend/node_modules/ts-node/src/index.ts:1077:36)
    at Object.compile (/Users/toannguyen/Documents/Source/tn-uptech-backend/node_modules/ts-node/src/index.ts:1433:41)
    at Module.m._compile (/Users/toannguyen/Documents/Source/tn-uptech-backend/node_modules/ts-node/src/index.ts:1617:30)
    at Module._extensions..js (node:internal/modules/cjs/loader:1245:10)
    at Object.require.extensions.<computed> [as .ts] (/Users/toannguyen/Documents/Source/tn-uptech-backend/node_modules/ts-node/src/index.ts:1621:12)
    at Module.load (node:internal/modules/cjs/loader:1069:32)
    at Function.Module._load (node:internal/modules/cjs/loader:904:12)
    at Module.require (node:internal/modules/cjs/loader:1093:19)
2023-04-02 15:49:08 error: uncaughtException: тип Unable to compile TypeScript:
[96msrc/services/project.service.ts[0m:[93m118[0m:[93m41[0m - [91merror[0m[90m TS2552: [0mCannot find name 'project_id'. Did you mean 'ProjectDTO'?

[7m118[0m                     this.handleUpdate({ project_id, "vi", body });
[7m   [0m [91m                                        ~~~~~~~~~~[0m
[96msrc/services/project.service.ts[0m:[93m118[0m:[93m53[0m - [91merror[0m[90m TS2345: [0mArgument of type '{ project_id: any; vi: any; body: any; }' is not assignable to parameter of type '{ project_id: any; lang: any; body: any; }'.
  Object literal may only specify known properties, and '"vi"' does not exist in type '{ project_id: any; lang: any; body: any; }'.

[7m118[0m                     this.handleUpdate({ project_id, "vi", body });
[7m   [0m [91m                                                    ~~~~[0m
[96msrc/services/project.service.ts[0m:[93m119[0m:[93m41[0m - [91merror[0m[90m TS2552: [0mCannot find name 'project_id'. Did you mean 'ProjectDTO'?

[7m119[0m                     this.handleUpdate({ project_id, "vi", body });
[7m   [0m [91m                                        ~~~~~~~~~~[0m
[96msrc/services/project.service.ts[0m:[93m119[0m:[93m53[0m - [91merror[0m[90m TS2345: [0mArgument of type '{ project_id: any; vi: any; body: any; }' is not assignable to parameter of type '{ project_id: any; lang: any; body: any; }'.
  Object literal may only specify known properties, and '"vi"' does not exist in type '{ project_id: any; lang: any; body: any; }'.

[7m119[0m                     this.handleUpdate({ project_id, "vi", body });
[7m   [0m [91m                                                    ~~~~[0m
[96msrc/services/project.service.ts[0m:[93m118[0m:[93m57[0m - [91merror[0m[90m TS1005: [0m':' expected.

[7m118[0m                     this.handleUpdate({ project_id, "vi", body });
[7m   [0m [91m                                                        ~[0m
[96msrc/services/project.service.ts[0m:[93m119[0m:[93m57[0m - [91merror[0m[90m TS1005: [0m':' expected.

[7m119[0m                     this.handleUpdate({ project_id, "vi", body });
[7m   [0m [91m                                                        ~[0m
[96msrc/services/project.service.ts[0m:[93m120[0m:[93m18[0m - [91merror[0m[90m TS1128: [0mDeclaration or statement expected.

[7m120[0m                 });
[7m   [0m [91m                 ~[0m

TSError: тип Unable to compile TypeScript:
[96msrc/services/project.service.ts[0m:[93m118[0m:[93m41[0m - [91merror[0m[90m TS2552: [0mCannot find name 'project_id'. Did you mean 'ProjectDTO'?

[7m118[0m                     this.handleUpdate({ project_id, "vi", body });
[7m   [0m [91m                                        ~~~~~~~~~~[0m
[96msrc/services/project.service.ts[0m:[93m118[0m:[93m53[0m - [91merror[0m[90m TS2345: [0mArgument of type '{ project_id: any; vi: any; body: any; }' is not assignable to parameter of type '{ project_id: any; lang: any; body: any; }'.
  Object literal may only specify known properties, and '"vi"' does not exist in type '{ project_id: any; lang: any; body: any; }'.

[7m118[0m                     this.handleUpdate({ project_id, "vi", body });
[7m   [0m [91m                                                    ~~~~[0m
[96msrc/services/project.service.ts[0m:[93m119[0m:[93m41[0m - [91merror[0m[90m TS2552: [0mCannot find name 'project_id'. Did you mean 'ProjectDTO'?

[7m119[0m                     this.handleUpdate({ project_id, "vi", body });
[7m   [0m [91m                                        ~~~~~~~~~~[0m
[96msrc/services/project.service.ts[0m:[93m119[0m:[93m53[0m - [91merror[0m[90m TS2345: [0mArgument of type '{ project_id: any; vi: any; body: any; }' is not assignable to parameter of type '{ project_id: any; lang: any; body: any; }'.
  Object literal may only specify known properties, and '"vi"' does not exist in type '{ project_id: any; lang: any; body: any; }'.

[7m119[0m                     this.handleUpdate({ project_id, "vi", body });
[7m   [0m [91m                                                    ~~~~[0m
[96msrc/services/project.service.ts[0m:[93m118[0m:[93m57[0m - [91merror[0m[90m TS1005: [0m':' expected.

[7m118[0m                     this.handleUpdate({ project_id, "vi", body });
[7m   [0m [91m                                                        ~[0m
[96msrc/services/project.service.ts[0m:[93m119[0m:[93m57[0m - [91merror[0m[90m TS1005: [0m':' expected.

[7m119[0m                     this.handleUpdate({ project_id, "vi", body });
[7m   [0m [91m                                                        ~[0m
[96msrc/services/project.service.ts[0m:[93m120[0m:[93m18[0m - [91merror[0m[90m TS1128: [0mDeclaration or statement expected.

[7m120[0m                 });
[7m   [0m [91m                 ~[0m

    at createTSError (/Users/toannguyen/Documents/Source/tn-uptech-backend/node_modules/ts-node/src/index.ts:859:12)
    at reportTSError (/Users/toannguyen/Documents/Source/tn-uptech-backend/node_modules/ts-node/src/index.ts:863:19)
    at getOutput (/Users/toannguyen/Documents/Source/tn-uptech-backend/node_modules/ts-node/src/index.ts:1077:36)
    at Object.compile (/Users/toannguyen/Documents/Source/tn-uptech-backend/node_modules/ts-node/src/index.ts:1433:41)
    at Module.m._compile (/Users/toannguyen/Documents/Source/tn-uptech-backend/node_modules/ts-node/src/index.ts:1617:30)
    at Module._extensions..js (node:internal/modules/cjs/loader:1245:10)
    at Object.require.extensions.<computed> [as .ts] (/Users/toannguyen/Documents/Source/tn-uptech-backend/node_modules/ts-node/src/index.ts:1621:12)
    at Module.load (node:internal/modules/cjs/loader:1069:32)
    at Function.Module._load (node:internal/modules/cjs/loader:904:12)
    at Module.require (node:internal/modules/cjs/loader:1093:19)
2023-04-02 15:49:21 error: uncaughtException: тип Unable to compile TypeScript:
[96msrc/services/project.service.ts[0m:[93m118[0m:[93m41[0m - [91merror[0m[90m TS2345: [0mArgument of type '{ id: string; vi: any; body: any; }' is not assignable to parameter of type '{ project_id: any; lang: any; body: any; }'.
  Object literal may only specify known properties, and 'id' does not exist in type '{ project_id: any; lang: any; body: any; }'.

[7m118[0m                     this.handleUpdate({ id, "vi", body });
[7m   [0m [91m                                        ~~[0m
[96msrc/services/project.service.ts[0m:[93m118[0m:[93m49[0m - [91merror[0m[90m TS1005: [0m':' expected.

[7m118[0m                     this.handleUpdate({ id, "vi", body });
[7m   [0m [91m                                                ~[0m

TSError: тип Unable to compile TypeScript:
[96msrc/services/project.service.ts[0m:[93m118[0m:[93m41[0m - [91merror[0m[90m TS2345: [0mArgument of type '{ id: string; vi: any; body: any; }' is not assignable to parameter of type '{ project_id: any; lang: any; body: any; }'.
  Object literal may only specify known properties, and 'id' does not exist in type '{ project_id: any; lang: any; body: any; }'.

[7m118[0m                     this.handleUpdate({ id, "vi", body });
[7m   [0m [91m                                        ~~[0m
[96msrc/services/project.service.ts[0m:[93m118[0m:[93m49[0m - [91merror[0m[90m TS1005: [0m':' expected.

[7m118[0m                     this.handleUpdate({ id, "vi", body });
[7m   [0m [91m                                                ~[0m

    at createTSError (/Users/toannguyen/Documents/Source/tn-uptech-backend/node_modules/ts-node/src/index.ts:859:12)
    at reportTSError (/Users/toannguyen/Documents/Source/tn-uptech-backend/node_modules/ts-node/src/index.ts:863:19)
    at getOutput (/Users/toannguyen/Documents/Source/tn-uptech-backend/node_modules/ts-node/src/index.ts:1077:36)
    at Object.compile (/Users/toannguyen/Documents/Source/tn-uptech-backend/node_modules/ts-node/src/index.ts:1433:41)
    at Module.m._compile (/Users/toannguyen/Documents/Source/tn-uptech-backend/node_modules/ts-node/src/index.ts:1617:30)
    at Module._extensions..js (node:internal/modules/cjs/loader:1245:10)
    at Object.require.extensions.<computed> [as .ts] (/Users/toannguyen/Documents/Source/tn-uptech-backend/node_modules/ts-node/src/index.ts:1621:12)
    at Module.load (node:internal/modules/cjs/loader:1069:32)
    at Function.Module._load (node:internal/modules/cjs/loader:904:12)
    at Module.require (node:internal/modules/cjs/loader:1093:19)
2023-04-02 15:49:41 error: uncaughtException: тип Unable to compile TypeScript:
[96msrc/services/project.service.ts[0m:[93m118[0m:[93m19[0m - [91merror[0m[90m TS2304: [0mCannot find name 'async'.

[7m118[0m                   async  this.handleUpdate({ id, "vi", body });
[7m   [0m [91m                  ~~~~~[0m
[96msrc/services/project.service.ts[0m:[93m118[0m:[93m46[0m - [91merror[0m[90m TS2345: [0mArgument of type '{ id: string; vi: any; body: any; }' is not assignable to parameter of type '{ project_id: any; lang: any; body: any; }'.
  Object literal may only specify known properties, and 'id' does not exist in type '{ project_id: any; lang: any; body: any; }'.

[7m118[0m                   async  this.handleUpdate({ id, "vi", body });
[7m   [0m [91m                                             ~~[0m
[96msrc/services/project.service.ts[0m:[93m118[0m:[93m19[0m - [91merror[0m[90m TS1434: [0mUnexpected keyword or identifier.

[7m118[0m                   async  this.handleUpdate({ id, "vi", body });
[7m   [0m [91m                  ~~~~~[0m
[96msrc/services/project.service.ts[0m:[93m118[0m:[93m54[0m - [91merror[0m[90m TS1005: [0m':' expected.

[7m118[0m                   async  this.handleUpdate({ id, "vi", body });
[7m   [0m [91m                                                     ~[0m

TSError: тип Unable to compile TypeScript:
[96msrc/services/project.service.ts[0m:[93m118[0m:[93m19[0m - [91merror[0m[90m TS2304: [0mCannot find name 'async'.

[7m118[0m                   async  this.handleUpdate({ id, "vi", body });
[7m   [0m [91m                  ~~~~~[0m
[96msrc/services/project.service.ts[0m:[93m118[0m:[93m46[0m - [91merror[0m[90m TS2345: [0mArgument of type '{ id: string; vi: any; body: any; }' is not assignable to parameter of type '{ project_id: any; lang: any; body: any; }'.
  Object literal may only specify known properties, and 'id' does not exist in type '{ project_id: any; lang: any; body: any; }'.

[7m118[0m                   async  this.handleUpdate({ id, "vi", body });
[7m   [0m [91m                                             ~~[0m
[96msrc/services/project.service.ts[0m:[93m118[0m:[93m19[0m - [91merror[0m[90m TS1434: [0mUnexpected keyword or identifier.

[7m118[0m                   async  this.handleUpdate({ id, "vi", body });
[7m   [0m [91m                  ~~~~~[0m
[96msrc/services/project.service.ts[0m:[93m118[0m:[93m54[0m - [91merror[0m[90m TS1005: [0m':' expected.

[7m118[0m                   async  this.handleUpdate({ id, "vi", body });
[7m   [0m [91m                                                     ~[0m

    at createTSError (/Users/toannguyen/Documents/Source/tn-uptech-backend/node_modules/ts-node/src/index.ts:859:12)
    at reportTSError (/Users/toannguyen/Documents/Source/tn-uptech-backend/node_modules/ts-node/src/index.ts:863:19)
    at getOutput (/Users/toannguyen/Documents/Source/tn-uptech-backend/node_modules/ts-node/src/index.ts:1077:36)
    at Object.compile (/Users/toannguyen/Documents/Source/tn-uptech-backend/node_modules/ts-node/src/index.ts:1433:41)
    at Module.m._compile (/Users/toannguyen/Documents/Source/tn-uptech-backend/node_modules/ts-node/src/index.ts:1617:30)
    at Module._extensions..js (node:internal/modules/cjs/loader:1245:10)
    at Object.require.extensions.<computed> [as .ts] (/Users/toannguyen/Documents/Source/tn-uptech-backend/node_modules/ts-node/src/index.ts:1621:12)
    at Module.load (node:internal/modules/cjs/loader:1069:32)
    at Function.Module._load (node:internal/modules/cjs/loader:904:12)
    at Module.require (node:internal/modules/cjs/loader:1093:19)
2023-04-02 15:49:50 error: uncaughtException: тип Unable to compile TypeScript:
[96msrc/services/project.service.ts[0m:[93m118[0m:[93m47[0m - [91merror[0m[90m TS2345: [0mArgument of type '{ id: string; vi: any; body: any; }' is not assignable to parameter of type '{ project_id: any; lang: any; body: any; }'.
  Object literal may only specify known properties, and 'id' does not exist in type '{ project_id: any; lang: any; body: any; }'.

[7m118[0m                     await this.handleUpdate({ id, "vi", body });
[7m   [0m [91m                                              ~~[0m
[96msrc/services/project.service.ts[0m:[93m118[0m:[93m55[0m - [91merror[0m[90m TS1005: [0m':' expected.

[7m118[0m                     await this.handleUpdate({ id, "vi", body });
[7m   [0m [91m                                                      ~[0m

TSError: тип Unable to compile TypeScript:
[96msrc/services/project.service.ts[0m:[93m118[0m:[93m47[0m - [91merror[0m[90m TS2345: [0mArgument of type '{ id: string; vi: any; body: any; }' is not assignable to parameter of type '{ project_id: any; lang: any; body: any; }'.
  Object literal may only specify known properties, and 'id' does not exist in type '{ project_id: any; lang: any; body: any; }'.

[7m118[0m                     await this.handleUpdate({ id, "vi", body });
[7m   [0m [91m                                              ~~[0m
[96msrc/services/project.service.ts[0m:[93m118[0m:[93m55[0m - [91merror[0m[90m TS1005: [0m':' expected.

[7m118[0m                     await this.handleUpdate({ id, "vi", body });
[7m   [0m [91m                                                      ~[0m

    at createTSError (/Users/toannguyen/Documents/Source/tn-uptech-backend/node_modules/ts-node/src/index.ts:859:12)
    at reportTSError (/Users/toannguyen/Documents/Source/tn-uptech-backend/node_modules/ts-node/src/index.ts:863:19)
    at getOutput (/Users/toannguyen/Documents/Source/tn-uptech-backend/node_modules/ts-node/src/index.ts:1077:36)
    at Object.compile (/Users/toannguyen/Documents/Source/tn-uptech-backend/node_modules/ts-node/src/index.ts:1433:41)
    at Module.m._compile (/Users/toannguyen/Documents/Source/tn-uptech-backend/node_modules/ts-node/src/index.ts:1617:30)
    at Module._extensions..js (node:internal/modules/cjs/loader:1245:10)
    at Object.require.extensions.<computed> [as .ts] (/Users/toannguyen/Documents/Source/tn-uptech-backend/node_modules/ts-node/src/index.ts:1621:12)
    at Module.load (node:internal/modules/cjs/loader:1069:32)
    at Function.Module._load (node:internal/modules/cjs/loader:904:12)
    at Module.require (node:internal/modules/cjs/loader:1093:19)
2023-04-02 15:49:58 error: uncaughtException: тип Unable to compile TypeScript:
[96msrc/services/project.service.ts[0m:[93m118[0m:[93m47[0m - [91merror[0m[90m TS2345: [0mArgument of type '{ id: string; vi: any; body: any; }' is not assignable to parameter of type '{ project_id: any; lang: any; body: any; }'.
  Object literal may only specify known properties, and 'id' does not exist in type '{ project_id: any; lang: any; body: any; }'.

[7m118[0m                     await this.handleUpdate({ id: id, "vi", body });
[7m   [0m [91m                                              ~~~~~~[0m
[96msrc/services/project.service.ts[0m:[93m118[0m:[93m59[0m - [91merror[0m[90m TS1005: [0m':' expected.

[7m118[0m                     await this.handleUpdate({ id: id, "vi", body });
[7m   [0m [91m                                                          ~[0m

TSError: тип Unable to compile TypeScript:
[96msrc/services/project.service.ts[0m:[93m118[0m:[93m47[0m - [91merror[0m[90m TS2345: [0mArgument of type '{ id: string; vi: any; body: any; }' is not assignable to parameter of type '{ project_id: any; lang: any; body: any; }'.
  Object literal may only specify known properties, and 'id' does not exist in type '{ project_id: any; lang: any; body: any; }'.

[7m118[0m                     await this.handleUpdate({ id: id, "vi", body });
[7m   [0m [91m                                              ~~~~~~[0m
[96msrc/services/project.service.ts[0m:[93m118[0m:[93m59[0m - [91merror[0m[90m TS1005: [0m':' expected.

[7m118[0m                     await this.handleUpdate({ id: id, "vi", body });
[7m   [0m [91m                                                          ~[0m

    at createTSError (/Users/toannguyen/Documents/Source/tn-uptech-backend/node_modules/ts-node/src/index.ts:859:12)
    at reportTSError (/Users/toannguyen/Documents/Source/tn-uptech-backend/node_modules/ts-node/src/index.ts:863:19)
    at getOutput (/Users/toannguyen/Documents/Source/tn-uptech-backend/node_modules/ts-node/src/index.ts:1077:36)
    at Object.compile (/Users/toannguyen/Documents/Source/tn-uptech-backend/node_modules/ts-node/src/index.ts:1433:41)
    at Module.m._compile (/Users/toannguyen/Documents/Source/tn-uptech-backend/node_modules/ts-node/src/index.ts:1617:30)
    at Module._extensions..js (node:internal/modules/cjs/loader:1245:10)
    at Object.require.extensions.<computed> [as .ts] (/Users/toannguyen/Documents/Source/tn-uptech-backend/node_modules/ts-node/src/index.ts:1621:12)
    at Module.load (node:internal/modules/cjs/loader:1069:32)
    at Function.Module._load (node:internal/modules/cjs/loader:904:12)
    at Module.require (node:internal/modules/cjs/loader:1093:19)
2023-04-02 15:50:16 error: uncaughtException: тип Unable to compile TypeScript:
[96msrc/services/project.service.ts[0m:[93m118[0m:[93m63[0m - [91merror[0m[90m TS2345: [0mArgument of type '{ project_id: string; vi: any; body: any; }' is not assignable to parameter of type '{ project_id: any; lang: any; body: any; }'.
  Object literal may only specify known properties, and '"vi"' does not exist in type '{ project_id: any; lang: any; body: any; }'.

[7m118[0m                     await this.handleUpdate({ project_id: id, "vi", body });
[7m   [0m [91m                                                              ~~~~[0m
[96msrc/services/project.service.ts[0m:[93m118[0m:[93m67[0m - [91merror[0m[90m TS1005: [0m':' expected.

[7m118[0m                     await this.handleUpdate({ project_id: id, "vi", body });
[7m   [0m [91m                                                                  ~[0m

TSError: тип Unable to compile TypeScript:
[96msrc/services/project.service.ts[0m:[93m118[0m:[93m63[0m - [91merror[0m[90m TS2345: [0mArgument of type '{ project_id: string; vi: any; body: any; }' is not assignable to parameter of type '{ project_id: any; lang: any; body: any; }'.
  Object literal may only specify known properties, and '"vi"' does not exist in type '{ project_id: any; lang: any; body: any; }'.

[7m118[0m                     await this.handleUpdate({ project_id: id, "vi", body });
[7m   [0m [91m                                                              ~~~~[0m
[96msrc/services/project.service.ts[0m:[93m118[0m:[93m67[0m - [91merror[0m[90m TS1005: [0m':' expected.

[7m118[0m                     await this.handleUpdate({ project_id: id, "vi", body });
[7m   [0m [91m                                                                  ~[0m

    at createTSError (/Users/toannguyen/Documents/Source/tn-uptech-backend/node_modules/ts-node/src/index.ts:859:12)
    at reportTSError (/Users/toannguyen/Documents/Source/tn-uptech-backend/node_modules/ts-node/src/index.ts:863:19)
    at getOutput (/Users/toannguyen/Documents/Source/tn-uptech-backend/node_modules/ts-node/src/index.ts:1077:36)
    at Object.compile (/Users/toannguyen/Documents/Source/tn-uptech-backend/node_modules/ts-node/src/index.ts:1433:41)
    at Module.m._compile (/Users/toannguyen/Documents/Source/tn-uptech-backend/node_modules/ts-node/src/index.ts:1617:30)
    at Module._extensions..js (node:internal/modules/cjs/loader:1245:10)
    at Object.require.extensions.<computed> [as .ts] (/Users/toannguyen/Documents/Source/tn-uptech-backend/node_modules/ts-node/src/index.ts:1621:12)
    at Module.load (node:internal/modules/cjs/loader:1069:32)
    at Function.Module._load (node:internal/modules/cjs/loader:904:12)
    at Module.require (node:internal/modules/cjs/loader:1093:19)
2023-04-02 15:53:45 error: uncaughtException: тип Unable to compile TypeScript:
[96msrc/services/project.service.ts[0m:[93m122[0m:[93m22[0m - [91merror[0m[90m TS2552: [0mCannot find name 'error'. Did you mean 'Error'?

[7m122[0m             }).catch(error){
[7m   [0m [91m                     ~~~~~[0m

  [96mnode_modules/typescript/lib/lib.es5.d.ts[0m:[93m1039[0m:[93m13[0m
    [7m1039[0m declare var Error: ErrorConstructor;
    [7m    [0m [96m            ~~~~~[0m
    'Error' is declared here.
[96msrc/services/project.service.ts[0m:[93m123[0m:[93m25[0m - [91merror[0m[90m TS2552: [0mCannot find name 'error'. Did you mean 'Error'?

[7m123[0m             console.log(error);
[7m   [0m [91m                        ~~~~~[0m

  [96mnode_modules/typescript/lib/lib.es5.d.ts[0m:[93m1039[0m:[93m13[0m
    [7m1039[0m declare var Error: ErrorConstructor;
    [7m    [0m [96m            ~~~~~[0m
    'Error' is declared here.
[96msrc/services/project.service.ts[0m:[93m122[0m:[93m28[0m - [91merror[0m[90m TS1005: [0m';' expected.

[7m122[0m             }).catch(error){
[7m   [0m [91m                           ~[0m

TSError: тип Unable to compile TypeScript:
[96msrc/services/project.service.ts[0m:[93m122[0m:[93m22[0m - [91merror[0m[90m TS2552: [0mCannot find name 'error'. Did you mean 'Error'?

[7m122[0m             }).catch(error){
[7m   [0m [91m                     ~~~~~[0m

  [96mnode_modules/typescript/lib/lib.es5.d.ts[0m:[93m1039[0m:[93m13[0m
    [7m1039[0m declare var Error: ErrorConstructor;
    [7m    [0m [96m            ~~~~~[0m
    'Error' is declared here.
[96msrc/services/project.service.ts[0m:[93m123[0m:[93m25[0m - [91merror[0m[90m TS2552: [0mCannot find name 'error'. Did you mean 'Error'?

[7m123[0m             console.log(error);
[7m   [0m [91m                        ~~~~~[0m

  [96mnode_modules/typescript/lib/lib.es5.d.ts[0m:[93m1039[0m:[93m13[0m
    [7m1039[0m declare var Error: ErrorConstructor;
    [7m    [0m [96m            ~~~~~[0m
    'Error' is declared here.
[96msrc/services/project.service.ts[0m:[93m122[0m:[93m28[0m - [91merror[0m[90m TS1005: [0m';' expected.

[7m122[0m             }).catch(error){
[7m   [0m [91m                           ~[0m

    at createTSError (/Users/toannguyen/Documents/Source/tn-uptech-backend/node_modules/ts-node/src/index.ts:859:12)
    at reportTSError (/Users/toannguyen/Documents/Source/tn-uptech-backend/node_modules/ts-node/src/index.ts:863:19)
    at getOutput (/Users/toannguyen/Documents/Source/tn-uptech-backend/node_modules/ts-node/src/index.ts:1077:36)
    at Object.compile (/Users/toannguyen/Documents/Source/tn-uptech-backend/node_modules/ts-node/src/index.ts:1433:41)
    at Module.m._compile (/Users/toannguyen/Documents/Source/tn-uptech-backend/node_modules/ts-node/src/index.ts:1617:30)
    at Module._extensions..js (node:internal/modules/cjs/loader:1245:10)
    at Object.require.extensions.<computed> [as .ts] (/Users/toannguyen/Documents/Source/tn-uptech-backend/node_modules/ts-node/src/index.ts:1621:12)
    at Module.load (node:internal/modules/cjs/loader:1069:32)
    at Function.Module._load (node:internal/modules/cjs/loader:904:12)
    at Module.require (node:internal/modules/cjs/loader:1093:19)
2023-04-02 15:54:12 error: uncaughtException: тип Unable to compile TypeScript:
[96msrc/modules/controllers/project.controller.ts[0m:[93m55[0m:[93m40[0m - [91merror[0m[90m TS2339: [0mProperty 'deleteMultipleIds' does not exist on type 'ProjectService'.

[7m55[0m             const data = await project.deleteMultipleIds(ids);
[7m  [0m [91m                                       ~~~~~~~~~~~~~~~~~[0m
[96msrc/modules/controllers/project.controller.ts[0m:[93m64[0m:[93m40[0m - [91merror[0m[90m TS2339: [0mProperty 'deleteById' does not exist on type 'ProjectService'.

[7m64[0m             const data = await project.deleteById(req.params.id);
[7m  [0m [91m                                       ~~~~~~~~~~[0m

TSError: тип Unable to compile TypeScript:
[96msrc/modules/controllers/project.controller.ts[0m:[93m55[0m:[93m40[0m - [91merror[0m[90m TS2339: [0mProperty 'deleteMultipleIds' does not exist on type 'ProjectService'.

[7m55[0m             const data = await project.deleteMultipleIds(ids);
[7m  [0m [91m                                       ~~~~~~~~~~~~~~~~~[0m
[96msrc/modules/controllers/project.controller.ts[0m:[93m64[0m:[93m40[0m - [91merror[0m[90m TS2339: [0mProperty 'deleteById' does not exist on type 'ProjectService'.

[7m64[0m             const data = await project.deleteById(req.params.id);
[7m  [0m [91m                                       ~~~~~~~~~~[0m

    at createTSError (/Users/toannguyen/Documents/Source/tn-uptech-backend/node_modules/ts-node/src/index.ts:859:12)
    at reportTSError (/Users/toannguyen/Documents/Source/tn-uptech-backend/node_modules/ts-node/src/index.ts:863:19)
    at getOutput (/Users/toannguyen/Documents/Source/tn-uptech-backend/node_modules/ts-node/src/index.ts:1077:36)
    at Object.compile (/Users/toannguyen/Documents/Source/tn-uptech-backend/node_modules/ts-node/src/index.ts:1433:41)
    at Module.m._compile (/Users/toannguyen/Documents/Source/tn-uptech-backend/node_modules/ts-node/src/index.ts:1617:30)
    at Module._extensions..js (node:internal/modules/cjs/loader:1245:10)
    at Object.require.extensions.<computed> [as .ts] (/Users/toannguyen/Documents/Source/tn-uptech-backend/node_modules/ts-node/src/index.ts:1621:12)
    at Module.load (node:internal/modules/cjs/loader:1069:32)
    at Function.Module._load (node:internal/modules/cjs/loader:904:12)
    at Module.require (node:internal/modules/cjs/loader:1093:19)
2023-04-02 15:57:50 error: uncaughtException: тип Unable to compile TypeScript:
[96msrc/services/project.service.ts[0m:[93m119[0m:[93m80[0m - [91merror[0m[90m TS1109: [0mExpression expected.

[7m119[0m                     await this.handleUpdate({ project_id: id, lang: "en", body:; body });
[7m   [0m [91m                                                                               ~[0m

TSError: тип Unable to compile TypeScript:
[96msrc/services/project.service.ts[0m:[93m119[0m:[93m80[0m - [91merror[0m[90m TS1109: [0mExpression expected.

[7m119[0m                     await this.handleUpdate({ project_id: id, lang: "en", body:; body });
[7m   [0m [91m                                                                               ~[0m

    at createTSError (/Users/toannguyen/Documents/Source/tn-uptech-backend/node_modules/ts-node/src/index.ts:859:12)
    at reportTSError (/Users/toannguyen/Documents/Source/tn-uptech-backend/node_modules/ts-node/src/index.ts:863:19)
    at getOutput (/Users/toannguyen/Documents/Source/tn-uptech-backend/node_modules/ts-node/src/index.ts:1077:36)
    at Object.compile (/Users/toannguyen/Documents/Source/tn-uptech-backend/node_modules/ts-node/src/index.ts:1433:41)
    at Module.m._compile (/Users/toannguyen/Documents/Source/tn-uptech-backend/node_modules/ts-node/src/index.ts:1617:30)
    at Module._extensions..js (node:internal/modules/cjs/loader:1245:10)
    at Object.require.extensions.<computed> [as .ts] (/Users/toannguyen/Documents/Source/tn-uptech-backend/node_modules/ts-node/src/index.ts:1621:12)
    at Module.load (node:internal/modules/cjs/loader:1069:32)
    at Function.Module._load (node:internal/modules/cjs/loader:904:12)
    at Module.require (node:internal/modules/cjs/loader:1093:19)
2023-04-02 16:15:10 error: uncaughtException: тип Unable to compile TypeScript:
[96msrc/modules/controllers/project.controller.ts[0m:[93m11[0m:[93m40[0m - [91merror[0m[90m TS2554: [0mExpected 2 arguments, but got 1.

[7m11[0m             const data = await project.getList({ ...req.query });
[7m  [0m [91m                                       ~~~~~~~~~~~~~~~~~~~~~~~~~[0m

  [96msrc/services/project.service.ts[0m:[93m7[0m:[93m36[0m
    [7m7[0m     public getList = async (query, lang) => {
    [7m [0m [96m                                   ~~~~[0m
    An argument for 'lang' was not provided.

TSError: тип Unable to compile TypeScript:
[96msrc/modules/controllers/project.controller.ts[0m:[93m11[0m:[93m40[0m - [91merror[0m[90m TS2554: [0mExpected 2 arguments, but got 1.

[7m11[0m             const data = await project.getList({ ...req.query });
[7m  [0m [91m                                       ~~~~~~~~~~~~~~~~~~~~~~~~~[0m

  [96msrc/services/project.service.ts[0m:[93m7[0m:[93m36[0m
    [7m7[0m     public getList = async (query, lang) => {
    [7m [0m [96m                                   ~~~~[0m
    An argument for 'lang' was not provided.

    at createTSError (/Users/toannguyen/Documents/Source/tn-uptech-backend/node_modules/ts-node/src/index.ts:859:12)
    at reportTSError (/Users/toannguyen/Documents/Source/tn-uptech-backend/node_modules/ts-node/src/index.ts:863:19)
    at getOutput (/Users/toannguyen/Documents/Source/tn-uptech-backend/node_modules/ts-node/src/index.ts:1077:36)
    at Object.compile (/Users/toannguyen/Documents/Source/tn-uptech-backend/node_modules/ts-node/src/index.ts:1433:41)
    at Module.m._compile (/Users/toannguyen/Documents/Source/tn-uptech-backend/node_modules/ts-node/src/index.ts:1617:30)
    at Module._extensions..js (node:internal/modules/cjs/loader:1245:10)
    at Object.require.extensions.<computed> [as .ts] (/Users/toannguyen/Documents/Source/tn-uptech-backend/node_modules/ts-node/src/index.ts:1621:12)
    at Module.load (node:internal/modules/cjs/loader:1069:32)
    at Function.Module._load (node:internal/modules/cjs/loader:904:12)
    at Module.require (node:internal/modules/cjs/loader:1093:19)
2023-04-02 16:16:02 error: uncaughtException: тип Unable to compile TypeScript:
[96msrc/modules/controllers/project.controller.ts[0m:[93m11[0m:[93m40[0m - [91merror[0m[90m TS2554: [0mExpected 2 arguments, but got 1.

[7m11[0m             const data = await project.getList({ ...req.query });
[7m  [0m [91m                                       ~~~~~~~~~~~~~~~~~~~~~~~~~[0m

  [96msrc/services/project.service.ts[0m:[93m7[0m:[93m36[0m
    [7m7[0m     public getList = async (query, lang) => {
    [7m [0m [96m                                   ~~~~[0m
    An argument for 'lang' was not provided.

TSError: тип Unable to compile TypeScript:
[96msrc/modules/controllers/project.controller.ts[0m:[93m11[0m:[93m40[0m - [91merror[0m[90m TS2554: [0mExpected 2 arguments, but got 1.

[7m11[0m             const data = await project.getList({ ...req.query });
[7m  [0m [91m                                       ~~~~~~~~~~~~~~~~~~~~~~~~~[0m

  [96msrc/services/project.service.ts[0m:[93m7[0m:[93m36[0m
    [7m7[0m     public getList = async (query, lang) => {
    [7m [0m [96m                                   ~~~~[0m
    An argument for 'lang' was not provided.

    at createTSError (/Users/toannguyen/Documents/Source/tn-uptech-backend/node_modules/ts-node/src/index.ts:859:12)
    at reportTSError (/Users/toannguyen/Documents/Source/tn-uptech-backend/node_modules/ts-node/src/index.ts:863:19)
    at getOutput (/Users/toannguyen/Documents/Source/tn-uptech-backend/node_modules/ts-node/src/index.ts:1077:36)
    at Object.compile (/Users/toannguyen/Documents/Source/tn-uptech-backend/node_modules/ts-node/src/index.ts:1433:41)
    at Module.m._compile (/Users/toannguyen/Documents/Source/tn-uptech-backend/node_modules/ts-node/src/index.ts:1617:30)
    at Module._extensions..js (node:internal/modules/cjs/loader:1245:10)
    at Object.require.extensions.<computed> [as .ts] (/Users/toannguyen/Documents/Source/tn-uptech-backend/node_modules/ts-node/src/index.ts:1621:12)
    at Module.load (node:internal/modules/cjs/loader:1069:32)
    at Function.Module._load (node:internal/modules/cjs/loader:904:12)
    at Module.require (node:internal/modules/cjs/loader:1093:19)
