2023-06-24 14:37:15 error: uncaughtException: тип Unable to compile TypeScript:
[96msrc/infra/sequelize/models/postTranslation.model.ts[0m:[93m104[0m:[93m21[0m - [91merror[0m[90m TS2304: [0mCannot find name 'slugify'.

[7m104[0m         post.slug = slugify(post.name);
[7m   [0m [91m                    ~~~~~~~[0m

TSError: тип Unable to compile TypeScript:
[96msrc/infra/sequelize/models/postTranslation.model.ts[0m:[93m104[0m:[93m21[0m - [91merror[0m[90m TS2304: [0mCannot find name 'slugify'.

[7m104[0m         post.slug = slugify(post.name);
[7m   [0m [91m                    ~~~~~~~[0m

    at createTSError (/Users/toannguyen/Library/Mobile Documents/com~apple~CloudDocs/.Trash/Documents/tn-uptech-backend/node_modules/ts-node/src/index.ts:859:12)
    at reportTSError (/Users/toannguyen/Library/Mobile Documents/com~apple~CloudDocs/.Trash/Documents/tn-uptech-backend/node_modules/ts-node/src/index.ts:863:19)
    at getOutput (/Users/toannguyen/Library/Mobile Documents/com~apple~CloudDocs/.Trash/Documents/tn-uptech-backend/node_modules/ts-node/src/index.ts:1077:36)
    at Object.compile (/Users/toannguyen/Library/Mobile Documents/com~apple~CloudDocs/.Trash/Documents/tn-uptech-backend/node_modules/ts-node/src/index.ts:1433:41)
    at Module.m._compile (/Users/toannguyen/Library/Mobile Documents/com~apple~CloudDocs/.Trash/Documents/tn-uptech-backend/node_modules/ts-node/src/index.ts:1617:30)
    at Module._extensions..js (node:internal/modules/cjs/loader:1250:10)
    at Object.require.extensions.<computed> [as .ts] (/Users/toannguyen/Library/Mobile Documents/com~apple~CloudDocs/.Trash/Documents/tn-uptech-backend/node_modules/ts-node/src/index.ts:1621:12)
    at Module.load (node:internal/modules/cjs/loader:1074:32)
    at Function.Module._load (node:internal/modules/cjs/loader:909:12)
    at Module.require (node:internal/modules/cjs/loader:1098:19)
2023-06-24 14:38:53 error: uncaughtException: тип Unable to compile TypeScript:
[96msrc/infra/sequelize/models/postTranslation.model.ts[0m:[93m2[0m:[93m21[0m - [91merror[0m[90m TS2307: [0mCannot find module 'slugify' or its corresponding type declarations.

[7m2[0m import slugify from "slugify";
[7m [0m [91m                    ~~~~~~~~~[0m

TSError: тип Unable to compile TypeScript:
[96msrc/infra/sequelize/models/postTranslation.model.ts[0m:[93m2[0m:[93m21[0m - [91merror[0m[90m TS2307: [0mCannot find module 'slugify' or its corresponding type declarations.

[7m2[0m import slugify from "slugify";
[7m [0m [91m                    ~~~~~~~~~[0m

    at createTSError (/Users/toannguyen/Library/Mobile Documents/com~apple~CloudDocs/.Trash/Documents/tn-uptech-backend/node_modules/ts-node/src/index.ts:859:12)
    at reportTSError (/Users/toannguyen/Library/Mobile Documents/com~apple~CloudDocs/.Trash/Documents/tn-uptech-backend/node_modules/ts-node/src/index.ts:863:19)
    at getOutput (/Users/toannguyen/Library/Mobile Documents/com~apple~CloudDocs/.Trash/Documents/tn-uptech-backend/node_modules/ts-node/src/index.ts:1077:36)
    at Object.compile (/Users/toannguyen/Library/Mobile Documents/com~apple~CloudDocs/.Trash/Documents/tn-uptech-backend/node_modules/ts-node/src/index.ts:1433:41)
    at Module.m._compile (/Users/toannguyen/Library/Mobile Documents/com~apple~CloudDocs/.Trash/Documents/tn-uptech-backend/node_modules/ts-node/src/index.ts:1617:30)
    at Module._extensions..js (node:internal/modules/cjs/loader:1250:10)
    at Object.require.extensions.<computed> [as .ts] (/Users/toannguyen/Library/Mobile Documents/com~apple~CloudDocs/.Trash/Documents/tn-uptech-backend/node_modules/ts-node/src/index.ts:1621:12)
    at Module.load (node:internal/modules/cjs/loader:1074:32)
    at Function.Module._load (node:internal/modules/cjs/loader:909:12)
    at Module.require (node:internal/modules/cjs/loader:1098:19)
2023-06-24 14:46:05 error: uncaughtException: Cannot find module 'slugify'
Require stack:
- /Users/toannguyen/Library/Mobile Documents/com~apple~CloudDocs/.Trash/Documents/tn-uptech-backend/src/infra/sequelize/models/postTranslation.model.ts
- /Users/toannguyen/Library/Mobile Documents/com~apple~CloudDocs/.Trash/Documents/tn-uptech-backend/src/infra/sequelize/models/index.ts
- /Users/toannguyen/Library/Mobile Documents/com~apple~CloudDocs/.Trash/Documents/tn-uptech-backend/src/services/banner.service.ts
- /Users/toannguyen/Library/Mobile Documents/com~apple~CloudDocs/.Trash/Documents/tn-uptech-backend/src/modules/controllers/banner.controller.ts
- /Users/toannguyen/Library/Mobile Documents/com~apple~CloudDocs/.Trash/Documents/tn-uptech-backend/src/route/banner.route.ts
- /Users/toannguyen/Library/Mobile Documents/com~apple~CloudDocs/.Trash/Documents/tn-uptech-backend/src/server.ts
Error: Cannot find module 'slugify'
Require stack:
- /Users/toannguyen/Library/Mobile Documents/com~apple~CloudDocs/.Trash/Documents/tn-uptech-backend/src/infra/sequelize/models/postTranslation.model.ts
- /Users/toannguyen/Library/Mobile Documents/com~apple~CloudDocs/.Trash/Documents/tn-uptech-backend/src/infra/sequelize/models/index.ts
- /Users/toannguyen/Library/Mobile Documents/com~apple~CloudDocs/.Trash/Documents/tn-uptech-backend/src/services/banner.service.ts
- /Users/toannguyen/Library/Mobile Documents/com~apple~CloudDocs/.Trash/Documents/tn-uptech-backend/src/modules/controllers/banner.controller.ts
- /Users/toannguyen/Library/Mobile Documents/com~apple~CloudDocs/.Trash/Documents/tn-uptech-backend/src/route/banner.route.ts
- /Users/toannguyen/Library/Mobile Documents/com~apple~CloudDocs/.Trash/Documents/tn-uptech-backend/src/server.ts
    at Function.Module._resolveFilename (node:internal/modules/cjs/loader:1026:15)
    at Function.Module._resolveFilename.sharedData.moduleResolveFilenameHook.installedValue [as _resolveFilename] (/Users/toannguyen/Library/Mobile Documents/com~apple~CloudDocs/.Trash/Documents/tn-uptech-backend/node_modules/@cspotcode/source-map-support/source-map-support.js:811:30)
    at Function.Module._load (node:internal/modules/cjs/loader:871:27)
    at Module.require (node:internal/modules/cjs/loader:1098:19)
    at require (node:internal/modules/cjs/helpers:108:18)
    at Object.<anonymous> (/Users/toannguyen/Library/Mobile Documents/com~apple~CloudDocs/.Trash/Documents/tn-uptech-backend/src/infra/sequelize/models/postTranslation.model.ts:2:17)
    at Module._compile (node:internal/modules/cjs/loader:1196:14)
    at Module.m._compile (/Users/toannguyen/Library/Mobile Documents/com~apple~CloudDocs/.Trash/Documents/tn-uptech-backend/node_modules/ts-node/src/index.ts:1618:23)
    at Module._extensions..js (node:internal/modules/cjs/loader:1250:10)
    at Object.require.extensions.<computed> [as .ts] (/Users/toannguyen/Library/Mobile Documents/com~apple~CloudDocs/.Trash/Documents/tn-uptech-backend/node_modules/ts-node/src/index.ts:1621:12)
2023-06-24 14:46:43 error: uncaughtException: Cannot find module 'slugify'
Require stack:
- /Users/toannguyen/Library/Mobile Documents/com~apple~CloudDocs/.Trash/Documents/tn-uptech-backend/src/infra/sequelize/models/postTranslation.model.ts
- /Users/toannguyen/Library/Mobile Documents/com~apple~CloudDocs/.Trash/Documents/tn-uptech-backend/src/infra/sequelize/models/index.ts
- /Users/toannguyen/Library/Mobile Documents/com~apple~CloudDocs/.Trash/Documents/tn-uptech-backend/src/services/banner.service.ts
- /Users/toannguyen/Library/Mobile Documents/com~apple~CloudDocs/.Trash/Documents/tn-uptech-backend/src/modules/controllers/banner.controller.ts
- /Users/toannguyen/Library/Mobile Documents/com~apple~CloudDocs/.Trash/Documents/tn-uptech-backend/src/route/banner.route.ts
- /Users/toannguyen/Library/Mobile Documents/com~apple~CloudDocs/.Trash/Documents/tn-uptech-backend/src/server.ts
Error: Cannot find module 'slugify'
Require stack:
- /Users/toannguyen/Library/Mobile Documents/com~apple~CloudDocs/.Trash/Documents/tn-uptech-backend/src/infra/sequelize/models/postTranslation.model.ts
- /Users/toannguyen/Library/Mobile Documents/com~apple~CloudDocs/.Trash/Documents/tn-uptech-backend/src/infra/sequelize/models/index.ts
- /Users/toannguyen/Library/Mobile Documents/com~apple~CloudDocs/.Trash/Documents/tn-uptech-backend/src/services/banner.service.ts
- /Users/toannguyen/Library/Mobile Documents/com~apple~CloudDocs/.Trash/Documents/tn-uptech-backend/src/modules/controllers/banner.controller.ts
- /Users/toannguyen/Library/Mobile Documents/com~apple~CloudDocs/.Trash/Documents/tn-uptech-backend/src/route/banner.route.ts
- /Users/toannguyen/Library/Mobile Documents/com~apple~CloudDocs/.Trash/Documents/tn-uptech-backend/src/server.ts
    at Function.Module._resolveFilename (node:internal/modules/cjs/loader:1026:15)
    at Function.Module._resolveFilename.sharedData.moduleResolveFilenameHook.installedValue [as _resolveFilename] (/Users/toannguyen/Library/Mobile Documents/com~apple~CloudDocs/.Trash/Documents/tn-uptech-backend/node_modules/@cspotcode/source-map-support/source-map-support.js:811:30)
    at Function.Module._load (node:internal/modules/cjs/loader:871:27)
    at Module.require (node:internal/modules/cjs/loader:1098:19)
    at require (node:internal/modules/cjs/helpers:108:18)
    at Object.<anonymous> (/Users/toannguyen/Library/Mobile Documents/com~apple~CloudDocs/.Trash/Documents/tn-uptech-backend/src/infra/sequelize/models/postTranslation.model.ts:2:17)
    at Module._compile (node:internal/modules/cjs/loader:1196:14)
    at Module.m._compile (/Users/toannguyen/Library/Mobile Documents/com~apple~CloudDocs/.Trash/Documents/tn-uptech-backend/node_modules/ts-node/src/index.ts:1618:23)
    at Module._extensions..js (node:internal/modules/cjs/loader:1250:10)
    at Object.require.extensions.<computed> [as .ts] (/Users/toannguyen/Library/Mobile Documents/com~apple~CloudDocs/.Trash/Documents/tn-uptech-backend/node_modules/ts-node/src/index.ts:1621:12)
2023-06-24 14:47:08 error: uncaughtException: Cannot find module 'slugify'
Require stack:
- /Users/toannguyen/Library/Mobile Documents/com~apple~CloudDocs/.Trash/Documents/tn-uptech-backend/src/utils/Helper.ts
- /Users/toannguyen/Library/Mobile Documents/com~apple~CloudDocs/.Trash/Documents/tn-uptech-backend/src/infra/sequelize/models/admin.model.ts
- /Users/toannguyen/Library/Mobile Documents/com~apple~CloudDocs/.Trash/Documents/tn-uptech-backend/src/infra/sequelize/models/index.ts
- /Users/toannguyen/Library/Mobile Documents/com~apple~CloudDocs/.Trash/Documents/tn-uptech-backend/src/services/banner.service.ts
- /Users/toannguyen/Library/Mobile Documents/com~apple~CloudDocs/.Trash/Documents/tn-uptech-backend/src/modules/controllers/banner.controller.ts
- /Users/toannguyen/Library/Mobile Documents/com~apple~CloudDocs/.Trash/Documents/tn-uptech-backend/src/route/banner.route.ts
- /Users/toannguyen/Library/Mobile Documents/com~apple~CloudDocs/.Trash/Documents/tn-uptech-backend/src/server.ts
Error: Cannot find module 'slugify'
Require stack:
- /Users/toannguyen/Library/Mobile Documents/com~apple~CloudDocs/.Trash/Documents/tn-uptech-backend/src/utils/Helper.ts
- /Users/toannguyen/Library/Mobile Documents/com~apple~CloudDocs/.Trash/Documents/tn-uptech-backend/src/infra/sequelize/models/admin.model.ts
- /Users/toannguyen/Library/Mobile Documents/com~apple~CloudDocs/.Trash/Documents/tn-uptech-backend/src/infra/sequelize/models/index.ts
- /Users/toannguyen/Library/Mobile Documents/com~apple~CloudDocs/.Trash/Documents/tn-uptech-backend/src/services/banner.service.ts
- /Users/toannguyen/Library/Mobile Documents/com~apple~CloudDocs/.Trash/Documents/tn-uptech-backend/src/modules/controllers/banner.controller.ts
- /Users/toannguyen/Library/Mobile Documents/com~apple~CloudDocs/.Trash/Documents/tn-uptech-backend/src/route/banner.route.ts
- /Users/toannguyen/Library/Mobile Documents/com~apple~CloudDocs/.Trash/Documents/tn-uptech-backend/src/server.ts
    at Function.Module._resolveFilename (node:internal/modules/cjs/loader:1026:15)
    at Function.Module._resolveFilename.sharedData.moduleResolveFilenameHook.installedValue [as _resolveFilename] (/Users/toannguyen/Library/Mobile Documents/com~apple~CloudDocs/.Trash/Documents/tn-uptech-backend/node_modules/@cspotcode/source-map-support/source-map-support.js:811:30)
    at Function.Module._load (node:internal/modules/cjs/loader:871:27)
    at Module.require (node:internal/modules/cjs/loader:1098:19)
    at require (node:internal/modules/cjs/helpers:108:18)
    at Object.<anonymous> (/Users/toannguyen/Library/Mobile Documents/com~apple~CloudDocs/.Trash/Documents/tn-uptech-backend/src/utils/Helper.ts:2:17)
    at Module._compile (node:internal/modules/cjs/loader:1196:14)
    at Module.m._compile (/Users/toannguyen/Library/Mobile Documents/com~apple~CloudDocs/.Trash/Documents/tn-uptech-backend/node_modules/ts-node/src/index.ts:1618:23)
    at Module._extensions..js (node:internal/modules/cjs/loader:1250:10)
    at Object.require.extensions.<computed> [as .ts] (/Users/toannguyen/Library/Mobile Documents/com~apple~CloudDocs/.Trash/Documents/tn-uptech-backend/node_modules/ts-node/src/index.ts:1621:12)
2023-06-24 14:47:24 error: uncaughtException: Cannot find module 'slugify'
Require stack:
- /Users/toannguyen/Library/Mobile Documents/com~apple~CloudDocs/.Trash/Documents/tn-uptech-backend/src/utils/Helper.ts
- /Users/toannguyen/Library/Mobile Documents/com~apple~CloudDocs/.Trash/Documents/tn-uptech-backend/src/infra/sequelize/models/admin.model.ts
- /Users/toannguyen/Library/Mobile Documents/com~apple~CloudDocs/.Trash/Documents/tn-uptech-backend/src/infra/sequelize/models/index.ts
- /Users/toannguyen/Library/Mobile Documents/com~apple~CloudDocs/.Trash/Documents/tn-uptech-backend/src/services/banner.service.ts
- /Users/toannguyen/Library/Mobile Documents/com~apple~CloudDocs/.Trash/Documents/tn-uptech-backend/src/modules/controllers/banner.controller.ts
- /Users/toannguyen/Library/Mobile Documents/com~apple~CloudDocs/.Trash/Documents/tn-uptech-backend/src/route/banner.route.ts
- /Users/toannguyen/Library/Mobile Documents/com~apple~CloudDocs/.Trash/Documents/tn-uptech-backend/src/server.ts
Error: Cannot find module 'slugify'
Require stack:
- /Users/toannguyen/Library/Mobile Documents/com~apple~CloudDocs/.Trash/Documents/tn-uptech-backend/src/utils/Helper.ts
- /Users/toannguyen/Library/Mobile Documents/com~apple~CloudDocs/.Trash/Documents/tn-uptech-backend/src/infra/sequelize/models/admin.model.ts
- /Users/toannguyen/Library/Mobile Documents/com~apple~CloudDocs/.Trash/Documents/tn-uptech-backend/src/infra/sequelize/models/index.ts
- /Users/toannguyen/Library/Mobile Documents/com~apple~CloudDocs/.Trash/Documents/tn-uptech-backend/src/services/banner.service.ts
- /Users/toannguyen/Library/Mobile Documents/com~apple~CloudDocs/.Trash/Documents/tn-uptech-backend/src/modules/controllers/banner.controller.ts
- /Users/toannguyen/Library/Mobile Documents/com~apple~CloudDocs/.Trash/Documents/tn-uptech-backend/src/route/banner.route.ts
- /Users/toannguyen/Library/Mobile Documents/com~apple~CloudDocs/.Trash/Documents/tn-uptech-backend/src/server.ts
    at Function.Module._resolveFilename (node:internal/modules/cjs/loader:1026:15)
    at Function.Module._resolveFilename.sharedData.moduleResolveFilenameHook.installedValue [as _resolveFilename] (/Users/toannguyen/Library/Mobile Documents/com~apple~CloudDocs/.Trash/Documents/tn-uptech-backend/node_modules/@cspotcode/source-map-support/source-map-support.js:811:30)
    at Function.Module._load (node:internal/modules/cjs/loader:871:27)
    at Module.require (node:internal/modules/cjs/loader:1098:19)
    at require (node:internal/modules/cjs/helpers:108:18)
    at Object.<anonymous> (/Users/toannguyen/Library/Mobile Documents/com~apple~CloudDocs/.Trash/Documents/tn-uptech-backend/src/utils/Helper.ts:2:17)
    at Module._compile (node:internal/modules/cjs/loader:1196:14)
    at Module.m._compile (/Users/toannguyen/Library/Mobile Documents/com~apple~CloudDocs/.Trash/Documents/tn-uptech-backend/node_modules/ts-node/src/index.ts:1618:23)
    at Module._extensions..js (node:internal/modules/cjs/loader:1250:10)
    at Object.require.extensions.<computed> [as .ts] (/Users/toannguyen/Library/Mobile Documents/com~apple~CloudDocs/.Trash/Documents/tn-uptech-backend/node_modules/ts-node/src/index.ts:1621:12)
2023-06-24 14:47:28 error: uncaughtException: Cannot find module 'slugify'
Require stack:
- /Users/toannguyen/Library/Mobile Documents/com~apple~CloudDocs/.Trash/Documents/tn-uptech-backend/src/utils/Helper.ts
- /Users/toannguyen/Library/Mobile Documents/com~apple~CloudDocs/.Trash/Documents/tn-uptech-backend/src/infra/sequelize/models/admin.model.ts
- /Users/toannguyen/Library/Mobile Documents/com~apple~CloudDocs/.Trash/Documents/tn-uptech-backend/src/infra/sequelize/models/index.ts
- /Users/toannguyen/Library/Mobile Documents/com~apple~CloudDocs/.Trash/Documents/tn-uptech-backend/src/services/banner.service.ts
- /Users/toannguyen/Library/Mobile Documents/com~apple~CloudDocs/.Trash/Documents/tn-uptech-backend/src/modules/controllers/banner.controller.ts
- /Users/toannguyen/Library/Mobile Documents/com~apple~CloudDocs/.Trash/Documents/tn-uptech-backend/src/route/banner.route.ts
- /Users/toannguyen/Library/Mobile Documents/com~apple~CloudDocs/.Trash/Documents/tn-uptech-backend/src/server.ts
Error: Cannot find module 'slugify'
Require stack:
- /Users/toannguyen/Library/Mobile Documents/com~apple~CloudDocs/.Trash/Documents/tn-uptech-backend/src/utils/Helper.ts
- /Users/toannguyen/Library/Mobile Documents/com~apple~CloudDocs/.Trash/Documents/tn-uptech-backend/src/infra/sequelize/models/admin.model.ts
- /Users/toannguyen/Library/Mobile Documents/com~apple~CloudDocs/.Trash/Documents/tn-uptech-backend/src/infra/sequelize/models/index.ts
- /Users/toannguyen/Library/Mobile Documents/com~apple~CloudDocs/.Trash/Documents/tn-uptech-backend/src/services/banner.service.ts
- /Users/toannguyen/Library/Mobile Documents/com~apple~CloudDocs/.Trash/Documents/tn-uptech-backend/src/modules/controllers/banner.controller.ts
- /Users/toannguyen/Library/Mobile Documents/com~apple~CloudDocs/.Trash/Documents/tn-uptech-backend/src/route/banner.route.ts
- /Users/toannguyen/Library/Mobile Documents/com~apple~CloudDocs/.Trash/Documents/tn-uptech-backend/src/server.ts
    at Function.Module._resolveFilename (node:internal/modules/cjs/loader:1026:15)
    at Function.Module._resolveFilename.sharedData.moduleResolveFilenameHook.installedValue [as _resolveFilename] (/Users/toannguyen/Library/Mobile Documents/com~apple~CloudDocs/.Trash/Documents/tn-uptech-backend/node_modules/@cspotcode/source-map-support/source-map-support.js:811:30)
    at Function.Module._load (node:internal/modules/cjs/loader:871:27)
    at Module.require (node:internal/modules/cjs/loader:1098:19)
    at require (node:internal/modules/cjs/helpers:108:18)
    at Object.<anonymous> (/Users/toannguyen/Library/Mobile Documents/com~apple~CloudDocs/.Trash/Documents/tn-uptech-backend/src/utils/Helper.ts:2:17)
    at Module._compile (node:internal/modules/cjs/loader:1196:14)
    at Module.m._compile (/Users/toannguyen/Library/Mobile Documents/com~apple~CloudDocs/.Trash/Documents/tn-uptech-backend/node_modules/ts-node/src/index.ts:1618:23)
    at Module._extensions..js (node:internal/modules/cjs/loader:1250:10)
    at Object.require.extensions.<computed> [as .ts] (/Users/toannguyen/Library/Mobile Documents/com~apple~CloudDocs/.Trash/Documents/tn-uptech-backend/node_modules/ts-node/src/index.ts:1621:12)
2023-06-24 14:48:03 error: uncaughtException: Cannot find module 'slugify'
Require stack:
- /Users/toannguyen/Library/Mobile Documents/com~apple~CloudDocs/.Trash/Documents/tn-uptech-backend/src/utils/Helper.ts
- /Users/toannguyen/Library/Mobile Documents/com~apple~CloudDocs/.Trash/Documents/tn-uptech-backend/src/infra/sequelize/models/admin.model.ts
- /Users/toannguyen/Library/Mobile Documents/com~apple~CloudDocs/.Trash/Documents/tn-uptech-backend/src/infra/sequelize/models/index.ts
- /Users/toannguyen/Library/Mobile Documents/com~apple~CloudDocs/.Trash/Documents/tn-uptech-backend/src/services/banner.service.ts
- /Users/toannguyen/Library/Mobile Documents/com~apple~CloudDocs/.Trash/Documents/tn-uptech-backend/src/modules/controllers/banner.controller.ts
- /Users/toannguyen/Library/Mobile Documents/com~apple~CloudDocs/.Trash/Documents/tn-uptech-backend/src/route/banner.route.ts
- /Users/toannguyen/Library/Mobile Documents/com~apple~CloudDocs/.Trash/Documents/tn-uptech-backend/src/server.ts
Error: Cannot find module 'slugify'
Require stack:
- /Users/toannguyen/Library/Mobile Documents/com~apple~CloudDocs/.Trash/Documents/tn-uptech-backend/src/utils/Helper.ts
- /Users/toannguyen/Library/Mobile Documents/com~apple~CloudDocs/.Trash/Documents/tn-uptech-backend/src/infra/sequelize/models/admin.model.ts
- /Users/toannguyen/Library/Mobile Documents/com~apple~CloudDocs/.Trash/Documents/tn-uptech-backend/src/infra/sequelize/models/index.ts
- /Users/toannguyen/Library/Mobile Documents/com~apple~CloudDocs/.Trash/Documents/tn-uptech-backend/src/services/banner.service.ts
- /Users/toannguyen/Library/Mobile Documents/com~apple~CloudDocs/.Trash/Documents/tn-uptech-backend/src/modules/controllers/banner.controller.ts
- /Users/toannguyen/Library/Mobile Documents/com~apple~CloudDocs/.Trash/Documents/tn-uptech-backend/src/route/banner.route.ts
- /Users/toannguyen/Library/Mobile Documents/com~apple~CloudDocs/.Trash/Documents/tn-uptech-backend/src/server.ts
    at Function.Module._resolveFilename (node:internal/modules/cjs/loader:1026:15)
    at Function.Module._resolveFilename.sharedData.moduleResolveFilenameHook.installedValue [as _resolveFilename] (/Users/toannguyen/Library/Mobile Documents/com~apple~CloudDocs/.Trash/Documents/tn-uptech-backend/node_modules/@cspotcode/source-map-support/source-map-support.js:811:30)
    at Function.Module._load (node:internal/modules/cjs/loader:871:27)
    at Module.require (node:internal/modules/cjs/loader:1098:19)
    at require (node:internal/modules/cjs/helpers:108:18)
    at Object.<anonymous> (/Users/toannguyen/Library/Mobile Documents/com~apple~CloudDocs/.Trash/Documents/tn-uptech-backend/src/utils/Helper.ts:2:17)
    at Module._compile (node:internal/modules/cjs/loader:1196:14)
    at Module.m._compile (/Users/toannguyen/Library/Mobile Documents/com~apple~CloudDocs/.Trash/Documents/tn-uptech-backend/node_modules/ts-node/src/index.ts:1618:23)
    at Module._extensions..js (node:internal/modules/cjs/loader:1250:10)
    at Object.require.extensions.<computed> [as .ts] (/Users/toannguyen/Library/Mobile Documents/com~apple~CloudDocs/.Trash/Documents/tn-uptech-backend/node_modules/ts-node/src/index.ts:1621:12)
2023-06-24 14:51:17 error: uncaughtException: Cannot find module 'slugify'
Require stack:
- /Users/toannguyen/Library/Mobile Documents/com~apple~CloudDocs/.Trash/Documents/tn-uptech-backend/src/utils/Helper.ts
- /Users/toannguyen/Library/Mobile Documents/com~apple~CloudDocs/.Trash/Documents/tn-uptech-backend/src/infra/sequelize/models/admin.model.ts
- /Users/toannguyen/Library/Mobile Documents/com~apple~CloudDocs/.Trash/Documents/tn-uptech-backend/src/infra/sequelize/models/index.ts
- /Users/toannguyen/Library/Mobile Documents/com~apple~CloudDocs/.Trash/Documents/tn-uptech-backend/src/services/banner.service.ts
- /Users/toannguyen/Library/Mobile Documents/com~apple~CloudDocs/.Trash/Documents/tn-uptech-backend/src/modules/controllers/banner.controller.ts
- /Users/toannguyen/Library/Mobile Documents/com~apple~CloudDocs/.Trash/Documents/tn-uptech-backend/src/route/banner.route.ts
- /Users/toannguyen/Library/Mobile Documents/com~apple~CloudDocs/.Trash/Documents/tn-uptech-backend/src/server.ts
Error: Cannot find module 'slugify'
Require stack:
- /Users/toannguyen/Library/Mobile Documents/com~apple~CloudDocs/.Trash/Documents/tn-uptech-backend/src/utils/Helper.ts
- /Users/toannguyen/Library/Mobile Documents/com~apple~CloudDocs/.Trash/Documents/tn-uptech-backend/src/infra/sequelize/models/admin.model.ts
- /Users/toannguyen/Library/Mobile Documents/com~apple~CloudDocs/.Trash/Documents/tn-uptech-backend/src/infra/sequelize/models/index.ts
- /Users/toannguyen/Library/Mobile Documents/com~apple~CloudDocs/.Trash/Documents/tn-uptech-backend/src/services/banner.service.ts
- /Users/toannguyen/Library/Mobile Documents/com~apple~CloudDocs/.Trash/Documents/tn-uptech-backend/src/modules/controllers/banner.controller.ts
- /Users/toannguyen/Library/Mobile Documents/com~apple~CloudDocs/.Trash/Documents/tn-uptech-backend/src/route/banner.route.ts
- /Users/toannguyen/Library/Mobile Documents/com~apple~CloudDocs/.Trash/Documents/tn-uptech-backend/src/server.ts
    at Function.Module._resolveFilename (node:internal/modules/cjs/loader:1026:15)
    at Function.Module._resolveFilename.sharedData.moduleResolveFilenameHook.installedValue [as _resolveFilename] (/Users/toannguyen/Library/Mobile Documents/com~apple~CloudDocs/.Trash/Documents/tn-uptech-backend/node_modules/@cspotcode/source-map-support/source-map-support.js:811:30)
    at Function.Module._load (node:internal/modules/cjs/loader:871:27)
    at Module.require (node:internal/modules/cjs/loader:1098:19)
    at require (node:internal/modules/cjs/helpers:108:18)
    at Object.<anonymous> (/Users/toannguyen/Library/Mobile Documents/com~apple~CloudDocs/.Trash/Documents/tn-uptech-backend/src/utils/Helper.ts:2:17)
    at Module._compile (node:internal/modules/cjs/loader:1196:14)
    at Module.m._compile (/Users/toannguyen/Library/Mobile Documents/com~apple~CloudDocs/.Trash/Documents/tn-uptech-backend/node_modules/ts-node/src/index.ts:1618:23)
    at Module._extensions..js (node:internal/modules/cjs/loader:1250:10)
    at Object.require.extensions.<computed> [as .ts] (/Users/toannguyen/Library/Mobile Documents/com~apple~CloudDocs/.Trash/Documents/tn-uptech-backend/node_modules/ts-node/src/index.ts:1621:12)
2023-06-24 14:51:38 error: uncaughtException: тип Unable to compile TypeScript:
[96msrc/utils/Helper.ts[0m:[93m2[0m:[93m1[0m - [91merror[0m[90m TS2304: [0mCannot find name 'slugify'.

[7m2[0m slugify
[7m [0m [91m~~~~~~~[0m

TSError: тип Unable to compile TypeScript:
[96msrc/utils/Helper.ts[0m:[93m2[0m:[93m1[0m - [91merror[0m[90m TS2304: [0mCannot find name 'slugify'.

[7m2[0m slugify
[7m [0m [91m~~~~~~~[0m

    at createTSError (/Users/toannguyen/Library/Mobile Documents/com~apple~CloudDocs/.Trash/Documents/tn-uptech-backend/node_modules/ts-node/src/index.ts:859:12)
    at reportTSError (/Users/toannguyen/Library/Mobile Documents/com~apple~CloudDocs/.Trash/Documents/tn-uptech-backend/node_modules/ts-node/src/index.ts:863:19)
    at getOutput (/Users/toannguyen/Library/Mobile Documents/com~apple~CloudDocs/.Trash/Documents/tn-uptech-backend/node_modules/ts-node/src/index.ts:1077:36)
    at Object.compile (/Users/toannguyen/Library/Mobile Documents/com~apple~CloudDocs/.Trash/Documents/tn-uptech-backend/node_modules/ts-node/src/index.ts:1433:41)
    at Module.m._compile (/Users/toannguyen/Library/Mobile Documents/com~apple~CloudDocs/.Trash/Documents/tn-uptech-backend/node_modules/ts-node/src/index.ts:1617:30)
    at Module._extensions..js (node:internal/modules/cjs/loader:1250:10)
    at Object.require.extensions.<computed> [as .ts] (/Users/toannguyen/Library/Mobile Documents/com~apple~CloudDocs/.Trash/Documents/tn-uptech-backend/node_modules/ts-node/src/index.ts:1621:12)
    at Module.load (node:internal/modules/cjs/loader:1074:32)
    at Function.Module._load (node:internal/modules/cjs/loader:909:12)
    at Module.require (node:internal/modules/cjs/loader:1098:19)
2023-06-24 14:51:44 error: uncaughtException: тип Unable to compile TypeScript:
[96msrc/utils/Helper.ts[0m:[93m2[0m:[93m21[0m - [91merror[0m[90m TS2307: [0mCannot find module 'slugify' or its corresponding type declarations.

[7m2[0m import slugify from 'slugify';
[7m [0m [91m                    ~~~~~~~~~[0m

TSError: тип Unable to compile TypeScript:
[96msrc/utils/Helper.ts[0m:[93m2[0m:[93m21[0m - [91merror[0m[90m TS2307: [0mCannot find module 'slugify' or its corresponding type declarations.

[7m2[0m import slugify from 'slugify';
[7m [0m [91m                    ~~~~~~~~~[0m

    at createTSError (/Users/toannguyen/Library/Mobile Documents/com~apple~CloudDocs/.Trash/Documents/tn-uptech-backend/node_modules/ts-node/src/index.ts:859:12)
    at reportTSError (/Users/toannguyen/Library/Mobile Documents/com~apple~CloudDocs/.Trash/Documents/tn-uptech-backend/node_modules/ts-node/src/index.ts:863:19)
    at getOutput (/Users/toannguyen/Library/Mobile Documents/com~apple~CloudDocs/.Trash/Documents/tn-uptech-backend/node_modules/ts-node/src/index.ts:1077:36)
    at Object.compile (/Users/toannguyen/Library/Mobile Documents/com~apple~CloudDocs/.Trash/Documents/tn-uptech-backend/node_modules/ts-node/src/index.ts:1433:41)
    at Module.m._compile (/Users/toannguyen/Library/Mobile Documents/com~apple~CloudDocs/.Trash/Documents/tn-uptech-backend/node_modules/ts-node/src/index.ts:1617:30)
    at Module._extensions..js (node:internal/modules/cjs/loader:1250:10)
    at Object.require.extensions.<computed> [as .ts] (/Users/toannguyen/Library/Mobile Documents/com~apple~CloudDocs/.Trash/Documents/tn-uptech-backend/node_modules/ts-node/src/index.ts:1621:12)
    at Module.load (node:internal/modules/cjs/loader:1074:32)
    at Function.Module._load (node:internal/modules/cjs/loader:909:12)
    at Module.require (node:internal/modules/cjs/loader:1098:19)
2023-06-24 14:51:58 error: uncaughtException: тип Unable to compile TypeScript:
[96msrc/utils/Helper.ts[0m:[93m2[0m:[93m21[0m - [91merror[0m[90m TS2307: [0mCannot find module 'slugify' or its corresponding type declarations.

[7m2[0m import slugify from 'slugify';
[7m [0m [91m                    ~~~~~~~~~[0m

TSError: тип Unable to compile TypeScript:
[96msrc/utils/Helper.ts[0m:[93m2[0m:[93m21[0m - [91merror[0m[90m TS2307: [0mCannot find module 'slugify' or its corresponding type declarations.

[7m2[0m import slugify from 'slugify';
[7m [0m [91m                    ~~~~~~~~~[0m

    at createTSError (/Users/toannguyen/Library/Mobile Documents/com~apple~CloudDocs/.Trash/Documents/tn-uptech-backend/node_modules/ts-node/src/index.ts:859:12)
    at reportTSError (/Users/toannguyen/Library/Mobile Documents/com~apple~CloudDocs/.Trash/Documents/tn-uptech-backend/node_modules/ts-node/src/index.ts:863:19)
    at getOutput (/Users/toannguyen/Library/Mobile Documents/com~apple~CloudDocs/.Trash/Documents/tn-uptech-backend/node_modules/ts-node/src/index.ts:1077:36)
    at Object.compile (/Users/toannguyen/Library/Mobile Documents/com~apple~CloudDocs/.Trash/Documents/tn-uptech-backend/node_modules/ts-node/src/index.ts:1433:41)
    at Module.m._compile (/Users/toannguyen/Library/Mobile Documents/com~apple~CloudDocs/.Trash/Documents/tn-uptech-backend/node_modules/ts-node/src/index.ts:1617:30)
    at Module._extensions..js (node:internal/modules/cjs/loader:1250:10)
    at Object.require.extensions.<computed> [as .ts] (/Users/toannguyen/Library/Mobile Documents/com~apple~CloudDocs/.Trash/Documents/tn-uptech-backend/node_modules/ts-node/src/index.ts:1621:12)
    at Module.load (node:internal/modules/cjs/loader:1074:32)
    at Function.Module._load (node:internal/modules/cjs/loader:909:12)
    at Module.require (node:internal/modules/cjs/loader:1098:19)
2023-06-24 14:59:27 error: uncaughtException: тип Unable to compile TypeScript:
[96msrc/infra/sequelize/models/categoryTranslation.model.ts[0m:[93m56[0m:[93m32[0m - [91merror[0m[90m TS2554: [0mExpected 2 arguments, but got 1.

[7m56[0m         category.slug = Helper.renderSlug(category.name);
[7m  [0m [91m                               ~~~~~~~~~~~~~~~~~~~~~~~~~[0m

  [96msrc/utils/Helper.ts[0m:[93m71[0m:[93m35[0m
    [7m71[0m   static renderSlug(slug: string, options: object) {
    [7m  [0m [96m                                  ~~~~~~~~~~~~~~~[0m
    An argument for 'options' was not provided.
[96msrc/infra/sequelize/models/categoryTranslation.model.ts[0m:[93m60[0m:[93m32[0m - [91merror[0m[90m TS2554: [0mExpected 2 arguments, but got 1.

[7m60[0m         category.slug = Helper.renderSlug(category.name);
[7m  [0m [91m                               ~~~~~~~~~~~~~~~~~~~~~~~~~[0m

  [96msrc/utils/Helper.ts[0m:[93m71[0m:[93m35[0m
    [7m71[0m   static renderSlug(slug: string, options: object) {
    [7m  [0m [96m                                  ~~~~~~~~~~~~~~~[0m
    An argument for 'options' was not provided.

TSError: тип Unable to compile TypeScript:
[96msrc/infra/sequelize/models/categoryTranslation.model.ts[0m:[93m56[0m:[93m32[0m - [91merror[0m[90m TS2554: [0mExpected 2 arguments, but got 1.

[7m56[0m         category.slug = Helper.renderSlug(category.name);
[7m  [0m [91m                               ~~~~~~~~~~~~~~~~~~~~~~~~~[0m

  [96msrc/utils/Helper.ts[0m:[93m71[0m:[93m35[0m
    [7m71[0m   static renderSlug(slug: string, options: object) {
    [7m  [0m [96m                                  ~~~~~~~~~~~~~~~[0m
    An argument for 'options' was not provided.
[96msrc/infra/sequelize/models/categoryTranslation.model.ts[0m:[93m60[0m:[93m32[0m - [91merror[0m[90m TS2554: [0mExpected 2 arguments, but got 1.

[7m60[0m         category.slug = Helper.renderSlug(category.name);
[7m  [0m [91m                               ~~~~~~~~~~~~~~~~~~~~~~~~~[0m

  [96msrc/utils/Helper.ts[0m:[93m71[0m:[93m35[0m
    [7m71[0m   static renderSlug(slug: string, options: object) {
    [7m  [0m [96m                                  ~~~~~~~~~~~~~~~[0m
    An argument for 'options' was not provided.

    at createTSError (/Users/toannguyen/Library/Mobile Documents/com~apple~CloudDocs/.Trash/Documents/tn-uptech-backend/node_modules/ts-node/src/index.ts:859:12)
    at reportTSError (/Users/toannguyen/Library/Mobile Documents/com~apple~CloudDocs/.Trash/Documents/tn-uptech-backend/node_modules/ts-node/src/index.ts:863:19)
    at getOutput (/Users/toannguyen/Library/Mobile Documents/com~apple~CloudDocs/.Trash/Documents/tn-uptech-backend/node_modules/ts-node/src/index.ts:1077:36)
    at Object.compile (/Users/toannguyen/Library/Mobile Documents/com~apple~CloudDocs/.Trash/Documents/tn-uptech-backend/node_modules/ts-node/src/index.ts:1433:41)
    at Module.m._compile (/Users/toannguyen/Library/Mobile Documents/com~apple~CloudDocs/.Trash/Documents/tn-uptech-backend/node_modules/ts-node/src/index.ts:1617:30)
    at Module._extensions..js (node:internal/modules/cjs/loader:1250:10)
    at Object.require.extensions.<computed> [as .ts] (/Users/toannguyen/Library/Mobile Documents/com~apple~CloudDocs/.Trash/Documents/tn-uptech-backend/node_modules/ts-node/src/index.ts:1621:12)
    at Module.load (node:internal/modules/cjs/loader:1074:32)
    at Function.Module._load (node:internal/modules/cjs/loader:909:12)
    at Module.require (node:internal/modules/cjs/loader:1098:19)
2023-06-24 14:59:42 error: uncaughtException: тип Unable to compile TypeScript:
[96msrc/utils/Helper.ts[0m:[93m77[0m:[93m23[0m - [91merror[0m[90m TS2339: [0mProperty 'locale' does not exist on type 'object'.

[7m77[0m       locale: options.locale,      // language code of the locale to use
[7m  [0m [91m                      ~~~~~~[0m

TSError: тип Unable to compile TypeScript:
[96msrc/utils/Helper.ts[0m:[93m77[0m:[93m23[0m - [91merror[0m[90m TS2339: [0mProperty 'locale' does not exist on type 'object'.

[7m77[0m       locale: options.locale,      // language code of the locale to use
[7m  [0m [91m                      ~~~~~~[0m

    at createTSError (/Users/toannguyen/Library/Mobile Documents/com~apple~CloudDocs/.Trash/Documents/tn-uptech-backend/node_modules/ts-node/src/index.ts:859:12)
    at reportTSError (/Users/toannguyen/Library/Mobile Documents/com~apple~CloudDocs/.Trash/Documents/tn-uptech-backend/node_modules/ts-node/src/index.ts:863:19)
    at getOutput (/Users/toannguyen/Library/Mobile Documents/com~apple~CloudDocs/.Trash/Documents/tn-uptech-backend/node_modules/ts-node/src/index.ts:1077:36)
    at Object.compile (/Users/toannguyen/Library/Mobile Documents/com~apple~CloudDocs/.Trash/Documents/tn-uptech-backend/node_modules/ts-node/src/index.ts:1433:41)
    at Module.m._compile (/Users/toannguyen/Library/Mobile Documents/com~apple~CloudDocs/.Trash/Documents/tn-uptech-backend/node_modules/ts-node/src/index.ts:1617:30)
    at Module._extensions..js (node:internal/modules/cjs/loader:1250:10)
    at Object.require.extensions.<computed> [as .ts] (/Users/toannguyen/Library/Mobile Documents/com~apple~CloudDocs/.Trash/Documents/tn-uptech-backend/node_modules/ts-node/src/index.ts:1621:12)
    at Module.load (node:internal/modules/cjs/loader:1074:32)
    at Function.Module._load (node:internal/modules/cjs/loader:909:12)
    at Module.require (node:internal/modules/cjs/loader:1098:19)
2023-06-24 14:59:53 error: uncaughtException: тип Unable to compile TypeScript:
[96msrc/infra/sequelize/models/categoryTranslation.model.ts[0m:[93m56[0m:[93m32[0m - [91merror[0m[90m TS2554: [0mExpected 2 arguments, but got 1.

[7m56[0m         category.slug = Helper.renderSlug(category.name);
[7m  [0m [91m                               ~~~~~~~~~~~~~~~~~~~~~~~~~[0m

  [96msrc/utils/Helper.ts[0m:[93m71[0m:[93m35[0m
    [7m71[0m   static renderSlug(slug: string, options: any) {
    [7m  [0m [96m                                  ~~~~~~~~~~~~[0m
    An argument for 'options' was not provided.
[96msrc/infra/sequelize/models/categoryTranslation.model.ts[0m:[93m60[0m:[93m32[0m - [91merror[0m[90m TS2554: [0mExpected 2 arguments, but got 1.

[7m60[0m         category.slug = Helper.renderSlug(category.name);
[7m  [0m [91m                               ~~~~~~~~~~~~~~~~~~~~~~~~~[0m

  [96msrc/utils/Helper.ts[0m:[93m71[0m:[93m35[0m
    [7m71[0m   static renderSlug(slug: string, options: any) {
    [7m  [0m [96m                                  ~~~~~~~~~~~~[0m
    An argument for 'options' was not provided.

TSError: тип Unable to compile TypeScript:
[96msrc/infra/sequelize/models/categoryTranslation.model.ts[0m:[93m56[0m:[93m32[0m - [91merror[0m[90m TS2554: [0mExpected 2 arguments, but got 1.

[7m56[0m         category.slug = Helper.renderSlug(category.name);
[7m  [0m [91m                               ~~~~~~~~~~~~~~~~~~~~~~~~~[0m

  [96msrc/utils/Helper.ts[0m:[93m71[0m:[93m35[0m
    [7m71[0m   static renderSlug(slug: string, options: any) {
    [7m  [0m [96m                                  ~~~~~~~~~~~~[0m
    An argument for 'options' was not provided.
[96msrc/infra/sequelize/models/categoryTranslation.model.ts[0m:[93m60[0m:[93m32[0m - [91merror[0m[90m TS2554: [0mExpected 2 arguments, but got 1.

[7m60[0m         category.slug = Helper.renderSlug(category.name);
[7m  [0m [91m                               ~~~~~~~~~~~~~~~~~~~~~~~~~[0m

  [96msrc/utils/Helper.ts[0m:[93m71[0m:[93m35[0m
    [7m71[0m   static renderSlug(slug: string, options: any) {
    [7m  [0m [96m                                  ~~~~~~~~~~~~[0m
    An argument for 'options' was not provided.

    at createTSError (/Users/toannguyen/Library/Mobile Documents/com~apple~CloudDocs/.Trash/Documents/tn-uptech-backend/node_modules/ts-node/src/index.ts:859:12)
    at reportTSError (/Users/toannguyen/Library/Mobile Documents/com~apple~CloudDocs/.Trash/Documents/tn-uptech-backend/node_modules/ts-node/src/index.ts:863:19)
    at getOutput (/Users/toannguyen/Library/Mobile Documents/com~apple~CloudDocs/.Trash/Documents/tn-uptech-backend/node_modules/ts-node/src/index.ts:1077:36)
    at Object.compile (/Users/toannguyen/Library/Mobile Documents/com~apple~CloudDocs/.Trash/Documents/tn-uptech-backend/node_modules/ts-node/src/index.ts:1433:41)
    at Module.m._compile (/Users/toannguyen/Library/Mobile Documents/com~apple~CloudDocs/.Trash/Documents/tn-uptech-backend/node_modules/ts-node/src/index.ts:1617:30)
    at Module._extensions..js (node:internal/modules/cjs/loader:1250:10)
    at Object.require.extensions.<computed> [as .ts] (/Users/toannguyen/Library/Mobile Documents/com~apple~CloudDocs/.Trash/Documents/tn-uptech-backend/node_modules/ts-node/src/index.ts:1621:12)
    at Module.load (node:internal/modules/cjs/loader:1074:32)
    at Function.Module._load (node:internal/modules/cjs/loader:909:12)
    at Module.require (node:internal/modules/cjs/loader:1098:19)
2023-06-24 15:00:03 error: uncaughtException: тип Unable to compile TypeScript:
[96msrc/infra/sequelize/models/categoryTranslation.model.ts[0m:[93m56[0m:[93m32[0m - [91merror[0m[90m TS2554: [0mExpected 2 arguments, but got 1.

[7m56[0m         category.slug = Helper.renderSlug(category.name);
[7m  [0m [91m                               ~~~~~~~~~~~~~~~~~~~~~~~~~[0m

  [96msrc/utils/Helper.ts[0m:[93m71[0m:[93m35[0m
    [7m71[0m   static renderSlug(slug: string, options: any) {
    [7m  [0m [96m                                  ~~~~~~~~~~~~[0m
    An argument for 'options' was not provided.
[96msrc/infra/sequelize/models/categoryTranslation.model.ts[0m:[93m60[0m:[93m32[0m - [91merror[0m[90m TS2554: [0mExpected 2 arguments, but got 1.

[7m60[0m         category.slug = Helper.renderSlug(category.name);
[7m  [0m [91m                               ~~~~~~~~~~~~~~~~~~~~~~~~~[0m

  [96msrc/utils/Helper.ts[0m:[93m71[0m:[93m35[0m
    [7m71[0m   static renderSlug(slug: string, options: any) {
    [7m  [0m [96m                                  ~~~~~~~~~~~~[0m
    An argument for 'options' was not provided.

TSError: тип Unable to compile TypeScript:
[96msrc/infra/sequelize/models/categoryTranslation.model.ts[0m:[93m56[0m:[93m32[0m - [91merror[0m[90m TS2554: [0mExpected 2 arguments, but got 1.

[7m56[0m         category.slug = Helper.renderSlug(category.name);
[7m  [0m [91m                               ~~~~~~~~~~~~~~~~~~~~~~~~~[0m

  [96msrc/utils/Helper.ts[0m:[93m71[0m:[93m35[0m
    [7m71[0m   static renderSlug(slug: string, options: any) {
    [7m  [0m [96m                                  ~~~~~~~~~~~~[0m
    An argument for 'options' was not provided.
[96msrc/infra/sequelize/models/categoryTranslation.model.ts[0m:[93m60[0m:[93m32[0m - [91merror[0m[90m TS2554: [0mExpected 2 arguments, but got 1.

[7m60[0m         category.slug = Helper.renderSlug(category.name);
[7m  [0m [91m                               ~~~~~~~~~~~~~~~~~~~~~~~~~[0m

  [96msrc/utils/Helper.ts[0m:[93m71[0m:[93m35[0m
    [7m71[0m   static renderSlug(slug: string, options: any) {
    [7m  [0m [96m                                  ~~~~~~~~~~~~[0m
    An argument for 'options' was not provided.

    at createTSError (/Users/toannguyen/Library/Mobile Documents/com~apple~CloudDocs/.Trash/Documents/tn-uptech-backend/node_modules/ts-node/src/index.ts:859:12)
    at reportTSError (/Users/toannguyen/Library/Mobile Documents/com~apple~CloudDocs/.Trash/Documents/tn-uptech-backend/node_modules/ts-node/src/index.ts:863:19)
    at getOutput (/Users/toannguyen/Library/Mobile Documents/com~apple~CloudDocs/.Trash/Documents/tn-uptech-backend/node_modules/ts-node/src/index.ts:1077:36)
    at Object.compile (/Users/toannguyen/Library/Mobile Documents/com~apple~CloudDocs/.Trash/Documents/tn-uptech-backend/node_modules/ts-node/src/index.ts:1433:41)
    at Module.m._compile (/Users/toannguyen/Library/Mobile Documents/com~apple~CloudDocs/.Trash/Documents/tn-uptech-backend/node_modules/ts-node/src/index.ts:1617:30)
    at Module._extensions..js (node:internal/modules/cjs/loader:1250:10)
    at Object.require.extensions.<computed> [as .ts] (/Users/toannguyen/Library/Mobile Documents/com~apple~CloudDocs/.Trash/Documents/tn-uptech-backend/node_modules/ts-node/src/index.ts:1621:12)
    at Module.load (node:internal/modules/cjs/loader:1074:32)
    at Function.Module._load (node:internal/modules/cjs/loader:909:12)
    at Module.require (node:internal/modules/cjs/loader:1098:19)
2023-06-24 15:00:37 error: uncaughtException: тип Unable to compile TypeScript:
[96msrc/infra/sequelize/models/categoryTranslation.model.ts[0m:[93m56[0m:[93m32[0m - [91merror[0m[90m TS2554: [0mExpected 2 arguments, but got 1.

[7m56[0m         category.slug = Helper.renderSlug(category.name);
[7m  [0m [91m                               ~~~~~~~~~~~~~~~~~~~~~~~~~[0m

  [96msrc/utils/Helper.ts[0m:[93m71[0m:[93m35[0m
    [7m71[0m   static renderSlug(slug: string, options: any) {
    [7m  [0m [96m                                  ~~~~~~~~~~~~[0m
    An argument for 'options' was not provided.
[96msrc/infra/sequelize/models/categoryTranslation.model.ts[0m:[93m60[0m:[93m32[0m - [91merror[0m[90m TS2554: [0mExpected 2 arguments, but got 1.

[7m60[0m         category.slug = Helper.renderSlug(category.name);
[7m  [0m [91m                               ~~~~~~~~~~~~~~~~~~~~~~~~~[0m

  [96msrc/utils/Helper.ts[0m:[93m71[0m:[93m35[0m
    [7m71[0m   static renderSlug(slug: string, options: any) {
    [7m  [0m [96m                                  ~~~~~~~~~~~~[0m
    An argument for 'options' was not provided.

TSError: тип Unable to compile TypeScript:
[96msrc/infra/sequelize/models/categoryTranslation.model.ts[0m:[93m56[0m:[93m32[0m - [91merror[0m[90m TS2554: [0mExpected 2 arguments, but got 1.

[7m56[0m         category.slug = Helper.renderSlug(category.name);
[7m  [0m [91m                               ~~~~~~~~~~~~~~~~~~~~~~~~~[0m

  [96msrc/utils/Helper.ts[0m:[93m71[0m:[93m35[0m
    [7m71[0m   static renderSlug(slug: string, options: any) {
    [7m  [0m [96m                                  ~~~~~~~~~~~~[0m
    An argument for 'options' was not provided.
[96msrc/infra/sequelize/models/categoryTranslation.model.ts[0m:[93m60[0m:[93m32[0m - [91merror[0m[90m TS2554: [0mExpected 2 arguments, but got 1.

[7m60[0m         category.slug = Helper.renderSlug(category.name);
[7m  [0m [91m                               ~~~~~~~~~~~~~~~~~~~~~~~~~[0m

  [96msrc/utils/Helper.ts[0m:[93m71[0m:[93m35[0m
    [7m71[0m   static renderSlug(slug: string, options: any) {
    [7m  [0m [96m                                  ~~~~~~~~~~~~[0m
    An argument for 'options' was not provided.

    at createTSError (/Users/toannguyen/Library/Mobile Documents/com~apple~CloudDocs/.Trash/Documents/tn-uptech-backend/node_modules/ts-node/src/index.ts:859:12)
    at reportTSError (/Users/toannguyen/Library/Mobile Documents/com~apple~CloudDocs/.Trash/Documents/tn-uptech-backend/node_modules/ts-node/src/index.ts:863:19)
    at getOutput (/Users/toannguyen/Library/Mobile Documents/com~apple~CloudDocs/.Trash/Documents/tn-uptech-backend/node_modules/ts-node/src/index.ts:1077:36)
    at Object.compile (/Users/toannguyen/Library/Mobile Documents/com~apple~CloudDocs/.Trash/Documents/tn-uptech-backend/node_modules/ts-node/src/index.ts:1433:41)
    at Module.m._compile (/Users/toannguyen/Library/Mobile Documents/com~apple~CloudDocs/.Trash/Documents/tn-uptech-backend/node_modules/ts-node/src/index.ts:1617:30)
    at Module._extensions..js (node:internal/modules/cjs/loader:1250:10)
    at Object.require.extensions.<computed> [as .ts] (/Users/toannguyen/Library/Mobile Documents/com~apple~CloudDocs/.Trash/Documents/tn-uptech-backend/node_modules/ts-node/src/index.ts:1621:12)
    at Module.load (node:internal/modules/cjs/loader:1074:32)
    at Function.Module._load (node:internal/modules/cjs/loader:909:12)
    at Module.require (node:internal/modules/cjs/loader:1098:19)
2023-06-24 15:05:12 error: uncaughtException: тип Unable to compile TypeScript:
[96msrc/utils/Helper.ts[0m:[93m97[0m:[93m26[0m - [91merror[0m[90m TS2552: [0mCannot find name 'SEO'. Did you mean 'ISEO'?

[7m97[0m   static FieldsSeo(item: SEO) {
[7m  [0m [91m                         ~~~[0m

TSError: тип Unable to compile TypeScript:
[96msrc/utils/Helper.ts[0m:[93m97[0m:[93m26[0m - [91merror[0m[90m TS2552: [0mCannot find name 'SEO'. Did you mean 'ISEO'?

[7m97[0m   static FieldsSeo(item: SEO) {
[7m  [0m [91m                         ~~~[0m

    at createTSError (/Users/toannguyen/Library/Mobile Documents/com~apple~CloudDocs/.Trash/Documents/tn-uptech-backend/node_modules/ts-node/src/index.ts:859:12)
    at reportTSError (/Users/toannguyen/Library/Mobile Documents/com~apple~CloudDocs/.Trash/Documents/tn-uptech-backend/node_modules/ts-node/src/index.ts:863:19)
    at getOutput (/Users/toannguyen/Library/Mobile Documents/com~apple~CloudDocs/.Trash/Documents/tn-uptech-backend/node_modules/ts-node/src/index.ts:1077:36)
    at Object.compile (/Users/toannguyen/Library/Mobile Documents/com~apple~CloudDocs/.Trash/Documents/tn-uptech-backend/node_modules/ts-node/src/index.ts:1433:41)
    at Module.m._compile (/Users/toannguyen/Library/Mobile Documents/com~apple~CloudDocs/.Trash/Documents/tn-uptech-backend/node_modules/ts-node/src/index.ts:1617:30)
    at Module._extensions..js (node:internal/modules/cjs/loader:1250:10)
    at Object.require.extensions.<computed> [as .ts] (/Users/toannguyen/Library/Mobile Documents/com~apple~CloudDocs/.Trash/Documents/tn-uptech-backend/node_modules/ts-node/src/index.ts:1621:12)
    at Module.load (node:internal/modules/cjs/loader:1074:32)
    at Function.Module._load (node:internal/modules/cjs/loader:909:12)
    at Module.require (node:internal/modules/cjs/loader:1098:19)
