2023-04-05 00:16:08 error: {"name":"SequelizeUniqueConstraintError","errors":[{"message":"slug must be unique","type":"unique violation","path":"slug","value":"vsvsvs","origin":"DB","instance":{"id":null,"name":"vsvsvs","description":"","content":"","slug":"vsvsvs","custom_slug":"vsvsvs","post_id":14,"locale":"en"},"validatorKey":"not_unique","validatorName":null,"validatorArgs":[]}],"parent":{"code":"ER_DUP_ENTRY","errno":1062,"sqlState":"23000","sqlMessage":"Duplicate entry 'vsvsvs' for key 'post_translation.slug'","sql":"INSERT INTO `post_translation` (`id`,`post_id`,`locale`,`name`,`content`,`description`,`slug`,`custom_slug`) VALUES (DEFAULT,?,?,?,?,?,?,?);","parameters":[14,"en","vsvsvs","","","vsvsvs","vsvsvs"]},"original":{"code":"ER_DUP_ENTRY","errno":1062,"sqlState":"23000","sqlMessage":"Duplicate entry 'vsvsvs' for key 'post_translation.slug'","sql":"INSERT INTO `post_translation` (`id`,`post_id`,`locale`,`name`,`content`,`description`,`slug`,`custom_slug`) VALUES (DEFAULT,?,?,?,?,?,?,?);","parameters":[14,"en","vsvsvs","","","vsvsvs","vsvsvs"]},"fields":{"slug":"vsvsvs"},"sql":"INSERT INTO `post_translation` (`id`,`post_id`,`locale`,`name`,`content`,`description`,`slug`,`custom_slug`) VALUES (DEFAULT,?,?,?,?,?,?,?);"}
2023-04-05 00:16:27 error: {"name":"SequelizeUniqueConstraintError","errors":[{"message":"slug must be unique","type":"unique violation","path":"slug","value":"du-an-1","origin":"DB","instance":{"id":null,"name":"du ├бn 1","description":"","content":"","slug":"du-an-1","custom_slug":"du-an-1","post_id":15,"locale":"en"},"validatorKey":"not_unique","validatorName":null,"validatorArgs":[]}],"parent":{"code":"ER_DUP_ENTRY","errno":1062,"sqlState":"23000","sqlMessage":"Duplicate entry 'du-an-1' for key 'post_translation.slug'","sql":"INSERT INTO `post_translation` (`id`,`post_id`,`locale`,`name`,`content`,`description`,`slug`,`custom_slug`) VALUES (DEFAULT,?,?,?,?,?,?,?);","parameters":[15,"en","du ├бn 1","","","du-an-1","du-an-1"]},"original":{"code":"ER_DUP_ENTRY","errno":1062,"sqlState":"23000","sqlMessage":"Duplicate entry 'du-an-1' for key 'post_translation.slug'","sql":"INSERT INTO `post_translation` (`id`,`post_id`,`locale`,`name`,`content`,`description`,`slug`,`custom_slug`) VALUES (DEFAULT,?,?,?,?,?,?,?);","parameters":[15,"en","du ├бn 1","","","du-an-1","du-an-1"]},"fields":{"slug":"du-an-1"},"sql":"INSERT INTO `post_translation` (`id`,`post_id`,`locale`,`name`,`content`,`description`,`slug`,`custom_slug`) VALUES (DEFAULT,?,?,?,?,?,?,?);"}
2023-04-05 00:16:53 error: {"name":"SequelizeUniqueConstraintError","errors":[{"message":"slug must be unique","type":"unique violation","path":"slug","value":"bai-viet-1","origin":"DB","instance":{"id":null,"name":"bai viet 1","description":"","content":"","slug":"bai-viet-1","custom_slug":"bai-viet-1","post_id":16,"locale":"en"},"validatorKey":"not_unique","validatorName":null,"validatorArgs":[]}],"parent":{"code":"ER_DUP_ENTRY","errno":1062,"sqlState":"23000","sqlMessage":"Duplicate entry 'bai-viet-1' for key 'post_translation.slug'","sql":"INSERT INTO `post_translation` (`id`,`post_id`,`locale`,`name`,`content`,`description`,`slug`,`custom_slug`) VALUES (DEFAULT,?,?,?,?,?,?,?);","parameters":[16,"en","bai viet 1","","","bai-viet-1","bai-viet-1"]},"original":{"code":"ER_DUP_ENTRY","errno":1062,"sqlState":"23000","sqlMessage":"Duplicate entry 'bai-viet-1' for key 'post_translation.slug'","sql":"INSERT INTO `post_translation` (`id`,`post_id`,`locale`,`name`,`content`,`description`,`slug`,`custom_slug`) VALUES (DEFAULT,?,?,?,?,?,?,?);","parameters":[16,"en","bai viet 1","","","bai-viet-1","bai-viet-1"]},"fields":{"slug":"bai-viet-1"},"sql":"INSERT INTO `post_translation` (`id`,`post_id`,`locale`,`name`,`content`,`description`,`slug`,`custom_slug`) VALUES (DEFAULT,?,?,?,?,?,?,?);"}
2023-04-05 00:19:47 error: {"name":"SequelizeUniqueConstraintError","errors":[{"message":"slug must be unique","type":"unique violation","path":"slug","value":"vsvs","origin":"DB","instance":{"id":null,"name":"vsvs","description":"","content":"","slug":"vsvs","custom_slug":"vsvs","post_id":17,"locale":"en"},"validatorKey":"not_unique","validatorName":null,"validatorArgs":[]}],"parent":{"code":"ER_DUP_ENTRY","errno":1062,"sqlState":"23000","sqlMessage":"Duplicate entry 'vsvs' for key 'post_translation.slug'","sql":"INSERT INTO `post_translation` (`id`,`post_id`,`locale`,`name`,`content`,`description`,`slug`,`custom_slug`) VALUES (DEFAULT,?,?,?,?,?,?,?);","parameters":[17,"en","vsvs","","","vsvs","vsvs"]},"original":{"code":"ER_DUP_ENTRY","errno":1062,"sqlState":"23000","sqlMessage":"Duplicate entry 'vsvs' for key 'post_translation.slug'","sql":"INSERT INTO `post_translation` (`id`,`post_id`,`locale`,`name`,`content`,`description`,`slug`,`custom_slug`) VALUES (DEFAULT,?,?,?,?,?,?,?);","parameters":[17,"en","vsvs","","","vsvs","vsvs"]},"fields":{"slug":"vsvs"},"sql":"INSERT INTO `post_translation` (`id`,`post_id`,`locale`,`name`,`content`,`description`,`slug`,`custom_slug`) VALUES (DEFAULT,?,?,?,?,?,?,?);"}
2023-04-05 00:24:30 error: {"name":"SequelizeUniqueConstraintError","errors":[{"message":"slug must be unique","type":"unique violation","path":"slug","value":"23232","origin":"DB","instance":{"id":null,"name":"23232","description":"","content":"","slug":"23232","custom_slug":"23232","post_id":18,"locale":"en"},"validatorKey":"not_unique","validatorName":null,"validatorArgs":[]}],"parent":{"code":"ER_DUP_ENTRY","errno":1062,"sqlState":"23000","sqlMessage":"Duplicate entry '23232' for key 'post_translation.slug'","sql":"INSERT INTO `post_translation` (`id`,`post_id`,`locale`,`name`,`content`,`description`,`slug`,`custom_slug`) VALUES (DEFAULT,?,?,?,?,?,?,?);","parameters":[18,"en","23232","","","23232","23232"]},"original":{"code":"ER_DUP_ENTRY","errno":1062,"sqlState":"23000","sqlMessage":"Duplicate entry '23232' for key 'post_translation.slug'","sql":"INSERT INTO `post_translation` (`id`,`post_id`,`locale`,`name`,`content`,`description`,`slug`,`custom_slug`) VALUES (DEFAULT,?,?,?,?,?,?,?);","parameters":[18,"en","23232","","","23232","23232"]},"fields":{"slug":"23232"},"sql":"INSERT INTO `post_translation` (`id`,`post_id`,`locale`,`name`,`content`,`description`,`slug`,`custom_slug`) VALUES (DEFAULT,?,?,?,?,?,?,?);"}
2023-04-05 18:41:52 error: uncaughtException: тип Unable to compile TypeScript:
[96msrc/route/role.route.ts[0m:[93m7[0m:[93m23[0m - [91merror[0m[90m TS2304: [0mCannot find name 'RoleController'.

[7m7[0m     public role = new RoleController();
[7m [0m [91m                      ~~~~~~~~~~~~~~[0m

TSError: тип Unable to compile TypeScript:
[96msrc/route/role.route.ts[0m:[93m7[0m:[93m23[0m - [91merror[0m[90m TS2304: [0mCannot find name 'RoleController'.

[7m7[0m     public role = new RoleController();
[7m [0m [91m                      ~~~~~~~~~~~~~~[0m

    at createTSError (/Users/toannguyen/Documents/Source/tn-uptech-backend/node_modules/ts-node/src/index.ts:859:12)
    at reportTSError (/Users/toannguyen/Documents/Source/tn-uptech-backend/node_modules/ts-node/src/index.ts:863:19)
    at getOutput (/Users/toannguyen/Documents/Source/tn-uptech-backend/node_modules/ts-node/src/index.ts:1077:36)
    at Object.compile (/Users/toannguyen/Documents/Source/tn-uptech-backend/node_modules/ts-node/src/index.ts:1433:41)
    at Module.m._compile (/Users/toannguyen/Documents/Source/tn-uptech-backend/node_modules/ts-node/src/index.ts:1617:30)
    at Module._extensions..js (node:internal/modules/cjs/loader:1245:10)
    at Object.require.extensions.<computed> [as .ts] (/Users/toannguyen/Documents/Source/tn-uptech-backend/node_modules/ts-node/src/index.ts:1621:12)
    at Module.load (node:internal/modules/cjs/loader:1069:32)
    at Function.Module._load (node:internal/modules/cjs/loader:904:12)
    at Module.require (node:internal/modules/cjs/loader:1093:19)
2023-04-05 18:42:04 error: uncaughtException: тип Unable to compile TypeScript:
[96msrc/modules/controllers/role.controller.ts[0m:[93m5[0m:[93m18[0m - [91merror[0m[90m TS2304: [0mCannot find name 'RoleService'.

[7m5[0m const role = new RoleService();
[7m [0m [91m                 ~~~~~~~~~~~[0m
[96msrc/modules/controllers/role.controller.ts[0m:[93m11[0m:[93m32[0m - [91merror[0m[90m TS2304: [0mCannot find name 'post'.

[7m11[0m             const data = await post.getList(req.query);
[7m  [0m [91m                               ~~~~[0m
[96msrc/modules/controllers/role.controller.ts[0m:[93m22[0m:[93m38[0m - [91merror[0m[90m TS2304: [0mCannot find name 'post'.

[7m22[0m             const data = await await post.store(req.body);
[7m  [0m [91m                                     ~~~~[0m
[96msrc/modules/controllers/role.controller.ts[0m:[93m32[0m:[93m32[0m - [91merror[0m[90m TS2304: [0mCannot find name 'post'.

[7m32[0m             const data = await post.findById(req.params.id);
[7m  [0m [91m                               ~~~~[0m
[96msrc/modules/controllers/role.controller.ts[0m:[93m43[0m:[93m32[0m - [91merror[0m[90m TS2304: [0mCannot find name 'post'.

[7m43[0m             const data = await post.update(id, req.body);
[7m  [0m [91m                               ~~~~[0m
[96msrc/modules/controllers/role.controller.ts[0m:[93m53[0m:[93m32[0m - [91merror[0m[90m TS2304: [0mCannot find name 'post'.

[7m53[0m             const data = await post.delete(req.params.id);
[7m  [0m [91m                               ~~~~[0m

TSError: тип Unable to compile TypeScript:
[96msrc/modules/controllers/role.controller.ts[0m:[93m5[0m:[93m18[0m - [91merror[0m[90m TS2304: [0mCannot find name 'RoleService'.

[7m5[0m const role = new RoleService();
[7m [0m [91m                 ~~~~~~~~~~~[0m
[96msrc/modules/controllers/role.controller.ts[0m:[93m11[0m:[93m32[0m - [91merror[0m[90m TS2304: [0mCannot find name 'post'.

[7m11[0m             const data = await post.getList(req.query);
[7m  [0m [91m                               ~~~~[0m
[96msrc/modules/controllers/role.controller.ts[0m:[93m22[0m:[93m38[0m - [91merror[0m[90m TS2304: [0mCannot find name 'post'.

[7m22[0m             const data = await await post.store(req.body);
[7m  [0m [91m                                     ~~~~[0m
[96msrc/modules/controllers/role.controller.ts[0m:[93m32[0m:[93m32[0m - [91merror[0m[90m TS2304: [0mCannot find name 'post'.

[7m32[0m             const data = await post.findById(req.params.id);
[7m  [0m [91m                               ~~~~[0m
[96msrc/modules/controllers/role.controller.ts[0m:[93m43[0m:[93m32[0m - [91merror[0m[90m TS2304: [0mCannot find name 'post'.

[7m43[0m             const data = await post.update(id, req.body);
[7m  [0m [91m                               ~~~~[0m
[96msrc/modules/controllers/role.controller.ts[0m:[93m53[0m:[93m32[0m - [91merror[0m[90m TS2304: [0mCannot find name 'post'.

[7m53[0m             const data = await post.delete(req.params.id);
[7m  [0m [91m                               ~~~~[0m

    at createTSError (/Users/toannguyen/Documents/Source/tn-uptech-backend/node_modules/ts-node/src/index.ts:859:12)
    at reportTSError (/Users/toannguyen/Documents/Source/tn-uptech-backend/node_modules/ts-node/src/index.ts:863:19)
    at getOutput (/Users/toannguyen/Documents/Source/tn-uptech-backend/node_modules/ts-node/src/index.ts:1077:36)
    at Object.compile (/Users/toannguyen/Documents/Source/tn-uptech-backend/node_modules/ts-node/src/index.ts:1433:41)
    at Module.m._compile (/Users/toannguyen/Documents/Source/tn-uptech-backend/node_modules/ts-node/src/index.ts:1617:30)
    at Module._extensions..js (node:internal/modules/cjs/loader:1245:10)
    at Object.require.extensions.<computed> [as .ts] (/Users/toannguyen/Documents/Source/tn-uptech-backend/node_modules/ts-node/src/index.ts:1621:12)
    at Module.load (node:internal/modules/cjs/loader:1069:32)
    at Function.Module._load (node:internal/modules/cjs/loader:904:12)
    at Module.require (node:internal/modules/cjs/loader:1093:19)
2023-04-05 18:42:58 error: uncaughtException: тип Unable to compile TypeScript:
[96msrc/modules/controllers/role.controller.ts[0m:[93m5[0m:[93m18[0m - [91merror[0m[90m TS2304: [0mCannot find name 'RoleService'.

[7m5[0m const role = new RoleService();
[7m [0m [91m                 ~~~~~~~~~~~[0m
[96msrc/modules/controllers/role.controller.ts[0m:[93m11[0m:[93m32[0m - [91merror[0m[90m TS2304: [0mCannot find name 'post'.

[7m11[0m             const data = await post.getList(req.query);
[7m  [0m [91m                               ~~~~[0m
[96msrc/modules/controllers/role.controller.ts[0m:[93m22[0m:[93m38[0m - [91merror[0m[90m TS2304: [0mCannot find name 'post'.

[7m22[0m             const data = await await post.store(req.body);
[7m  [0m [91m                                     ~~~~[0m
[96msrc/modules/controllers/role.controller.ts[0m:[93m32[0m:[93m32[0m - [91merror[0m[90m TS2304: [0mCannot find name 'post'.

[7m32[0m             const data = await post.findById(req.params.id);
[7m  [0m [91m                               ~~~~[0m
[96msrc/modules/controllers/role.controller.ts[0m:[93m43[0m:[93m32[0m - [91merror[0m[90m TS2304: [0mCannot find name 'post'.

[7m43[0m             const data = await post.update(id, req.body);
[7m  [0m [91m                               ~~~~[0m
[96msrc/modules/controllers/role.controller.ts[0m:[93m53[0m:[93m32[0m - [91merror[0m[90m TS2304: [0mCannot find name 'post'.

[7m53[0m             const data = await post.delete(req.params.id);
[7m  [0m [91m                               ~~~~[0m

TSError: тип Unable to compile TypeScript:
[96msrc/modules/controllers/role.controller.ts[0m:[93m5[0m:[93m18[0m - [91merror[0m[90m TS2304: [0mCannot find name 'RoleService'.

[7m5[0m const role = new RoleService();
[7m [0m [91m                 ~~~~~~~~~~~[0m
[96msrc/modules/controllers/role.controller.ts[0m:[93m11[0m:[93m32[0m - [91merror[0m[90m TS2304: [0mCannot find name 'post'.

[7m11[0m             const data = await post.getList(req.query);
[7m  [0m [91m                               ~~~~[0m
[96msrc/modules/controllers/role.controller.ts[0m:[93m22[0m:[93m38[0m - [91merror[0m[90m TS2304: [0mCannot find name 'post'.

[7m22[0m             const data = await await post.store(req.body);
[7m  [0m [91m                                     ~~~~[0m
[96msrc/modules/controllers/role.controller.ts[0m:[93m32[0m:[93m32[0m - [91merror[0m[90m TS2304: [0mCannot find name 'post'.

[7m32[0m             const data = await post.findById(req.params.id);
[7m  [0m [91m                               ~~~~[0m
[96msrc/modules/controllers/role.controller.ts[0m:[93m43[0m:[93m32[0m - [91merror[0m[90m TS2304: [0mCannot find name 'post'.

[7m43[0m             const data = await post.update(id, req.body);
[7m  [0m [91m                               ~~~~[0m
[96msrc/modules/controllers/role.controller.ts[0m:[93m53[0m:[93m32[0m - [91merror[0m[90m TS2304: [0mCannot find name 'post'.

[7m53[0m             const data = await post.delete(req.params.id);
[7m  [0m [91m                               ~~~~[0m

    at createTSError (/Users/toannguyen/Documents/Source/tn-uptech-backend/node_modules/ts-node/src/index.ts:859:12)
    at reportTSError (/Users/toannguyen/Documents/Source/tn-uptech-backend/node_modules/ts-node/src/index.ts:863:19)
    at getOutput (/Users/toannguyen/Documents/Source/tn-uptech-backend/node_modules/ts-node/src/index.ts:1077:36)
    at Object.compile (/Users/toannguyen/Documents/Source/tn-uptech-backend/node_modules/ts-node/src/index.ts:1433:41)
    at Module.m._compile (/Users/toannguyen/Documents/Source/tn-uptech-backend/node_modules/ts-node/src/index.ts:1617:30)
    at Module._extensions..js (node:internal/modules/cjs/loader:1245:10)
    at Object.require.extensions.<computed> [as .ts] (/Users/toannguyen/Documents/Source/tn-uptech-backend/node_modules/ts-node/src/index.ts:1621:12)
    at Module.load (node:internal/modules/cjs/loader:1069:32)
    at Function.Module._load (node:internal/modules/cjs/loader:904:12)
    at Module.require (node:internal/modules/cjs/loader:1093:19)
2023-04-05 18:43:10 error: uncaughtException: тип Unable to compile TypeScript:
[96msrc/modules/controllers/role.controller.ts[0m:[93m5[0m:[93m18[0m - [91merror[0m[90m TS2304: [0mCannot find name 'RoleService'.

[7m5[0m const role = new RoleService();
[7m [0m [91m                 ~~~~~~~~~~~[0m
[96msrc/modules/controllers/role.controller.ts[0m:[93m11[0m:[93m32[0m - [91merror[0m[90m TS2304: [0mCannot find name 'post'.

[7m11[0m             const data = await post.getList(req.query);
[7m  [0m [91m                               ~~~~[0m
[96msrc/modules/controllers/role.controller.ts[0m:[93m22[0m:[93m38[0m - [91merror[0m[90m TS2304: [0mCannot find name 'post'.

[7m22[0m             const data = await await post.store(req.body);
[7m  [0m [91m                                     ~~~~[0m
[96msrc/modules/controllers/role.controller.ts[0m:[93m32[0m:[93m32[0m - [91merror[0m[90m TS2304: [0mCannot find name 'post'.

[7m32[0m             const data = await post.findById(req.params.id);
[7m  [0m [91m                               ~~~~[0m
[96msrc/modules/controllers/role.controller.ts[0m:[93m43[0m:[93m32[0m - [91merror[0m[90m TS2304: [0mCannot find name 'post'.

[7m43[0m             const data = await post.update(id, req.body);
[7m  [0m [91m                               ~~~~[0m
[96msrc/modules/controllers/role.controller.ts[0m:[93m53[0m:[93m32[0m - [91merror[0m[90m TS2304: [0mCannot find name 'post'.

[7m53[0m             const data = await post.delete(req.params.id);
[7m  [0m [91m                               ~~~~[0m

TSError: тип Unable to compile TypeScript:
[96msrc/modules/controllers/role.controller.ts[0m:[93m5[0m:[93m18[0m - [91merror[0m[90m TS2304: [0mCannot find name 'RoleService'.

[7m5[0m const role = new RoleService();
[7m [0m [91m                 ~~~~~~~~~~~[0m
[96msrc/modules/controllers/role.controller.ts[0m:[93m11[0m:[93m32[0m - [91merror[0m[90m TS2304: [0mCannot find name 'post'.

[7m11[0m             const data = await post.getList(req.query);
[7m  [0m [91m                               ~~~~[0m
[96msrc/modules/controllers/role.controller.ts[0m:[93m22[0m:[93m38[0m - [91merror[0m[90m TS2304: [0mCannot find name 'post'.

[7m22[0m             const data = await await post.store(req.body);
[7m  [0m [91m                                     ~~~~[0m
[96msrc/modules/controllers/role.controller.ts[0m:[93m32[0m:[93m32[0m - [91merror[0m[90m TS2304: [0mCannot find name 'post'.

[7m32[0m             const data = await post.findById(req.params.id);
[7m  [0m [91m                               ~~~~[0m
[96msrc/modules/controllers/role.controller.ts[0m:[93m43[0m:[93m32[0m - [91merror[0m[90m TS2304: [0mCannot find name 'post'.

[7m43[0m             const data = await post.update(id, req.body);
[7m  [0m [91m                               ~~~~[0m
[96msrc/modules/controllers/role.controller.ts[0m:[93m53[0m:[93m32[0m - [91merror[0m[90m TS2304: [0mCannot find name 'post'.

[7m53[0m             const data = await post.delete(req.params.id);
[7m  [0m [91m                               ~~~~[0m

    at createTSError (/Users/toannguyen/Documents/Source/tn-uptech-backend/node_modules/ts-node/src/index.ts:859:12)
    at reportTSError (/Users/toannguyen/Documents/Source/tn-uptech-backend/node_modules/ts-node/src/index.ts:863:19)
    at getOutput (/Users/toannguyen/Documents/Source/tn-uptech-backend/node_modules/ts-node/src/index.ts:1077:36)
    at Object.compile (/Users/toannguyen/Documents/Source/tn-uptech-backend/node_modules/ts-node/src/index.ts:1433:41)
    at Module.m._compile (/Users/toannguyen/Documents/Source/tn-uptech-backend/node_modules/ts-node/src/index.ts:1617:30)
    at Module._extensions..js (node:internal/modules/cjs/loader:1245:10)
    at Object.require.extensions.<computed> [as .ts] (/Users/toannguyen/Documents/Source/tn-uptech-backend/node_modules/ts-node/src/index.ts:1621:12)
    at Module.load (node:internal/modules/cjs/loader:1069:32)
    at Function.Module._load (node:internal/modules/cjs/loader:904:12)
    at Module.require (node:internal/modules/cjs/loader:1093:19)
2023-04-05 18:43:24 error: uncaughtException: тип Unable to compile TypeScript:
[96msrc/modules/controllers/role.controller.ts[0m:[93m5[0m:[93m18[0m - [91merror[0m[90m TS2304: [0mCannot find name 'RoleService'.

[7m5[0m const role = new RoleService();
[7m [0m [91m                 ~~~~~~~~~~~[0m
[96msrc/modules/controllers/role.controller.ts[0m:[93m11[0m:[93m32[0m - [91merror[0m[90m TS2304: [0mCannot find name 'post'.

[7m11[0m             const data = await post.getList(req.query);
[7m  [0m [91m                               ~~~~[0m
[96msrc/modules/controllers/role.controller.ts[0m:[93m22[0m:[93m38[0m - [91merror[0m[90m TS2304: [0mCannot find name 'post'.

[7m22[0m             const data = await await post.store(req.body);
[7m  [0m [91m                                     ~~~~[0m
[96msrc/modules/controllers/role.controller.ts[0m:[93m32[0m:[93m32[0m - [91merror[0m[90m TS2304: [0mCannot find name 'post'.

[7m32[0m             const data = await post.findById(req.params.id);
[7m  [0m [91m                               ~~~~[0m
[96msrc/modules/controllers/role.controller.ts[0m:[93m43[0m:[93m32[0m - [91merror[0m[90m TS2304: [0mCannot find name 'post'.

[7m43[0m             const data = await post.update(id, req.body);
[7m  [0m [91m                               ~~~~[0m
[96msrc/modules/controllers/role.controller.ts[0m:[93m53[0m:[93m32[0m - [91merror[0m[90m TS2304: [0mCannot find name 'post'.

[7m53[0m             const data = await post.delete(req.params.id);
[7m  [0m [91m                               ~~~~[0m

TSError: тип Unable to compile TypeScript:
[96msrc/modules/controllers/role.controller.ts[0m:[93m5[0m:[93m18[0m - [91merror[0m[90m TS2304: [0mCannot find name 'RoleService'.

[7m5[0m const role = new RoleService();
[7m [0m [91m                 ~~~~~~~~~~~[0m
[96msrc/modules/controllers/role.controller.ts[0m:[93m11[0m:[93m32[0m - [91merror[0m[90m TS2304: [0mCannot find name 'post'.

[7m11[0m             const data = await post.getList(req.query);
[7m  [0m [91m                               ~~~~[0m
[96msrc/modules/controllers/role.controller.ts[0m:[93m22[0m:[93m38[0m - [91merror[0m[90m TS2304: [0mCannot find name 'post'.

[7m22[0m             const data = await await post.store(req.body);
[7m  [0m [91m                                     ~~~~[0m
[96msrc/modules/controllers/role.controller.ts[0m:[93m32[0m:[93m32[0m - [91merror[0m[90m TS2304: [0mCannot find name 'post'.

[7m32[0m             const data = await post.findById(req.params.id);
[7m  [0m [91m                               ~~~~[0m
[96msrc/modules/controllers/role.controller.ts[0m:[93m43[0m:[93m32[0m - [91merror[0m[90m TS2304: [0mCannot find name 'post'.

[7m43[0m             const data = await post.update(id, req.body);
[7m  [0m [91m                               ~~~~[0m
[96msrc/modules/controllers/role.controller.ts[0m:[93m53[0m:[93m32[0m - [91merror[0m[90m TS2304: [0mCannot find name 'post'.

[7m53[0m             const data = await post.delete(req.params.id);
[7m  [0m [91m                               ~~~~[0m

    at createTSError (/Users/toannguyen/Documents/Source/tn-uptech-backend/node_modules/ts-node/src/index.ts:859:12)
    at reportTSError (/Users/toannguyen/Documents/Source/tn-uptech-backend/node_modules/ts-node/src/index.ts:863:19)
    at getOutput (/Users/toannguyen/Documents/Source/tn-uptech-backend/node_modules/ts-node/src/index.ts:1077:36)
    at Object.compile (/Users/toannguyen/Documents/Source/tn-uptech-backend/node_modules/ts-node/src/index.ts:1433:41)
    at Module.m._compile (/Users/toannguyen/Documents/Source/tn-uptech-backend/node_modules/ts-node/src/index.ts:1617:30)
    at Module._extensions..js (node:internal/modules/cjs/loader:1245:10)
    at Object.require.extensions.<computed> [as .ts] (/Users/toannguyen/Documents/Source/tn-uptech-backend/node_modules/ts-node/src/index.ts:1621:12)
    at Module.load (node:internal/modules/cjs/loader:1069:32)
    at Function.Module._load (node:internal/modules/cjs/loader:904:12)
    at Module.require (node:internal/modules/cjs/loader:1093:19)
2023-04-05 18:43:39 error: uncaughtException: roles.hasMany called with something that's not a subclass of Sequelize.Model
Error: roles.hasMany called with something that's not a subclass of Sequelize.Model
    at Function.hasMany (/Users/toannguyen/Documents/Source/tn-uptech-backend/node_modules/sequelize/src/associations/mixin.js:18:13)
    at Function.Role.associate (/Users/toannguyen/Documents/Source/tn-uptech-backend/src/infra/sequelize/models/role.model.ts:55:14)
    at /Users/toannguyen/Documents/Source/tn-uptech-backend/src/infra/sequelize/models/index.ts:51:31
    at Array.forEach (<anonymous>)
    at createModels (/Users/toannguyen/Documents/Source/tn-uptech-backend/src/infra/sequelize/models/index.ts:49:25)
    at Object.<anonymous> (/Users/toannguyen/Documents/Source/tn-uptech-backend/src/infra/sequelize/models/index.ts:63:16)
    at Module._compile (node:internal/modules/cjs/loader:1191:14)
    at Module.m._compile (/Users/toannguyen/Documents/Source/tn-uptech-backend/node_modules/ts-node/src/index.ts:1618:23)
    at Module._extensions..js (node:internal/modules/cjs/loader:1245:10)
    at Object.require.extensions.<computed> [as .ts] (/Users/toannguyen/Documents/Source/tn-uptech-backend/node_modules/ts-node/src/index.ts:1621:12)
2023-04-05 18:43:50 error: uncaughtException: тип Unable to compile TypeScript:
[96msrc/modules/controllers/role.controller.ts[0m:[93m5[0m:[93m18[0m - [91merror[0m[90m TS2304: [0mCannot find name 'RoleService'.

[7m5[0m const role = new RoleService();
[7m [0m [91m                 ~~~~~~~~~~~[0m
[96msrc/modules/controllers/role.controller.ts[0m:[93m11[0m:[93m32[0m - [91merror[0m[90m TS2304: [0mCannot find name 'post'.

[7m11[0m             const data = await post.getList(req.query);
[7m  [0m [91m                               ~~~~[0m
[96msrc/modules/controllers/role.controller.ts[0m:[93m22[0m:[93m38[0m - [91merror[0m[90m TS2304: [0mCannot find name 'post'.

[7m22[0m             const data = await await post.store(req.body);
[7m  [0m [91m                                     ~~~~[0m
[96msrc/modules/controllers/role.controller.ts[0m:[93m32[0m:[93m32[0m - [91merror[0m[90m TS2304: [0mCannot find name 'post'.

[7m32[0m             const data = await post.findById(req.params.id);
[7m  [0m [91m                               ~~~~[0m
[96msrc/modules/controllers/role.controller.ts[0m:[93m43[0m:[93m32[0m - [91merror[0m[90m TS2304: [0mCannot find name 'post'.

[7m43[0m             const data = await post.update(id, req.body);
[7m  [0m [91m                               ~~~~[0m
[96msrc/modules/controllers/role.controller.ts[0m:[93m53[0m:[93m32[0m - [91merror[0m[90m TS2304: [0mCannot find name 'post'.

[7m53[0m             const data = await post.delete(req.params.id);
[7m  [0m [91m                               ~~~~[0m

TSError: тип Unable to compile TypeScript:
[96msrc/modules/controllers/role.controller.ts[0m:[93m5[0m:[93m18[0m - [91merror[0m[90m TS2304: [0mCannot find name 'RoleService'.

[7m5[0m const role = new RoleService();
[7m [0m [91m                 ~~~~~~~~~~~[0m
[96msrc/modules/controllers/role.controller.ts[0m:[93m11[0m:[93m32[0m - [91merror[0m[90m TS2304: [0mCannot find name 'post'.

[7m11[0m             const data = await post.getList(req.query);
[7m  [0m [91m                               ~~~~[0m
[96msrc/modules/controllers/role.controller.ts[0m:[93m22[0m:[93m38[0m - [91merror[0m[90m TS2304: [0mCannot find name 'post'.

[7m22[0m             const data = await await post.store(req.body);
[7m  [0m [91m                                     ~~~~[0m
[96msrc/modules/controllers/role.controller.ts[0m:[93m32[0m:[93m32[0m - [91merror[0m[90m TS2304: [0mCannot find name 'post'.

[7m32[0m             const data = await post.findById(req.params.id);
[7m  [0m [91m                               ~~~~[0m
[96msrc/modules/controllers/role.controller.ts[0m:[93m43[0m:[93m32[0m - [91merror[0m[90m TS2304: [0mCannot find name 'post'.

[7m43[0m             const data = await post.update(id, req.body);
[7m  [0m [91m                               ~~~~[0m
[96msrc/modules/controllers/role.controller.ts[0m:[93m53[0m:[93m32[0m - [91merror[0m[90m TS2304: [0mCannot find name 'post'.

[7m53[0m             const data = await post.delete(req.params.id);
[7m  [0m [91m                               ~~~~[0m

    at createTSError (/Users/toannguyen/Documents/Source/tn-uptech-backend/node_modules/ts-node/src/index.ts:859:12)
    at reportTSError (/Users/toannguyen/Documents/Source/tn-uptech-backend/node_modules/ts-node/src/index.ts:863:19)
    at getOutput (/Users/toannguyen/Documents/Source/tn-uptech-backend/node_modules/ts-node/src/index.ts:1077:36)
    at Object.compile (/Users/toannguyen/Documents/Source/tn-uptech-backend/node_modules/ts-node/src/index.ts:1433:41)
    at Module.m._compile (/Users/toannguyen/Documents/Source/tn-uptech-backend/node_modules/ts-node/src/index.ts:1617:30)
    at Module._extensions..js (node:internal/modules/cjs/loader:1245:10)
    at Object.require.extensions.<computed> [as .ts] (/Users/toannguyen/Documents/Source/tn-uptech-backend/node_modules/ts-node/src/index.ts:1621:12)
    at Module.load (node:internal/modules/cjs/loader:1069:32)
    at Function.Module._load (node:internal/modules/cjs/loader:904:12)
    at Module.require (node:internal/modules/cjs/loader:1093:19)
2023-04-05 18:44:59 error: uncaughtException: тип Unable to compile TypeScript:
[96msrc/modules/controllers/role.controller.ts[0m:[93m5[0m:[93m18[0m - [91merror[0m[90m TS2304: [0mCannot find name 'RoleService'.

[7m5[0m const role = new RoleService();
[7m [0m [91m                 ~~~~~~~~~~~[0m
[96msrc/modules/controllers/role.controller.ts[0m:[93m11[0m:[93m32[0m - [91merror[0m[90m TS2304: [0mCannot find name 'post'.

[7m11[0m             const data = await post.getList(req.query);
[7m  [0m [91m                               ~~~~[0m
[96msrc/modules/controllers/role.controller.ts[0m:[93m22[0m:[93m38[0m - [91merror[0m[90m TS2304: [0mCannot find name 'post'.

[7m22[0m             const data = await await post.store(req.body);
[7m  [0m [91m                                     ~~~~[0m
[96msrc/modules/controllers/role.controller.ts[0m:[93m32[0m:[93m32[0m - [91merror[0m[90m TS2304: [0mCannot find name 'post'.

[7m32[0m             const data = await post.findById(req.params.id);
[7m  [0m [91m                               ~~~~[0m
[96msrc/modules/controllers/role.controller.ts[0m:[93m43[0m:[93m32[0m - [91merror[0m[90m TS2304: [0mCannot find name 'post'.

[7m43[0m             const data = await post.update(id, req.body);
[7m  [0m [91m                               ~~~~[0m
[96msrc/modules/controllers/role.controller.ts[0m:[93m53[0m:[93m32[0m - [91merror[0m[90m TS2304: [0mCannot find name 'post'.

[7m53[0m             const data = await post.delete(req.params.id);
[7m  [0m [91m                               ~~~~[0m

TSError: тип Unable to compile TypeScript:
[96msrc/modules/controllers/role.controller.ts[0m:[93m5[0m:[93m18[0m - [91merror[0m[90m TS2304: [0mCannot find name 'RoleService'.

[7m5[0m const role = new RoleService();
[7m [0m [91m                 ~~~~~~~~~~~[0m
[96msrc/modules/controllers/role.controller.ts[0m:[93m11[0m:[93m32[0m - [91merror[0m[90m TS2304: [0mCannot find name 'post'.

[7m11[0m             const data = await post.getList(req.query);
[7m  [0m [91m                               ~~~~[0m
[96msrc/modules/controllers/role.controller.ts[0m:[93m22[0m:[93m38[0m - [91merror[0m[90m TS2304: [0mCannot find name 'post'.

[7m22[0m             const data = await await post.store(req.body);
[7m  [0m [91m                                     ~~~~[0m
[96msrc/modules/controllers/role.controller.ts[0m:[93m32[0m:[93m32[0m - [91merror[0m[90m TS2304: [0mCannot find name 'post'.

[7m32[0m             const data = await post.findById(req.params.id);
[7m  [0m [91m                               ~~~~[0m
[96msrc/modules/controllers/role.controller.ts[0m:[93m43[0m:[93m32[0m - [91merror[0m[90m TS2304: [0mCannot find name 'post'.

[7m43[0m             const data = await post.update(id, req.body);
[7m  [0m [91m                               ~~~~[0m
[96msrc/modules/controllers/role.controller.ts[0m:[93m53[0m:[93m32[0m - [91merror[0m[90m TS2304: [0mCannot find name 'post'.

[7m53[0m             const data = await post.delete(req.params.id);
[7m  [0m [91m                               ~~~~[0m

    at createTSError (/Users/toannguyen/Documents/Source/tn-uptech-backend/node_modules/ts-node/src/index.ts:859:12)
    at reportTSError (/Users/toannguyen/Documents/Source/tn-uptech-backend/node_modules/ts-node/src/index.ts:863:19)
    at getOutput (/Users/toannguyen/Documents/Source/tn-uptech-backend/node_modules/ts-node/src/index.ts:1077:36)
    at Object.compile (/Users/toannguyen/Documents/Source/tn-uptech-backend/node_modules/ts-node/src/index.ts:1433:41)
    at Module.m._compile (/Users/toannguyen/Documents/Source/tn-uptech-backend/node_modules/ts-node/src/index.ts:1617:30)
    at Module._extensions..js (node:internal/modules/cjs/loader:1245:10)
    at Object.require.extensions.<computed> [as .ts] (/Users/toannguyen/Documents/Source/tn-uptech-backend/node_modules/ts-node/src/index.ts:1621:12)
    at Module.load (node:internal/modules/cjs/loader:1069:32)
    at Function.Module._load (node:internal/modules/cjs/loader:904:12)
    at Module.require (node:internal/modules/cjs/loader:1093:19)
2023-04-05 18:45:14 error: uncaughtException: тип Unable to compile TypeScript:
[96msrc/modules/controllers/role.controller.ts[0m:[93m5[0m:[93m18[0m - [91merror[0m[90m TS2304: [0mCannot find name 'RoleService'.

[7m5[0m const role = new RoleService();
[7m [0m [91m                 ~~~~~~~~~~~[0m
[96msrc/modules/controllers/role.controller.ts[0m:[93m11[0m:[93m32[0m - [91merror[0m[90m TS2304: [0mCannot find name 'post'.

[7m11[0m             const data = await post.getList(req.query);
[7m  [0m [91m                               ~~~~[0m
[96msrc/modules/controllers/role.controller.ts[0m:[93m22[0m:[93m38[0m - [91merror[0m[90m TS2304: [0mCannot find name 'post'.

[7m22[0m             const data = await await post.store(req.body);
[7m  [0m [91m                                     ~~~~[0m
[96msrc/modules/controllers/role.controller.ts[0m:[93m32[0m:[93m32[0m - [91merror[0m[90m TS2304: [0mCannot find name 'post'.

[7m32[0m             const data = await post.findById(req.params.id);
[7m  [0m [91m                               ~~~~[0m
[96msrc/modules/controllers/role.controller.ts[0m:[93m43[0m:[93m32[0m - [91merror[0m[90m TS2304: [0mCannot find name 'post'.

[7m43[0m             const data = await post.update(id, req.body);
[7m  [0m [91m                               ~~~~[0m
[96msrc/modules/controllers/role.controller.ts[0m:[93m53[0m:[93m32[0m - [91merror[0m[90m TS2304: [0mCannot find name 'post'.

[7m53[0m             const data = await post.delete(req.params.id);
[7m  [0m [91m                               ~~~~[0m

TSError: тип Unable to compile TypeScript:
[96msrc/modules/controllers/role.controller.ts[0m:[93m5[0m:[93m18[0m - [91merror[0m[90m TS2304: [0mCannot find name 'RoleService'.

[7m5[0m const role = new RoleService();
[7m [0m [91m                 ~~~~~~~~~~~[0m
[96msrc/modules/controllers/role.controller.ts[0m:[93m11[0m:[93m32[0m - [91merror[0m[90m TS2304: [0mCannot find name 'post'.

[7m11[0m             const data = await post.getList(req.query);
[7m  [0m [91m                               ~~~~[0m
[96msrc/modules/controllers/role.controller.ts[0m:[93m22[0m:[93m38[0m - [91merror[0m[90m TS2304: [0mCannot find name 'post'.

[7m22[0m             const data = await await post.store(req.body);
[7m  [0m [91m                                     ~~~~[0m
[96msrc/modules/controllers/role.controller.ts[0m:[93m32[0m:[93m32[0m - [91merror[0m[90m TS2304: [0mCannot find name 'post'.

[7m32[0m             const data = await post.findById(req.params.id);
[7m  [0m [91m                               ~~~~[0m
[96msrc/modules/controllers/role.controller.ts[0m:[93m43[0m:[93m32[0m - [91merror[0m[90m TS2304: [0mCannot find name 'post'.

[7m43[0m             const data = await post.update(id, req.body);
[7m  [0m [91m                               ~~~~[0m
[96msrc/modules/controllers/role.controller.ts[0m:[93m53[0m:[93m32[0m - [91merror[0m[90m TS2304: [0mCannot find name 'post'.

[7m53[0m             const data = await post.delete(req.params.id);
[7m  [0m [91m                               ~~~~[0m

    at createTSError (/Users/toannguyen/Documents/Source/tn-uptech-backend/node_modules/ts-node/src/index.ts:859:12)
    at reportTSError (/Users/toannguyen/Documents/Source/tn-uptech-backend/node_modules/ts-node/src/index.ts:863:19)
    at getOutput (/Users/toannguyen/Documents/Source/tn-uptech-backend/node_modules/ts-node/src/index.ts:1077:36)
    at Object.compile (/Users/toannguyen/Documents/Source/tn-uptech-backend/node_modules/ts-node/src/index.ts:1433:41)
    at Module.m._compile (/Users/toannguyen/Documents/Source/tn-uptech-backend/node_modules/ts-node/src/index.ts:1617:30)
    at Module._extensions..js (node:internal/modules/cjs/loader:1245:10)
    at Object.require.extensions.<computed> [as .ts] (/Users/toannguyen/Documents/Source/tn-uptech-backend/node_modules/ts-node/src/index.ts:1621:12)
    at Module.load (node:internal/modules/cjs/loader:1069:32)
    at Function.Module._load (node:internal/modules/cjs/loader:904:12)
    at Module.require (node:internal/modules/cjs/loader:1093:19)
2023-04-05 18:45:30 error: uncaughtException: тип Unable to compile TypeScript:
[96msrc/modules/controllers/role.controller.ts[0m:[93m5[0m:[93m18[0m - [91merror[0m[90m TS2304: [0mCannot find name 'RoleService'.

[7m5[0m const role = new RoleService();
[7m [0m [91m                 ~~~~~~~~~~~[0m
[96msrc/modules/controllers/role.controller.ts[0m:[93m11[0m:[93m32[0m - [91merror[0m[90m TS2304: [0mCannot find name 'post'.

[7m11[0m             const data = await post.getList(req.query);
[7m  [0m [91m                               ~~~~[0m
[96msrc/modules/controllers/role.controller.ts[0m:[93m22[0m:[93m38[0m - [91merror[0m[90m TS2304: [0mCannot find name 'post'.

[7m22[0m             const data = await await post.store(req.body);
[7m  [0m [91m                                     ~~~~[0m
[96msrc/modules/controllers/role.controller.ts[0m:[93m32[0m:[93m32[0m - [91merror[0m[90m TS2304: [0mCannot find name 'post'.

[7m32[0m             const data = await post.findById(req.params.id);
[7m  [0m [91m                               ~~~~[0m
[96msrc/modules/controllers/role.controller.ts[0m:[93m43[0m:[93m32[0m - [91merror[0m[90m TS2304: [0mCannot find name 'post'.

[7m43[0m             const data = await post.update(id, req.body);
[7m  [0m [91m                               ~~~~[0m
[96msrc/modules/controllers/role.controller.ts[0m:[93m53[0m:[93m32[0m - [91merror[0m[90m TS2304: [0mCannot find name 'post'.

[7m53[0m             const data = await post.delete(req.params.id);
[7m  [0m [91m                               ~~~~[0m

TSError: тип Unable to compile TypeScript:
[96msrc/modules/controllers/role.controller.ts[0m:[93m5[0m:[93m18[0m - [91merror[0m[90m TS2304: [0mCannot find name 'RoleService'.

[7m5[0m const role = new RoleService();
[7m [0m [91m                 ~~~~~~~~~~~[0m
[96msrc/modules/controllers/role.controller.ts[0m:[93m11[0m:[93m32[0m - [91merror[0m[90m TS2304: [0mCannot find name 'post'.

[7m11[0m             const data = await post.getList(req.query);
[7m  [0m [91m                               ~~~~[0m
[96msrc/modules/controllers/role.controller.ts[0m:[93m22[0m:[93m38[0m - [91merror[0m[90m TS2304: [0mCannot find name 'post'.

[7m22[0m             const data = await await post.store(req.body);
[7m  [0m [91m                                     ~~~~[0m
[96msrc/modules/controllers/role.controller.ts[0m:[93m32[0m:[93m32[0m - [91merror[0m[90m TS2304: [0mCannot find name 'post'.

[7m32[0m             const data = await post.findById(req.params.id);
[7m  [0m [91m                               ~~~~[0m
[96msrc/modules/controllers/role.controller.ts[0m:[93m43[0m:[93m32[0m - [91merror[0m[90m TS2304: [0mCannot find name 'post'.

[7m43[0m             const data = await post.update(id, req.body);
[7m  [0m [91m                               ~~~~[0m
[96msrc/modules/controllers/role.controller.ts[0m:[93m53[0m:[93m32[0m - [91merror[0m[90m TS2304: [0mCannot find name 'post'.

[7m53[0m             const data = await post.delete(req.params.id);
[7m  [0m [91m                               ~~~~[0m

    at createTSError (/Users/toannguyen/Documents/Source/tn-uptech-backend/node_modules/ts-node/src/index.ts:859:12)
    at reportTSError (/Users/toannguyen/Documents/Source/tn-uptech-backend/node_modules/ts-node/src/index.ts:863:19)
    at getOutput (/Users/toannguyen/Documents/Source/tn-uptech-backend/node_modules/ts-node/src/index.ts:1077:36)
    at Object.compile (/Users/toannguyen/Documents/Source/tn-uptech-backend/node_modules/ts-node/src/index.ts:1433:41)
    at Module.m._compile (/Users/toannguyen/Documents/Source/tn-uptech-backend/node_modules/ts-node/src/index.ts:1617:30)
    at Module._extensions..js (node:internal/modules/cjs/loader:1245:10)
    at Object.require.extensions.<computed> [as .ts] (/Users/toannguyen/Documents/Source/tn-uptech-backend/node_modules/ts-node/src/index.ts:1621:12)
    at Module.load (node:internal/modules/cjs/loader:1069:32)
    at Function.Module._load (node:internal/modules/cjs/loader:904:12)
    at Module.require (node:internal/modules/cjs/loader:1093:19)
2023-04-05 18:45:37 error: uncaughtException: тип Unable to compile TypeScript:
[96msrc/modules/controllers/role.controller.ts[0m:[93m5[0m:[93m18[0m - [91merror[0m[90m TS2304: [0mCannot find name 'RoleService'.

[7m5[0m const role = new RoleService();
[7m [0m [91m                 ~~~~~~~~~~~[0m
[96msrc/modules/controllers/role.controller.ts[0m:[93m11[0m:[93m32[0m - [91merror[0m[90m TS2304: [0mCannot find name 'post'.

[7m11[0m             const data = await post.getList(req.query);
[7m  [0m [91m                               ~~~~[0m
[96msrc/modules/controllers/role.controller.ts[0m:[93m22[0m:[93m38[0m - [91merror[0m[90m TS2304: [0mCannot find name 'post'.

[7m22[0m             const data = await await post.store(req.body);
[7m  [0m [91m                                     ~~~~[0m
[96msrc/modules/controllers/role.controller.ts[0m:[93m32[0m:[93m32[0m - [91merror[0m[90m TS2304: [0mCannot find name 'post'.

[7m32[0m             const data = await post.findById(req.params.id);
[7m  [0m [91m                               ~~~~[0m
[96msrc/modules/controllers/role.controller.ts[0m:[93m43[0m:[93m32[0m - [91merror[0m[90m TS2304: [0mCannot find name 'post'.

[7m43[0m             const data = await post.update(id, req.body);
[7m  [0m [91m                               ~~~~[0m
[96msrc/modules/controllers/role.controller.ts[0m:[93m53[0m:[93m32[0m - [91merror[0m[90m TS2304: [0mCannot find name 'post'.

[7m53[0m             const data = await post.delete(req.params.id);
[7m  [0m [91m                               ~~~~[0m

TSError: тип Unable to compile TypeScript:
[96msrc/modules/controllers/role.controller.ts[0m:[93m5[0m:[93m18[0m - [91merror[0m[90m TS2304: [0mCannot find name 'RoleService'.

[7m5[0m const role = new RoleService();
[7m [0m [91m                 ~~~~~~~~~~~[0m
[96msrc/modules/controllers/role.controller.ts[0m:[93m11[0m:[93m32[0m - [91merror[0m[90m TS2304: [0mCannot find name 'post'.

[7m11[0m             const data = await post.getList(req.query);
[7m  [0m [91m                               ~~~~[0m
[96msrc/modules/controllers/role.controller.ts[0m:[93m22[0m:[93m38[0m - [91merror[0m[90m TS2304: [0mCannot find name 'post'.

[7m22[0m             const data = await await post.store(req.body);
[7m  [0m [91m                                     ~~~~[0m
[96msrc/modules/controllers/role.controller.ts[0m:[93m32[0m:[93m32[0m - [91merror[0m[90m TS2304: [0mCannot find name 'post'.

[7m32[0m             const data = await post.findById(req.params.id);
[7m  [0m [91m                               ~~~~[0m
[96msrc/modules/controllers/role.controller.ts[0m:[93m43[0m:[93m32[0m - [91merror[0m[90m TS2304: [0mCannot find name 'post'.

[7m43[0m             const data = await post.update(id, req.body);
[7m  [0m [91m                               ~~~~[0m
[96msrc/modules/controllers/role.controller.ts[0m:[93m53[0m:[93m32[0m - [91merror[0m[90m TS2304: [0mCannot find name 'post'.

[7m53[0m             const data = await post.delete(req.params.id);
[7m  [0m [91m                               ~~~~[0m

    at createTSError (/Users/toannguyen/Documents/Source/tn-uptech-backend/node_modules/ts-node/src/index.ts:859:12)
    at reportTSError (/Users/toannguyen/Documents/Source/tn-uptech-backend/node_modules/ts-node/src/index.ts:863:19)
    at getOutput (/Users/toannguyen/Documents/Source/tn-uptech-backend/node_modules/ts-node/src/index.ts:1077:36)
    at Object.compile (/Users/toannguyen/Documents/Source/tn-uptech-backend/node_modules/ts-node/src/index.ts:1433:41)
    at Module.m._compile (/Users/toannguyen/Documents/Source/tn-uptech-backend/node_modules/ts-node/src/index.ts:1617:30)
    at Module._extensions..js (node:internal/modules/cjs/loader:1245:10)
    at Object.require.extensions.<computed> [as .ts] (/Users/toannguyen/Documents/Source/tn-uptech-backend/node_modules/ts-node/src/index.ts:1621:12)
    at Module.load (node:internal/modules/cjs/loader:1069:32)
    at Function.Module._load (node:internal/modules/cjs/loader:904:12)
    at Module.require (node:internal/modules/cjs/loader:1093:19)
2023-04-05 18:45:46 error: uncaughtException: тип Unable to compile TypeScript:
[96msrc/modules/controllers/role.controller.ts[0m:[93m5[0m:[93m18[0m - [91merror[0m[90m TS2304: [0mCannot find name 'RoleService'.

[7m5[0m const role = new RoleService();
[7m [0m [91m                 ~~~~~~~~~~~[0m
[96msrc/modules/controllers/role.controller.ts[0m:[93m11[0m:[93m32[0m - [91merror[0m[90m TS2304: [0mCannot find name 'post'.

[7m11[0m             const data = await post.getList(req.query);
[7m  [0m [91m                               ~~~~[0m
[96msrc/modules/controllers/role.controller.ts[0m:[93m22[0m:[93m38[0m - [91merror[0m[90m TS2304: [0mCannot find name 'post'.

[7m22[0m             const data = await await post.store(req.body);
[7m  [0m [91m                                     ~~~~[0m
[96msrc/modules/controllers/role.controller.ts[0m:[93m32[0m:[93m32[0m - [91merror[0m[90m TS2304: [0mCannot find name 'post'.

[7m32[0m             const data = await post.findById(req.params.id);
[7m  [0m [91m                               ~~~~[0m
[96msrc/modules/controllers/role.controller.ts[0m:[93m43[0m:[93m32[0m - [91merror[0m[90m TS2304: [0mCannot find name 'post'.

[7m43[0m             const data = await post.update(id, req.body);
[7m  [0m [91m                               ~~~~[0m
[96msrc/modules/controllers/role.controller.ts[0m:[93m53[0m:[93m32[0m - [91merror[0m[90m TS2304: [0mCannot find name 'post'.

[7m53[0m             const data = await post.delete(req.params.id);
[7m  [0m [91m                               ~~~~[0m

TSError: тип Unable to compile TypeScript:
[96msrc/modules/controllers/role.controller.ts[0m:[93m5[0m:[93m18[0m - [91merror[0m[90m TS2304: [0mCannot find name 'RoleService'.

[7m5[0m const role = new RoleService();
[7m [0m [91m                 ~~~~~~~~~~~[0m
[96msrc/modules/controllers/role.controller.ts[0m:[93m11[0m:[93m32[0m - [91merror[0m[90m TS2304: [0mCannot find name 'post'.

[7m11[0m             const data = await post.getList(req.query);
[7m  [0m [91m                               ~~~~[0m
[96msrc/modules/controllers/role.controller.ts[0m:[93m22[0m:[93m38[0m - [91merror[0m[90m TS2304: [0mCannot find name 'post'.

[7m22[0m             const data = await await post.store(req.body);
[7m  [0m [91m                                     ~~~~[0m
[96msrc/modules/controllers/role.controller.ts[0m:[93m32[0m:[93m32[0m - [91merror[0m[90m TS2304: [0mCannot find name 'post'.

[7m32[0m             const data = await post.findById(req.params.id);
[7m  [0m [91m                               ~~~~[0m
[96msrc/modules/controllers/role.controller.ts[0m:[93m43[0m:[93m32[0m - [91merror[0m[90m TS2304: [0mCannot find name 'post'.

[7m43[0m             const data = await post.update(id, req.body);
[7m  [0m [91m                               ~~~~[0m
[96msrc/modules/controllers/role.controller.ts[0m:[93m53[0m:[93m32[0m - [91merror[0m[90m TS2304: [0mCannot find name 'post'.

[7m53[0m             const data = await post.delete(req.params.id);
[7m  [0m [91m                               ~~~~[0m

    at createTSError (/Users/toannguyen/Documents/Source/tn-uptech-backend/node_modules/ts-node/src/index.ts:859:12)
    at reportTSError (/Users/toannguyen/Documents/Source/tn-uptech-backend/node_modules/ts-node/src/index.ts:863:19)
    at getOutput (/Users/toannguyen/Documents/Source/tn-uptech-backend/node_modules/ts-node/src/index.ts:1077:36)
    at Object.compile (/Users/toannguyen/Documents/Source/tn-uptech-backend/node_modules/ts-node/src/index.ts:1433:41)
    at Module.m._compile (/Users/toannguyen/Documents/Source/tn-uptech-backend/node_modules/ts-node/src/index.ts:1617:30)
    at Module._extensions..js (node:internal/modules/cjs/loader:1245:10)
    at Object.require.extensions.<computed> [as .ts] (/Users/toannguyen/Documents/Source/tn-uptech-backend/node_modules/ts-node/src/index.ts:1621:12)
    at Module.load (node:internal/modules/cjs/loader:1069:32)
    at Function.Module._load (node:internal/modules/cjs/loader:904:12)
    at Module.require (node:internal/modules/cjs/loader:1093:19)
2023-04-05 18:52:14 error: uncaughtException: тип Unable to compile TypeScript:
[96msrc/services/role.service.ts[0m:[93m54[0m:[93m16[0m - [91merror[0m[90m TS2304: [0mCannot find name 'res'.

[7m54[0m         return res.status(400).send({ 'message': 'query is fail', err });
[7m  [0m [91m               ~~~[0m
[96msrc/services/role.service.ts[0m:[93m54[0m:[93m9[0m - [91merror[0m[90m TS1005: [0m'{' expected.

[7m54[0m         return res.status(400).send({ 'message': 'query is fail', err });
[7m  [0m [91m        ~~~~~~[0m
[96msrc/services/role.service.ts[0m:[93m55[0m:[93m5[0m - [91merror[0m[90m TS1128: [0mDeclaration or statement expected.

[7m55[0m     )
[7m  [0m [91m    ~[0m

TSError: тип Unable to compile TypeScript:
[96msrc/services/role.service.ts[0m:[93m54[0m:[93m16[0m - [91merror[0m[90m TS2304: [0mCannot find name 'res'.

[7m54[0m         return res.status(400).send({ 'message': 'query is fail', err });
[7m  [0m [91m               ~~~[0m
[96msrc/services/role.service.ts[0m:[93m54[0m:[93m9[0m - [91merror[0m[90m TS1005: [0m'{' expected.

[7m54[0m         return res.status(400).send({ 'message': 'query is fail', err });
[7m  [0m [91m        ~~~~~~[0m
[96msrc/services/role.service.ts[0m:[93m55[0m:[93m5[0m - [91merror[0m[90m TS1128: [0mDeclaration or statement expected.

[7m55[0m     )
[7m  [0m [91m    ~[0m

    at createTSError (/Users/toannguyen/Documents/Source/tn-uptech-backend/node_modules/ts-node/src/index.ts:859:12)
    at reportTSError (/Users/toannguyen/Documents/Source/tn-uptech-backend/node_modules/ts-node/src/index.ts:863:19)
    at getOutput (/Users/toannguyen/Documents/Source/tn-uptech-backend/node_modules/ts-node/src/index.ts:1077:36)
    at Object.compile (/Users/toannguyen/Documents/Source/tn-uptech-backend/node_modules/ts-node/src/index.ts:1433:41)
    at Module.m._compile (/Users/toannguyen/Documents/Source/tn-uptech-backend/node_modules/ts-node/src/index.ts:1617:30)
    at Module._extensions..js (node:internal/modules/cjs/loader:1245:10)
    at Object.require.extensions.<computed> [as .ts] (/Users/toannguyen/Documents/Source/tn-uptech-backend/node_modules/ts-node/src/index.ts:1621:12)
    at Module.load (node:internal/modules/cjs/loader:1069:32)
    at Function.Module._load (node:internal/modules/cjs/loader:904:12)
    at Module.require (node:internal/modules/cjs/loader:1093:19)
2023-04-05 19:14:59 error: uncaughtException: categories.hasMany called with something that's not a subclass of Sequelize.Model
Error: categories.hasMany called with something that's not a subclass of Sequelize.Model
    at Function.hasMany (/Users/toannguyen/Documents/Source/tn-uptech-backend/node_modules/sequelize/src/associations/mixin.js:18:13)
    at Function.Category.associate (/Users/toannguyen/Documents/Source/tn-uptech-backend/src/infra/sequelize/models/category.model.ts:73:18)
    at /Users/toannguyen/Documents/Source/tn-uptech-backend/src/infra/sequelize/models/index.ts:51:31
    at Array.forEach (<anonymous>)
    at createModels (/Users/toannguyen/Documents/Source/tn-uptech-backend/src/infra/sequelize/models/index.ts:49:25)
    at Object.<anonymous> (/Users/toannguyen/Documents/Source/tn-uptech-backend/src/infra/sequelize/models/index.ts:63:16)
    at Module._compile (node:internal/modules/cjs/loader:1191:14)
    at Module.m._compile (/Users/toannguyen/Documents/Source/tn-uptech-backend/node_modules/ts-node/src/index.ts:1618:23)
    at Module._extensions..js (node:internal/modules/cjs/loader:1245:10)
    at Object.require.extensions.<computed> [as .ts] (/Users/toannguyen/Documents/Source/tn-uptech-backend/node_modules/ts-node/src/index.ts:1621:12)
2023-04-05 19:15:11 error: uncaughtException: categories.hasMany called with something that's not a subclass of Sequelize.Model
Error: categories.hasMany called with something that's not a subclass of Sequelize.Model
    at Function.hasMany (/Users/toannguyen/Documents/Source/tn-uptech-backend/node_modules/sequelize/src/associations/mixin.js:18:13)
    at Function.Category.associate (/Users/toannguyen/Documents/Source/tn-uptech-backend/src/infra/sequelize/models/category.model.ts:73:18)
    at /Users/toannguyen/Documents/Source/tn-uptech-backend/src/infra/sequelize/models/index.ts:51:31
    at Array.forEach (<anonymous>)
    at createModels (/Users/toannguyen/Documents/Source/tn-uptech-backend/src/infra/sequelize/models/index.ts:49:25)
    at Object.<anonymous> (/Users/toannguyen/Documents/Source/tn-uptech-backend/src/infra/sequelize/models/index.ts:63:16)
    at Module._compile (node:internal/modules/cjs/loader:1191:14)
    at Module.m._compile (/Users/toannguyen/Documents/Source/tn-uptech-backend/node_modules/ts-node/src/index.ts:1618:23)
    at Module._extensions..js (node:internal/modules/cjs/loader:1245:10)
    at Object.require.extensions.<computed> [as .ts] (/Users/toannguyen/Documents/Source/tn-uptech-backend/node_modules/ts-node/src/index.ts:1621:12)
2023-04-05 19:15:41 error: uncaughtException: categories.hasMany called with something that's not a subclass of Sequelize.Model
Error: categories.hasMany called with something that's not a subclass of Sequelize.Model
    at Function.hasMany (/Users/toannguyen/Documents/Source/tn-uptech-backend/node_modules/sequelize/src/associations/mixin.js:18:13)
    at Function.Category.associate (/Users/toannguyen/Documents/Source/tn-uptech-backend/src/infra/sequelize/models/category.model.ts:41:18)
    at /Users/toannguyen/Documents/Source/tn-uptech-backend/src/infra/sequelize/models/index.ts:51:31
    at Array.forEach (<anonymous>)
    at createModels (/Users/toannguyen/Documents/Source/tn-uptech-backend/src/infra/sequelize/models/index.ts:49:25)
    at Object.<anonymous> (/Users/toannguyen/Documents/Source/tn-uptech-backend/src/infra/sequelize/models/index.ts:63:16)
    at Module._compile (node:internal/modules/cjs/loader:1191:14)
    at Module.m._compile (/Users/toannguyen/Documents/Source/tn-uptech-backend/node_modules/ts-node/src/index.ts:1618:23)
    at Module._extensions..js (node:internal/modules/cjs/loader:1245:10)
    at Object.require.extensions.<computed> [as .ts] (/Users/toannguyen/Documents/Source/tn-uptech-backend/node_modules/ts-node/src/index.ts:1621:12)
2023-04-05 19:15:49 error: uncaughtException: categories.hasMany called with something that's not a subclass of Sequelize.Model
Error: categories.hasMany called with something that's not a subclass of Sequelize.Model
    at Function.hasMany (/Users/toannguyen/Documents/Source/tn-uptech-backend/node_modules/sequelize/src/associations/mixin.js:18:13)
    at Function.Category.associate (/Users/toannguyen/Documents/Source/tn-uptech-backend/src/infra/sequelize/models/category.model.ts:41:18)
    at /Users/toannguyen/Documents/Source/tn-uptech-backend/src/infra/sequelize/models/index.ts:51:31
    at Array.forEach (<anonymous>)
    at createModels (/Users/toannguyen/Documents/Source/tn-uptech-backend/src/infra/sequelize/models/index.ts:49:25)
    at Object.<anonymous> (/Users/toannguyen/Documents/Source/tn-uptech-backend/src/infra/sequelize/models/index.ts:63:16)
    at Module._compile (node:internal/modules/cjs/loader:1191:14)
    at Module.m._compile (/Users/toannguyen/Documents/Source/tn-uptech-backend/node_modules/ts-node/src/index.ts:1618:23)
    at Module._extensions..js (node:internal/modules/cjs/loader:1245:10)
    at Object.require.extensions.<computed> [as .ts] (/Users/toannguyen/Documents/Source/tn-uptech-backend/node_modules/ts-node/src/index.ts:1621:12)
2023-04-05 19:19:52 error: uncaughtException: тип Unable to compile TypeScript:
[96msrc/route/categories.route.ts[0m:[93m8[0m:[93m22[0m - [91merror[0m[90m TS2304: [0mCannot find name 'CeoController'.

[7m8[0m     public ceo = new CeoController();
[7m [0m [91m                     ~~~~~~~~~~~~~[0m

TSError: тип Unable to compile TypeScript:
[96msrc/route/categories.route.ts[0m:[93m8[0m:[93m22[0m - [91merror[0m[90m TS2304: [0mCannot find name 'CeoController'.

[7m8[0m     public ceo = new CeoController();
[7m [0m [91m                     ~~~~~~~~~~~~~[0m

    at createTSError (/Users/toannguyen/Documents/Source/tn-uptech-backend/node_modules/ts-node/src/index.ts:859:12)
    at reportTSError (/Users/toannguyen/Documents/Source/tn-uptech-backend/node_modules/ts-node/src/index.ts:863:19)
    at getOutput (/Users/toannguyen/Documents/Source/tn-uptech-backend/node_modules/ts-node/src/index.ts:1077:36)
    at Object.compile (/Users/toannguyen/Documents/Source/tn-uptech-backend/node_modules/ts-node/src/index.ts:1433:41)
    at Module.m._compile (/Users/toannguyen/Documents/Source/tn-uptech-backend/node_modules/ts-node/src/index.ts:1617:30)
    at Module._extensions..js (node:internal/modules/cjs/loader:1245:10)
    at Object.require.extensions.<computed> [as .ts] (/Users/toannguyen/Documents/Source/tn-uptech-backend/node_modules/ts-node/src/index.ts:1621:12)
    at Module.load (node:internal/modules/cjs/loader:1069:32)
    at Function.Module._load (node:internal/modules/cjs/loader:904:12)
    at Module.require (node:internal/modules/cjs/loader:1093:19)
2023-04-05 19:20:04 error: uncaughtException: тип Unable to compile TypeScript:
[96msrc/route/categories.route.ts[0m:[93m16[0m:[93m50[0m - [91merror[0m[90m TS2339: [0mProperty 'index' does not exist on type 'CategoryController'.

[7m16[0m         this.router.get(`${this.path}`, this.ceo.index);
[7m  [0m [91m                                                 ~~~~~[0m
[96msrc/route/categories.route.ts[0m:[93m17[0m:[93m58[0m - [91merror[0m[90m TS2339: [0mProperty 'create' does not exist on type 'CategoryController'.

[7m17[0m         this.router.post(`${this.path}/create`, this.ceo.create);
[7m  [0m [91m                                                         ~~~~~~[0m
[96msrc/route/categories.route.ts[0m:[93m18[0m:[93m59[0m - [91merror[0m[90m TS2339: [0mProperty 'show' does not exist on type 'CategoryController'.

[7m18[0m         this.router.get(`${this.path}/show/:id`, this.ceo.show);
[7m  [0m [91m                                                          ~~~~[0m
[96msrc/route/categories.route.ts[0m:[93m19[0m:[93m61[0m - [91merror[0m[90m TS2339: [0mProperty 'update' does not exist on type 'CategoryController'.

[7m19[0m         this.router.put(`${this.path}/update/:id`, this.ceo.update);
[7m  [0m [91m                                                            ~~~~~~[0m
[96msrc/route/categories.route.ts[0m:[93m20[0m:[93m70[0m - [91merror[0m[90m TS2339: [0mProperty 'delete' does not exist on type 'CategoryController'.

[7m20[0m         this.router.delete(`${this.path}/delete/:id(\\d+)`, this.ceo.delete);
[7m  [0m [91m                                                                     ~~~~~~[0m

TSError: тип Unable to compile TypeScript:
[96msrc/route/categories.route.ts[0m:[93m16[0m:[93m50[0m - [91merror[0m[90m TS2339: [0mProperty 'index' does not exist on type 'CategoryController'.

[7m16[0m         this.router.get(`${this.path}`, this.ceo.index);
[7m  [0m [91m                                                 ~~~~~[0m
[96msrc/route/categories.route.ts[0m:[93m17[0m:[93m58[0m - [91merror[0m[90m TS2339: [0mProperty 'create' does not exist on type 'CategoryController'.

[7m17[0m         this.router.post(`${this.path}/create`, this.ceo.create);
[7m  [0m [91m                                                         ~~~~~~[0m
[96msrc/route/categories.route.ts[0m:[93m18[0m:[93m59[0m - [91merror[0m[90m TS2339: [0mProperty 'show' does not exist on type 'CategoryController'.

[7m18[0m         this.router.get(`${this.path}/show/:id`, this.ceo.show);
[7m  [0m [91m                                                          ~~~~[0m
[96msrc/route/categories.route.ts[0m:[93m19[0m:[93m61[0m - [91merror[0m[90m TS2339: [0mProperty 'update' does not exist on type 'CategoryController'.

[7m19[0m         this.router.put(`${this.path}/update/:id`, this.ceo.update);
[7m  [0m [91m                                                            ~~~~~~[0m
[96msrc/route/categories.route.ts[0m:[93m20[0m:[93m70[0m - [91merror[0m[90m TS2339: [0mProperty 'delete' does not exist on type 'CategoryController'.

[7m20[0m         this.router.delete(`${this.path}/delete/:id(\\d+)`, this.ceo.delete);
[7m  [0m [91m                                                                     ~~~~~~[0m

    at createTSError (/Users/toannguyen/Documents/Source/tn-uptech-backend/node_modules/ts-node/src/index.ts:859:12)
    at reportTSError (/Users/toannguyen/Documents/Source/tn-uptech-backend/node_modules/ts-node/src/index.ts:863:19)
    at getOutput (/Users/toannguyen/Documents/Source/tn-uptech-backend/node_modules/ts-node/src/index.ts:1077:36)
    at Object.compile (/Users/toannguyen/Documents/Source/tn-uptech-backend/node_modules/ts-node/src/index.ts:1433:41)
    at Module.m._compile (/Users/toannguyen/Documents/Source/tn-uptech-backend/node_modules/ts-node/src/index.ts:1617:30)
    at Module._extensions..js (node:internal/modules/cjs/loader:1245:10)
    at Object.require.extensions.<computed> [as .ts] (/Users/toannguyen/Documents/Source/tn-uptech-backend/node_modules/ts-node/src/index.ts:1621:12)
    at Module.load (node:internal/modules/cjs/loader:1069:32)
    at Function.Module._load (node:internal/modules/cjs/loader:904:12)
    at Module.require (node:internal/modules/cjs/loader:1093:19)
2023-04-05 19:20:40 error: uncaughtException: тип Unable to compile TypeScript:
[96msrc/route/categories.route.ts[0m:[93m16[0m:[93m50[0m - [91merror[0m[90m TS2339: [0mProperty 'index' does not exist on type 'CategoryController'.

[7m16[0m         this.router.get(`${this.path}`, this.ceo.index);
[7m  [0m [91m                                                 ~~~~~[0m
[96msrc/route/categories.route.ts[0m:[93m17[0m:[93m58[0m - [91merror[0m[90m TS2339: [0mProperty 'create' does not exist on type 'CategoryController'.

[7m17[0m         this.router.post(`${this.path}/create`, this.ceo.create);
[7m  [0m [91m                                                         ~~~~~~[0m
[96msrc/route/categories.route.ts[0m:[93m18[0m:[93m59[0m - [91merror[0m[90m TS2339: [0mProperty 'show' does not exist on type 'CategoryController'.

[7m18[0m         this.router.get(`${this.path}/show/:id`, this.ceo.show);
[7m  [0m [91m                                                          ~~~~[0m
[96msrc/route/categories.route.ts[0m:[93m19[0m:[93m61[0m - [91merror[0m[90m TS2339: [0mProperty 'update' does not exist on type 'CategoryController'.

[7m19[0m         this.router.put(`${this.path}/update/:id`, this.ceo.update);
[7m  [0m [91m                                                            ~~~~~~[0m
[96msrc/route/categories.route.ts[0m:[93m20[0m:[93m70[0m - [91merror[0m[90m TS2339: [0mProperty 'delete' does not exist on type 'CategoryController'.

[7m20[0m         this.router.delete(`${this.path}/delete/:id(\\d+)`, this.ceo.delete);
[7m  [0m [91m                                                                     ~~~~~~[0m

TSError: тип Unable to compile TypeScript:
[96msrc/route/categories.route.ts[0m:[93m16[0m:[93m50[0m - [91merror[0m[90m TS2339: [0mProperty 'index' does not exist on type 'CategoryController'.

[7m16[0m         this.router.get(`${this.path}`, this.ceo.index);
[7m  [0m [91m                                                 ~~~~~[0m
[96msrc/route/categories.route.ts[0m:[93m17[0m:[93m58[0m - [91merror[0m[90m TS2339: [0mProperty 'create' does not exist on type 'CategoryController'.

[7m17[0m         this.router.post(`${this.path}/create`, this.ceo.create);
[7m  [0m [91m                                                         ~~~~~~[0m
[96msrc/route/categories.route.ts[0m:[93m18[0m:[93m59[0m - [91merror[0m[90m TS2339: [0mProperty 'show' does not exist on type 'CategoryController'.

[7m18[0m         this.router.get(`${this.path}/show/:id`, this.ceo.show);
[7m  [0m [91m                                                          ~~~~[0m
[96msrc/route/categories.route.ts[0m:[93m19[0m:[93m61[0m - [91merror[0m[90m TS2339: [0mProperty 'update' does not exist on type 'CategoryController'.

[7m19[0m         this.router.put(`${this.path}/update/:id`, this.ceo.update);
[7m  [0m [91m                                                            ~~~~~~[0m
[96msrc/route/categories.route.ts[0m:[93m20[0m:[93m70[0m - [91merror[0m[90m TS2339: [0mProperty 'delete' does not exist on type 'CategoryController'.

[7m20[0m         this.router.delete(`${this.path}/delete/:id(\\d+)`, this.ceo.delete);
[7m  [0m [91m                                                                     ~~~~~~[0m

    at createTSError (/Users/toannguyen/Documents/Source/tn-uptech-backend/node_modules/ts-node/src/index.ts:859:12)
    at reportTSError (/Users/toannguyen/Documents/Source/tn-uptech-backend/node_modules/ts-node/src/index.ts:863:19)
    at getOutput (/Users/toannguyen/Documents/Source/tn-uptech-backend/node_modules/ts-node/src/index.ts:1077:36)
    at Object.compile (/Users/toannguyen/Documents/Source/tn-uptech-backend/node_modules/ts-node/src/index.ts:1433:41)
    at Module.m._compile (/Users/toannguyen/Documents/Source/tn-uptech-backend/node_modules/ts-node/src/index.ts:1617:30)
    at Module._extensions..js (node:internal/modules/cjs/loader:1245:10)
    at Object.require.extensions.<computed> [as .ts] (/Users/toannguyen/Documents/Source/tn-uptech-backend/node_modules/ts-node/src/index.ts:1621:12)
    at Module.load (node:internal/modules/cjs/loader:1069:32)
    at Function.Module._load (node:internal/modules/cjs/loader:904:12)
    at Module.require (node:internal/modules/cjs/loader:1093:19)
2023-04-05 19:21:06 error: uncaughtException: тип Unable to compile TypeScript:
[96msrc/route/categories.route.ts[0m:[93m16[0m:[93m55[0m - [91merror[0m[90m TS2339: [0mProperty 'index' does not exist on type 'CategoryController'.

[7m16[0m         this.router.get(`${this.path}`, this.category.index);
[7m  [0m [91m                                                      ~~~~~[0m
[96msrc/route/categories.route.ts[0m:[93m17[0m:[93m63[0m - [91merror[0m[90m TS2339: [0mProperty 'create' does not exist on type 'CategoryController'.

[7m17[0m         this.router.post(`${this.path}/create`, this.category.create);
[7m  [0m [91m                                                              ~~~~~~[0m
[96msrc/route/categories.route.ts[0m:[93m18[0m:[93m64[0m - [91merror[0m[90m TS2339: [0mProperty 'show' does not exist on type 'CategoryController'.

[7m18[0m         this.router.get(`${this.path}/show/:id`, this.category.show);
[7m  [0m [91m                                                               ~~~~[0m
[96msrc/route/categories.route.ts[0m:[93m19[0m:[93m66[0m - [91merror[0m[90m TS2339: [0mProperty 'update' does not exist on type 'CategoryController'.

[7m19[0m         this.router.put(`${this.path}/update/:id`, this.category.update);
[7m  [0m [91m                                                                 ~~~~~~[0m
[96msrc/route/categories.route.ts[0m:[93m20[0m:[93m75[0m - [91merror[0m[90m TS2339: [0mProperty 'delete' does not exist on type 'CategoryController'.

[7m20[0m         this.router.delete(`${this.path}/delete/:id(\\d+)`, this.category.delete);
[7m  [0m [91m                                                                          ~~~~~~[0m

TSError: тип Unable to compile TypeScript:
[96msrc/route/categories.route.ts[0m:[93m16[0m:[93m55[0m - [91merror[0m[90m TS2339: [0mProperty 'index' does not exist on type 'CategoryController'.

[7m16[0m         this.router.get(`${this.path}`, this.category.index);
[7m  [0m [91m                                                      ~~~~~[0m
[96msrc/route/categories.route.ts[0m:[93m17[0m:[93m63[0m - [91merror[0m[90m TS2339: [0mProperty 'create' does not exist on type 'CategoryController'.

[7m17[0m         this.router.post(`${this.path}/create`, this.category.create);
[7m  [0m [91m                                                              ~~~~~~[0m
[96msrc/route/categories.route.ts[0m:[93m18[0m:[93m64[0m - [91merror[0m[90m TS2339: [0mProperty 'show' does not exist on type 'CategoryController'.

[7m18[0m         this.router.get(`${this.path}/show/:id`, this.category.show);
[7m  [0m [91m                                                               ~~~~[0m
[96msrc/route/categories.route.ts[0m:[93m19[0m:[93m66[0m - [91merror[0m[90m TS2339: [0mProperty 'update' does not exist on type 'CategoryController'.

[7m19[0m         this.router.put(`${this.path}/update/:id`, this.category.update);
[7m  [0m [91m                                                                 ~~~~~~[0m
[96msrc/route/categories.route.ts[0m:[93m20[0m:[93m75[0m - [91merror[0m[90m TS2339: [0mProperty 'delete' does not exist on type 'CategoryController'.

[7m20[0m         this.router.delete(`${this.path}/delete/:id(\\d+)`, this.category.delete);
[7m  [0m [91m                                                                          ~~~~~~[0m

    at createTSError (/Users/toannguyen/Documents/Source/tn-uptech-backend/node_modules/ts-node/src/index.ts:859:12)
    at reportTSError (/Users/toannguyen/Documents/Source/tn-uptech-backend/node_modules/ts-node/src/index.ts:863:19)
    at getOutput (/Users/toannguyen/Documents/Source/tn-uptech-backend/node_modules/ts-node/src/index.ts:1077:36)
    at Object.compile (/Users/toannguyen/Documents/Source/tn-uptech-backend/node_modules/ts-node/src/index.ts:1433:41)
    at Module.m._compile (/Users/toannguyen/Documents/Source/tn-uptech-backend/node_modules/ts-node/src/index.ts:1617:30)
    at Module._extensions..js (node:internal/modules/cjs/loader:1245:10)
    at Object.require.extensions.<computed> [as .ts] (/Users/toannguyen/Documents/Source/tn-uptech-backend/node_modules/ts-node/src/index.ts:1621:12)
    at Module.load (node:internal/modules/cjs/loader:1069:32)
    at Function.Module._load (node:internal/modules/cjs/loader:904:12)
    at Module.require (node:internal/modules/cjs/loader:1093:19)
2023-04-05 19:21:20 error: uncaughtException: тип Unable to compile TypeScript:
[96msrc/route/categories.route.ts[0m:[93m4[0m:[93m8[0m - [91merror[0m[90m TS1192: [0mModule '"/Users/toannguyen/Documents/Source/tn-uptech-backend/src/modules/controllers/categories.controller"' has no default export.

[7m4[0m import CategoryController from "../modules/controllers/categories.controller";
[7m [0m [91m       ~~~~~~~~~~~~~~~~~~[0m

TSError: тип Unable to compile TypeScript:
[96msrc/route/categories.route.ts[0m:[93m4[0m:[93m8[0m - [91merror[0m[90m TS1192: [0mModule '"/Users/toannguyen/Documents/Source/tn-uptech-backend/src/modules/controllers/categories.controller"' has no default export.

[7m4[0m import CategoryController from "../modules/controllers/categories.controller";
[7m [0m [91m       ~~~~~~~~~~~~~~~~~~[0m

    at createTSError (/Users/toannguyen/Documents/Source/tn-uptech-backend/node_modules/ts-node/src/index.ts:859:12)
    at reportTSError (/Users/toannguyen/Documents/Source/tn-uptech-backend/node_modules/ts-node/src/index.ts:863:19)
    at getOutput (/Users/toannguyen/Documents/Source/tn-uptech-backend/node_modules/ts-node/src/index.ts:1077:36)
    at Object.compile (/Users/toannguyen/Documents/Source/tn-uptech-backend/node_modules/ts-node/src/index.ts:1433:41)
    at Module.m._compile (/Users/toannguyen/Documents/Source/tn-uptech-backend/node_modules/ts-node/src/index.ts:1617:30)
    at Module._extensions..js (node:internal/modules/cjs/loader:1245:10)
    at Object.require.extensions.<computed> [as .ts] (/Users/toannguyen/Documents/Source/tn-uptech-backend/node_modules/ts-node/src/index.ts:1621:12)
    at Module.load (node:internal/modules/cjs/loader:1069:32)
    at Function.Module._load (node:internal/modules/cjs/loader:904:12)
    at Module.require (node:internal/modules/cjs/loader:1093:19)
2023-04-05 19:21:26 error: uncaughtException: тип Unable to compile TypeScript:
[96msrc/route/categories.route.ts[0m:[93m4[0m:[93m8[0m - [91merror[0m[90m TS2613: [0mModule '"/Users/toannguyen/Documents/Source/tn-uptech-backend/src/modules/controllers/categories.controller"' has no default export. Did you mean to use 'import { CategoryController } from "/Users/toannguyen/Documents/Source/tn-uptech-backend/src/modules/controllers/categories.controller"' instead?

[7m4[0m import CategoryController from "../modules/controllers/categories.controller";
[7m [0m [91m       ~~~~~~~~~~~~~~~~~~[0m

TSError: тип Unable to compile TypeScript:
[96msrc/route/categories.route.ts[0m:[93m4[0m:[93m8[0m - [91merror[0m[90m TS2613: [0mModule '"/Users/toannguyen/Documents/Source/tn-uptech-backend/src/modules/controllers/categories.controller"' has no default export. Did you mean to use 'import { CategoryController } from "/Users/toannguyen/Documents/Source/tn-uptech-backend/src/modules/controllers/categories.controller"' instead?

[7m4[0m import CategoryController from "../modules/controllers/categories.controller";
[7m [0m [91m       ~~~~~~~~~~~~~~~~~~[0m

    at createTSError (/Users/toannguyen/Documents/Source/tn-uptech-backend/node_modules/ts-node/src/index.ts:859:12)
    at reportTSError (/Users/toannguyen/Documents/Source/tn-uptech-backend/node_modules/ts-node/src/index.ts:863:19)
    at getOutput (/Users/toannguyen/Documents/Source/tn-uptech-backend/node_modules/ts-node/src/index.ts:1077:36)
    at Object.compile (/Users/toannguyen/Documents/Source/tn-uptech-backend/node_modules/ts-node/src/index.ts:1433:41)
    at Module.m._compile (/Users/toannguyen/Documents/Source/tn-uptech-backend/node_modules/ts-node/src/index.ts:1617:30)
    at Module._extensions..js (node:internal/modules/cjs/loader:1245:10)
    at Object.require.extensions.<computed> [as .ts] (/Users/toannguyen/Documents/Source/tn-uptech-backend/node_modules/ts-node/src/index.ts:1621:12)
    at Module.load (node:internal/modules/cjs/loader:1069:32)
    at Function.Module._load (node:internal/modules/cjs/loader:904:12)
    at Module.require (node:internal/modules/cjs/loader:1093:19)
2023-04-05 19:21:44 error: uncaughtException: тип Unable to compile TypeScript:
[96msrc/route/categories.route.ts[0m:[93m4[0m:[93m8[0m - [91merror[0m[90m TS2613: [0mModule '"/Users/toannguyen/Documents/Source/tn-uptech-backend/src/modules/controllers/categories.controller"' has no default export. Did you mean to use 'import { CategoryController } from "/Users/toannguyen/Documents/Source/tn-uptech-backend/src/modules/controllers/categories.controller"' instead?

[7m4[0m import CategoryController from "../modules/controllers/categories.controller";
[7m [0m [91m       ~~~~~~~~~~~~~~~~~~[0m

TSError: тип Unable to compile TypeScript:
[96msrc/route/categories.route.ts[0m:[93m4[0m:[93m8[0m - [91merror[0m[90m TS2613: [0mModule '"/Users/toannguyen/Documents/Source/tn-uptech-backend/src/modules/controllers/categories.controller"' has no default export. Did you mean to use 'import { CategoryController } from "/Users/toannguyen/Documents/Source/tn-uptech-backend/src/modules/controllers/categories.controller"' instead?

[7m4[0m import CategoryController from "../modules/controllers/categories.controller";
[7m [0m [91m       ~~~~~~~~~~~~~~~~~~[0m

    at createTSError (/Users/toannguyen/Documents/Source/tn-uptech-backend/node_modules/ts-node/src/index.ts:859:12)
    at reportTSError (/Users/toannguyen/Documents/Source/tn-uptech-backend/node_modules/ts-node/src/index.ts:863:19)
    at getOutput (/Users/toannguyen/Documents/Source/tn-uptech-backend/node_modules/ts-node/src/index.ts:1077:36)
    at Object.compile (/Users/toannguyen/Documents/Source/tn-uptech-backend/node_modules/ts-node/src/index.ts:1433:41)
    at Module.m._compile (/Users/toannguyen/Documents/Source/tn-uptech-backend/node_modules/ts-node/src/index.ts:1617:30)
    at Module._extensions..js (node:internal/modules/cjs/loader:1245:10)
    at Object.require.extensions.<computed> [as .ts] (/Users/toannguyen/Documents/Source/tn-uptech-backend/node_modules/ts-node/src/index.ts:1621:12)
    at Module.load (node:internal/modules/cjs/loader:1069:32)
    at Function.Module._load (node:internal/modules/cjs/loader:904:12)
    at Module.require (node:internal/modules/cjs/loader:1093:19)
2023-04-05 19:22:47 error: uncaughtException: тип Unable to compile TypeScript:
[96msrc/route/categories.route.ts[0m:[93m4[0m:[93m8[0m - [91merror[0m[90m TS2613: [0mModule '"/Users/toannguyen/Documents/Source/tn-uptech-backend/src/modules/controllers/categories.controller"' has no default export. Did you mean to use 'import { CategoryController } from "/Users/toannguyen/Documents/Source/tn-uptech-backend/src/modules/controllers/categories.controller"' instead?

[7m4[0m import CategoryController from "../modules/controllers/categories.controller";
[7m [0m [91m       ~~~~~~~~~~~~~~~~~~[0m

TSError: тип Unable to compile TypeScript:
[96msrc/route/categories.route.ts[0m:[93m4[0m:[93m8[0m - [91merror[0m[90m TS2613: [0mModule '"/Users/toannguyen/Documents/Source/tn-uptech-backend/src/modules/controllers/categories.controller"' has no default export. Did you mean to use 'import { CategoryController } from "/Users/toannguyen/Documents/Source/tn-uptech-backend/src/modules/controllers/categories.controller"' instead?

[7m4[0m import CategoryController from "../modules/controllers/categories.controller";
[7m [0m [91m       ~~~~~~~~~~~~~~~~~~[0m

    at createTSError (/Users/toannguyen/Documents/Source/tn-uptech-backend/node_modules/ts-node/src/index.ts:859:12)
    at reportTSError (/Users/toannguyen/Documents/Source/tn-uptech-backend/node_modules/ts-node/src/index.ts:863:19)
    at getOutput (/Users/toannguyen/Documents/Source/tn-uptech-backend/node_modules/ts-node/src/index.ts:1077:36)
    at Object.compile (/Users/toannguyen/Documents/Source/tn-uptech-backend/node_modules/ts-node/src/index.ts:1433:41)
    at Module.m._compile (/Users/toannguyen/Documents/Source/tn-uptech-backend/node_modules/ts-node/src/index.ts:1617:30)
    at Module._extensions..js (node:internal/modules/cjs/loader:1245:10)
    at Object.require.extensions.<computed> [as .ts] (/Users/toannguyen/Documents/Source/tn-uptech-backend/node_modules/ts-node/src/index.ts:1621:12)
    at Module.load (node:internal/modules/cjs/loader:1069:32)
    at Function.Module._load (node:internal/modules/cjs/loader:904:12)
    at Module.require (node:internal/modules/cjs/loader:1093:19)
2023-04-05 19:22:54 error: uncaughtException: тип Unable to compile TypeScript:
[96msrc/route/categories.route.ts[0m:[93m4[0m:[93m8[0m - [91merror[0m[90m TS2613: [0mModule '"/Users/toannguyen/Documents/Source/tn-uptech-backend/src/modules/controllers/categories.controller"' has no default export. Did you mean to use 'import { CategoryController } from "/Users/toannguyen/Documents/Source/tn-uptech-backend/src/modules/controllers/categories.controller"' instead?

[7m4[0m import CategoryController from "../modules/controllers/categories.controller";
[7m [0m [91m       ~~~~~~~~~~~~~~~~~~[0m

TSError: тип Unable to compile TypeScript:
[96msrc/route/categories.route.ts[0m:[93m4[0m:[93m8[0m - [91merror[0m[90m TS2613: [0mModule '"/Users/toannguyen/Documents/Source/tn-uptech-backend/src/modules/controllers/categories.controller"' has no default export. Did you mean to use 'import { CategoryController } from "/Users/toannguyen/Documents/Source/tn-uptech-backend/src/modules/controllers/categories.controller"' instead?

[7m4[0m import CategoryController from "../modules/controllers/categories.controller";
[7m [0m [91m       ~~~~~~~~~~~~~~~~~~[0m

    at createTSError (/Users/toannguyen/Documents/Source/tn-uptech-backend/node_modules/ts-node/src/index.ts:859:12)
    at reportTSError (/Users/toannguyen/Documents/Source/tn-uptech-backend/node_modules/ts-node/src/index.ts:863:19)
    at getOutput (/Users/toannguyen/Documents/Source/tn-uptech-backend/node_modules/ts-node/src/index.ts:1077:36)
    at Object.compile (/Users/toannguyen/Documents/Source/tn-uptech-backend/node_modules/ts-node/src/index.ts:1433:41)
    at Module.m._compile (/Users/toannguyen/Documents/Source/tn-uptech-backend/node_modules/ts-node/src/index.ts:1617:30)
    at Module._extensions..js (node:internal/modules/cjs/loader:1245:10)
    at Object.require.extensions.<computed> [as .ts] (/Users/toannguyen/Documents/Source/tn-uptech-backend/node_modules/ts-node/src/index.ts:1621:12)
    at Module.load (node:internal/modules/cjs/loader:1069:32)
    at Function.Module._load (node:internal/modules/cjs/loader:904:12)
    at Module.require (node:internal/modules/cjs/loader:1093:19)
2023-04-05 19:23:05 error: uncaughtException: тип Unable to compile TypeScript:
[96msrc/route/categories.route.ts[0m:[93m4[0m:[93m8[0m - [91merror[0m[90m TS2613: [0mModule '"/Users/toannguyen/Documents/Source/tn-uptech-backend/src/modules/controllers/categories.controller"' has no default export. Did you mean to use 'import { CategoryController } from "/Users/toannguyen/Documents/Source/tn-uptech-backend/src/modules/controllers/categories.controller"' instead?

[7m4[0m import CategoryController from "../modules/controllers/categories.controller";
[7m [0m [91m       ~~~~~~~~~~~~~~~~~~[0m

TSError: тип Unable to compile TypeScript:
[96msrc/route/categories.route.ts[0m:[93m4[0m:[93m8[0m - [91merror[0m[90m TS2613: [0mModule '"/Users/toannguyen/Documents/Source/tn-uptech-backend/src/modules/controllers/categories.controller"' has no default export. Did you mean to use 'import { CategoryController } from "/Users/toannguyen/Documents/Source/tn-uptech-backend/src/modules/controllers/categories.controller"' instead?

[7m4[0m import CategoryController from "../modules/controllers/categories.controller";
[7m [0m [91m       ~~~~~~~~~~~~~~~~~~[0m

    at createTSError (/Users/toannguyen/Documents/Source/tn-uptech-backend/node_modules/ts-node/src/index.ts:859:12)
    at reportTSError (/Users/toannguyen/Documents/Source/tn-uptech-backend/node_modules/ts-node/src/index.ts:863:19)
    at getOutput (/Users/toannguyen/Documents/Source/tn-uptech-backend/node_modules/ts-node/src/index.ts:1077:36)
    at Object.compile (/Users/toannguyen/Documents/Source/tn-uptech-backend/node_modules/ts-node/src/index.ts:1433:41)
    at Module.m._compile (/Users/toannguyen/Documents/Source/tn-uptech-backend/node_modules/ts-node/src/index.ts:1617:30)
    at Module._extensions..js (node:internal/modules/cjs/loader:1245:10)
    at Object.require.extensions.<computed> [as .ts] (/Users/toannguyen/Documents/Source/tn-uptech-backend/node_modules/ts-node/src/index.ts:1621:12)
    at Module.load (node:internal/modules/cjs/loader:1069:32)
    at Function.Module._load (node:internal/modules/cjs/loader:904:12)
    at Module.require (node:internal/modules/cjs/loader:1093:19)
2023-04-05 19:23:18 error: uncaughtException: тип Unable to compile TypeScript:
[96msrc/route/categories.route.ts[0m:[93m4[0m:[93m8[0m - [91merror[0m[90m TS2613: [0mModule '"/Users/toannguyen/Documents/Source/tn-uptech-backend/src/modules/controllers/categories.controller"' has no default export. Did you mean to use 'import { CategoryController } from "/Users/toannguyen/Documents/Source/tn-uptech-backend/src/modules/controllers/categories.controller"' instead?

[7m4[0m import CategoryController from "../modules/controllers/categories.controller";
[7m [0m [91m       ~~~~~~~~~~~~~~~~~~[0m

TSError: тип Unable to compile TypeScript:
[96msrc/route/categories.route.ts[0m:[93m4[0m:[93m8[0m - [91merror[0m[90m TS2613: [0mModule '"/Users/toannguyen/Documents/Source/tn-uptech-backend/src/modules/controllers/categories.controller"' has no default export. Did you mean to use 'import { CategoryController } from "/Users/toannguyen/Documents/Source/tn-uptech-backend/src/modules/controllers/categories.controller"' instead?

[7m4[0m import CategoryController from "../modules/controllers/categories.controller";
[7m [0m [91m       ~~~~~~~~~~~~~~~~~~[0m

    at createTSError (/Users/toannguyen/Documents/Source/tn-uptech-backend/node_modules/ts-node/src/index.ts:859:12)
    at reportTSError (/Users/toannguyen/Documents/Source/tn-uptech-backend/node_modules/ts-node/src/index.ts:863:19)
    at getOutput (/Users/toannguyen/Documents/Source/tn-uptech-backend/node_modules/ts-node/src/index.ts:1077:36)
    at Object.compile (/Users/toannguyen/Documents/Source/tn-uptech-backend/node_modules/ts-node/src/index.ts:1433:41)
    at Module.m._compile (/Users/toannguyen/Documents/Source/tn-uptech-backend/node_modules/ts-node/src/index.ts:1617:30)
    at Module._extensions..js (node:internal/modules/cjs/loader:1245:10)
    at Object.require.extensions.<computed> [as .ts] (/Users/toannguyen/Documents/Source/tn-uptech-backend/node_modules/ts-node/src/index.ts:1621:12)
    at Module.load (node:internal/modules/cjs/loader:1069:32)
    at Function.Module._load (node:internal/modules/cjs/loader:904:12)
    at Module.require (node:internal/modules/cjs/loader:1093:19)
2023-04-05 19:23:24 error: uncaughtException: тип Unable to compile TypeScript:
[96msrc/route/categories.route.ts[0m:[93m4[0m:[93m8[0m - [91merror[0m[90m TS2613: [0mModule '"/Users/toannguyen/Documents/Source/tn-uptech-backend/src/modules/controllers/categories.controller"' has no default export. Did you mean to use 'import { CategoryController } from "/Users/toannguyen/Documents/Source/tn-uptech-backend/src/modules/controllers/categories.controller"' instead?

[7m4[0m import CategoryController from "../modules/controllers/categories.controller";
[7m [0m [91m       ~~~~~~~~~~~~~~~~~~[0m

TSError: тип Unable to compile TypeScript:
[96msrc/route/categories.route.ts[0m:[93m4[0m:[93m8[0m - [91merror[0m[90m TS2613: [0mModule '"/Users/toannguyen/Documents/Source/tn-uptech-backend/src/modules/controllers/categories.controller"' has no default export. Did you mean to use 'import { CategoryController } from "/Users/toannguyen/Documents/Source/tn-uptech-backend/src/modules/controllers/categories.controller"' instead?

[7m4[0m import CategoryController from "../modules/controllers/categories.controller";
[7m [0m [91m       ~~~~~~~~~~~~~~~~~~[0m

    at createTSError (/Users/toannguyen/Documents/Source/tn-uptech-backend/node_modules/ts-node/src/index.ts:859:12)
    at reportTSError (/Users/toannguyen/Documents/Source/tn-uptech-backend/node_modules/ts-node/src/index.ts:863:19)
    at getOutput (/Users/toannguyen/Documents/Source/tn-uptech-backend/node_modules/ts-node/src/index.ts:1077:36)
    at Object.compile (/Users/toannguyen/Documents/Source/tn-uptech-backend/node_modules/ts-node/src/index.ts:1433:41)
    at Module.m._compile (/Users/toannguyen/Documents/Source/tn-uptech-backend/node_modules/ts-node/src/index.ts:1617:30)
    at Module._extensions..js (node:internal/modules/cjs/loader:1245:10)
    at Object.require.extensions.<computed> [as .ts] (/Users/toannguyen/Documents/Source/tn-uptech-backend/node_modules/ts-node/src/index.ts:1621:12)
    at Module.load (node:internal/modules/cjs/loader:1069:32)
    at Function.Module._load (node:internal/modules/cjs/loader:904:12)
    at Module.require (node:internal/modules/cjs/loader:1093:19)
2023-04-05 19:23:34 error: uncaughtException: тип Unable to compile TypeScript:
[96msrc/route/categories.route.ts[0m:[93m4[0m:[93m8[0m - [91merror[0m[90m TS2613: [0mModule '"/Users/toannguyen/Documents/Source/tn-uptech-backend/src/modules/controllers/categories.controller"' has no default export. Did you mean to use 'import { CategoryController } from "/Users/toannguyen/Documents/Source/tn-uptech-backend/src/modules/controllers/categories.controller"' instead?

[7m4[0m import CategoryController from "../modules/controllers/categories.controller";
[7m [0m [91m       ~~~~~~~~~~~~~~~~~~[0m

TSError: тип Unable to compile TypeScript:
[96msrc/route/categories.route.ts[0m:[93m4[0m:[93m8[0m - [91merror[0m[90m TS2613: [0mModule '"/Users/toannguyen/Documents/Source/tn-uptech-backend/src/modules/controllers/categories.controller"' has no default export. Did you mean to use 'import { CategoryController } from "/Users/toannguyen/Documents/Source/tn-uptech-backend/src/modules/controllers/categories.controller"' instead?

[7m4[0m import CategoryController from "../modules/controllers/categories.controller";
[7m [0m [91m       ~~~~~~~~~~~~~~~~~~[0m

    at createTSError (/Users/toannguyen/Documents/Source/tn-uptech-backend/node_modules/ts-node/src/index.ts:859:12)
    at reportTSError (/Users/toannguyen/Documents/Source/tn-uptech-backend/node_modules/ts-node/src/index.ts:863:19)
    at getOutput (/Users/toannguyen/Documents/Source/tn-uptech-backend/node_modules/ts-node/src/index.ts:1077:36)
    at Object.compile (/Users/toannguyen/Documents/Source/tn-uptech-backend/node_modules/ts-node/src/index.ts:1433:41)
    at Module.m._compile (/Users/toannguyen/Documents/Source/tn-uptech-backend/node_modules/ts-node/src/index.ts:1617:30)
    at Module._extensions..js (node:internal/modules/cjs/loader:1245:10)
    at Object.require.extensions.<computed> [as .ts] (/Users/toannguyen/Documents/Source/tn-uptech-backend/node_modules/ts-node/src/index.ts:1621:12)
    at Module.load (node:internal/modules/cjs/loader:1069:32)
    at Function.Module._load (node:internal/modules/cjs/loader:904:12)
    at Module.require (node:internal/modules/cjs/loader:1093:19)
2023-04-05 19:23:48 error: uncaughtException: тип Unable to compile TypeScript:
[96msrc/route/categories.route.ts[0m:[93m4[0m:[93m8[0m - [91merror[0m[90m TS2613: [0mModule '"/Users/toannguyen/Documents/Source/tn-uptech-backend/src/modules/controllers/categories.controller"' has no default export. Did you mean to use 'import { CategoryController } from "/Users/toannguyen/Documents/Source/tn-uptech-backend/src/modules/controllers/categories.controller"' instead?

[7m4[0m import CategoryController from "../modules/controllers/categories.controller";
[7m [0m [91m       ~~~~~~~~~~~~~~~~~~[0m

TSError: тип Unable to compile TypeScript:
[96msrc/route/categories.route.ts[0m:[93m4[0m:[93m8[0m - [91merror[0m[90m TS2613: [0mModule '"/Users/toannguyen/Documents/Source/tn-uptech-backend/src/modules/controllers/categories.controller"' has no default export. Did you mean to use 'import { CategoryController } from "/Users/toannguyen/Documents/Source/tn-uptech-backend/src/modules/controllers/categories.controller"' instead?

[7m4[0m import CategoryController from "../modules/controllers/categories.controller";
[7m [0m [91m       ~~~~~~~~~~~~~~~~~~[0m

    at createTSError (/Users/toannguyen/Documents/Source/tn-uptech-backend/node_modules/ts-node/src/index.ts:859:12)
    at reportTSError (/Users/toannguyen/Documents/Source/tn-uptech-backend/node_modules/ts-node/src/index.ts:863:19)
    at getOutput (/Users/toannguyen/Documents/Source/tn-uptech-backend/node_modules/ts-node/src/index.ts:1077:36)
    at Object.compile (/Users/toannguyen/Documents/Source/tn-uptech-backend/node_modules/ts-node/src/index.ts:1433:41)
    at Module.m._compile (/Users/toannguyen/Documents/Source/tn-uptech-backend/node_modules/ts-node/src/index.ts:1617:30)
    at Module._extensions..js (node:internal/modules/cjs/loader:1245:10)
    at Object.require.extensions.<computed> [as .ts] (/Users/toannguyen/Documents/Source/tn-uptech-backend/node_modules/ts-node/src/index.ts:1621:12)
    at Module.load (node:internal/modules/cjs/loader:1069:32)
    at Function.Module._load (node:internal/modules/cjs/loader:904:12)
    at Module.require (node:internal/modules/cjs/loader:1093:19)
2023-04-05 19:24:03 error: uncaughtException: тип Unable to compile TypeScript:
[96msrc/route/categories.route.ts[0m:[93m4[0m:[93m8[0m - [91merror[0m[90m TS2613: [0mModule '"/Users/toannguyen/Documents/Source/tn-uptech-backend/src/modules/controllers/categories.controller"' has no default export. Did you mean to use 'import { CategoryController } from "/Users/toannguyen/Documents/Source/tn-uptech-backend/src/modules/controllers/categories.controller"' instead?

[7m4[0m import CategoryController from "../modules/controllers/categories.controller";
[7m [0m [91m       ~~~~~~~~~~~~~~~~~~[0m

TSError: тип Unable to compile TypeScript:
[96msrc/route/categories.route.ts[0m:[93m4[0m:[93m8[0m - [91merror[0m[90m TS2613: [0mModule '"/Users/toannguyen/Documents/Source/tn-uptech-backend/src/modules/controllers/categories.controller"' has no default export. Did you mean to use 'import { CategoryController } from "/Users/toannguyen/Documents/Source/tn-uptech-backend/src/modules/controllers/categories.controller"' instead?

[7m4[0m import CategoryController from "../modules/controllers/categories.controller";
[7m [0m [91m       ~~~~~~~~~~~~~~~~~~[0m

    at createTSError (/Users/toannguyen/Documents/Source/tn-uptech-backend/node_modules/ts-node/src/index.ts:859:12)
    at reportTSError (/Users/toannguyen/Documents/Source/tn-uptech-backend/node_modules/ts-node/src/index.ts:863:19)
    at getOutput (/Users/toannguyen/Documents/Source/tn-uptech-backend/node_modules/ts-node/src/index.ts:1077:36)
    at Object.compile (/Users/toannguyen/Documents/Source/tn-uptech-backend/node_modules/ts-node/src/index.ts:1433:41)
    at Module.m._compile (/Users/toannguyen/Documents/Source/tn-uptech-backend/node_modules/ts-node/src/index.ts:1617:30)
    at Module._extensions..js (node:internal/modules/cjs/loader:1245:10)
    at Object.require.extensions.<computed> [as .ts] (/Users/toannguyen/Documents/Source/tn-uptech-backend/node_modules/ts-node/src/index.ts:1621:12)
    at Module.load (node:internal/modules/cjs/loader:1069:32)
    at Function.Module._load (node:internal/modules/cjs/loader:904:12)
    at Module.require (node:internal/modules/cjs/loader:1093:19)
2023-04-05 19:24:21 error: uncaughtException: тип Unable to compile TypeScript:
[96msrc/route/categories.route.ts[0m:[93m4[0m:[93m8[0m - [91merror[0m[90m TS2613: [0mModule '"/Users/toannguyen/Documents/Source/tn-uptech-backend/src/modules/controllers/categories.controller"' has no default export. Did you mean to use 'import { CategoryController } from "/Users/toannguyen/Documents/Source/tn-uptech-backend/src/modules/controllers/categories.controller"' instead?

[7m4[0m import CategoryController from "../modules/controllers/categories.controller";
[7m [0m [91m       ~~~~~~~~~~~~~~~~~~[0m

TSError: тип Unable to compile TypeScript:
[96msrc/route/categories.route.ts[0m:[93m4[0m:[93m8[0m - [91merror[0m[90m TS2613: [0mModule '"/Users/toannguyen/Documents/Source/tn-uptech-backend/src/modules/controllers/categories.controller"' has no default export. Did you mean to use 'import { CategoryController } from "/Users/toannguyen/Documents/Source/tn-uptech-backend/src/modules/controllers/categories.controller"' instead?

[7m4[0m import CategoryController from "../modules/controllers/categories.controller";
[7m [0m [91m       ~~~~~~~~~~~~~~~~~~[0m

    at createTSError (/Users/toannguyen/Documents/Source/tn-uptech-backend/node_modules/ts-node/src/index.ts:859:12)
    at reportTSError (/Users/toannguyen/Documents/Source/tn-uptech-backend/node_modules/ts-node/src/index.ts:863:19)
    at getOutput (/Users/toannguyen/Documents/Source/tn-uptech-backend/node_modules/ts-node/src/index.ts:1077:36)
    at Object.compile (/Users/toannguyen/Documents/Source/tn-uptech-backend/node_modules/ts-node/src/index.ts:1433:41)
    at Module.m._compile (/Users/toannguyen/Documents/Source/tn-uptech-backend/node_modules/ts-node/src/index.ts:1617:30)
    at Module._extensions..js (node:internal/modules/cjs/loader:1245:10)
    at Object.require.extensions.<computed> [as .ts] (/Users/toannguyen/Documents/Source/tn-uptech-backend/node_modules/ts-node/src/index.ts:1621:12)
    at Module.load (node:internal/modules/cjs/loader:1069:32)
    at Function.Module._load (node:internal/modules/cjs/loader:904:12)
    at Module.require (node:internal/modules/cjs/loader:1093:19)
2023-04-05 19:24:36 error: uncaughtException: тип Unable to compile TypeScript:
[96msrc/route/categories.route.ts[0m:[93m4[0m:[93m8[0m - [91merror[0m[90m TS2613: [0mModule '"/Users/toannguyen/Documents/Source/tn-uptech-backend/src/modules/controllers/categories.controller"' has no default export. Did you mean to use 'import { CategoryController } from "/Users/toannguyen/Documents/Source/tn-uptech-backend/src/modules/controllers/categories.controller"' instead?

[7m4[0m import CategoryController from "../modules/controllers/categories.controller";
[7m [0m [91m       ~~~~~~~~~~~~~~~~~~[0m

TSError: тип Unable to compile TypeScript:
[96msrc/route/categories.route.ts[0m:[93m4[0m:[93m8[0m - [91merror[0m[90m TS2613: [0mModule '"/Users/toannguyen/Documents/Source/tn-uptech-backend/src/modules/controllers/categories.controller"' has no default export. Did you mean to use 'import { CategoryController } from "/Users/toannguyen/Documents/Source/tn-uptech-backend/src/modules/controllers/categories.controller"' instead?

[7m4[0m import CategoryController from "../modules/controllers/categories.controller";
[7m [0m [91m       ~~~~~~~~~~~~~~~~~~[0m

    at createTSError (/Users/toannguyen/Documents/Source/tn-uptech-backend/node_modules/ts-node/src/index.ts:859:12)
    at reportTSError (/Users/toannguyen/Documents/Source/tn-uptech-backend/node_modules/ts-node/src/index.ts:863:19)
    at getOutput (/Users/toannguyen/Documents/Source/tn-uptech-backend/node_modules/ts-node/src/index.ts:1077:36)
    at Object.compile (/Users/toannguyen/Documents/Source/tn-uptech-backend/node_modules/ts-node/src/index.ts:1433:41)
    at Module.m._compile (/Users/toannguyen/Documents/Source/tn-uptech-backend/node_modules/ts-node/src/index.ts:1617:30)
    at Module._extensions..js (node:internal/modules/cjs/loader:1245:10)
    at Object.require.extensions.<computed> [as .ts] (/Users/toannguyen/Documents/Source/tn-uptech-backend/node_modules/ts-node/src/index.ts:1621:12)
    at Module.load (node:internal/modules/cjs/loader:1069:32)
    at Function.Module._load (node:internal/modules/cjs/loader:904:12)
    at Module.require (node:internal/modules/cjs/loader:1093:19)
2023-04-05 19:25:01 error: uncaughtException: тип Unable to compile TypeScript:
[96msrc/route/categories.route.ts[0m:[93m4[0m:[93m8[0m - [91merror[0m[90m TS2613: [0mModule '"/Users/toannguyen/Documents/Source/tn-uptech-backend/src/modules/controllers/categories.controller"' has no default export. Did you mean to use 'import { CategoryController } from "/Users/toannguyen/Documents/Source/tn-uptech-backend/src/modules/controllers/categories.controller"' instead?

[7m4[0m import CategoryController from "../modules/controllers/categories.controller";
[7m [0m [91m       ~~~~~~~~~~~~~~~~~~[0m

TSError: тип Unable to compile TypeScript:
[96msrc/route/categories.route.ts[0m:[93m4[0m:[93m8[0m - [91merror[0m[90m TS2613: [0mModule '"/Users/toannguyen/Documents/Source/tn-uptech-backend/src/modules/controllers/categories.controller"' has no default export. Did you mean to use 'import { CategoryController } from "/Users/toannguyen/Documents/Source/tn-uptech-backend/src/modules/controllers/categories.controller"' instead?

[7m4[0m import CategoryController from "../modules/controllers/categories.controller";
[7m [0m [91m       ~~~~~~~~~~~~~~~~~~[0m

    at createTSError (/Users/toannguyen/Documents/Source/tn-uptech-backend/node_modules/ts-node/src/index.ts:859:12)
    at reportTSError (/Users/toannguyen/Documents/Source/tn-uptech-backend/node_modules/ts-node/src/index.ts:863:19)
    at getOutput (/Users/toannguyen/Documents/Source/tn-uptech-backend/node_modules/ts-node/src/index.ts:1077:36)
    at Object.compile (/Users/toannguyen/Documents/Source/tn-uptech-backend/node_modules/ts-node/src/index.ts:1433:41)
    at Module.m._compile (/Users/toannguyen/Documents/Source/tn-uptech-backend/node_modules/ts-node/src/index.ts:1617:30)
    at Module._extensions..js (node:internal/modules/cjs/loader:1245:10)
    at Object.require.extensions.<computed> [as .ts] (/Users/toannguyen/Documents/Source/tn-uptech-backend/node_modules/ts-node/src/index.ts:1621:12)
    at Module.load (node:internal/modules/cjs/loader:1069:32)
    at Function.Module._load (node:internal/modules/cjs/loader:904:12)
    at Module.require (node:internal/modules/cjs/loader:1093:19)
2023-04-05 19:25:16 error: uncaughtException: тип Unable to compile TypeScript:
[96msrc/route/categories.route.ts[0m:[93m4[0m:[93m8[0m - [91merror[0m[90m TS2613: [0mModule '"/Users/toannguyen/Documents/Source/tn-uptech-backend/src/modules/controllers/categories.controller"' has no default export. Did you mean to use 'import { CategoryController } from "/Users/toannguyen/Documents/Source/tn-uptech-backend/src/modules/controllers/categories.controller"' instead?

[7m4[0m import CategoryController from "../modules/controllers/categories.controller";
[7m [0m [91m       ~~~~~~~~~~~~~~~~~~[0m

TSError: тип Unable to compile TypeScript:
[96msrc/route/categories.route.ts[0m:[93m4[0m:[93m8[0m - [91merror[0m[90m TS2613: [0mModule '"/Users/toannguyen/Documents/Source/tn-uptech-backend/src/modules/controllers/categories.controller"' has no default export. Did you mean to use 'import { CategoryController } from "/Users/toannguyen/Documents/Source/tn-uptech-backend/src/modules/controllers/categories.controller"' instead?

[7m4[0m import CategoryController from "../modules/controllers/categories.controller";
[7m [0m [91m       ~~~~~~~~~~~~~~~~~~[0m

    at createTSError (/Users/toannguyen/Documents/Source/tn-uptech-backend/node_modules/ts-node/src/index.ts:859:12)
    at reportTSError (/Users/toannguyen/Documents/Source/tn-uptech-backend/node_modules/ts-node/src/index.ts:863:19)
    at getOutput (/Users/toannguyen/Documents/Source/tn-uptech-backend/node_modules/ts-node/src/index.ts:1077:36)
    at Object.compile (/Users/toannguyen/Documents/Source/tn-uptech-backend/node_modules/ts-node/src/index.ts:1433:41)
    at Module.m._compile (/Users/toannguyen/Documents/Source/tn-uptech-backend/node_modules/ts-node/src/index.ts:1617:30)
    at Module._extensions..js (node:internal/modules/cjs/loader:1245:10)
    at Object.require.extensions.<computed> [as .ts] (/Users/toannguyen/Documents/Source/tn-uptech-backend/node_modules/ts-node/src/index.ts:1621:12)
    at Module.load (node:internal/modules/cjs/loader:1069:32)
    at Function.Module._load (node:internal/modules/cjs/loader:904:12)
    at Module.require (node:internal/modules/cjs/loader:1093:19)
2023-04-05 19:25:30 error: uncaughtException: тип Unable to compile TypeScript:
[96msrc/route/categories.route.ts[0m:[93m4[0m:[93m8[0m - [91merror[0m[90m TS2613: [0mModule '"/Users/toannguyen/Documents/Source/tn-uptech-backend/src/modules/controllers/categories.controller"' has no default export. Did you mean to use 'import { CategoryController } from "/Users/toannguyen/Documents/Source/tn-uptech-backend/src/modules/controllers/categories.controller"' instead?

[7m4[0m import CategoryController from "../modules/controllers/categories.controller";
[7m [0m [91m       ~~~~~~~~~~~~~~~~~~[0m

TSError: тип Unable to compile TypeScript:
[96msrc/route/categories.route.ts[0m:[93m4[0m:[93m8[0m - [91merror[0m[90m TS2613: [0mModule '"/Users/toannguyen/Documents/Source/tn-uptech-backend/src/modules/controllers/categories.controller"' has no default export. Did you mean to use 'import { CategoryController } from "/Users/toannguyen/Documents/Source/tn-uptech-backend/src/modules/controllers/categories.controller"' instead?

[7m4[0m import CategoryController from "../modules/controllers/categories.controller";
[7m [0m [91m       ~~~~~~~~~~~~~~~~~~[0m

    at createTSError (/Users/toannguyen/Documents/Source/tn-uptech-backend/node_modules/ts-node/src/index.ts:859:12)
    at reportTSError (/Users/toannguyen/Documents/Source/tn-uptech-backend/node_modules/ts-node/src/index.ts:863:19)
    at getOutput (/Users/toannguyen/Documents/Source/tn-uptech-backend/node_modules/ts-node/src/index.ts:1077:36)
    at Object.compile (/Users/toannguyen/Documents/Source/tn-uptech-backend/node_modules/ts-node/src/index.ts:1433:41)
    at Module.m._compile (/Users/toannguyen/Documents/Source/tn-uptech-backend/node_modules/ts-node/src/index.ts:1617:30)
    at Module._extensions..js (node:internal/modules/cjs/loader:1245:10)
    at Object.require.extensions.<computed> [as .ts] (/Users/toannguyen/Documents/Source/tn-uptech-backend/node_modules/ts-node/src/index.ts:1621:12)
    at Module.load (node:internal/modules/cjs/loader:1069:32)
    at Function.Module._load (node:internal/modules/cjs/loader:904:12)
    at Module.require (node:internal/modules/cjs/loader:1093:19)
2023-04-05 19:25:50 error: uncaughtException: тип Unable to compile TypeScript:
[96msrc/route/categories.route.ts[0m:[93m4[0m:[93m8[0m - [91merror[0m[90m TS2613: [0mModule '"/Users/toannguyen/Documents/Source/tn-uptech-backend/src/modules/controllers/categories.controller"' has no default export. Did you mean to use 'import { CategoryController } from "/Users/toannguyen/Documents/Source/tn-uptech-backend/src/modules/controllers/categories.controller"' instead?

[7m4[0m import CategoryController from "../modules/controllers/categories.controller";
[7m [0m [91m       ~~~~~~~~~~~~~~~~~~[0m

TSError: тип Unable to compile TypeScript:
[96msrc/route/categories.route.ts[0m:[93m4[0m:[93m8[0m - [91merror[0m[90m TS2613: [0mModule '"/Users/toannguyen/Documents/Source/tn-uptech-backend/src/modules/controllers/categories.controller"' has no default export. Did you mean to use 'import { CategoryController } from "/Users/toannguyen/Documents/Source/tn-uptech-backend/src/modules/controllers/categories.controller"' instead?

[7m4[0m import CategoryController from "../modules/controllers/categories.controller";
[7m [0m [91m       ~~~~~~~~~~~~~~~~~~[0m

    at createTSError (/Users/toannguyen/Documents/Source/tn-uptech-backend/node_modules/ts-node/src/index.ts:859:12)
    at reportTSError (/Users/toannguyen/Documents/Source/tn-uptech-backend/node_modules/ts-node/src/index.ts:863:19)
    at getOutput (/Users/toannguyen/Documents/Source/tn-uptech-backend/node_modules/ts-node/src/index.ts:1077:36)
    at Object.compile (/Users/toannguyen/Documents/Source/tn-uptech-backend/node_modules/ts-node/src/index.ts:1433:41)
    at Module.m._compile (/Users/toannguyen/Documents/Source/tn-uptech-backend/node_modules/ts-node/src/index.ts:1617:30)
    at Module._extensions..js (node:internal/modules/cjs/loader:1245:10)
    at Object.require.extensions.<computed> [as .ts] (/Users/toannguyen/Documents/Source/tn-uptech-backend/node_modules/ts-node/src/index.ts:1621:12)
    at Module.load (node:internal/modules/cjs/loader:1069:32)
    at Function.Module._load (node:internal/modules/cjs/loader:904:12)
    at Module.require (node:internal/modules/cjs/loader:1093:19)
2023-04-05 19:25:56 error: uncaughtException: тип Unable to compile TypeScript:
[96msrc/route/categories.route.ts[0m:[93m4[0m:[93m8[0m - [91merror[0m[90m TS2613: [0mModule '"/Users/toannguyen/Documents/Source/tn-uptech-backend/src/modules/controllers/categories.controller"' has no default export. Did you mean to use 'import { CategoryController } from "/Users/toannguyen/Documents/Source/tn-uptech-backend/src/modules/controllers/categories.controller"' instead?

[7m4[0m import CategoryController from "../modules/controllers/categories.controller";
[7m [0m [91m       ~~~~~~~~~~~~~~~~~~[0m

TSError: тип Unable to compile TypeScript:
[96msrc/route/categories.route.ts[0m:[93m4[0m:[93m8[0m - [91merror[0m[90m TS2613: [0mModule '"/Users/toannguyen/Documents/Source/tn-uptech-backend/src/modules/controllers/categories.controller"' has no default export. Did you mean to use 'import { CategoryController } from "/Users/toannguyen/Documents/Source/tn-uptech-backend/src/modules/controllers/categories.controller"' instead?

[7m4[0m import CategoryController from "../modules/controllers/categories.controller";
[7m [0m [91m       ~~~~~~~~~~~~~~~~~~[0m

    at createTSError (/Users/toannguyen/Documents/Source/tn-uptech-backend/node_modules/ts-node/src/index.ts:859:12)
    at reportTSError (/Users/toannguyen/Documents/Source/tn-uptech-backend/node_modules/ts-node/src/index.ts:863:19)
    at getOutput (/Users/toannguyen/Documents/Source/tn-uptech-backend/node_modules/ts-node/src/index.ts:1077:36)
    at Object.compile (/Users/toannguyen/Documents/Source/tn-uptech-backend/node_modules/ts-node/src/index.ts:1433:41)
    at Module.m._compile (/Users/toannguyen/Documents/Source/tn-uptech-backend/node_modules/ts-node/src/index.ts:1617:30)
    at Module._extensions..js (node:internal/modules/cjs/loader:1245:10)
    at Object.require.extensions.<computed> [as .ts] (/Users/toannguyen/Documents/Source/tn-uptech-backend/node_modules/ts-node/src/index.ts:1621:12)
    at Module.load (node:internal/modules/cjs/loader:1069:32)
    at Function.Module._load (node:internal/modules/cjs/loader:904:12)
    at Module.require (node:internal/modules/cjs/loader:1093:19)
2023-04-05 19:29:08 error: uncaughtException: тип Unable to compile TypeScript:
[96msrc/route/categories.route.ts[0m:[93m4[0m:[93m8[0m - [91merror[0m[90m TS2613: [0mModule '"/Users/toannguyen/Documents/Source/tn-uptech-backend/src/modules/controllers/categories.controller"' has no default export. Did you mean to use 'import { CategoryController } from "/Users/toannguyen/Documents/Source/tn-uptech-backend/src/modules/controllers/categories.controller"' instead?

[7m4[0m import CategoryController from "../modules/controllers/categories.controller";
[7m [0m [91m       ~~~~~~~~~~~~~~~~~~[0m

TSError: тип Unable to compile TypeScript:
[96msrc/route/categories.route.ts[0m:[93m4[0m:[93m8[0m - [91merror[0m[90m TS2613: [0mModule '"/Users/toannguyen/Documents/Source/tn-uptech-backend/src/modules/controllers/categories.controller"' has no default export. Did you mean to use 'import { CategoryController } from "/Users/toannguyen/Documents/Source/tn-uptech-backend/src/modules/controllers/categories.controller"' instead?

[7m4[0m import CategoryController from "../modules/controllers/categories.controller";
[7m [0m [91m       ~~~~~~~~~~~~~~~~~~[0m

    at createTSError (/Users/toannguyen/Documents/Source/tn-uptech-backend/node_modules/ts-node/src/index.ts:859:12)
    at reportTSError (/Users/toannguyen/Documents/Source/tn-uptech-backend/node_modules/ts-node/src/index.ts:863:19)
    at getOutput (/Users/toannguyen/Documents/Source/tn-uptech-backend/node_modules/ts-node/src/index.ts:1077:36)
    at Object.compile (/Users/toannguyen/Documents/Source/tn-uptech-backend/node_modules/ts-node/src/index.ts:1433:41)
    at Module.m._compile (/Users/toannguyen/Documents/Source/tn-uptech-backend/node_modules/ts-node/src/index.ts:1617:30)
    at Module._extensions..js (node:internal/modules/cjs/loader:1245:10)
    at Object.require.extensions.<computed> [as .ts] (/Users/toannguyen/Documents/Source/tn-uptech-backend/node_modules/ts-node/src/index.ts:1621:12)
    at Module.load (node:internal/modules/cjs/loader:1069:32)
    at Function.Module._load (node:internal/modules/cjs/loader:904:12)
    at Module.require (node:internal/modules/cjs/loader:1093:19)
2023-04-05 19:29:30 error: uncaughtException: тип Unable to compile TypeScript:
[96msrc/infra/sequelize/models/category.model.ts[0m:[93m20[0m:[93m23[0m - [91merror[0m[90m TS2552: [0mCannot find name 'Sequelize'. Did you mean 'sequelize'?

[7m20[0m                 type: Sequelize.DataTypes.ENUM('post', 'project'),
[7m  [0m [91m                      ~~~~~~~~~[0m

  [96msrc/infra/sequelize/models/category.model.ts[0m:[93m3[0m:[93m28[0m
    [7m3[0m module.exports = function (sequelize, DataTypes) {
    [7m [0m [96m                           ~~~~~~~~~[0m
    'sequelize' is declared here.

TSError: тип Unable to compile TypeScript:
[96msrc/infra/sequelize/models/category.model.ts[0m:[93m20[0m:[93m23[0m - [91merror[0m[90m TS2552: [0mCannot find name 'Sequelize'. Did you mean 'sequelize'?

[7m20[0m                 type: Sequelize.DataTypes.ENUM('post', 'project'),
[7m  [0m [91m                      ~~~~~~~~~[0m

  [96msrc/infra/sequelize/models/category.model.ts[0m:[93m3[0m:[93m28[0m
    [7m3[0m module.exports = function (sequelize, DataTypes) {
    [7m [0m [96m                           ~~~~~~~~~[0m
    'sequelize' is declared here.

    at createTSError (/Users/toannguyen/Documents/Source/tn-uptech-backend/node_modules/ts-node/src/index.ts:859:12)
    at reportTSError (/Users/toannguyen/Documents/Source/tn-uptech-backend/node_modules/ts-node/src/index.ts:863:19)
    at getOutput (/Users/toannguyen/Documents/Source/tn-uptech-backend/node_modules/ts-node/src/index.ts:1077:36)
    at Object.compile (/Users/toannguyen/Documents/Source/tn-uptech-backend/node_modules/ts-node/src/index.ts:1433:41)
    at Module.m._compile (/Users/toannguyen/Documents/Source/tn-uptech-backend/node_modules/ts-node/src/index.ts:1617:30)
    at Module._extensions..js (node:internal/modules/cjs/loader:1245:10)
    at Object.require.extensions.<computed> [as .ts] (/Users/toannguyen/Documents/Source/tn-uptech-backend/node_modules/ts-node/src/index.ts:1621:12)
    at Module.load (node:internal/modules/cjs/loader:1069:32)
    at Function.Module._load (node:internal/modules/cjs/loader:904:12)
    at Module.require (node:internal/modules/cjs/loader:1093:19)
2023-04-05 19:29:38 error: uncaughtException: Cannot read properties of undefined (reading 'ENUM')
TypeError: Cannot read properties of undefined (reading 'ENUM')
    at module.exports (/Users/toannguyen/Documents/Source/tn-uptech-backend/src/infra/sequelize/models/category.model.ts:20:43)
    at /Users/toannguyen/Documents/Source/tn-uptech-backend/src/infra/sequelize/models/index.ts:38:63
    at Array.map (<anonymous>)
    at createModels (/Users/toannguyen/Documents/Source/tn-uptech-backend/src/infra/sequelize/models/index.ts:37:10)
    at Object.<anonymous> (/Users/toannguyen/Documents/Source/tn-uptech-backend/src/infra/sequelize/models/index.ts:63:16)
    at Module._compile (node:internal/modules/cjs/loader:1191:14)
    at Module.m._compile (/Users/toannguyen/Documents/Source/tn-uptech-backend/node_modules/ts-node/src/index.ts:1618:23)
    at Module._extensions..js (node:internal/modules/cjs/loader:1245:10)
    at Object.require.extensions.<computed> [as .ts] (/Users/toannguyen/Documents/Source/tn-uptech-backend/node_modules/ts-node/src/index.ts:1621:12)
    at Module.load (node:internal/modules/cjs/loader:1069:32)
2023-04-05 19:30:52 error: uncaughtException: Cannot read properties of undefined (reading 'ENUM')
TypeError: Cannot read properties of undefined (reading 'ENUM')
    at module.exports (/Users/toannguyen/Documents/Source/tn-uptech-backend/src/infra/sequelize/models/category.model.ts:20:43)
    at /Users/toannguyen/Documents/Source/tn-uptech-backend/src/infra/sequelize/models/index.ts:38:63
    at Array.map (<anonymous>)
    at createModels (/Users/toannguyen/Documents/Source/tn-uptech-backend/src/infra/sequelize/models/index.ts:37:10)
    at Object.<anonymous> (/Users/toannguyen/Documents/Source/tn-uptech-backend/src/infra/sequelize/models/index.ts:63:16)
    at Module._compile (node:internal/modules/cjs/loader:1191:14)
    at Module.m._compile (/Users/toannguyen/Documents/Source/tn-uptech-backend/node_modules/ts-node/src/index.ts:1618:23)
    at Module._extensions..js (node:internal/modules/cjs/loader:1245:10)
    at Object.require.extensions.<computed> [as .ts] (/Users/toannguyen/Documents/Source/tn-uptech-backend/node_modules/ts-node/src/index.ts:1621:12)
    at Module.load (node:internal/modules/cjs/loader:1069:32)
2023-04-05 19:31:53 error: uncaughtException: Cannot read properties of undefined (reading 'ENUM')
TypeError: Cannot read properties of undefined (reading 'ENUM')
    at module.exports (/Users/toannguyen/Documents/Source/tn-uptech-backend/src/infra/sequelize/models/category.model.ts:20:43)
    at /Users/toannguyen/Documents/Source/tn-uptech-backend/src/infra/sequelize/models/index.ts:38:63
    at Array.map (<anonymous>)
    at createModels (/Users/toannguyen/Documents/Source/tn-uptech-backend/src/infra/sequelize/models/index.ts:37:10)
    at Object.<anonymous> (/Users/toannguyen/Documents/Source/tn-uptech-backend/src/infra/sequelize/models/index.ts:63:16)
    at Module._compile (node:internal/modules/cjs/loader:1191:14)
    at Module.m._compile (/Users/toannguyen/Documents/Source/tn-uptech-backend/node_modules/ts-node/src/index.ts:1618:23)
    at Module._extensions..js (node:internal/modules/cjs/loader:1245:10)
    at Object.require.extensions.<computed> [as .ts] (/Users/toannguyen/Documents/Source/tn-uptech-backend/node_modules/ts-node/src/index.ts:1621:12)
    at Module.load (node:internal/modules/cjs/loader:1069:32)
2023-04-05 19:32:08 error: uncaughtException: Cannot read properties of undefined (reading 'ENUM')
TypeError: Cannot read properties of undefined (reading 'ENUM')
    at module.exports (/Users/toannguyen/Documents/Source/tn-uptech-backend/src/infra/sequelize/models/category.model.ts:20:43)
    at /Users/toannguyen/Documents/Source/tn-uptech-backend/src/infra/sequelize/models/index.ts:38:63
    at Array.map (<anonymous>)
    at createModels (/Users/toannguyen/Documents/Source/tn-uptech-backend/src/infra/sequelize/models/index.ts:37:10)
    at Object.<anonymous> (/Users/toannguyen/Documents/Source/tn-uptech-backend/src/infra/sequelize/models/index.ts:63:16)
    at Module._compile (node:internal/modules/cjs/loader:1191:14)
    at Module.m._compile (/Users/toannguyen/Documents/Source/tn-uptech-backend/node_modules/ts-node/src/index.ts:1618:23)
    at Module._extensions..js (node:internal/modules/cjs/loader:1245:10)
    at Object.require.extensions.<computed> [as .ts] (/Users/toannguyen/Documents/Source/tn-uptech-backend/node_modules/ts-node/src/index.ts:1621:12)
    at Module.load (node:internal/modules/cjs/loader:1069:32)
2023-04-05 19:33:38 error: uncaughtException: Cannot read properties of undefined (reading 'ENUM')
TypeError: Cannot read properties of undefined (reading 'ENUM')
    at module.exports (/Users/toannguyen/Documents/Source/tn-uptech-backend/src/infra/sequelize/models/category.model.ts:20:43)
    at /Users/toannguyen/Documents/Source/tn-uptech-backend/src/infra/sequelize/models/index.ts:38:63
    at Array.map (<anonymous>)
    at createModels (/Users/toannguyen/Documents/Source/tn-uptech-backend/src/infra/sequelize/models/index.ts:37:10)
    at Object.<anonymous> (/Users/toannguyen/Documents/Source/tn-uptech-backend/src/infra/sequelize/models/index.ts:63:16)
    at Module._compile (node:internal/modules/cjs/loader:1191:14)
    at Module.m._compile (/Users/toannguyen/Documents/Source/tn-uptech-backend/node_modules/ts-node/src/index.ts:1618:23)
    at Module._extensions..js (node:internal/modules/cjs/loader:1245:10)
    at Object.require.extensions.<computed> [as .ts] (/Users/toannguyen/Documents/Source/tn-uptech-backend/node_modules/ts-node/src/index.ts:1621:12)
    at Module.load (node:internal/modules/cjs/loader:1069:32)
2023-04-05 19:33:54 error: uncaughtException: Cannot read properties of undefined (reading 'ENUM')
TypeError: Cannot read properties of undefined (reading 'ENUM')
    at module.exports (/Users/toannguyen/Documents/Source/tn-uptech-backend/src/infra/sequelize/models/category.model.ts:20:43)
    at /Users/toannguyen/Documents/Source/tn-uptech-backend/src/infra/sequelize/models/index.ts:38:63
    at Array.map (<anonymous>)
    at createModels (/Users/toannguyen/Documents/Source/tn-uptech-backend/src/infra/sequelize/models/index.ts:37:10)
    at Object.<anonymous> (/Users/toannguyen/Documents/Source/tn-uptech-backend/src/infra/sequelize/models/index.ts:63:16)
    at Module._compile (node:internal/modules/cjs/loader:1191:14)
    at Module.m._compile (/Users/toannguyen/Documents/Source/tn-uptech-backend/node_modules/ts-node/src/index.ts:1618:23)
    at Module._extensions..js (node:internal/modules/cjs/loader:1245:10)
    at Object.require.extensions.<computed> [as .ts] (/Users/toannguyen/Documents/Source/tn-uptech-backend/node_modules/ts-node/src/index.ts:1621:12)
    at Module.load (node:internal/modules/cjs/loader:1069:32)
2023-04-05 19:34:23 error: uncaughtException: Cannot read properties of undefined (reading 'ENUM')
TypeError: Cannot read properties of undefined (reading 'ENUM')
    at module.exports (/Users/toannguyen/Documents/Source/tn-uptech-backend/src/infra/sequelize/models/category.model.ts:20:43)
    at /Users/toannguyen/Documents/Source/tn-uptech-backend/src/infra/sequelize/models/index.ts:38:63
    at Array.map (<anonymous>)
    at createModels (/Users/toannguyen/Documents/Source/tn-uptech-backend/src/infra/sequelize/models/index.ts:37:10)
    at Object.<anonymous> (/Users/toannguyen/Documents/Source/tn-uptech-backend/src/infra/sequelize/models/index.ts:63:16)
    at Module._compile (node:internal/modules/cjs/loader:1191:14)
    at Module.m._compile (/Users/toannguyen/Documents/Source/tn-uptech-backend/node_modules/ts-node/src/index.ts:1618:23)
    at Module._extensions..js (node:internal/modules/cjs/loader:1245:10)
    at Object.require.extensions.<computed> [as .ts] (/Users/toannguyen/Documents/Source/tn-uptech-backend/node_modules/ts-node/src/index.ts:1621:12)
    at Module.load (node:internal/modules/cjs/loader:1069:32)
2023-04-05 19:34:32 error: uncaughtException: Cannot read properties of undefined (reading 'ENUM')
TypeError: Cannot read properties of undefined (reading 'ENUM')
    at module.exports (/Users/toannguyen/Documents/Source/tn-uptech-backend/src/infra/sequelize/models/category.model.ts:20:43)
    at /Users/toannguyen/Documents/Source/tn-uptech-backend/src/infra/sequelize/models/index.ts:38:63
    at Array.map (<anonymous>)
    at createModels (/Users/toannguyen/Documents/Source/tn-uptech-backend/src/infra/sequelize/models/index.ts:37:10)
    at Object.<anonymous> (/Users/toannguyen/Documents/Source/tn-uptech-backend/src/infra/sequelize/models/index.ts:63:16)
    at Module._compile (node:internal/modules/cjs/loader:1191:14)
    at Module.m._compile (/Users/toannguyen/Documents/Source/tn-uptech-backend/node_modules/ts-node/src/index.ts:1618:23)
    at Module._extensions..js (node:internal/modules/cjs/loader:1245:10)
    at Object.require.extensions.<computed> [as .ts] (/Users/toannguyen/Documents/Source/tn-uptech-backend/node_modules/ts-node/src/index.ts:1621:12)
    at Module.load (node:internal/modules/cjs/loader:1069:32)
2023-04-05 19:34:54 error: uncaughtException: Cannot read properties of undefined (reading 'ENUM')
TypeError: Cannot read properties of undefined (reading 'ENUM')
    at module.exports (/Users/toannguyen/Documents/Source/tn-uptech-backend/src/infra/sequelize/models/category.model.ts:20:43)
    at /Users/toannguyen/Documents/Source/tn-uptech-backend/src/infra/sequelize/models/index.ts:38:63
    at Array.map (<anonymous>)
    at createModels (/Users/toannguyen/Documents/Source/tn-uptech-backend/src/infra/sequelize/models/index.ts:37:10)
    at Object.<anonymous> (/Users/toannguyen/Documents/Source/tn-uptech-backend/src/infra/sequelize/models/index.ts:63:16)
    at Module._compile (node:internal/modules/cjs/loader:1191:14)
    at Module.m._compile (/Users/toannguyen/Documents/Source/tn-uptech-backend/node_modules/ts-node/src/index.ts:1618:23)
    at Module._extensions..js (node:internal/modules/cjs/loader:1245:10)
    at Object.require.extensions.<computed> [as .ts] (/Users/toannguyen/Documents/Source/tn-uptech-backend/node_modules/ts-node/src/index.ts:1621:12)
    at Module.load (node:internal/modules/cjs/loader:1069:32)
2023-04-05 19:35:05 error: uncaughtException: Cannot read properties of undefined (reading 'ENUM')
TypeError: Cannot read properties of undefined (reading 'ENUM')
    at module.exports (/Users/toannguyen/Documents/Source/tn-uptech-backend/src/infra/sequelize/models/category.model.ts:20:43)
    at /Users/toannguyen/Documents/Source/tn-uptech-backend/src/infra/sequelize/models/index.ts:38:63
    at Array.map (<anonymous>)
    at createModels (/Users/toannguyen/Documents/Source/tn-uptech-backend/src/infra/sequelize/models/index.ts:37:10)
    at Object.<anonymous> (/Users/toannguyen/Documents/Source/tn-uptech-backend/src/infra/sequelize/models/index.ts:63:16)
    at Module._compile (node:internal/modules/cjs/loader:1191:14)
    at Module.m._compile (/Users/toannguyen/Documents/Source/tn-uptech-backend/node_modules/ts-node/src/index.ts:1618:23)
    at Module._extensions..js (node:internal/modules/cjs/loader:1245:10)
    at Object.require.extensions.<computed> [as .ts] (/Users/toannguyen/Documents/Source/tn-uptech-backend/node_modules/ts-node/src/index.ts:1621:12)
    at Module.load (node:internal/modules/cjs/loader:1069:32)
2023-04-05 19:35:34 error: uncaughtException: Cannot read properties of undefined (reading 'ENUM')
TypeError: Cannot read properties of undefined (reading 'ENUM')
    at module.exports (/Users/toannguyen/Documents/Source/tn-uptech-backend/src/infra/sequelize/models/category.model.ts:20:43)
    at /Users/toannguyen/Documents/Source/tn-uptech-backend/src/infra/sequelize/models/index.ts:38:63
    at Array.map (<anonymous>)
    at createModels (/Users/toannguyen/Documents/Source/tn-uptech-backend/src/infra/sequelize/models/index.ts:37:10)
    at Object.<anonymous> (/Users/toannguyen/Documents/Source/tn-uptech-backend/src/infra/sequelize/models/index.ts:63:16)
    at Module._compile (node:internal/modules/cjs/loader:1191:14)
    at Module.m._compile (/Users/toannguyen/Documents/Source/tn-uptech-backend/node_modules/ts-node/src/index.ts:1618:23)
    at Module._extensions..js (node:internal/modules/cjs/loader:1245:10)
    at Object.require.extensions.<computed> [as .ts] (/Users/toannguyen/Documents/Source/tn-uptech-backend/node_modules/ts-node/src/index.ts:1621:12)
    at Module.load (node:internal/modules/cjs/loader:1069:32)
2023-04-05 19:35:59 error: uncaughtException: Cannot read properties of undefined (reading 'ENUM')
TypeError: Cannot read properties of undefined (reading 'ENUM')
    at module.exports (/Users/toannguyen/Documents/Source/tn-uptech-backend/src/infra/sequelize/models/category.model.ts:20:43)
    at /Users/toannguyen/Documents/Source/tn-uptech-backend/src/infra/sequelize/models/index.ts:38:63
    at Array.map (<anonymous>)
    at createModels (/Users/toannguyen/Documents/Source/tn-uptech-backend/src/infra/sequelize/models/index.ts:37:10)
    at Object.<anonymous> (/Users/toannguyen/Documents/Source/tn-uptech-backend/src/infra/sequelize/models/index.ts:63:16)
    at Module._compile (node:internal/modules/cjs/loader:1191:14)
    at Module.m._compile (/Users/toannguyen/Documents/Source/tn-uptech-backend/node_modules/ts-node/src/index.ts:1618:23)
    at Module._extensions..js (node:internal/modules/cjs/loader:1245:10)
    at Object.require.extensions.<computed> [as .ts] (/Users/toannguyen/Documents/Source/tn-uptech-backend/node_modules/ts-node/src/index.ts:1621:12)
    at Module.load (node:internal/modules/cjs/loader:1069:32)
2023-04-05 19:36:18 error: uncaughtException: Cannot read properties of undefined (reading 'ENUM')
TypeError: Cannot read properties of undefined (reading 'ENUM')
    at module.exports (/Users/toannguyen/Documents/Source/tn-uptech-backend/src/infra/sequelize/models/category.model.ts:20:43)
    at /Users/toannguyen/Documents/Source/tn-uptech-backend/src/infra/sequelize/models/index.ts:38:63
    at Array.map (<anonymous>)
    at createModels (/Users/toannguyen/Documents/Source/tn-uptech-backend/src/infra/sequelize/models/index.ts:37:10)
    at Object.<anonymous> (/Users/toannguyen/Documents/Source/tn-uptech-backend/src/infra/sequelize/models/index.ts:63:16)
    at Module._compile (node:internal/modules/cjs/loader:1191:14)
    at Module.m._compile (/Users/toannguyen/Documents/Source/tn-uptech-backend/node_modules/ts-node/src/index.ts:1618:23)
    at Module._extensions..js (node:internal/modules/cjs/loader:1245:10)
    at Object.require.extensions.<computed> [as .ts] (/Users/toannguyen/Documents/Source/tn-uptech-backend/node_modules/ts-node/src/index.ts:1621:12)
    at Module.load (node:internal/modules/cjs/loader:1069:32)
2023-04-05 19:36:30 error: uncaughtException: Cannot read properties of undefined (reading 'ENUM')
TypeError: Cannot read properties of undefined (reading 'ENUM')
    at module.exports (/Users/toannguyen/Documents/Source/tn-uptech-backend/src/infra/sequelize/models/category.model.ts:20:43)
    at /Users/toannguyen/Documents/Source/tn-uptech-backend/src/infra/sequelize/models/index.ts:38:63
    at Array.map (<anonymous>)
    at createModels (/Users/toannguyen/Documents/Source/tn-uptech-backend/src/infra/sequelize/models/index.ts:37:10)
    at Object.<anonymous> (/Users/toannguyen/Documents/Source/tn-uptech-backend/src/infra/sequelize/models/index.ts:63:16)
    at Module._compile (node:internal/modules/cjs/loader:1191:14)
    at Module.m._compile (/Users/toannguyen/Documents/Source/tn-uptech-backend/node_modules/ts-node/src/index.ts:1618:23)
    at Module._extensions..js (node:internal/modules/cjs/loader:1245:10)
    at Object.require.extensions.<computed> [as .ts] (/Users/toannguyen/Documents/Source/tn-uptech-backend/node_modules/ts-node/src/index.ts:1621:12)
    at Module.load (node:internal/modules/cjs/loader:1069:32)
2023-04-05 19:37:05 error: uncaughtException: Cannot read properties of undefined (reading 'ENUM')
TypeError: Cannot read properties of undefined (reading 'ENUM')
    at module.exports (/Users/toannguyen/Documents/Source/tn-uptech-backend/src/infra/sequelize/models/category.model.ts:20:43)
    at /Users/toannguyen/Documents/Source/tn-uptech-backend/src/infra/sequelize/models/index.ts:38:63
    at Array.map (<anonymous>)
    at createModels (/Users/toannguyen/Documents/Source/tn-uptech-backend/src/infra/sequelize/models/index.ts:37:10)
    at Object.<anonymous> (/Users/toannguyen/Documents/Source/tn-uptech-backend/src/infra/sequelize/models/index.ts:63:16)
    at Module._compile (node:internal/modules/cjs/loader:1191:14)
    at Module.m._compile (/Users/toannguyen/Documents/Source/tn-uptech-backend/node_modules/ts-node/src/index.ts:1618:23)
    at Module._extensions..js (node:internal/modules/cjs/loader:1245:10)
    at Object.require.extensions.<computed> [as .ts] (/Users/toannguyen/Documents/Source/tn-uptech-backend/node_modules/ts-node/src/index.ts:1621:12)
    at Module.load (node:internal/modules/cjs/loader:1069:32)
2023-04-05 19:40:43 error: uncaughtException: Cannot read properties of undefined (reading 'ENUM')
TypeError: Cannot read properties of undefined (reading 'ENUM')
    at module.exports (/Users/toannguyen/Documents/Source/tn-uptech-backend/src/infra/sequelize/models/category.model.ts:20:43)
    at /Users/toannguyen/Documents/Source/tn-uptech-backend/src/infra/sequelize/models/index.ts:38:63
    at Array.map (<anonymous>)
    at createModels (/Users/toannguyen/Documents/Source/tn-uptech-backend/src/infra/sequelize/models/index.ts:37:10)
    at Object.<anonymous> (/Users/toannguyen/Documents/Source/tn-uptech-backend/src/infra/sequelize/models/index.ts:63:16)
    at Module._compile (node:internal/modules/cjs/loader:1191:14)
    at Module.m._compile (/Users/toannguyen/Documents/Source/tn-uptech-backend/node_modules/ts-node/src/index.ts:1618:23)
    at Module._extensions..js (node:internal/modules/cjs/loader:1245:10)
    at Object.require.extensions.<computed> [as .ts] (/Users/toannguyen/Documents/Source/tn-uptech-backend/node_modules/ts-node/src/index.ts:1621:12)
    at Module.load (node:internal/modules/cjs/loader:1069:32)
2023-04-05 19:40:59 error: uncaughtException: тип Unable to compile TypeScript:
[96msrc/modules/controllers/categories.controller.ts[0m:[93m65[0m:[93m25[0m - [91merror[0m[90m TS2339: [0mProperty 'success' does not exist on type 'CategoryController'.

[7m65[0m             return this.success(res, data);
[7m  [0m [91m                        ~~~~~~~[0m

TSError: тип Unable to compile TypeScript:
[96msrc/modules/controllers/categories.controller.ts[0m:[93m65[0m:[93m25[0m - [91merror[0m[90m TS2339: [0mProperty 'success' does not exist on type 'CategoryController'.

[7m65[0m             return this.success(res, data);
[7m  [0m [91m                        ~~~~~~~[0m

    at createTSError (/Users/toannguyen/Documents/Source/tn-uptech-backend/node_modules/ts-node/src/index.ts:859:12)
    at reportTSError (/Users/toannguyen/Documents/Source/tn-uptech-backend/node_modules/ts-node/src/index.ts:863:19)
    at getOutput (/Users/toannguyen/Documents/Source/tn-uptech-backend/node_modules/ts-node/src/index.ts:1077:36)
    at Object.compile (/Users/toannguyen/Documents/Source/tn-uptech-backend/node_modules/ts-node/src/index.ts:1433:41)
    at Module.m._compile (/Users/toannguyen/Documents/Source/tn-uptech-backend/node_modules/ts-node/src/index.ts:1617:30)
    at Module._extensions..js (node:internal/modules/cjs/loader:1245:10)
    at Object.require.extensions.<computed> [as .ts] (/Users/toannguyen/Documents/Source/tn-uptech-backend/node_modules/ts-node/src/index.ts:1621:12)
    at Module.load (node:internal/modules/cjs/loader:1069:32)
    at Function.Module._load (node:internal/modules/cjs/loader:904:12)
    at Module.require (node:internal/modules/cjs/loader:1093:19)
2023-04-05 19:41:18 error: uncaughtException: тип Unable to compile TypeScript:
[96msrc/modules/controllers/categories.controller.ts[0m:[93m65[0m:[93m25[0m - [91merror[0m[90m TS2339: [0mProperty 'success' does not exist on type 'CategoryController'.

[7m65[0m             return this.success(res, data);
[7m  [0m [91m                        ~~~~~~~[0m

TSError: тип Unable to compile TypeScript:
[96msrc/modules/controllers/categories.controller.ts[0m:[93m65[0m:[93m25[0m - [91merror[0m[90m TS2339: [0mProperty 'success' does not exist on type 'CategoryController'.

[7m65[0m             return this.success(res, data);
[7m  [0m [91m                        ~~~~~~~[0m

    at createTSError (/Users/toannguyen/Documents/Source/tn-uptech-backend/node_modules/ts-node/src/index.ts:859:12)
    at reportTSError (/Users/toannguyen/Documents/Source/tn-uptech-backend/node_modules/ts-node/src/index.ts:863:19)
    at getOutput (/Users/toannguyen/Documents/Source/tn-uptech-backend/node_modules/ts-node/src/index.ts:1077:36)
    at Object.compile (/Users/toannguyen/Documents/Source/tn-uptech-backend/node_modules/ts-node/src/index.ts:1433:41)
    at Module.m._compile (/Users/toannguyen/Documents/Source/tn-uptech-backend/node_modules/ts-node/src/index.ts:1617:30)
    at Module._extensions..js (node:internal/modules/cjs/loader:1245:10)
    at Object.require.extensions.<computed> [as .ts] (/Users/toannguyen/Documents/Source/tn-uptech-backend/node_modules/ts-node/src/index.ts:1621:12)
    at Module.load (node:internal/modules/cjs/loader:1069:32)
    at Function.Module._load (node:internal/modules/cjs/loader:904:12)
    at Module.require (node:internal/modules/cjs/loader:1093:19)
2023-04-05 19:43:09 error: uncaughtException: тип Unable to compile TypeScript:
[96msrc/modules/controllers/categories.controller.ts[0m:[93m65[0m:[93m25[0m - [91merror[0m[90m TS2339: [0mProperty 'success' does not exist on type 'CategoryController'.

[7m65[0m             return this.success(res, data);
[7m  [0m [91m                        ~~~~~~~[0m

TSError: тип Unable to compile TypeScript:
[96msrc/modules/controllers/categories.controller.ts[0m:[93m65[0m:[93m25[0m - [91merror[0m[90m TS2339: [0mProperty 'success' does not exist on type 'CategoryController'.

[7m65[0m             return this.success(res, data);
[7m  [0m [91m                        ~~~~~~~[0m

    at createTSError (/Users/toannguyen/Documents/Source/tn-uptech-backend/node_modules/ts-node/src/index.ts:859:12)
    at reportTSError (/Users/toannguyen/Documents/Source/tn-uptech-backend/node_modules/ts-node/src/index.ts:863:19)
    at getOutput (/Users/toannguyen/Documents/Source/tn-uptech-backend/node_modules/ts-node/src/index.ts:1077:36)
    at Object.compile (/Users/toannguyen/Documents/Source/tn-uptech-backend/node_modules/ts-node/src/index.ts:1433:41)
    at Module.m._compile (/Users/toannguyen/Documents/Source/tn-uptech-backend/node_modules/ts-node/src/index.ts:1617:30)
    at Module._extensions..js (node:internal/modules/cjs/loader:1245:10)
    at Object.require.extensions.<computed> [as .ts] (/Users/toannguyen/Documents/Source/tn-uptech-backend/node_modules/ts-node/src/index.ts:1621:12)
    at Module.load (node:internal/modules/cjs/loader:1069:32)
    at Function.Module._load (node:internal/modules/cjs/loader:904:12)
    at Module.require (node:internal/modules/cjs/loader:1093:19)
2023-04-05 19:44:42 error: {"name":"SequelizeEagerLoadingError"}
2023-04-05 19:44:42 error: {"name":"SequelizeEagerLoadingError"}
2023-04-05 19:52:26 error: {"name":"SequelizeEagerLoadingError"}
2023-04-05 19:52:26 error: {"name":"SequelizeEagerLoadingError"}
2023-04-05 19:52:26 error: {"name":"SequelizeEagerLoadingError"}
2023-04-05 19:53:11 error: {"name":"SequelizeDatabaseError","parent":{"code":"ER_BAD_FIELD_ERROR","errno":1054,"sqlState":"42S22","sqlMessage":"Unknown column 'translations.cetegory_id' in 'field list'","sql":"SELECT `categories`.*, `translations`.`id` AS `translations.id`, `translations`.`slug` AS `translations.slug`, `translations`.`cetegory_id` AS `translations.cetegory_id`, `translations`.`locale` AS `translations.locale`, `translations`.`name` AS `translations.name`, `translations`.`category_id` AS `translations.category_id` FROM (SELECT `categories`.`id`, `categories`.`status`, `categories`.`type`, `categories`.`createdAt`, `categories`.`updatedAt` FROM `categories` AS `categories` WHERE ( SELECT `category_id` FROM `category_translation` AS `translations` WHERE (`translations`.`locale` = 'en' AND `translations`.`category_id` = `categories`.`id`) LIMIT 1 ) IS NOT NULL LIMIT 0, 10) AS `categories` INNER JOIN `category_translation` AS `translations` ON `categories`.`id` = `translations`.`category_id` AND `translations`.`locale` = 'en';"},"original":{"code":"ER_BAD_FIELD_ERROR","errno":1054,"sqlState":"42S22","sqlMessage":"Unknown column 'translations.cetegory_id' in 'field list'","sql":"SELECT `categories`.*, `translations`.`id` AS `translations.id`, `translations`.`slug` AS `translations.slug`, `translations`.`cetegory_id` AS `translations.cetegory_id`, `translations`.`locale` AS `translations.locale`, `translations`.`name` AS `translations.name`, `translations`.`category_id` AS `translations.category_id` FROM (SELECT `categories`.`id`, `categories`.`status`, `categories`.`type`, `categories`.`createdAt`, `categories`.`updatedAt` FROM `categories` AS `categories` WHERE ( SELECT `category_id` FROM `category_translation` AS `translations` WHERE (`translations`.`locale` = 'en' AND `translations`.`category_id` = `categories`.`id`) LIMIT 1 ) IS NOT NULL LIMIT 0, 10) AS `categories` INNER JOIN `category_translation` AS `translations` ON `categories`.`id` = `translations`.`category_id` AND `translations`.`locale` = 'en';"},"sql":"SELECT `categories`.*, `translations`.`id` AS `translations.id`, `translations`.`slug` AS `translations.slug`, `translations`.`cetegory_id` AS `translations.cetegory_id`, `translations`.`locale` AS `translations.locale`, `translations`.`name` AS `translations.name`, `translations`.`category_id` AS `translations.category_id` FROM (SELECT `categories`.`id`, `categories`.`status`, `categories`.`type`, `categories`.`createdAt`, `categories`.`updatedAt` FROM `categories` AS `categories` WHERE ( SELECT `category_id` FROM `category_translation` AS `translations` WHERE (`translations`.`locale` = 'en' AND `translations`.`category_id` = `categories`.`id`) LIMIT 1 ) IS NOT NULL LIMIT 0, 10) AS `categories` INNER JOIN `category_translation` AS `translations` ON `categories`.`id` = `translations`.`category_id` AND `translations`.`locale` = 'en';","parameters":{}}
2023-04-05 19:53:11 error: {"name":"SequelizeDatabaseError","parent":{"code":"ER_BAD_FIELD_ERROR","errno":1054,"sqlState":"42S22","sqlMessage":"Unknown column 'translations.cetegory_id' in 'field list'","sql":"SELECT `categories`.*, `translations`.`id` AS `translations.id`, `translations`.`slug` AS `translations.slug`, `translations`.`cetegory_id` AS `translations.cetegory_id`, `translations`.`locale` AS `translations.locale`, `translations`.`name` AS `translations.name`, `translations`.`category_id` AS `translations.category_id` FROM (SELECT `categories`.`id`, `categories`.`status`, `categories`.`type`, `categories`.`createdAt`, `categories`.`updatedAt` FROM `categories` AS `categories` WHERE ( SELECT `category_id` FROM `category_translation` AS `translations` WHERE (`translations`.`locale` = 'en' AND `translations`.`category_id` = `categories`.`id`) LIMIT 1 ) IS NOT NULL LIMIT 0, 10) AS `categories` INNER JOIN `category_translation` AS `translations` ON `categories`.`id` = `translations`.`category_id` AND `translations`.`locale` = 'en';"},"original":{"code":"ER_BAD_FIELD_ERROR","errno":1054,"sqlState":"42S22","sqlMessage":"Unknown column 'translations.cetegory_id' in 'field list'","sql":"SELECT `categories`.*, `translations`.`id` AS `translations.id`, `translations`.`slug` AS `translations.slug`, `translations`.`cetegory_id` AS `translations.cetegory_id`, `translations`.`locale` AS `translations.locale`, `translations`.`name` AS `translations.name`, `translations`.`category_id` AS `translations.category_id` FROM (SELECT `categories`.`id`, `categories`.`status`, `categories`.`type`, `categories`.`createdAt`, `categories`.`updatedAt` FROM `categories` AS `categories` WHERE ( SELECT `category_id` FROM `category_translation` AS `translations` WHERE (`translations`.`locale` = 'en' AND `translations`.`category_id` = `categories`.`id`) LIMIT 1 ) IS NOT NULL LIMIT 0, 10) AS `categories` INNER JOIN `category_translation` AS `translations` ON `categories`.`id` = `translations`.`category_id` AND `translations`.`locale` = 'en';"},"sql":"SELECT `categories`.*, `translations`.`id` AS `translations.id`, `translations`.`slug` AS `translations.slug`, `translations`.`cetegory_id` AS `translations.cetegory_id`, `translations`.`locale` AS `translations.locale`, `translations`.`name` AS `translations.name`, `translations`.`category_id` AS `translations.category_id` FROM (SELECT `categories`.`id`, `categories`.`status`, `categories`.`type`, `categories`.`createdAt`, `categories`.`updatedAt` FROM `categories` AS `categories` WHERE ( SELECT `category_id` FROM `category_translation` AS `translations` WHERE (`translations`.`locale` = 'en' AND `translations`.`category_id` = `categories`.`id`) LIMIT 1 ) IS NOT NULL LIMIT 0, 10) AS `categories` INNER JOIN `category_translation` AS `translations` ON `categories`.`id` = `translations`.`category_id` AND `translations`.`locale` = 'en';","parameters":{}}
2023-04-05 19:53:11 error: {"name":"SequelizeDatabaseError","parent":{"code":"ER_BAD_FIELD_ERROR","errno":1054,"sqlState":"42S22","sqlMessage":"Unknown column 'translations.cetegory_id' in 'field list'","sql":"SELECT `categories`.*, `translations`.`id` AS `translations.id`, `translations`.`slug` AS `translations.slug`, `translations`.`cetegory_id` AS `translations.cetegory_id`, `translations`.`locale` AS `translations.locale`, `translations`.`name` AS `translations.name`, `translations`.`category_id` AS `translations.category_id` FROM (SELECT `categories`.`id`, `categories`.`status`, `categories`.`type`, `categories`.`createdAt`, `categories`.`updatedAt` FROM `categories` AS `categories` WHERE ( SELECT `category_id` FROM `category_translation` AS `translations` WHERE (`translations`.`locale` = 'en' AND `translations`.`category_id` = `categories`.`id`) LIMIT 1 ) IS NOT NULL LIMIT 0, 10) AS `categories` INNER JOIN `category_translation` AS `translations` ON `categories`.`id` = `translations`.`category_id` AND `translations`.`locale` = 'en';"},"original":{"code":"ER_BAD_FIELD_ERROR","errno":1054,"sqlState":"42S22","sqlMessage":"Unknown column 'translations.cetegory_id' in 'field list'","sql":"SELECT `categories`.*, `translations`.`id` AS `translations.id`, `translations`.`slug` AS `translations.slug`, `translations`.`cetegory_id` AS `translations.cetegory_id`, `translations`.`locale` AS `translations.locale`, `translations`.`name` AS `translations.name`, `translations`.`category_id` AS `translations.category_id` FROM (SELECT `categories`.`id`, `categories`.`status`, `categories`.`type`, `categories`.`createdAt`, `categories`.`updatedAt` FROM `categories` AS `categories` WHERE ( SELECT `category_id` FROM `category_translation` AS `translations` WHERE (`translations`.`locale` = 'en' AND `translations`.`category_id` = `categories`.`id`) LIMIT 1 ) IS NOT NULL LIMIT 0, 10) AS `categories` INNER JOIN `category_translation` AS `translations` ON `categories`.`id` = `translations`.`category_id` AND `translations`.`locale` = 'en';"},"sql":"SELECT `categories`.*, `translations`.`id` AS `translations.id`, `translations`.`slug` AS `translations.slug`, `translations`.`cetegory_id` AS `translations.cetegory_id`, `translations`.`locale` AS `translations.locale`, `translations`.`name` AS `translations.name`, `translations`.`category_id` AS `translations.category_id` FROM (SELECT `categories`.`id`, `categories`.`status`, `categories`.`type`, `categories`.`createdAt`, `categories`.`updatedAt` FROM `categories` AS `categories` WHERE ( SELECT `category_id` FROM `category_translation` AS `translations` WHERE (`translations`.`locale` = 'en' AND `translations`.`category_id` = `categories`.`id`) LIMIT 1 ) IS NOT NULL LIMIT 0, 10) AS `categories` INNER JOIN `category_translation` AS `translations` ON `categories`.`id` = `translations`.`category_id` AND `translations`.`locale` = 'en';","parameters":{}}
2023-04-05 19:59:58 error: uncaughtException: тип Unable to compile TypeScript:
[96msrc/services/categories.service.ts[0m:[93m11[0m:[93m37[0m - [91merror[0m[90m TS2304: [0mCannot find name 'arrQueryObject'.

[7m11[0m         for (let index = 0; index < arrQueryObject.length; index++) {
[7m  [0m [91m                                    ~~~~~~~~~~~~~~[0m
[96msrc/services/categories.service.ts[0m:[93m12[0m:[93m21[0m - [91merror[0m[90m TS2304: [0mCannot find name 'arrQueryObject'.

[7m12[0m             switch (arrQueryObject[index].key) {
[7m  [0m [91m                    ~~~~~~~~~~~~~~[0m
[96msrc/services/categories.service.ts[0m:[93m14[0m:[93m43[0m - [91merror[0m[90m TS2304: [0mCannot find name 'arrQueryObject'.

[7m14[0m                     const status = typeof arrQueryObject[index].value === "string" ?
[7m  [0m [91m                                          ~~~~~~~~~~~~~~[0m
[96msrc/services/categories.service.ts[0m:[93m15[0m:[93m26[0m - [91merror[0m[90m TS2304: [0mCannot find name 'arrQueryObject'.

[7m15[0m                         [arrQueryObject[index].value] : arrQueryObject[index].value;
[7m  [0m [91m                         ~~~~~~~~~~~~~~[0m
[96msrc/services/categories.service.ts[0m:[93m15[0m:[93m57[0m - [91merror[0m[90m TS2304: [0mCannot find name 'arrQueryObject'.

[7m15[0m                         [arrQueryObject[index].value] : arrQueryObject[index].value;
[7m  [0m [91m                                                        ~~~~~~~~~~~~~~[0m
[96msrc/services/categories.service.ts[0m:[93m18[0m:[93m30[0m - [91merror[0m[90m TS2304: [0mCannot find name 'Op'.

[7m18[0m                             [Op.in]: status.toString().split(','),
[7m  [0m [91m                             ~~[0m
[96msrc/services/categories.service.ts[0m:[93m32[0m:[93m26[0m - [91merror[0m[90m TS2304: [0mCannot find name 'Op'.

[7m32[0m                 name: { [Op.like]: `%${query.search}%` },
[7m  [0m [91m                         ~~[0m

TSError: тип Unable to compile TypeScript:
[96msrc/services/categories.service.ts[0m:[93m11[0m:[93m37[0m - [91merror[0m[90m TS2304: [0mCannot find name 'arrQueryObject'.

[7m11[0m         for (let index = 0; index < arrQueryObject.length; index++) {
[7m  [0m [91m                                    ~~~~~~~~~~~~~~[0m
[96msrc/services/categories.service.ts[0m:[93m12[0m:[93m21[0m - [91merror[0m[90m TS2304: [0mCannot find name 'arrQueryObject'.

[7m12[0m             switch (arrQueryObject[index].key) {
[7m  [0m [91m                    ~~~~~~~~~~~~~~[0m
[96msrc/services/categories.service.ts[0m:[93m14[0m:[93m43[0m - [91merror[0m[90m TS2304: [0mCannot find name 'arrQueryObject'.

[7m14[0m                     const status = typeof arrQueryObject[index].value === "string" ?
[7m  [0m [91m                                          ~~~~~~~~~~~~~~[0m
[96msrc/services/categories.service.ts[0m:[93m15[0m:[93m26[0m - [91merror[0m[90m TS2304: [0mCannot find name 'arrQueryObject'.

[7m15[0m                         [arrQueryObject[index].value] : arrQueryObject[index].value;
[7m  [0m [91m                         ~~~~~~~~~~~~~~[0m
[96msrc/services/categories.service.ts[0m:[93m15[0m:[93m57[0m - [91merror[0m[90m TS2304: [0mCannot find name 'arrQueryObject'.

[7m15[0m                         [arrQueryObject[index].value] : arrQueryObject[index].value;
[7m  [0m [91m                                                        ~~~~~~~~~~~~~~[0m
[96msrc/services/categories.service.ts[0m:[93m18[0m:[93m30[0m - [91merror[0m[90m TS2304: [0mCannot find name 'Op'.

[7m18[0m                             [Op.in]: status.toString().split(','),
[7m  [0m [91m                             ~~[0m
[96msrc/services/categories.service.ts[0m:[93m32[0m:[93m26[0m - [91merror[0m[90m TS2304: [0mCannot find name 'Op'.

[7m32[0m                 name: { [Op.like]: `%${query.search}%` },
[7m  [0m [91m                         ~~[0m

    at createTSError (/Users/toannguyen/Documents/Source/tn-uptech-backend/node_modules/ts-node/src/index.ts:859:12)
    at reportTSError (/Users/toannguyen/Documents/Source/tn-uptech-backend/node_modules/ts-node/src/index.ts:863:19)
    at getOutput (/Users/toannguyen/Documents/Source/tn-uptech-backend/node_modules/ts-node/src/index.ts:1077:36)
    at Object.compile (/Users/toannguyen/Documents/Source/tn-uptech-backend/node_modules/ts-node/src/index.ts:1433:41)
    at Module.m._compile (/Users/toannguyen/Documents/Source/tn-uptech-backend/node_modules/ts-node/src/index.ts:1617:30)
    at Module._extensions..js (node:internal/modules/cjs/loader:1245:10)
    at Object.require.extensions.<computed> [as .ts] (/Users/toannguyen/Documents/Source/tn-uptech-backend/node_modules/ts-node/src/index.ts:1621:12)
    at Module.load (node:internal/modules/cjs/loader:1069:32)
    at Function.Module._load (node:internal/modules/cjs/loader:904:12)
    at Module.require (node:internal/modules/cjs/loader:1093:19)
2023-04-05 20:00:09 error: uncaughtException: тип Unable to compile TypeScript:
[96msrc/services/categories.service.ts[0m:[93m35[0m:[93m30[0m - [91merror[0m[90m TS2304: [0mCannot find name 'Op'.

[7m35[0m                             [Op.in]: status.toString().split(','),
[7m  [0m [91m                             ~~[0m
[96msrc/services/categories.service.ts[0m:[93m49[0m:[93m26[0m - [91merror[0m[90m TS2304: [0mCannot find name 'Op'.

[7m49[0m                 name: { [Op.like]: `%${query.search}%` },
[7m  [0m [91m                         ~~[0m

TSError: тип Unable to compile TypeScript:
[96msrc/services/categories.service.ts[0m:[93m35[0m:[93m30[0m - [91merror[0m[90m TS2304: [0mCannot find name 'Op'.

[7m35[0m                             [Op.in]: status.toString().split(','),
[7m  [0m [91m                             ~~[0m
[96msrc/services/categories.service.ts[0m:[93m49[0m:[93m26[0m - [91merror[0m[90m TS2304: [0mCannot find name 'Op'.

[7m49[0m                 name: { [Op.like]: `%${query.search}%` },
[7m  [0m [91m                         ~~[0m

    at createTSError (/Users/toannguyen/Documents/Source/tn-uptech-backend/node_modules/ts-node/src/index.ts:859:12)
    at reportTSError (/Users/toannguyen/Documents/Source/tn-uptech-backend/node_modules/ts-node/src/index.ts:863:19)
    at getOutput (/Users/toannguyen/Documents/Source/tn-uptech-backend/node_modules/ts-node/src/index.ts:1077:36)
    at Object.compile (/Users/toannguyen/Documents/Source/tn-uptech-backend/node_modules/ts-node/src/index.ts:1433:41)
    at Module.m._compile (/Users/toannguyen/Documents/Source/tn-uptech-backend/node_modules/ts-node/src/index.ts:1617:30)
    at Module._extensions..js (node:internal/modules/cjs/loader:1245:10)
    at Object.require.extensions.<computed> [as .ts] (/Users/toannguyen/Documents/Source/tn-uptech-backend/node_modules/ts-node/src/index.ts:1621:12)
    at Module.load (node:internal/modules/cjs/loader:1069:32)
    at Function.Module._load (node:internal/modules/cjs/loader:904:12)
    at Module.require (node:internal/modules/cjs/loader:1093:19)
