2023-04-29 11:32:34 error: uncaughtException: тип Unable to compile TypeScript:
[96msrc/route/post.route.ts[0m:[93m15[0m:[93m65[0m - [91merror[0m[90m TS2339: [0mProperty 'increaseView' does not exist on type 'PostController'.

[7m15[0m         this.router.post(`${this.path}/increaseView`, this.post.increaseView);
[7m  [0m [91m                                                                ~~~~~~~~~~~~[0m

TSError: тип Unable to compile TypeScript:
[96msrc/route/post.route.ts[0m:[93m15[0m:[93m65[0m - [91merror[0m[90m TS2339: [0mProperty 'increaseView' does not exist on type 'PostController'.

[7m15[0m         this.router.post(`${this.path}/increaseView`, this.post.increaseView);
[7m  [0m [91m                                                                ~~~~~~~~~~~~[0m

    at createTSError (/Users/toannguyen/Documents/Source/tn-uptech-backend/node_modules/ts-node/src/index.ts:859:12)
    at reportTSError (/Users/toannguyen/Documents/Source/tn-uptech-backend/node_modules/ts-node/src/index.ts:863:19)
    at getOutput (/Users/toannguyen/Documents/Source/tn-uptech-backend/node_modules/ts-node/src/index.ts:1077:36)
    at Object.compile (/Users/toannguyen/Documents/Source/tn-uptech-backend/node_modules/ts-node/src/index.ts:1433:41)
    at Module.m._compile (/Users/toannguyen/Documents/Source/tn-uptech-backend/node_modules/ts-node/src/index.ts:1617:30)
    at Module._extensions..js (node:internal/modules/cjs/loader:1245:10)
    at Object.require.extensions.<computed> [as .ts] (/Users/toannguyen/Documents/Source/tn-uptech-backend/node_modules/ts-node/src/index.ts:1621:12)
    at Module.load (node:internal/modules/cjs/loader:1069:32)
    at Function.Module._load (node:internal/modules/cjs/loader:904:12)
    at Module.require (node:internal/modules/cjs/loader:1093:19)
2023-04-29 11:35:20 error: uncaughtException: тип Unable to compile TypeScript:
[96msrc/modules/controllers/post.controller.ts[0m:[93m69[0m:[93m62[0m - [91merror[0m[90m TS1135: [0mArgument expression expected.

[7m69[0m             const data = await models.Post.increment('view', +=1);
[7m  [0m [91m                                                             ~~[0m

TSError: тип Unable to compile TypeScript:
[96msrc/modules/controllers/post.controller.ts[0m:[93m69[0m:[93m62[0m - [91merror[0m[90m TS1135: [0mArgument expression expected.

[7m69[0m             const data = await models.Post.increment('view', +=1);
[7m  [0m [91m                                                             ~~[0m

    at createTSError (/Users/toannguyen/Documents/Source/tn-uptech-backend/node_modules/ts-node/src/index.ts:859:12)
    at reportTSError (/Users/toannguyen/Documents/Source/tn-uptech-backend/node_modules/ts-node/src/index.ts:863:19)
    at getOutput (/Users/toannguyen/Documents/Source/tn-uptech-backend/node_modules/ts-node/src/index.ts:1077:36)
    at Object.compile (/Users/toannguyen/Documents/Source/tn-uptech-backend/node_modules/ts-node/src/index.ts:1433:41)
    at Module.m._compile (/Users/toannguyen/Documents/Source/tn-uptech-backend/node_modules/ts-node/src/index.ts:1617:30)
    at Module._extensions..js (node:internal/modules/cjs/loader:1245:10)
    at Object.require.extensions.<computed> [as .ts] (/Users/toannguyen/Documents/Source/tn-uptech-backend/node_modules/ts-node/src/index.ts:1621:12)
    at Module.load (node:internal/modules/cjs/loader:1069:32)
    at Function.Module._load (node:internal/modules/cjs/loader:904:12)
    at Module.require (node:internal/modules/cjs/loader:1093:19)
