2023-06-15 23:30:05 error: uncaughtException: тип Unable to compile TypeScript:
[96msrc/infra/sequelize/models/banner.model.ts[0m:[93m22[0m:[93m13[0m - [91merror[0m[90m TS1117: [0mAn object literal cannot have multiple properties with the same name.

[7m22[0m             thumbnail: {
[7m  [0m [91m            ~~~~~~~~~[0m

TSError: тип Unable to compile TypeScript:
[96msrc/infra/sequelize/models/banner.model.ts[0m:[93m22[0m:[93m13[0m - [91merror[0m[90m TS1117: [0mAn object literal cannot have multiple properties with the same name.

[7m22[0m             thumbnail: {
[7m  [0m [91m            ~~~~~~~~~[0m

    at createTSError (/Users/toannguyen/Documents/tn-uptech-backend/node_modules/ts-node/src/index.ts:859:12)
    at reportTSError (/Users/toannguyen/Documents/tn-uptech-backend/node_modules/ts-node/src/index.ts:863:19)
    at getOutput (/Users/toannguyen/Documents/tn-uptech-backend/node_modules/ts-node/src/index.ts:1077:36)
    at Object.compile (/Users/toannguyen/Documents/tn-uptech-backend/node_modules/ts-node/src/index.ts:1433:41)
    at Module.m._compile (/Users/toannguyen/Documents/tn-uptech-backend/node_modules/ts-node/src/index.ts:1617:30)
    at Module._extensions..js (node:internal/modules/cjs/loader:1250:10)
    at Object.require.extensions.<computed> [as .ts] (/Users/toannguyen/Documents/tn-uptech-backend/node_modules/ts-node/src/index.ts:1621:12)
    at Module.load (node:internal/modules/cjs/loader:1074:32)
    at Function.Module._load (node:internal/modules/cjs/loader:909:12)
    at Module.require (node:internal/modules/cjs/loader:1098:19)
2023-06-15 23:48:05 error: uncaughtException: тип Unable to compile TypeScript:
[96msrc/services/banner.service.ts[0m:[93m184[0m:[93m13[0m - [91merror[0m[90m TS1117: [0mAn object literal cannot have multiple properties with the same name.

[7m184[0m             thumbnail: body.thumbnail ? body.thumbnail.id : null,
[7m   [0m [91m            ~~~~~~~~~[0m

TSError: тип Unable to compile TypeScript:
[96msrc/services/banner.service.ts[0m:[93m184[0m:[93m13[0m - [91merror[0m[90m TS1117: [0mAn object literal cannot have multiple properties with the same name.

[7m184[0m             thumbnail: body.thumbnail ? body.thumbnail.id : null,
[7m   [0m [91m            ~~~~~~~~~[0m

    at createTSError (/Users/toannguyen/Documents/tn-uptech-backend/node_modules/ts-node/src/index.ts:859:12)
    at reportTSError (/Users/toannguyen/Documents/tn-uptech-backend/node_modules/ts-node/src/index.ts:863:19)
    at getOutput (/Users/toannguyen/Documents/tn-uptech-backend/node_modules/ts-node/src/index.ts:1077:36)
    at Object.compile (/Users/toannguyen/Documents/tn-uptech-backend/node_modules/ts-node/src/index.ts:1433:41)
    at Module.m._compile (/Users/toannguyen/Documents/tn-uptech-backend/node_modules/ts-node/src/index.ts:1617:30)
    at Module._extensions..js (node:internal/modules/cjs/loader:1250:10)
    at Object.require.extensions.<computed> [as .ts] (/Users/toannguyen/Documents/tn-uptech-backend/node_modules/ts-node/src/index.ts:1621:12)
    at Module.load (node:internal/modules/cjs/loader:1074:32)
    at Function.Module._load (node:internal/modules/cjs/loader:909:12)
    at Module.require (node:internal/modules/cjs/loader:1098:19)
2023-06-15 23:52:25 error: uncaughtException: You have used the alias image in two separate associations. Aliased associations must have unique aliases.
SequelizeAssociationError: You have used the alias image in two separate associations. Aliased associations must have unique aliases.
    at new Association (/Users/toannguyen/Documents/tn-uptech-backend/node_modules/sequelize/src/associations/base.js:107:13)
    at new BelongsTo (/Users/toannguyen/Documents/tn-uptech-backend/node_modules/sequelize/src/associations/belongs-to.js:18:5)
    at Function.<anonymous> (/Users/toannguyen/Documents/tn-uptech-backend/node_modules/sequelize/src/associations/mixin.js:105:25)
    at Function.Banner.associate (/Users/toannguyen/Documents/tn-uptech-backend/src/infra/sequelize/models/banner.model.ts:69:16)
    at /Users/toannguyen/Documents/tn-uptech-backend/src/infra/sequelize/models/index.ts:51:31
    at Array.forEach (<anonymous>)
    at createModels (/Users/toannguyen/Documents/tn-uptech-backend/src/infra/sequelize/models/index.ts:49:25)
    at Object.<anonymous> (/Users/toannguyen/Documents/tn-uptech-backend/src/infra/sequelize/models/index.ts:63:16)
    at Module._compile (node:internal/modules/cjs/loader:1196:14)
    at Module.m._compile (/Users/toannguyen/Documents/tn-uptech-backend/node_modules/ts-node/src/index.ts:1618:23)
2023-06-15 23:53:05 error: uncaughtException: You have used the alias image in two separate associations. Aliased associations must have unique aliases.
SequelizeAssociationError: You have used the alias image in two separate associations. Aliased associations must have unique aliases.
    at new Association (/Users/toannguyen/Documents/tn-uptech-backend/node_modules/sequelize/src/associations/base.js:107:13)
    at new BelongsTo (/Users/toannguyen/Documents/tn-uptech-backend/node_modules/sequelize/src/associations/belongs-to.js:18:5)
    at Function.<anonymous> (/Users/toannguyen/Documents/tn-uptech-backend/node_modules/sequelize/src/associations/mixin.js:105:25)
    at Function.Banner.associate (/Users/toannguyen/Documents/tn-uptech-backend/src/infra/sequelize/models/banner.model.ts:70:16)
    at /Users/toannguyen/Documents/tn-uptech-backend/src/infra/sequelize/models/index.ts:51:31
    at Array.forEach (<anonymous>)
    at createModels (/Users/toannguyen/Documents/tn-uptech-backend/src/infra/sequelize/models/index.ts:49:25)
    at Object.<anonymous> (/Users/toannguyen/Documents/tn-uptech-backend/src/infra/sequelize/models/index.ts:63:16)
    at Module._compile (node:internal/modules/cjs/loader:1196:14)
    at Module.m._compile (/Users/toannguyen/Documents/tn-uptech-backend/node_modules/ts-node/src/index.ts:1618:23)
