2023-03-31 00:09:35 error: uncaughtException: тип Unable to compile TypeScript:
[96msrc/services/project.service.ts[0m:[93m4[0m:[93m30[0m - [91merror[0m[90m TS2306: [0mFile '/Users/toannguyen/Documents/Source/tn-uptech-backend/src/dtos/project.dto.ts' is not a module.

[7m4[0m import { transformDTO } from "../dtos/project.dto";
[7m [0m [91m                             ~~~~~~~~~~~~~~~~~~~~~[0m

TSError: тип Unable to compile TypeScript:
[96msrc/services/project.service.ts[0m:[93m4[0m:[93m30[0m - [91merror[0m[90m TS2306: [0mFile '/Users/toannguyen/Documents/Source/tn-uptech-backend/src/dtos/project.dto.ts' is not a module.

[7m4[0m import { transformDTO } from "../dtos/project.dto";
[7m [0m [91m                             ~~~~~~~~~~~~~~~~~~~~~[0m

    at createTSError (/Users/toannguyen/Documents/Source/tn-uptech-backend/node_modules/ts-node/src/index.ts:859:12)
    at reportTSError (/Users/toannguyen/Documents/Source/tn-uptech-backend/node_modules/ts-node/src/index.ts:863:19)
    at getOutput (/Users/toannguyen/Documents/Source/tn-uptech-backend/node_modules/ts-node/src/index.ts:1077:36)
    at Object.compile (/Users/toannguyen/Documents/Source/tn-uptech-backend/node_modules/ts-node/src/index.ts:1433:41)
    at Module.m._compile (/Users/toannguyen/Documents/Source/tn-uptech-backend/node_modules/ts-node/src/index.ts:1617:30)
    at Module._extensions..js (node:internal/modules/cjs/loader:1245:10)
    at Object.require.extensions.<computed> [as .ts] (/Users/toannguyen/Documents/Source/tn-uptech-backend/node_modules/ts-node/src/index.ts:1621:12)
    at Module.load (node:internal/modules/cjs/loader:1069:32)
    at Function.Module._load (node:internal/modules/cjs/loader:904:12)
    at Module.require (node:internal/modules/cjs/loader:1093:19)
2023-03-31 00:09:55 error: uncaughtException: тип Unable to compile TypeScript:
[96msrc/services/project.service.ts[0m:[93m4[0m:[93m30[0m - [91merror[0m[90m TS2306: [0mFile '/Users/toannguyen/Documents/Source/tn-uptech-backend/src/dtos/project.dto.ts' is not a module.

[7m4[0m import { transformDTO } from "../dtos/project.dto";
[7m [0m [91m                             ~~~~~~~~~~~~~~~~~~~~~[0m

TSError: тип Unable to compile TypeScript:
[96msrc/services/project.service.ts[0m:[93m4[0m:[93m30[0m - [91merror[0m[90m TS2306: [0mFile '/Users/toannguyen/Documents/Source/tn-uptech-backend/src/dtos/project.dto.ts' is not a module.

[7m4[0m import { transformDTO } from "../dtos/project.dto";
[7m [0m [91m                             ~~~~~~~~~~~~~~~~~~~~~[0m

    at createTSError (/Users/toannguyen/Documents/Source/tn-uptech-backend/node_modules/ts-node/src/index.ts:859:12)
    at reportTSError (/Users/toannguyen/Documents/Source/tn-uptech-backend/node_modules/ts-node/src/index.ts:863:19)
    at getOutput (/Users/toannguyen/Documents/Source/tn-uptech-backend/node_modules/ts-node/src/index.ts:1077:36)
    at Object.compile (/Users/toannguyen/Documents/Source/tn-uptech-backend/node_modules/ts-node/src/index.ts:1433:41)
    at Module.m._compile (/Users/toannguyen/Documents/Source/tn-uptech-backend/node_modules/ts-node/src/index.ts:1617:30)
    at Module._extensions..js (node:internal/modules/cjs/loader:1245:10)
    at Object.require.extensions.<computed> [as .ts] (/Users/toannguyen/Documents/Source/tn-uptech-backend/node_modules/ts-node/src/index.ts:1621:12)
    at Module.load (node:internal/modules/cjs/loader:1069:32)
    at Function.Module._load (node:internal/modules/cjs/loader:904:12)
    at Module.require (node:internal/modules/cjs/loader:1093:19)
2023-03-31 00:10:01 error: uncaughtException: тип Unable to compile TypeScript:
[96msrc/services/project.service.ts[0m:[93m34[0m:[93m52[0m - [91merror[0m[90m TS2304: [0mCannot find name 'ProjectDTO'.

[7m34[0m         const transformData = rows.map((item) => { ProjectDTO.transform(item) });
[7m  [0m [91m                                                   ~~~~~~~~~~[0m

TSError: тип Unable to compile TypeScript:
[96msrc/services/project.service.ts[0m:[93m34[0m:[93m52[0m - [91merror[0m[90m TS2304: [0mCannot find name 'ProjectDTO'.

[7m34[0m         const transformData = rows.map((item) => { ProjectDTO.transform(item) });
[7m  [0m [91m                                                   ~~~~~~~~~~[0m

    at createTSError (/Users/toannguyen/Documents/Source/tn-uptech-backend/node_modules/ts-node/src/index.ts:859:12)
    at reportTSError (/Users/toannguyen/Documents/Source/tn-uptech-backend/node_modules/ts-node/src/index.ts:863:19)
    at getOutput (/Users/toannguyen/Documents/Source/tn-uptech-backend/node_modules/ts-node/src/index.ts:1077:36)
    at Object.compile (/Users/toannguyen/Documents/Source/tn-uptech-backend/node_modules/ts-node/src/index.ts:1433:41)
    at Module.m._compile (/Users/toannguyen/Documents/Source/tn-uptech-backend/node_modules/ts-node/src/index.ts:1617:30)
    at Module._extensions..js (node:internal/modules/cjs/loader:1245:10)
    at Object.require.extensions.<computed> [as .ts] (/Users/toannguyen/Documents/Source/tn-uptech-backend/node_modules/ts-node/src/index.ts:1621:12)
    at Module.load (node:internal/modules/cjs/loader:1069:32)
    at Function.Module._load (node:internal/modules/cjs/loader:904:12)
    at Module.require (node:internal/modules/cjs/loader:1093:19)
2023-03-31 00:27:56 error: uncaughtException: тип Unable to compile TypeScript:
[96msrc/middlewares/lang.middleware.ts[0m:[93m11[0m:[93m9[0m - [91merror[0m[90m TS2552: [0mCannot find name 'GLOBAL'. Did you mean 'global'?

[7m11[0m         GLOBAL.a = 10; = lang
[7m  [0m [91m        ~~~~~~[0m

  [96mnode_modules/@types/node/globals.global.d.ts[0m:[93m1[0m:[93m13[0m
    [7m1[0m declare var global: typeof globalThis;
    [7m [0m [96m            ~~~~~~[0m
    'global' is declared here.
[96msrc/middlewares/lang.middleware.ts[0m:[93m13[0m:[93m9[0m - [91merror[0m[90m TS2552: [0mCannot find name 'GLOBAL'. Did you mean 'global'?

[7m13[0m         GLOBAL.a = 10; = 'en'
[7m  [0m [91m        ~~~~~~[0m

  [96mnode_modules/@types/node/globals.global.d.ts[0m:[93m1[0m:[93m13[0m
    [7m1[0m declare var global: typeof globalThis;
    [7m [0m [96m            ~~~~~~[0m
    'global' is declared here.
[96msrc/middlewares/lang.middleware.ts[0m:[93m11[0m:[93m24[0m - [91merror[0m[90m TS1128: [0mDeclaration or statement expected.

[7m11[0m         GLOBAL.a = 10; = lang
[7m  [0m [91m                       ~[0m
[96msrc/middlewares/lang.middleware.ts[0m:[93m13[0m:[93m24[0m - [91merror[0m[90m TS1128: [0mDeclaration or statement expected.

[7m13[0m         GLOBAL.a = 10; = 'en'
[7m  [0m [91m                       ~[0m

TSError: тип Unable to compile TypeScript:
[96msrc/middlewares/lang.middleware.ts[0m:[93m11[0m:[93m9[0m - [91merror[0m[90m TS2552: [0mCannot find name 'GLOBAL'. Did you mean 'global'?

[7m11[0m         GLOBAL.a = 10; = lang
[7m  [0m [91m        ~~~~~~[0m

  [96mnode_modules/@types/node/globals.global.d.ts[0m:[93m1[0m:[93m13[0m
    [7m1[0m declare var global: typeof globalThis;
    [7m [0m [96m            ~~~~~~[0m
    'global' is declared here.
[96msrc/middlewares/lang.middleware.ts[0m:[93m13[0m:[93m9[0m - [91merror[0m[90m TS2552: [0mCannot find name 'GLOBAL'. Did you mean 'global'?

[7m13[0m         GLOBAL.a = 10; = 'en'
[7m  [0m [91m        ~~~~~~[0m

  [96mnode_modules/@types/node/globals.global.d.ts[0m:[93m1[0m:[93m13[0m
    [7m1[0m declare var global: typeof globalThis;
    [7m [0m [96m            ~~~~~~[0m
    'global' is declared here.
[96msrc/middlewares/lang.middleware.ts[0m:[93m11[0m:[93m24[0m - [91merror[0m[90m TS1128: [0mDeclaration or statement expected.

[7m11[0m         GLOBAL.a = 10; = lang
[7m  [0m [91m                       ~[0m
[96msrc/middlewares/lang.middleware.ts[0m:[93m13[0m:[93m24[0m - [91merror[0m[90m TS1128: [0mDeclaration or statement expected.

[7m13[0m         GLOBAL.a = 10; = 'en'
[7m  [0m [91m                       ~[0m

    at createTSError (/Users/toannguyen/Documents/Source/tn-uptech-backend/node_modules/ts-node/src/index.ts:859:12)
    at reportTSError (/Users/toannguyen/Documents/Source/tn-uptech-backend/node_modules/ts-node/src/index.ts:863:19)
    at getOutput (/Users/toannguyen/Documents/Source/tn-uptech-backend/node_modules/ts-node/src/index.ts:1077:36)
    at Object.compile (/Users/toannguyen/Documents/Source/tn-uptech-backend/node_modules/ts-node/src/index.ts:1433:41)
    at Module.m._compile (/Users/toannguyen/Documents/Source/tn-uptech-backend/node_modules/ts-node/src/index.ts:1617:30)
    at Module._extensions..js (node:internal/modules/cjs/loader:1245:10)
    at Object.require.extensions.<computed> [as .ts] (/Users/toannguyen/Documents/Source/tn-uptech-backend/node_modules/ts-node/src/index.ts:1621:12)
    at Module.load (node:internal/modules/cjs/loader:1069:32)
    at Function.Module._load (node:internal/modules/cjs/loader:904:12)
    at Module.require (node:internal/modules/cjs/loader:1093:19)
2023-03-31 00:28:02 error: uncaughtException: тип Unable to compile TypeScript:
[96msrc/middlewares/lang.middleware.ts[0m:[93m11[0m:[93m9[0m - [91merror[0m[90m TS2552: [0mCannot find name 'GLOBAL'. Did you mean 'global'?

[7m11[0m         GLOBAL.lang = lang
[7m  [0m [91m        ~~~~~~[0m

  [96mnode_modules/@types/node/globals.global.d.ts[0m:[93m1[0m:[93m13[0m
    [7m1[0m declare var global: typeof globalThis;
    [7m [0m [96m            ~~~~~~[0m
    'global' is declared here.
[96msrc/middlewares/lang.middleware.ts[0m:[93m13[0m:[93m9[0m - [91merror[0m[90m TS2552: [0mCannot find name 'GLOBAL'. Did you mean 'global'?

[7m13[0m         GLOBAL.lang = 'en'
[7m  [0m [91m        ~~~~~~[0m

  [96mnode_modules/@types/node/globals.global.d.ts[0m:[93m1[0m:[93m13[0m
    [7m1[0m declare var global: typeof globalThis;
    [7m [0m [96m            ~~~~~~[0m
    'global' is declared here.

TSError: тип Unable to compile TypeScript:
[96msrc/middlewares/lang.middleware.ts[0m:[93m11[0m:[93m9[0m - [91merror[0m[90m TS2552: [0mCannot find name 'GLOBAL'. Did you mean 'global'?

[7m11[0m         GLOBAL.lang = lang
[7m  [0m [91m        ~~~~~~[0m

  [96mnode_modules/@types/node/globals.global.d.ts[0m:[93m1[0m:[93m13[0m
    [7m1[0m declare var global: typeof globalThis;
    [7m [0m [96m            ~~~~~~[0m
    'global' is declared here.
[96msrc/middlewares/lang.middleware.ts[0m:[93m13[0m:[93m9[0m - [91merror[0m[90m TS2552: [0mCannot find name 'GLOBAL'. Did you mean 'global'?

[7m13[0m         GLOBAL.lang = 'en'
[7m  [0m [91m        ~~~~~~[0m

  [96mnode_modules/@types/node/globals.global.d.ts[0m:[93m1[0m:[93m13[0m
    [7m1[0m declare var global: typeof globalThis;
    [7m [0m [96m            ~~~~~~[0m
    'global' is declared here.

    at createTSError (/Users/toannguyen/Documents/Source/tn-uptech-backend/node_modules/ts-node/src/index.ts:859:12)
    at reportTSError (/Users/toannguyen/Documents/Source/tn-uptech-backend/node_modules/ts-node/src/index.ts:863:19)
    at getOutput (/Users/toannguyen/Documents/Source/tn-uptech-backend/node_modules/ts-node/src/index.ts:1077:36)
    at Object.compile (/Users/toannguyen/Documents/Source/tn-uptech-backend/node_modules/ts-node/src/index.ts:1433:41)
    at Module.m._compile (/Users/toannguyen/Documents/Source/tn-uptech-backend/node_modules/ts-node/src/index.ts:1617:30)
    at Module._extensions..js (node:internal/modules/cjs/loader:1245:10)
    at Object.require.extensions.<computed> [as .ts] (/Users/toannguyen/Documents/Source/tn-uptech-backend/node_modules/ts-node/src/index.ts:1621:12)
    at Module.load (node:internal/modules/cjs/loader:1069:32)
    at Function.Module._load (node:internal/modules/cjs/loader:904:12)
    at Module.require (node:internal/modules/cjs/loader:1093:19)
2023-03-31 00:55:08 error: uncaughtException: тип Unable to compile TypeScript:
[96msrc/services/project.service.ts[0m:[93m81[0m:[93m27[0m - [91merror[0m[90m TS2339: [0mProperty 'transformDetail' does not exist on type 'typeof ProjectDTO'.

[7m81[0m         return ProjectDTO.transformDetail(res);
[7m  [0m [91m                          ~~~~~~~~~~~~~~~[0m

TSError: тип Unable to compile TypeScript:
[96msrc/services/project.service.ts[0m:[93m81[0m:[93m27[0m - [91merror[0m[90m TS2339: [0mProperty 'transformDetail' does not exist on type 'typeof ProjectDTO'.

[7m81[0m         return ProjectDTO.transformDetail(res);
[7m  [0m [91m                          ~~~~~~~~~~~~~~~[0m

    at createTSError (/Users/toannguyen/Documents/Source/tn-uptech-backend/node_modules/ts-node/src/index.ts:859:12)
    at reportTSError (/Users/toannguyen/Documents/Source/tn-uptech-backend/node_modules/ts-node/src/index.ts:863:19)
    at getOutput (/Users/toannguyen/Documents/Source/tn-uptech-backend/node_modules/ts-node/src/index.ts:1077:36)
    at Object.compile (/Users/toannguyen/Documents/Source/tn-uptech-backend/node_modules/ts-node/src/index.ts:1433:41)
    at Module.m._compile (/Users/toannguyen/Documents/Source/tn-uptech-backend/node_modules/ts-node/src/index.ts:1617:30)
    at Module._extensions..js (node:internal/modules/cjs/loader:1245:10)
    at Object.require.extensions.<computed> [as .ts] (/Users/toannguyen/Documents/Source/tn-uptech-backend/node_modules/ts-node/src/index.ts:1621:12)
    at Module.load (node:internal/modules/cjs/loader:1069:32)
    at Function.Module._load (node:internal/modules/cjs/loader:904:12)
    at Module.require (node:internal/modules/cjs/loader:1093:19)
2023-03-31 13:44:55 error: uncaughtException: тип Unable to compile TypeScript:
[96msrc/services/project.service.ts[0m:[93m58[0m:[93m30[0m - [91merror[0m[90m TS2304: [0mCannot find name 'Categories'.

[7m58[0m                 association: Categories,
[7m  [0m [91m                             ~~~~~~~~~~[0m

TSError: тип Unable to compile TypeScript:
[96msrc/services/project.service.ts[0m:[93m58[0m:[93m30[0m - [91merror[0m[90m TS2304: [0mCannot find name 'Categories'.

[7m58[0m                 association: Categories,
[7m  [0m [91m                             ~~~~~~~~~~[0m

    at createTSError (/Users/toannguyen/Documents/Source/tn-uptech-backend/node_modules/ts-node/src/index.ts:859:12)
    at reportTSError (/Users/toannguyen/Documents/Source/tn-uptech-backend/node_modules/ts-node/src/index.ts:863:19)
    at getOutput (/Users/toannguyen/Documents/Source/tn-uptech-backend/node_modules/ts-node/src/index.ts:1077:36)
    at Object.compile (/Users/toannguyen/Documents/Source/tn-uptech-backend/node_modules/ts-node/src/index.ts:1433:41)
    at Module.m._compile (/Users/toannguyen/Documents/Source/tn-uptech-backend/node_modules/ts-node/src/index.ts:1617:30)
    at Module._extensions..js (node:internal/modules/cjs/loader:1245:10)
    at Object.require.extensions.<computed> [as .ts] (/Users/toannguyen/Documents/Source/tn-uptech-backend/node_modules/ts-node/src/index.ts:1621:12)
    at Module.load (node:internal/modules/cjs/loader:1069:32)
    at Function.Module._load (node:internal/modules/cjs/loader:904:12)
    at Module.require (node:internal/modules/cjs/loader:1093:19)
2023-03-31 14:26:38 error: uncaughtException: тип Unable to compile TypeScript:
[96msrc/modules/controllers/project.controller.ts[0m:[93m31[0m:[93m43[0m - [91merror[0m[90m TS2339: [0mProperty 'transform' does not exist on type 'ProjectController'.

[7m31[0m             return this.success(res, this.transform(data));
[7m  [0m [91m                                          ~~~~~~~~~[0m

TSError: тип Unable to compile TypeScript:
[96msrc/modules/controllers/project.controller.ts[0m:[93m31[0m:[93m43[0m - [91merror[0m[90m TS2339: [0mProperty 'transform' does not exist on type 'ProjectController'.

[7m31[0m             return this.success(res, this.transform(data));
[7m  [0m [91m                                          ~~~~~~~~~[0m

    at createTSError (/Users/toannguyen/Documents/Source/tn-uptech-backend/node_modules/ts-node/src/index.ts:859:12)
    at reportTSError (/Users/toannguyen/Documents/Source/tn-uptech-backend/node_modules/ts-node/src/index.ts:863:19)
    at getOutput (/Users/toannguyen/Documents/Source/tn-uptech-backend/node_modules/ts-node/src/index.ts:1077:36)
    at Object.compile (/Users/toannguyen/Documents/Source/tn-uptech-backend/node_modules/ts-node/src/index.ts:1433:41)
    at Module.m._compile (/Users/toannguyen/Documents/Source/tn-uptech-backend/node_modules/ts-node/src/index.ts:1617:30)
    at Module._extensions..js (node:internal/modules/cjs/loader:1245:10)
    at Object.require.extensions.<computed> [as .ts] (/Users/toannguyen/Documents/Source/tn-uptech-backend/node_modules/ts-node/src/index.ts:1621:12)
    at Module.load (node:internal/modules/cjs/loader:1069:32)
    at Function.Module._load (node:internal/modules/cjs/loader:904:12)
    at Module.require (node:internal/modules/cjs/loader:1093:19)
